SCIP Status        : solving was interrupted [node limit reached]
Total Time         :      11.61
  solving          :      11.60
  presolving       :       0.10 (included in solving)
  reading          :       0.01
  copying          :       0.00 (2 #copies) (minimal 0.00, maximal 0.00, average 0.00)
Original Problem   :
  Problem name     : waterno2_06
  Variables        : 996 (0 binary, 54 integer, 0 implicit integer, 942 continuous)
  Constraints      : 1234 initial, 1234 maximal
  Objective        : minimize, 54 non-zeros (abs.min = 1, abs.max = 1)
Presolved Problem  :
  Problem name     : t_waterno2_06
  Variables        : 1468 (54 binary, 0 integer, 0 implicit integer, 1414 continuous)
  Constraints      : 938 initial, 942 maximal
  Objective        : minimize, 54 non-zeros (abs.min = 1, abs.max = 1)
  Nonzeros         : 2721 constraint, 68 clique table
Presolvers         :   ExecTime  SetupTime  Calls  FixedVars   AggrVars   ChgTypes  ChgBounds   AddHoles    DelCons    AddCons   ChgSides   ChgCoefs
  boundshift       :       0.00       0.00      0          0          0          0          0          0          0          0          0          0
  convertinttobin  :       0.00       0.00      0          0          0          0          0          0          0          0          0          0
  domcol           :       0.00       0.00      1          0          0          0          0          0          0          0          0          0
  dualagg          :       0.00       0.00      0          0          0          0          0          0          0          0          0          0
  dualcomp         :       0.00       0.00      1          0          0          0          0          0          0          0          0          0
  dualinfer        :       0.00       0.00      0          0          0          0          0          0          0          0          0          0
  dualsparsify     :       0.00       0.00      1          0          0          0          0          0          0          0          0          0
  gateextraction   :       0.00       0.00      0          0          0          0          0          0          0          0          0          0
  implics          :       0.00       0.00      3          0          0          0          0          0          0          0          0          0
  inttobinary      :       0.00       0.00      0          0          0          0          0          0          0          0          0          0
  qpkktref         :       0.00       0.00      0          0          0          0          0          0          0          0          0          0
  redvub           :       0.00       0.00      0          0          0          0          0          0          0          0          0          0
  sparsify         :       0.00       0.00      1          0          0          0          0          0          0          0          0          0
  stuffing         :       0.00       0.00      0          0          0          0          0          0          0          0          0          0
  trivial          :       0.00       0.00      6          9          0          0          0          0          0          0          0          0
  tworowbnd        :       0.00       0.00      0          0          0          0          0          0          0          0          0          0
  dualfix          :       0.00       0.00      6          6          0          0          0          0          0          0          0          0
  genvbounds       :       0.00       0.00      0          0          0          0          0          0          0          0          0          0
  probing          :       0.01       0.00      1          0          0          0          1          0          0          0          0          0
  pseudoobj        :       0.00       0.00      0          0          0          0          0          0          0          0          0          0
  symmetry         :       0.01       0.00      1          0          0          0          0          0          0          0          0          0
  vbounds          :       0.00       0.00      1          0          0          0          0          0          0          0          0          0
  varbound         :       0.00       0.00      2          0          0          0          0          0          0          0          0          0
  setppc           :       0.00       0.00      3          0          0          0          0          0          0          0          0          0
  linear           :       0.01       0.01      9          9        284          0        539          0        296          0        195        194
  logicor          :       0.00       0.00      0          0          0          0          0          0          0          0          0          0
  bounddisjunction :       0.00       0.00      0          0          0          0          0          0          0          0          0          0
  nonlinear        :       0.07       0.00     10          0          0          0        451          0          0          0          0       -194
  benders          :       0.00       0.00      0          0          0          0          0          0          0          0          0          0
  components       :       0.00       0.00      1          0          0          0          0          0          0          0          0          0
  root node        :          -          -      -          5          -          -       1231          -          -          -          -          -
Constraints        :     Number  MaxNumber  #Separate #Propagate    #EnfoLP    #EnfoRelax  #EnfoPS    #Check   #ResProp    Cutoffs    DomReds       Cuts    Applied      Conss   Children
  benderslp        :          0          0          0          0         10          0          0         42          0          0          0          0          0          0          0
  integral         :          0          0          0          0         10          0          0         42          0          0        120          0          0          0          2
  varbound         :        186        186         33       3392          0          0          0         37         94          4          0          0          0          0          0
  setppc           :         30         30         33       3356          0          0          0          8         10          1          0          0          0          0          0
  linear           :        332        332         33       3387          0          0          0          8         55         41          8          2          0          0          0
  logicor          :          0+         1         33         97          0          0          0          0          1          0          0          0          0          0          0
  bounddisjunction :          0+         4          0        300          0          0          0          0          0          0          0          0          0          0          0
  nonlinear        :        390        390         33       3346          0          0          0          6          0         41        264       1229        622          0          0
  benders          :          0          0          0          0          0          0          0          6          0          0          0          0          0          0          0
  countsols        :          0          0          0          0          0          0          0          6          0          0          0          0          0          0          0
  components       :          0          0          0          0          0          0          0          0          0          0          0          0          0          0          0
Constraint Timings :  TotalTime  SetupTime   Separate  Propagate     EnfoLP     EnfoPS     EnfoRelax   Check    ResProp    SB-Prop
  benderslp        :       0.00       0.00       0.00       0.00       0.00       0.00       0.00       0.00       0.00       0.00
  integral         :       0.13       0.00       0.00       0.00       0.13       0.00       0.00       0.00       0.00       0.00
  varbound         :       0.02       0.00       0.00       0.02       0.00       0.00       0.00       0.00       0.00       0.00
  setppc           :       0.01       0.00       0.00       0.01       0.00       0.00       0.00       0.00       0.00       0.00
  linear           :       0.02       0.01       0.00       0.01       0.00       0.00       0.00       0.00       0.00       0.00
  logicor          :       0.00       0.00       0.00       0.00       0.00       0.00       0.00       0.00       0.00       0.00
  bounddisjunction :       0.00       0.00       0.00       0.00       0.00       0.00       0.00       0.00       0.00       0.00
  nonlinear        :       0.40       0.00       0.18       0.22       0.00       0.00       0.00       0.00       0.00       0.00
  benders          :       0.00       0.00       0.00       0.00       0.00       0.00       0.00       0.00       0.00       0.00
  countsols        :       0.00       0.00       0.00       0.00       0.00       0.00       0.00       0.00       0.00       0.00
  components       :       0.00       0.00       0.00       0.00       0.00       0.00       0.00       0.00       0.00       0.00
Propagators        : #Propagate   #ResProp    Cutoffs    DomReds
  dualfix          :         30          0          0          0
  genvbounds       :         86          0          0          9
  nlobbt           :          0          0          0          0
  obbt             :         13          0          0         50
  probing          :          0          0          0          0
  pseudoobj        :        101          0          0          0
  redcost          :         70          0          0          0
  rootredcost      :          0          0          0          0
  symmetry         :          0          0          0          0
  vbounds          :       2274          0          0          0
Propagator Timings :  TotalTime  SetupTime   Presolve  Propagate    ResProp    SB-Prop
  dualfix          :       0.00       0.00       0.00       0.00       0.00       0.00
  genvbounds       :       0.00       0.00       0.00       0.00       0.00       0.00
  nlobbt           :       0.00       0.00       0.00       0.00       0.00       0.00
  obbt             :       2.82       0.00       0.00       2.82       0.00       0.00
  probing          :       0.01       0.00       0.01       0.00       0.00       0.00
  pseudoobj        :       0.00       0.00       0.00       0.00       0.00       0.00
  redcost          :       0.00       0.00       0.00       0.00       0.00       0.00
  rootredcost      :       0.01       0.00       0.00       0.01       0.00       0.00
  symmetry         :       0.01       0.00       0.01       0.00       0.00       0.00
  vbounds          :       0.00       0.00       0.00       0.00       0.00       0.00
Conflict Analysis  :       Time      Calls    Success    DomReds  Conflicts   Literals    Reconvs ReconvLits   Dualrays   Nonzeros   LP Iters   (pool size: [10000,10000])
  propagation      :       0.00         11         11          -         14        2.8          2       17.0          -          -          -
  infeasible LP    :       0.00          1          0          -          0        0.0          0        0.0          0        0.0          0
  bound exceed. LP :       0.00          0          0          -          0        0.0          0        0.0          0        0.0          0
  strong branching :       0.00          0          0          -          0        0.0          0        0.0          -          -          0
  pseudo solution  :       0.00          0          0          -          0        0.0          0        0.0          -          -          -
  applied globally :       0.00          -          -          0          5        2.6          -          -          0          -          -
  applied locally  :          -          -          -          0          0        0.0          -          -          0          -          -
Separators         :   ExecTime  SetupTime      Calls    Cutoffs    DomReds       Cuts    Applied      Conss
  cut pool         :       0.00                    77          -          -       1064          -          -    (maximal pool size: 1674)
  aggregation      :       0.33       0.00         33          0          0       1257        219          0
  > cmir           :          -          -          -          -          -          -        174          -
  > flowcover      :          -          -          -          -          -          -         40          -
  > knapsackcover  :          -          -          -          -          -          -          5          -
  cgmip            :       0.00       0.00          0          0          0          0          0          0
  clique           :       0.00       0.00         33          0          0          0          0          0
  closecuts        :       0.00       0.00          0          0          0          0          0          0
  convexproj       :       0.00       0.00          0          0          0          0          0          0
  disjunctive      :       0.00       0.00          0          0          0          0          0          0
  eccuts           :       0.00       0.00          0          0          0          0          0          0
  gauge            :       0.00       0.00          0          0          0          0          0          0
  gomory           :       0.01       0.00         10          0          0        142         18          0
  > gomorymi       :          -          -          -          -          -          -         18          -
  > strongcg       :          -          -          -          -          -          -          0          -
  impliedbounds    :       0.01       0.00         33          0          0        190         44          0
  interminor       :       0.00       0.00          0          0          0          0          0          0
  intobj           :       0.00       0.00          0          0          0          0          0          0
  mcf              :       0.01       0.00         14          0          0         81          1          0
  minor            :       0.00       0.00         33          0          0        316         50          0
  mixing           :       0.00       0.00         33          0          0         29         15          0
  oddcycle         :       0.00       0.00          0          0          0          0          0          0
  rapidlearning    :       0.00       0.00          0          0          0          0          0          0
  rlt              :       0.01       0.00         10          0          0          7          1          0
  sepa_signomial   :       0.00       0.00          0          0          0          0          0          0
  zerohalf         :       0.01       0.00         20          0          0          2          2          0
Cutselectors       :   ExecTime  SetupTime
  hybrid           :       0.00       0.00
Pricers            :   ExecTime  SetupTime      Calls       Vars
  problem variables:       0.00          -          0          0
Branching Rules    :   ExecTime  SetupTime   BranchLP  BranchExt   BranchPS    Cutoffs    DomReds       Cuts      Conss   Children
  allfullstrong    :       0.00       0.00          0          0          0          0          0          0          0          0
  cloud            :       0.00       0.00          0          0          0          0          0          0          0          0
  distribution     :       0.00       0.00          0          0          0          0          0          0          0          0
  fullstrong       :       0.00       0.00          0          0          0          0          0          0          0          0
  inference        :       0.00       0.00          0          0          0          0          0          0          0          0
  leastinf         :       0.00       0.00          0          0          0          0          0          0          0          0
  lookahead        :       0.00       0.00          0          0          0          0          0          0          0          0
  mostinf          :       0.00       0.00          0          0          0          0          0          0          0          0
  multaggr         :       0.00       0.00          0          0          0          0          0          0          0          0
  nodereopt        :       0.00       0.00          0          0          0          0          0          0          0          0
  pscost           :       0.00       0.00          0          0          0          0          0          0          0          0
  random           :       0.00       0.00          0          0          0          0          0          0          0          0
  relpscost        :       0.13       0.00         10          0          0          0        120          0          0          2
  vanillafullstrong:       0.00       0.00          0          0          0          0          0          0          0          0
Primal Heuristics  :   ExecTime  SetupTime      Calls      Found       Best
  LP solutions     :       0.00          -          -          0          0
  relax solutions  :       0.00          -          -          0          0
  pseudo solutions :       0.00          -          -          0          0
  strong branching :       0.00          -          -          0          0
  actconsdiving    :       0.00       0.00          0          0          0
  adaptivediving   :       0.00       0.00          0          0          0
  alns             :       0.20       0.00          1          3          3
  bound            :       0.00       0.00          0          0          0
  clique           :       0.00       0.00          1          0          0
  coefdiving       :       0.00       0.00          0          0          0
  completesol      :       0.00       0.00          0          0          0
  conflictdiving   :       0.03       0.00          1          0          0
  crossover        :       0.00       0.00          0          0          0
  dins             :       0.00       0.00          0          0          0
  distributiondivin:       0.00       0.00          0          0          0
  dps              :       0.00       0.00          0          0          0
  dualval          :       0.00       0.00          0          0          0
  farkasdiving     :       0.00       0.00          0          0          0
  feaspump         :       0.02       0.00          1          0          0
  fixandinfer      :       0.00       0.00          0          0          0
  fracdiving       :       0.00       0.00          0          0          0
  gins             :       0.00       0.00          0          0          0
  guideddiving     :       0.00       0.00          0          0          0
  indicator        :       0.00       0.00          0          0          0
  intdiving        :       0.00       0.00          0          0          0
  intshifting      :       0.00       0.00          1          0          0
  linesearchdiving :       0.00       0.00          0          0          0
  localbranching   :       0.00       0.00          0          0          0
  locks            :       0.01       0.00          1          0          0
  lpface           :       0.00       0.00          0          0          0
  mpec             :       3.52       0.00          1          0          0
  multistart       :       0.00       0.00          0          0          0
  mutation         :       0.00       0.00          0          0          0
  nlpdiving        :       0.00       0.00          0          0          0
  objpscostdiving  :       0.00       0.00          0          0          0
  octane           :       0.00       0.00          0          0          0
  ofins            :       0.00       0.00          0          0          0
  oneopt           :       0.00       0.00          2          0          0
  padm             :       0.00       0.00          0          0          0
  proximity        :       0.00       0.00          0          0          0
  pscostdiving     :       0.00       0.00          0          0          0
  randrounding     :       0.14       0.00         53          0          0
  rens             :       3.64       0.00          1          1          1
  reoptsols        :       0.00       0.00          0          0          0
  repair           :       0.00       0.00          0          0          0
  rins             :       0.00       0.00          0          0          0
  rootsoldiving    :       0.00       0.00          0          0          0
  rounding         :       0.00       0.00         53          0          0
  shiftandpropagate:       0.01       0.00          1          0          0
  shifting         :       0.03       0.00         53          0          0
  simplerounding   :       0.00       0.00          0          0          0
  subnlp           :       0.08       0.00          1          1          1
  trivial          :       0.01       0.00          2          0          0
  trivialnegation  :       0.00       0.00          0          0          0
  trustregion      :       0.00       0.00          0          0          0
  trysol           :       0.00       0.00          0          0          0
  twoopt           :       0.00       0.00          0          0          0
  undercover       :       0.03       0.00          1          0          0
  vbounds          :       0.00       0.00          0          0          0
  veclendiving     :       0.00       0.00          0          0          0
  zeroobj          :       0.00       0.00          0          0          0
  zirounding       :       0.00       0.00          1          0          0
  other solutions  :          -          -          -          0          -
Diving (single)    :      Calls      Nodes   LP Iters Backtracks  Conflicts   MinDepth   MaxDepth   AvgDepth  RoundSols  NLeafSols  MinSolDpt  MaxSolDpt  AvgSolDpt
  actconsdiving    :          0          -          -          -          -          -          -          -          -          -          -          -          -
  coefdiving       :          0          -          -          -          -          -          -          -          -          -          -          -          -
  conflictdiving   :          1         16        219          2          3         15         15       15.0          0          -          -          -          -
  distributiondivin:          0          -          -          -          -          -          -          -          -          -          -          -          -
  farkasdiving     :          0          -          -          -          -          -          -          -          -          -          -          -          -
  fracdiving       :          0          -          -          -          -          -          -          -          -          -          -          -          -
  guideddiving     :          0          -          -          -          -          -          -          -          -          -          -          -          -
  linesearchdiving :          0          -          -          -          -          -          -          -          -          -          -          -          -
  pscostdiving     :          0          -          -          -          -          -          -          -          -          -          -          -          -
  veclendiving     :          0          -          -          -          -          -          -          -          -          -          -          -          -
Diving (adaptive)  :      Calls      Nodes   LP Iters Backtracks  Conflicts   MinDepth   MaxDepth   AvgDepth  RoundSols  NLeafSols  MinSolDpt  MaxSolDpt  AvgSolDpt
  actconsdiving    :          0          -          -          -          -          -          -          -          -          -          -          -          -
  coefdiving       :          0          -          -          -          -          -          -          -          -          -          -          -          -
  conflictdiving   :          0          -          -          -          -          -          -          -          -          -          -          -          -
  distributiondivin:          0          -          -          -          -          -          -          -          -          -          -          -          -
  farkasdiving     :          0          -          -          -          -          -          -          -          -          -          -          -          -
  fracdiving       :          0          -          -          -          -          -          -          -          -          -          -          -          -
  guideddiving     :          0          -          -          -          -          -          -          -          -          -          -          -          -
  linesearchdiving :          0          -          -          -          -          -          -          -          -          -          -          -          -
  pscostdiving     :          0          -          -          -          -          -          -          -          -          -          -          -          -
  veclendiving     :          0          -          -          -          -          -          -          -          -          -          -          -          -
Neighborhoods      :      Calls  SetupTime  SolveTime SolveNodes       Sols       Best       Exp3  EpsGreedy        UCB TgtFixRate  Opt  Inf Node Stal  Sol  Usr Othr Actv
  rens             :          0       0.00       0.00          0          0          0    0.00000   -1.00000    1.00000      0.900    0    0    0    0    0    0    0    1
  rins             :          0       0.00       0.00          0          0          0    0.00000   -1.00000    1.00000      0.900    0    0    0    0    0    0    0    1
  mutation         :          0       0.00       0.00          0          0          0    0.00000   -1.00000    1.00000      0.900    0    0    0    0    0    0    0    1
  localbranching   :          0       0.00       0.00          0          0          0    0.00000   -1.00000    1.00000      0.900    0    0    0    0    0    0    0    1
  crossover        :          1       0.00       0.20         11          3          3    0.00000   -1.00000    1.00000      0.700    0    0    0    0    1    0    0    1
  proximity        :          0       0.00       0.00          0          0          0    0.00000   -1.00000    1.00000      0.900    0    0    0    0    0    0    0    1
  zeroobjective    :          0       0.00       0.00          0          0          0    0.00000   -1.00000    1.00000      0.900    0    0    0    0    0    0    0    1
  dins             :          0       0.00       0.00          0          0          0    0.00000   -1.00000    1.00000      0.900    0    0    0    0    0    0    0    1
  trustregion      :          0       0.00       0.00          0          0          0    0.00000   -1.00000    1.00000      0.900    0    0    0    0    0    0    0    0
Expressions        :   #IntEval  IntEvalTi   #RevProp  RevPropTi    DomReds    Cutoffs  #Estimate  EstimTime  Branching  #Simplify SimplifyTi Simplified
  pow              :      27760       0.00        660       0.00        167          0       4792       0.00          0        368       0.00          1
  prod             :      40955       0.00        740       0.00         56          0       3097       0.00          0        649       0.00         37
  sum              :      68715       0.02      59399       0.03      28439         38        390       0.00          0       1220       0.00        594
  var              :      89262       0.03          0       0.00          0          0          0       0.00          0       2289       0.00        204
  varidx           :          0       0.00          0       0.00          0          0          0       0.00          0          0       0.00          0
Nlhdlrs            :    Detects  DetectAll DetectTime   #IntEval  IntEvalTi   #RevProp  RevPropTi    DomReds    Cutoffs   #Enforce   EnfoTime       Cuts  Branching
  soc              :          0          0       0.00          0       0.00          0       0.00          0          0          0       0.00          0          0
  convex           :          0          0       0.00          0       0.00          0       0.00          0          0          0       0.00          0          0
  concave          :          0          0       0.00          0       0.00          0       0.00          0          0          0       0.00          0          0
  quotient         :          0          0       0.01          0       0.00          0       0.00          0          0          0       0.00          0          0
  quadratic        :          1         11       0.00        340       0.00        332       0.00        162          0          0       0.00          0          0
  default          :       1320      14500       0.01     134664       0.04      62419       0.12      28662         41       7889       0.02        253          0
  bilinear         :        162        162       0.00      25023       0.01        254       0.00          0          0       2183       0.00         24          0
  perspective      :        277        277       0.01          0       0.00          0       0.00          0          0       3400       0.15       1769          0
LP                 :       Time      Calls Iterations  Iter/call   Iter/sec  Time-0-It Calls-0-It    ItLimit
  primal LP        :       0.04          8          0       0.00       0.00       0.04          8
  dual LP          :       0.12         56       4215      81.06   35125.00       0.00          4
  lex dual LP      :       0.00          0          0       0.00          -
  barrier LP       :       0.00          0          0       0.00          -       0.00          0
  resolve instable :       0.00          0          0       0.00          -
  diving/probing LP:       2.60        549      38880      70.82   14953.85
  strong branching :       0.09         36       1533      42.58   17033.33          -          -          0
    (at root node) :          -         36       1533      42.58          -
  conflict analysis:       0.00          0          0       0.00          -
NLP                :       Time      Calls
  all NLPs         :       0.00          0
NLP Solvers        :  #Problems  ProblemTi    #Solves  SolveTime      #Iter  Time/Iter      #Okay #TimeLimit #IterLimit #LObjLimit #Interrupt  #NumError #EvalError  #OutOfMem #LicenseEr #OtherTerm   #GlobOpt    #LocOpt  #Feasible #LocInfeas #GlobInfea #Unbounded   #Unknown
  ipopt            :          3       0.00          3       3.55        434       0.01          3          0          0          0          0          0          0          0          0          0          0          2          0          1          0          0          0
B&B Tree           :
  number of runs   :          1
  nodes            :          1 (1 internal, 0 leaves)
  feasible leaves  :          0
  infeas. leaves   :          0
  objective leaves :          0
  nodes (total)    :          1 (1 internal, 0 leaves)
  nodes left       :          2
  max depth        :          0
  max depth (total):          0
  backtracks       :          0 (0.0%)
  early backtracks :          0 (0.0%)
  nodes exc. ref.  :          0 (0.0%)
  delayed cutoffs  :          0
  repropagations   :          0 (0 domain reductions, 0 cutoffs)
  avg switch length:       1.00
  switching time   :       0.00
Estim. Tree Size   :         -1
Estimation Tree    : 1 nodes (0 visited, 0 internal, 0 leaves, 1 open), weight: 0.0000 completed 0.0000
Estimations        :      estim      value      trend resolution     smooth
  wbe              :         -1          -          -          -          -
  tree-profile     :         -1          -          -          -          -
  gap              :         -1    0.00000                     1           
  tree-weight      :         -1    0.00000                     1           
  leaf-frequency   :         -1   -0.50000                     1           
  ssg              :         -1    1.00000                     1           
  open-nodes       :         -1    0.00000                     1           
Root Node          :
  First LP value   : +0.00000000000000e+00
  First LP Iters   :        184
  First LP Time    :       0.00
  Final Dual Bound : +2.20786636963546e+01
  Final Root Iters :       4444
  Root LP Estimate : +3.86737651195012e+01
Solution           :
  Solutions found  :          5 (5 improvements)
  First Solution   : +4.23434268136552e+02   (in run 1, after 1 nodes, 0.30 seconds, depth 0, found by <feaspump>)
  Gap First Sol.   :   infinite
  Gap Last Sol.    :   infinite
  Primal Bound     : +2.99916054064245e+02   (in run 1, after 1 nodes, 7.55 seconds, depth 0, found by <alns>)
  Dual Bound       : +2.20786636963546e+01
  Gap              :    1258.40 %
Integrals          :      Total       Avg%
  primal-dual      :    1158.19      99.84
  primal-ref       :          -          - (not evaluated)
  dual-ref         :          -          - (not evaluated)
