SCIP Status        : solving was interrupted [node limit reached]
Total Time         :      37.75
  solving          :      37.75
  presolving       :       0.27 (included in solving)
  reading          :       0.00
  copying          :       0.01 (1 #copies) (minimal 0.01, maximal 0.01, average 0.01)
Original Problem   :
  Problem name     : waterno2_12
  Variables        : 1992 (0 binary, 108 integer, 0 implicit integer, 1884 continuous)
  Constraints      : 2470 initial, 2470 maximal
  Objective        : minimize, 108 non-zeros (abs.min = 1, abs.max = 1)
Presolved Problem  :
  Problem name     : t_waterno2_12
  Variables        : 2944 (108 binary, 0 integer, 0 implicit integer, 2836 continuous)
  Constraints      : 1880 initial, 1896 maximal
  Objective        : minimize, 108 non-zeros (abs.min = 1, abs.max = 1)
  Nonzeros         : 5463 constraint, 170 clique table
Presolvers         :   ExecTime  SetupTime  Calls  FixedVars   AggrVars   ChgTypes  ChgBounds   AddHoles    DelCons    AddCons   ChgSides   ChgCoefs
  boundshift       :       0.00       0.00      0          0          0          0          0          0          0          0          0          0
  convertinttobin  :       0.00       0.00      0          0          0          0          0          0          0          0          0          0
  domcol           :       0.00       0.00      1          0          0          0          0          0          0          0          0          0
  dualagg          :       0.00       0.00      0          0          0          0          0          0          0          0          0          0
  dualcomp         :       0.00       0.00      1          0          0          0          0          0          0          0          0          0
  dualinfer        :       0.00       0.00      0          0          0          0          0          0          0          0          0          0
  dualsparsify     :       0.00       0.00      1          0          0          0          0          0          0          0          0          0
  gateextraction   :       0.00       0.00      0          0          0          0          0          0          0          0          0          0
  implics          :       0.00       0.00      3          0          0          0          0          0          0          0          0          0
  inttobinary      :       0.00       0.00      0          0          0          0          0          0          0          0          0          0
  qpkktref         :       0.00       0.00      0          0          0          0          0          0          0          0          0          0
  redvub           :       0.00       0.00      0          0          0          0          0          0          0          0          0          0
  sparsify         :       0.00       0.00      1          0          0          0          0          0          0          0          0          0
  stuffing         :       0.00       0.00      0          0          0          0          0          0          0          0          0          0
  trivial          :       0.00       0.00      6         15          0          0          0          0          0          0          0          0
  tworowbnd        :       0.00       0.00      0          0          0          0          0          0          0          0          0          0
  dualfix          :       0.00       0.00      6         12          0          0          0          0          0          0          0          0
  genvbounds       :       0.00       0.00      0          0          0          0          0          0          0          0          0          0
  probing          :       0.05       0.00      1          0          0          0          1          0          0          0          0          0
  pseudoobj        :       0.00       0.00      0          0          0          0          0          0          0          0          0          0
  symmetry         :       0.01       0.00      1          0          0          0          0          0          0          0          0          0
  vbounds          :       0.00       0.00      1          0          0          0          0          0          0          0          0          0
  varbound         :       0.00       0.00      2          0          0          0          0          0          0          0          0          0
  setppc           :       0.00       0.00      3          0          0          0          0          0          0          0          0          0
  linear           :       0.04       0.00      9         15        566          0       1073          0        590          0        375        374
  logicor          :       0.00       0.00      0          0          0          0          0          0          0          0          0          0
  bounddisjunction :       0.00       0.00      0          0          0          0          0          0          0          0          0          0
  nonlinear        :       0.16       0.02     10          0          0          0        901          0          0          0          0       -374
  benders          :       0.00       0.00      0          0          0          0          0          0          0          0          0          0
  components       :       0.00       0.00      1          0          0          0          0          0          0          0          0          0
  root node        :          -          -      -          2          -          -       1826          -          -          -          -          -
Constraints        :     Number  MaxNumber  #Separate #Propagate    #EnfoLP    #EnfoRelax  #EnfoPS    #Check   #ResProp    Cutoffs    DomReds       Cuts    Applied      Conss   Children
  benderslp        :          0          0          0          0          6          0          0         31          0          0          0          0          0          0          0
  integral         :          0          0          0          0          6          0          0         31          0          0         60          0          0          0          2
  varbound         :        372        372         79      16260          0          0          0         26        313         12          0          0          0          0          0
  setppc           :         60         60         79      16192          0          0          0          6         57          0          0          0          0          0          0
  linear           :        668+       670         79      16248          0          0          0          6        143         41         11          0          0          0          0
  logicor          :          0+         2         79        286          0          0          0          0          0          0          0          0          0          0          0
  bounddisjunction :          0+        14          0       2096          0          0          0          0          0          0          0          0          0          0          0
  nonlinear        :        780        780         79      16207          0          0          0          4          0         89        161       3114       1587          0          0
  benders          :          0          0          0          0          0          0          0          4          0          0          0          0          0          0          0
  countsols        :          0          0          0          0          0          0          0          4          0          0          0          0          0          0          0
  components       :          0          0          0          0          0          0          0          0          0          0          0          0          0          0          0
Constraint Timings :  TotalTime  SetupTime   Separate  Propagate     EnfoLP     EnfoPS     EnfoRelax   Check    ResProp    SB-Prop
  benderslp        :       0.00       0.00       0.00       0.00       0.00       0.00       0.00       0.00       0.00       0.00
  integral         :       0.52       0.00       0.00       0.00       0.52       0.00       0.00       0.00       0.00       0.00
  varbound         :       0.06       0.00       0.01       0.04       0.00       0.00       0.00       0.00       0.00       0.01
  setppc           :       0.04       0.00       0.00       0.04       0.00       0.00       0.00       0.00       0.00       0.00
  linear           :       0.24       0.00       0.05       0.19       0.00       0.00       0.00       0.00       0.00       0.00
  logicor          :       0.00       0.00       0.00       0.00       0.00       0.00       0.00       0.00       0.00       0.00
  bounddisjunction :       0.00       0.00       0.00       0.00       0.00       0.00       0.00       0.00       0.00       0.00
  nonlinear        :       4.39       0.02       2.66       1.66       0.00       0.00       0.00       0.01       0.00       0.04
  benders          :       0.00       0.00       0.00       0.00       0.00       0.00       0.00       0.00       0.00       0.00
  countsols        :       0.00       0.00       0.00       0.00       0.00       0.00       0.00       0.00       0.00       0.00
  components       :       0.00       0.00       0.00       0.00       0.00       0.00       0.00       0.00       0.00       0.00
Propagators        : #Propagate   #ResProp    Cutoffs    DomReds
  dualfix          :         18          0          0          0
  genvbounds       :         52          0          0          1
  nlobbt           :          0          0          0          0
  obbt             :          8          0          0         33
  probing          :          0          0          0          0
  pseudoobj        :        113          0          0          0
  redcost          :         94          0          0          0
  rootredcost      :          0          0          0          0
  symmetry         :          0          0          0          0
  vbounds          :      14083          0          0          0
Propagator Timings :  TotalTime  SetupTime   Presolve  Propagate    ResProp    SB-Prop
  dualfix          :       0.01       0.00       0.00       0.01       0.00       0.00
  genvbounds       :       0.03       0.00       0.00       0.03       0.00       0.00
  nlobbt           :       0.00       0.00       0.00       0.00       0.00       0.00
  obbt             :      16.27       0.00       0.00      16.27       0.00       0.00
  probing          :       0.05       0.00       0.05       0.00       0.00       0.00
  pseudoobj        :       0.01       0.00       0.00       0.01       0.00       0.00
  redcost          :       0.04       0.00       0.00       0.04       0.00       0.00
  rootredcost      :       0.02       0.00       0.00       0.02       0.00       0.00
  symmetry         :       0.02       0.00       0.01       0.01       0.00       0.00
  vbounds          :       0.01       0.00       0.00       0.01       0.00       0.00
Conflict Analysis  :       Time      Calls    Success    DomReds  Conflicts   Literals    Reconvs ReconvLits   Dualrays   Nonzeros   LP Iters   (pool size: [10000,10000])
  propagation      :       0.01         17         15          -         17        2.4          8       20.0          -          -          -
  infeasible LP    :       0.01          3          2          -         27       23.4          2        3.0          2       11.0          0
  bound exceed. LP :       0.00          0          0          -          0        0.0          0        0.0          0        0.0          0
  strong branching :       0.00          0          0          -          0        0.0          0        0.0          -          -          0
  pseudo solution  :       0.00          0          0          -          0        0.0          0        0.0          -          -          -
  applied globally :       0.00          -          -          0         14        2.9          -          -          2          -          -
  applied locally  :          -          -          -          0          1       17.0          -          -          0          -          -
Separators         :   ExecTime  SetupTime      Calls    Cutoffs    DomReds       Cuts    Applied      Conss
  cut pool         :       0.06                   140          -          -       2719          -          -    (maximal pool size: 3830)
  aggregation      :       3.37       0.00         79          0          0       3185        626          0
  > cmir           :          -          -          -          -          -          -        516          -
  > flowcover      :          -          -          -          -          -          -        108          -
  > knapsackcover  :          -          -          -          -          -          -          2          -
  cgmip            :       0.00       0.00          0          0          0          0          0          0
  clique           :       0.00       0.00         79          0          0          0          0          0
  closecuts        :       0.00       0.00          0          0          0          0          0          0
  convexproj       :       0.00       0.00          0          0          0          0          0          0
  disjunctive      :       0.00       0.00          0          0          0          0          0          0
  eccuts           :       0.00       0.00          0          0          0          0          0          0
  gauge            :       0.00       0.00          0          0          0          0          0          0
  gomory           :       0.05       0.00         10          0          0        448         59          0
  > gomorymi       :          -          -          -          -          -          -         59          -
  > strongcg       :          -          -          -          -          -          -          0          -
  impliedbounds    :       0.01       0.00         79          0          0        159         62          0
  interminor       :       0.00       0.00          0          0          0          0          0          0
  intobj           :       0.00       0.00          0          0          0          0          0          0
  mcf              :       0.02       0.00         10          0          0          1          0          0
  minor            :       0.03       0.00         79          0          0       1079        197          0
  mixing           :       0.01       0.00         79          0          0         40         26          0
  oddcycle         :       0.00       0.00          0          0          0          0          0          0
  rapidlearning    :       0.00       0.00          0          0          0          0          0          0
  rlt              :       0.00       0.00         10          0          0          0          0          0
  sepa_signomial   :       0.05       0.00         79          0          0       1493         97          0
  zerohalf         :       0.05       0.00         20          0          0          1          1          0
Cutselectors       :   ExecTime  SetupTime
  hybrid           :       0.00       0.00
Pricers            :   ExecTime  SetupTime      Calls       Vars
  problem variables:       0.00          -          0          0
Branching Rules    :   ExecTime  SetupTime   BranchLP  BranchExt   BranchPS    Cutoffs    DomReds       Cuts      Conss   Children
  allfullstrong    :       0.00       0.00          0          0          0          0          0          0          0          0
  cloud            :       0.00       0.00          0          0          0          0          0          0          0          0
  distribution     :       0.00       0.00          0          0          0          0          0          0          0          0
  fullstrong       :       0.00       0.00          0          0          0          0          0          0          0          0
  inference        :       0.00       0.00          0          0          0          0          0          0          0          0
  leastinf         :       0.00       0.00          0          0          0          0          0          0          0          0
  lookahead        :       0.00       0.00          0          0          0          0          0          0          0          0
  mostinf          :       0.00       0.00          0          0          0          0          0          0          0          0
  multaggr         :       0.00       0.00          0          0          0          0          0          0          0          0
  nodereopt        :       0.00       0.00          0          0          0          0          0          0          0          0
  pscost           :       0.00       0.00          0          0          0          0          0          0          0          0
  random           :       0.00       0.00          0          0          0          0          0          0          0          0
  relpscost        :       0.52       0.00          6          0          0          0         60          0          0          2
  vanillafullstrong:       0.00       0.00          0          0          0          0          0          0          0          0
Primal Heuristics  :   ExecTime  SetupTime      Calls      Found       Best
  LP solutions     :       0.00          -          -          0          0
  relax solutions  :       0.00          -          -          0          0
  pseudo solutions :       0.00          -          -          0          0
  strong branching :       0.00          -          -          0          0
  actconsdiving    :       0.00       0.00          0          0          0
  adaptivediving   :       0.00       0.00          0          0          0
  alns             :       6.09       0.00          1          2          2
  bound            :       0.00       0.00          0          0          0
  clique           :       0.04       0.00          1          0          0
  coefdiving       :       0.00       0.00          0          0          0
  completesol      :       0.00       0.00          0          0          0
  conflictdiving   :       0.10       0.00          1          0          0
  crossover        :       0.00       0.00          0          0          0
  dins             :       0.00       0.00          0          0          0
  distributiondivin:       0.00       0.00          0          0          0
  dps              :       0.00       0.00          0          0          0
  dualval          :       0.00       0.00          0          0          0
  farkasdiving     :       0.00       0.00          0          0          0
  feaspump         :       0.11       0.00          1          0          0
  fixandinfer      :       0.00       0.00          0          0          0
  fracdiving       :       0.00       0.00          0          0          0
  gins             :       0.00       0.00          0          0          0
  guideddiving     :       0.00       0.00          0          0          0
  indicator        :       0.00       0.00          0          0          0
  intdiving        :       0.00       0.00          0          0          0
  intshifting      :       0.01       0.00          1          0          0
  linesearchdiving :       0.00       0.00          0          0          0
  localbranching   :       0.00       0.00          0          0          0
  locks            :       0.01       0.00          1          0          0
  lpface           :       0.00       0.00          0          0          0
  mpec             :       5.13       0.00          1          0          0
  multistart       :       0.00       0.00          0          0          0
  mutation         :       0.00       0.00          0          0          0
  nlpdiving        :       0.00       0.00          0          0          0
  objpscostdiving  :       0.00       0.00          0          0          0
  octane           :       0.00       0.00          0          0          0
  ofins            :       0.00       0.00          0          0          0
  oneopt           :       0.00       0.00          2          0          0
  padm             :       0.00       0.00          0          0          0
  proximity        :       0.00       0.00          0          0          0
  pscostdiving     :       0.00       0.00          0          0          0
  randrounding     :       0.53       0.00         83          0          0
  rens             :       0.00       0.00          0          0          0
  reoptsols        :       0.00       0.00          0          0          0
  repair           :       0.00       0.00          0          0          0
  rins             :       0.00       0.00          0          0          0
  rootsoldiving    :       0.00       0.00          0          0          0
  rounding         :       0.01       0.00         83          0          0
  shiftandpropagate:       0.03       0.00          1          0          0
  shifting         :       0.18       0.00         83          0          0
  simplerounding   :       0.00       0.00          0          0          0
  subnlp           :       0.51       0.00          1          1          1
  trivial          :       0.01       0.00          2          0          0
  trivialnegation  :       0.00       0.00          0          0          0
  trustregion      :       0.00       0.00          0          0          0
  trysol           :       0.00       0.00          0          0          0
  twoopt           :       0.00       0.00          0          0          0
  undercover       :       0.13       0.00          1          0          0
  vbounds          :       0.00       0.00          0          0          0
  veclendiving     :       0.00       0.00          0          0          0
  zeroobj          :       0.00       0.00          0          0          0
  zirounding       :       0.00       0.00          1          0          0
  other solutions  :          -          -          -          0          -
Diving (single)    :      Calls      Nodes   LP Iters Backtracks  Conflicts   MinDepth   MaxDepth   AvgDepth  RoundSols  NLeafSols  MinSolDpt  MaxSolDpt  AvgSolDpt
  actconsdiving    :          0          -          -          -          -          -          -          -          -          -          -          -          -
  coefdiving       :          0          -          -          -          -          -          -          -          -          -          -          -          -
  conflictdiving   :          1         29        595          2         31         28         28       28.0          0          -          -          -          -
  distributiondivin:          0          -          -          -          -          -          -          -          -          -          -          -          -
  farkasdiving     :          0          -          -          -          -          -          -          -          -          -          -          -          -
  fracdiving       :          0          -          -          -          -          -          -          -          -          -          -          -          -
  guideddiving     :          0          -          -          -          -          -          -          -          -          -          -          -          -
  linesearchdiving :          0          -          -          -          -          -          -          -          -          -          -          -          -
  pscostdiving     :          0          -          -          -          -          -          -          -          -          -          -          -          -
  veclendiving     :          0          -          -          -          -          -          -          -          -          -          -          -          -
Diving (adaptive)  :      Calls      Nodes   LP Iters Backtracks  Conflicts   MinDepth   MaxDepth   AvgDepth  RoundSols  NLeafSols  MinSolDpt  MaxSolDpt  AvgSolDpt
  actconsdiving    :          0          -          -          -          -          -          -          -          -          -          -          -          -
  coefdiving       :          0          -          -          -          -          -          -          -          -          -          -          -          -
  conflictdiving   :          0          -          -          -          -          -          -          -          -          -          -          -          -
  distributiondivin:          0          -          -          -          -          -          -          -          -          -          -          -          -
  farkasdiving     :          0          -          -          -          -          -          -          -          -          -          -          -          -
  fracdiving       :          0          -          -          -          -          -          -          -          -          -          -          -          -
  guideddiving     :          0          -          -          -          -          -          -          -          -          -          -          -          -
  linesearchdiving :          0          -          -          -          -          -          -          -          -          -          -          -          -
  pscostdiving     :          0          -          -          -          -          -          -          -          -          -          -          -          -
  veclendiving     :          0          -          -          -          -          -          -          -          -          -          -          -          -
Neighborhoods      :      Calls  SetupTime  SolveTime SolveNodes       Sols       Best       Exp3  EpsGreedy        UCB TgtFixRate  Opt  Inf Node Stal  Sol  Usr Othr Actv
  rens             :          0       0.00       0.00          0          0          0    0.00000   -1.00000    1.00000      0.900    0    0    0    0    0    0    0    1
  rins             :          0       0.00       0.00          0          0          0    0.00000   -1.00000    1.00000      0.900    0    0    0    0    0    0    0    1
  mutation         :          0       0.00       0.00          0          0          0    0.00000   -1.00000    1.00000      0.900    0    0    0    0    0    0    0    1
  localbranching   :          1       0.02       6.05         61          2          2    0.00000   -1.00000    1.00000      0.900    0    0    0    1    0    0    0    1
  crossover        :          0       0.00       0.00          0          0          0    0.00000   -1.00000    1.00000      0.900    0    0    0    0    0    0    0    1
  proximity        :          0       0.00       0.00          0          0          0    0.00000   -1.00000    1.00000      0.900    0    0    0    0    0    0    0    1
  zeroobjective    :          0       0.00       0.00          0          0          0    0.00000   -1.00000    1.00000      0.900    0    0    0    0    0    0    0    1
  dins             :          0       0.00       0.00          0          0          0    0.00000   -1.00000    1.00000      0.900    0    0    0    0    0    0    0    1
  trustregion      :          0       0.00       0.00          0          0          0    0.00000   -1.00000    1.00000      0.900    0    0    0    0    0    0    0    0
Expressions        :   #IntEval  IntEvalTi   #RevProp  RevPropTi    DomReds    Cutoffs  #Estimate  EstimTime  Branching  #Simplify SimplifyTi Simplified
  pow              :     131760       0.04       1882       0.00        277          0      37044       0.01          0        734       0.00          1
  prod             :     193567       0.08       1440       0.00        182          0      28171       0.00          0       1297       0.00         73
  sum              :     325327       0.08     305891       0.13     150925         83        780       0.00          0       2438       0.00       1188
  var              :     443411       0.10          0       0.00          0          0          0       0.00          0       4575       0.00        408
  varidx           :          0       0.00          0       0.00          0          0          0       0.00          0          0       0.00          0
Nlhdlrs            :    Detects  DetectAll DetectTime   #IntEval  IntEvalTi   #RevProp  RevPropTi    DomReds    Cutoffs   #Enforce   EnfoTime       Cuts  Branching
  soc              :          0          0       0.00          0       0.00          0       0.00          0          0          0       0.00          0          0
  convex           :          0          0       0.01          0       0.00          0       0.00          0          0          0       0.00          0          0
  concave          :          0          0       0.00          0       0.00          0       0.00          0          0          0       0.00          0          0
  quotient         :          0          0       0.01          0       0.00          0       0.00          0          0          0       0.00          0          0
  quadratic        :          1         11       0.00        935       0.00        927       0.00        460          0          0       0.00          0          0
  default          :       2640      29020       0.01     645122       0.50     312453       0.50     151384         88      65215       0.09        485          0
  bilinear         :        324        324       0.00     134160       0.04        468       0.00          0          0      23073       0.01         61          0
  perspective      :        553        553       0.00          0       0.00          0       0.00          0          0      25226       2.42       4844          0
LP                 :       Time      Calls Iterations  Iter/call   Iter/sec  Time-0-It Calls-0-It    ItLimit
  primal LP        :       0.18         12          0       0.00       0.00       0.18         12
  dual LP          :       0.91         85       9370     114.27   10296.70       0.00          3
  lex dual LP      :       0.00          0          0       0.00          -
  barrier LP       :       0.00          0          0       0.00          -       0.00          0
  resolve instable :       0.00          0          0       0.00          -
  diving/probing LP:      15.52       1023      55381      54.14    3568.36
  strong branching :       0.29         59       2649      44.90    9134.48          -          -          0
    (at root node) :          -         59       2649      44.90          -
  conflict analysis:       0.00          0          0       0.00          -
NLP                :       Time      Calls
  all NLPs         :       0.00          0
NLP Solvers        :  #Problems  ProblemTi    #Solves  SolveTime      #Iter  Time/Iter      #Okay #TimeLimit #IterLimit #LObjLimit #Interrupt  #NumError #EvalError  #OutOfMem #LicenseEr #OtherTerm   #GlobOpt    #LocOpt  #Feasible #LocInfeas #GlobInfea #Unbounded   #Unknown
  ipopt            :          3       0.01          2       5.47        221       0.02          2          0          0          0          0          0          0          0          0          0          0          2          0          0          0          0          0
B&B Tree           :
  number of runs   :          1
  nodes            :          1 (1 internal, 0 leaves)
  feasible leaves  :          0
  infeas. leaves   :          0
  objective leaves :          0
  nodes (total)    :          1 (1 internal, 0 leaves)
  nodes left       :          2
  max depth        :          0
  max depth (total):          0
  backtracks       :          0 (0.0%)
  early backtracks :          0 (0.0%)
  nodes exc. ref.  :          0 (0.0%)
  delayed cutoffs  :          0
  repropagations   :          0 (0 domain reductions, 0 cutoffs)
  avg switch length:       1.00
  switching time   :       0.00
Estim. Tree Size   :         -1
Estimation Tree    : 3 nodes (1 visited, 1 internal, 0 leaves, 2 open), weight: 0.0000 completed 0.0000
Estimations        :      estim      value      trend resolution     smooth
  wbe              :         -1          -          -          -          -
  tree-profile     :         -1          -          -          -          -
  gap              :         -1    0.07174                     1           
  tree-weight      :         -1    0.00000                     1           
  leaf-frequency   :         -1   -0.50000                     1           
  ssg              :         -1    1.00000                     1           
  open-nodes       :         -1    2.00000                     1           
Root Node          :
  First LP value   : +0.00000000000000e+00
  First LP Iters   :        573 (19100.00 Iter/sec)
  First LP Time    :       0.03
  Final Dual Bound : +2.22603814729463e+02
  Final Root Iters :      10323
  Root LP Estimate : +3.17025550269460e+02
Solution           :
  Solutions found  :          3 (3 improvements)
  First Solution   : +3.45714559621848e+03   (in run 1, after 1 nodes, 1.23 seconds, depth 0, found by <feaspump>)
  Gap First Sol.   :   infinite
  Gap Last Sol.    :    1471.23 %
  Primal Bound     : +3.10311534126830e+03   (in run 1, after 1 nodes, 28.22 seconds, depth 0, found by <alns>)
  Dual Bound       : +2.22603814729463e+02
  Gap              :    1294.01 %
Integrals          :      Total       Avg%
  primal-dual      :    3593.10      95.18
  primal-ref       :          -          - (not evaluated)
  dual-ref         :          -          - (not evaluated)
