SCIP Status        : solving was interrupted [time limit reached]
Total Time         :    3600.01
  solving          :    3600.01
  presolving       :       0.00 (included in solving)
  reading          :       0.00
  copying          :       0.18 (76 #copies) (minimal 0.00, maximal 0.00, average 0.00)
Original Problem   :
  Problem name     : alkylation
  Variables        : 11 (0 binary, 0 integer, 0 implicit integer, 11 continuous)
  Constraints      : 12 initial, 12 maximal
  Objective        : maximize, 5 non-zeros (abs.min = 0.035, abs.max = 10)
Presolved Problem  :
  Problem name     : t_alkylation
  Variables        : 29 (0 binary, 0 integer, 0 implicit integer, 29 continuous)
  Constraints      : 12 initial, 12 maximal
  Objective        : minimize, 5 non-zeros (abs.min = 0.035, abs.max = 10)
  Nonzeros         : 34 constraint, 0 clique table
Presolvers         :   ExecTime  SetupTime  Calls  FixedVars   AggrVars   ChgTypes  ChgBounds   AddHoles    DelCons    AddCons   ChgSides   ChgCoefs
  boundshift       :       0.00       0.00      0          0          0          0          0          0          0          0          0          0
  convertinttobin  :       0.00       0.00      0          0          0          0          0          0          0          0          0          0
  domcol           :       0.00       0.00      1          0          0          0          0          0          0          0          0          0
  dualagg          :       0.00       0.00      0          0          0          0          0          0          0          0          0          0
  dualcomp         :       0.00       0.00      1          0          0          0          0          0          0          0          0          0
  dualinfer        :       0.00       0.00      0          0          0          0          0          0          0          0          0          0
  dualsparsify     :       0.00       0.00      1          0          0          0          0          0          0          0          0          0
  gateextraction   :       0.00       0.00      0          0          0          0          0          0          0          0          0          0
  implics          :       0.00       0.00      1          0          0          0          0          0          0          0          0          0
  inttobinary      :       0.00       0.00      0          0          0          0          0          0          0          0          0          0
  qpkktref         :       0.00       0.00      0          0          0          0          0          0          0          0          0          0
  redvub           :       0.00       0.00      0          0          0          0          0          0          0          0          0          0
  sparsify         :       0.00       0.00      1          0          0          0          0          0          0          0          0          0
  stuffing         :       0.00       0.00      0          0          0          0          0          0          0          0          0          0
  trivial          :       0.00       0.00      3          0          0          0          0          0          0          0          0          0
  tworowbnd        :       0.00       0.00      0          0          0          0          0          0          0          0          0          0
  dualfix          :       0.00       0.00      3          0          0          0          0          0          0          0          0          0
  genvbounds       :       0.00       0.00      0          0          0          0          0          0          0          0          0          0
  probing          :       0.00       0.00      0          0          0          0          0          0          0          0          0          0
  pseudoobj        :       0.00       0.00      0          0          0          0          0          0          0          0          0          0
  symmetry         :       0.00       0.00      1          0          0          0          0          0          0          0          0          0
  vbounds          :       0.00       0.00      0          0          0          0          0          0          0          0          0          0
  linear           :       0.00       0.00      4          0          0          0          4          0          0          0          0          0
  nonlinear        :       0.00       0.00      5          0          0          0          2          0          0          0          0          0
  benders          :       0.00       0.00      0          0          0          0          0          0          0          0          0          0
  components       :       0.00       0.00      1          0          0          0          0          0          0          0          0          0
  root node        :          -          -      -          0          -          -         79          -          -          -          -          -
Constraints        :     Number  MaxNumber  #Separate #Propagate    #EnfoLP    #EnfoRelax  #EnfoPS    #Check   #ResProp    Cutoffs    DomReds       Cuts    Applied      Conss   Children
  benderslp        :          0          0          0          0    4676137          0          0       9018          0          0          0          0          0          0          0
  integral         :          0          0          0          0    4676137          0          0       9018          0          0          0          0          0          0          0
  linear           :          5          5         23   26938350          0          0          0       9014          0        522   18644122          0          0          0          0
  nonlinear        :          7          7    5789368   26937829    4676137          0          0       9011          0      18439  169130432    9479058    7956618          0    5648060
  benders          :          0          0          0          0          0          0          0        413          0          0          0          0          0          0          0
  countsols        :          0          0          0          0          0          0          0        413          0          0          0          0          0          0          0
  components       :          0          0          0          0          0          0          0          0          0          0          0          0          0          0          0
Constraint Timings :  TotalTime  SetupTime   Separate  Propagate     EnfoLP     EnfoPS     EnfoRelax   Check    ResProp    SB-Prop
  benderslp        :       0.81       0.00       0.00       0.00       0.81       0.00       0.00       0.00       0.00       0.00
  integral         :       0.78       0.00       0.00       0.00       0.78       0.00       0.00       0.00       0.00       0.00
  linear           :      29.67       0.00       0.00      29.67       0.00       0.00       0.00       0.00       0.00       0.00
  nonlinear        :     909.50       0.00     122.00     653.96     133.51       0.00       0.00       0.03       0.00       0.00
  benders          :       0.00       0.00       0.00       0.00       0.00       0.00       0.00       0.00       0.00       0.00
  countsols        :       0.00       0.00       0.00       0.00       0.00       0.00       0.00       0.00       0.00       0.00
  components       :       0.70       0.00       0.00       0.70       0.00       0.00       0.00       0.00       0.00       0.00
Propagators        : #Propagate   #ResProp    Cutoffs    DomReds
  dualfix          :          5          0          0          0
  genvbounds       :   20389016          0          5       1188
  nlobbt           :          0          0          0          0
  obbt             :          3          0          0          3
  probing          :          0          0          0          0
  pseudoobj        :   31615004          0        532   55075648
  redcost          :          0          0          0          0
  rootredcost      :          4          0          0          1
  symmetry         :          0          0          0          0
  vbounds          :          0          0          0          0
Propagator Timings :  TotalTime  SetupTime   Presolve  Propagate    ResProp    SB-Prop
  dualfix          :       0.00       0.00       0.00       0.00       0.00       0.00
  genvbounds       :      10.36       0.00       0.00      10.36       0.00       0.00
  nlobbt           :       0.00       0.00       0.00       0.00       0.00       0.00
  obbt             :       0.01       0.00       0.00       0.01       0.00       0.00
  probing          :       0.00       0.00       0.00       0.00       0.00       0.00
  pseudoobj        :      49.17       0.00       0.00      49.17       0.00       0.00
  redcost          :       3.41       0.00       0.00       3.41       0.00       0.00
  rootredcost      :       3.29       0.00       0.00       3.29       0.00       0.00
  symmetry         :       2.07       0.00       0.00       2.07       0.00       0.00
  vbounds          :       3.20       0.00       0.00       3.20       0.00       0.00
Conflict Analysis  :       Time      Calls    Success    DomReds  Conflicts   Literals    Reconvs ReconvLits   Dualrays   Nonzeros   LP Iters   (pool size: [--,--])
  propagation      :       0.00          0          0          -          0        0.0          0        0.0          -          -          -
  infeasible LP    :       0.00        265          0          -          0        0.0          0        0.0          0        0.0          0
  bound exceed. LP :       0.02       1421          0          -          0        0.0          0        0.0          0        0.0          0
  strong branching :       0.00          0          0          -          0        0.0          0        0.0          -          -          0
  pseudo solution  :       0.00          0          0          -          0        0.0          0        0.0          -          -          -
  applied globally :       0.00          -          -          0          0        0.0          -          -          0          -          -
  applied locally  :          -          -          -          0          0        0.0          -          -          0          -          -
Separators         :   ExecTime  SetupTime      Calls  RootCalls    Cutoffs    DomReds  FoundCuts ViaPoolAdd  DirectAdd    Applied ViaPoolApp  DirectApp      Conss
  cut pool         :       0.00          -          0          0          -          -          0          0          -          -          -          -          -    (maximal pool size:          0)
  aggregation      :       0.00       0.00          0          0          0          0          0          0          0          0          0          0          0
  > cmir           :          -          -          -          -          -          -          -          0          0          0          0          0          -
  > flowcover      :          -          -          -          -          -          -          -          0          0          0          0          0          -
  > knapsackcover  :          -          -          -          -          -          -          -          0          0          0          0          0          -
  cgmip            :       0.00       0.00          0          0          0          0          0          0          0          0          0          0          0
  clique           :       0.00       0.00          0          0          0          0          0          0          0          0          0          0          0
  closecuts        :       0.00       0.00          0          0          0          0          0          0          0          0          0          0          0
  convexproj       :       0.00       0.00          0          0          0          0          0          0          0          0          0          0          0
  disjunctive      :       0.00       0.00          0          0          0          0          0          0          0          0          0          0          0
  eccuts           :       0.00       0.00          0          0          0          0          0          0          0          0          0          0          0
  gauge            :       0.00       0.00          0          0          0          0          0          0          0          0          0          0          0
  gomory           :       0.00       0.00          0          0          0          0          0          0          0          0          0          0          0
  > gomorymi       :          -          -          -          -          -          -          -          0          0          0          0          0          -
  > strongcg       :          -          -          -          -          -          -          -          0          0          0          0          0          -
  impliedbounds    :       0.00       0.00          0          0          0          0          0          0          0          0          0          0          0
  interminor       :       0.00       0.00          0          0          0          0          0          0          0          0          0          0          0
  intobj           :       0.00       0.00          0          0          0          0          0          0          0          0          0          0          0
  mcf              :       0.00       0.00          0          0          0          0          0          0          0          0          0          0          0
  minor            :       0.00       0.00          0          0          0          0          0          0          0          0          0          0          0
  mixing           :       0.00       0.00       2041         24          0          0          0          0          0          0          0          0          0
  oddcycle         :       0.00       0.00          0          0          0          0          0          0          0          0          0          0          0
  rapidlearning    :       0.00       0.00          0          0          0          0          0          0          0          0          0          0          0
  rlt              :       0.00       0.00         10         10          0          0          0          0          0          0          0          0          0
  zerohalf         :       0.00       0.00          0          0          0          0          0          0          0          0          0          0          0
Cutselectors       :   ExecTime  SetupTime      Calls  RootCalls   Selected     Forced   Filtered  RootSelec   RootForc   RootFilt 
  hybrid           :       4.37       0.00    3222632         22    6542163        628    1081342         51          0         14
Pricers            :   ExecTime  SetupTime      Calls       Vars
  problem variables:       0.00          -          0          0
Branching Rules    :   ExecTime  SetupTime   BranchLP  BranchExt   BranchPS    Cutoffs    DomReds       Cuts      Conss   Children
  allfullstrong    :       0.00       0.00          0          0          0          0          0          0          0          0
  cloud            :       0.00       0.00          0          0          0          0          0          0          0          0
  distribution     :       0.00       0.00          0          0          0          0          0          0          0          0
  fullstrong       :       0.00       0.00          0          0          0          0          0          0          0          0
  inference        :       0.00       0.00          0          0          0          0          0          0          0          0
  leastinf         :       0.00       0.00          0          0          0          0          0          0          0          0
  lookahead        :       0.00       0.00          0          0          0          0          0          0          0          0
  mostinf          :       0.00       0.00          0          0          0          0          0          0          0          0
  multaggr         :       0.00       0.00          0          0          0          0          0          0          0          0
  nodereopt        :       0.00       0.00          0          0          0          0          0          0          0          0
  pscost           :       0.00       0.00          0          0          0          0          0          0          0          0
  random           :       0.00       0.00          0          0          0          0          0          0          0          0
  relpscost        :       0.00       0.00          0          0          0          0          0          0          0          0
  vanillafullstrong:       0.00       0.00          0          0          0          0          0          0          0          0
Primal Heuristics  :   ExecTime  SetupTime      Calls      Found       Best
  LP solutions     :       0.00          -          -          0          0
  relax solutions  :       0.00          -          -          0          0
  pseudo solutions :       0.00          -          -          0          0
  strong branching :       0.00          -          -          0          0
  actconsdiving    :       0.00       0.00          0          0          0
  adaptivediving   :       0.24       0.00       1328          0          0
  alns             :       0.70       0.00         75          0          0
  bound            :       0.00       0.00          0          0          0
  clique           :       0.00       0.00          0          0          0
  coefdiving       :       0.00       0.00          0          0          0
  completesol      :       0.00       0.00          0          0          0
  conflictdiving   :       0.32       0.00          0          0          0
  crossover        :       0.21       0.00          0          0          0
  dins             :       0.00       0.00          0          0          0
  distributiondivin:       0.10       0.00          0          0          0
  dps              :       0.00       0.00          0          0          0
  dualval          :       0.00       0.00          0          0          0
  farkasdiving     :       0.11       0.00          0          0          0
  feaspump         :       0.09       0.00          0          0          0
  fixandinfer      :       0.00       0.00          0          0          0
  fracdiving       :       0.11       0.00       1513          0          0
  gins             :       0.13       0.00          0          0          0
  guideddiving     :       0.08       0.00          0          0          0
  indicator        :       1.24       0.00          0          0          0
  indicatordiving  :       0.00       0.00          0          0          0
  intdiving        :       0.00       0.00          0          0          0
  intshifting      :       0.04       0.00          0          0          0
  linesearchdiving :       0.22       0.00       1458          0          0
  localbranching   :       0.00       0.00          0          0          0
  locks            :       0.00       0.00          0          0          0
  lpface           :       0.34       0.00          0          0          0
  mpec             :       0.00       0.00          0          0          0
  multistart       :       0.07       0.00          1          0          0
  mutation         :       0.00       0.00          0          0          0
  nlpdiving        :       0.05       0.00          0          0          0
  objpscostdiving  :       0.10       0.00          0          0          0
  octane           :       0.00       0.00          0          0          0
  ofins            :       0.76       0.00          0          0          0
  oneopt           :       1.35       0.00          0          0          0
  padm             :       0.00       0.00          0          0          0
  proximity        :       0.00       0.00          0          0          0
  pscostdiving     :       0.07       0.00          0          0          0
  randrounding     :       0.09       0.00          0          0          0
  rens             :       0.95       0.00          0          0          0
  reoptsols        :       0.00       0.00          0          0          0
  repair           :       0.00       0.00          0          0          0
  rins             :       0.04       0.00          0          0          0
  rootsoldiving    :       0.07       0.00          0          0          0
  rounding         :       1.94       0.00          0          0          0
  shiftandpropagate:       0.00       0.00          0          0          0
  shifting         :       0.15       0.00          0          0          0
  simplerounding   :       1.49       0.00          0          0          0
  subnlp           :      76.72       0.00       6842        412          5
  trivial          :       0.00       0.00          2          0          0
  trivialnegation  :       0.00       0.00          0          0          0
  trustregion      :       0.00       0.00          0          0          0
  trysol           :       1.21       0.00          0          0          0
  twoopt           :       0.00       0.00          0          0          0
  undercover       :       0.03       0.00          1          0          0
  vbounds          :       0.00       0.00          0          0          0
  veclendiving     :       0.06       0.00          0          0          0
  zeroobj          :       0.00       0.00          0          0          0
  zirounding       :       0.87       0.00          0          0          0
  other solutions  :          -          -          -          0          -
Expressions        :   #IntEval  IntEvalTi   #RevProp  RevPropTi    DomReds    Cutoffs  #Estimate  EstimTime  Branching  #Simplify SimplifyTi Simplified
  pow              :   93220860      15.98   13164905       4.08      54474          0    6706540       2.22    3806044         20       0.00          0
  prod             :   37315350       9.74     102028       0.05      44451          6   23918413       3.36    6110021         35       0.00         16
  sum              :   37315356       8.96   27506880      12.75    7172058         31        865       0.00          0         44       0.00         12
  val              :          0       0.00          0       0.00          0          0          0       0.00          0          0       0.00          0
  var              :  135577887       6.96          0       0.00          0          0          0       0.00          0         81       0.00          0
Nlhdlrs            :    Detects  DetectAll DetectTime   #IntEval  IntEvalTi   #RevProp  RevPropTi    DomReds    Cutoffs   #Enforce   EnfoTime       Cuts  Branching
  soc              :          0          0       0.00          0       0.00          0       0.00          0          0          0       0.00          0          0
  convex           :          1          1       0.00          0       0.00          0       0.00          0          0        266       0.00        125          0
  concave          :          0          0       0.00          0       0.00          0       0.00          0          0          0       0.00          0          0
  signomial        :          4          4       0.00          0       0.00          0       0.00          0          0   32726622       5.59         44          0
  quotient         :          3          3       0.00          0       0.00          0       0.00          0          0   10572242      20.21    2346070          0
  quadratic        :          5         30       0.00  166947980     127.88  108154580     183.57   36811574         87          0       0.00          0          0
  default          :         28        123       0.00  167851508      46.31   40773843      33.35    7270983        676   30625809      56.98    7132817          0
  bilinear         :          7          7       0.00   37315277       6.47     102011       0.09          0          0   19681680       3.96          2          0
  perspective      :          0          0       0.00          0       0.00          0       0.00          0          0          0       0.00          0          0
LP                 :       Time      Calls Iterations  Iter/call   Iter/sec  Time-0-It Calls-0-It    ItLimit
  primal LP        :     107.49     721927          0       0.00       0.00     107.40     721927
  dual LP          :    1607.28   10035253   12960079       1.72    8063.38     351.19    2478463
  lex dual LP      :       0.00          0          0       0.00          -
  barrier LP       :       0.00          0          0       0.00          -       0.00          0
  resolve instable :       0.00          0          0       0.00          -
  diving/probing LP:       0.01         29        307      10.59          -
  strong branching :       0.00          0          0       0.00          -          -          -          0
    (at root node) :          -          0          0       0.00          -
  conflict analysis:       0.00          0          0       0.00          -
NLP relaxation     :
  solve time       :       0.00 (0 calls)
  convexity        :  nonconvex (5 linear rows, 1 convex ineq., 4 nonconvex ineq., 2 nonlinear eq. or two-sided ineq.)
NLP Solvers        :  #Problems  ProblemTi    #Solves  SolveTime      #Iter  Time/Iter      #Okay #TimeLimit #IterLimit #LObjLimit #Interrupt  #NumError #EvalError  #OutOfMem #LicenseEr #OtherTerm   #GlobOpt    #LocOpt  #Feasible #LocInfeas #GlobInfea #Unbounded   #Unknown
  ipopt            :          2       0.00       6845      73.43      96001       0.00       6845          0          0          0          0          0          0          0          0          0          0       6845          0          0          0          0          0
B&B Tree           :
  number of runs   :          1
  nodes            :    5301187 (2824030 internal, 2477157 leaves)
  feasible leaves  :          0
  infeas. leaves   :      19762
  objective leaves :    2457394
  nodes (total)    :    5301187 (2824030 internal, 2477157 leaves)
  nodes left       :     346875
  max depth        :         87
  max depth (total):         87
  backtracks       :     716839 (13.5%)
  early backtracks :          0 (0.0%)
  nodes exc. ref.  :          0 (0.0%)
  delayed cutoffs  :          0
  repropagations   :          1 (0 domain reductions, 0 cutoffs)
  avg switch length:       4.97
  switching time   :     205.18
Root Node          :
  First LP value   : +2.97609618375411e+03
  First LP Iters   :          9 (365.05 Iter/sec)
  First LP Time    :       0.02
  Final Dual Bound : +2.55639623361573e+03
  Final Root Iters :         83
  Root LP Estimate : +2.55290543065948e+03
Solution           :
  Solutions found  :        412 (5 improvements)
  First Solution   : +1.76880713110731e+03   (in run 1, after 1 nodes, 0.12 seconds, depth 0, found by <subnlp>)
  Gap First Sol.   :      68.25 %
  Gap Last Sol.    :       0.13 %
  Primal Bound     : +1.76880713110734e+03   (in run 1, after 944560 nodes, 666.31 seconds, depth 62, found by <subnlp>)
  Dual Bound       : +1.77112749479258e+03
  Gap              :       0.13 %
Integrals          :      Total       Avg%
  primal-dual      :     642.89       0.18
  primal-ref       :          -          - (not evaluated)
  dual-ref         :          -          - (not evaluated)
