SCIP Status        : solving was interrupted [time limit reached]
Total Time         :    3600.07
  solving          :    3600.07
  presolving       :       0.00 (included in solving)
  reading          :       0.00
  copying          :       0.23 (100 #copies) (minimal 0.00, maximal 0.00, average 0.00)
Original Problem   :
  Problem name     : ann_fermentation_exp
  Variables        : 13 (0 binary, 0 integer, 0 implicit integer, 13 continuous)
  Constraints      : 10 initial, 10 maximal
  Objective        : minimize, 1 non-zeros (abs.min = 1, abs.max = 1)
Presolved Problem  :
  Problem name     : t_ann_fermentation_exp
  Variables        : 19 (0 binary, 0 integer, 0 implicit integer, 19 continuous)
  Constraints      : 4 initial, 5 maximal
  Objective        : minimize, 1 non-zeros (abs.min = 1, abs.max = 1)
  Nonzeros         : 14 constraint, 0 clique table
Presolvers         :   ExecTime  SetupTime  Calls  FixedVars   AggrVars   ChgTypes  ChgBounds   AddHoles    DelCons    AddCons   ChgSides   ChgCoefs
  boundshift       :       0.00       0.00      0          0          0          0          0          0          0          0          0          0
  convertinttobin  :       0.00       0.00      0          0          0          0          0          0          0          0          0          0
  domcol           :       0.00       0.00      1          0          0          0          0          0          0          0          0          0
  dualagg          :       0.00       0.00      0          0          0          0          0          0          0          0          0          0
  dualcomp         :       0.00       0.00      1          0          0          0          0          0          0          0          0          0
  dualinfer        :       0.00       0.00      0          0          0          0          0          0          0          0          0          0
  dualsparsify     :       0.00       0.00      1          0          0          0          0          0          0          0          0          0
  gateextraction   :       0.00       0.00      0          0          0          0          0          0          0          0          0          0
  implics          :       0.00       0.00      1          0          0          0          0          0          0          0          0          0
  inttobinary      :       0.00       0.00      0          0          0          0          0          0          0          0          0          0
  qpkktref         :       0.00       0.00      0          0          0          0          0          0          0          0          0          0
  redvub           :       0.00       0.00      0          0          0          0          0          0          0          0          0          0
  sparsify         :       0.00       0.00      1          0          0          0          0          0          0          0          0          0
  stuffing         :       0.00       0.00      0          0          0          0          0          0          0          0          0          0
  trivial          :       0.00       0.00      3          0          0          0          0          0          0          0          0          0
  tworowbnd        :       0.00       0.00      0          0          0          0          0          0          0          0          0          0
  dualfix          :       0.00       0.00      3          0          0          0          0          0          0          0          0          0
  genvbounds       :       0.00       0.00      0          0          0          0          0          0          0          0          0          0
  probing          :       0.00       0.00      0          0          0          0          0          0          0          0          0          0
  pseudoobj        :       0.00       0.00      0          0          0          0          0          0          0          0          0          0
  symmetry         :       0.00       0.00      1          0          0          0          0          0          0          0          0          0
  vbounds          :       0.00       0.00      0          0          0          0          0          0          0          0          0          0
  linear           :       0.00       0.00      4          0          6          0         12          0          6          0          0          0
  nonlinear        :       0.00       0.00      5          0          0          0          5          0          0          0          0          0
  benders          :       0.00       0.00      0          0          0          0          0          0          0          0          0          0
  components       :       0.00       0.00      1          0          0          0          0          0          0          0          0          0
  root node        :          -          -      -          0          -          -        169          -          -          -          -          -
Constraints        :     Number  MaxNumber  #Separate #Propagate    #EnfoLP    #EnfoRelax  #EnfoPS    #Check   #ResProp    Cutoffs    DomReds       Cuts    Applied      Conss   Children
  benderslp        :          0          0          0          0   16589164          0      21510     762973          0          0          0          0          0          0          0
  integral         :          0          0          0          0   16589164          0          0     762973          0          0          0          0          0          0          0
  linear           :          1+         2         13   13975868     608480          0      21509     762969          0      18798     148368          0          0          0          0
  nonlinear        :          3          3   16876612   13957072   16589164          0      21510     762965          0     238498    7400976    3546744    2112106          0   10798102
  benders          :          0          0          0          0     608480          0      21510        147          0          0          0          0          0          0          0
  countsols        :          0          0          0          0     608480          0      21510        147          0          0          0          0          0          0          0
  components       :          0          0          0          0          0          0          0          0          0          0          0          0          0          0          0
Constraint Timings :  TotalTime  SetupTime   Separate  Propagate     EnfoLP     EnfoPS     EnfoRelax   Check    ResProp    SB-Prop
  benderslp        :       2.04       0.00       0.00       0.00       2.01       0.00       0.00       0.03       0.00       0.00
  integral         :       1.92       0.00       0.00       0.00       1.87       0.00       0.00       0.05       0.00       0.00
  linear           :      11.32       0.00       0.00      11.11       0.14       0.01       0.00       0.06       0.00       0.00
  nonlinear        :     424.26       0.00     106.03     106.96     210.15       0.09       0.00       1.04       0.00       0.00
  benders          :       0.09       0.00       0.00       0.00       0.08       0.00       0.00       0.00       0.00       0.00
  countsols        :       0.08       0.00       0.00       0.00       0.08       0.00       0.00       0.00       0.00       0.00
  components       :       0.99       0.00       0.00       0.99       0.00       0.00       0.00       0.00       0.00       0.00
Propagators        : #Propagate   #ResProp    Cutoffs    DomReds
  dualfix          :          7          0          0          0
  genvbounds       :    1017787          0          0         17
  nlobbt           :          0          0          0          0
  obbt             :          2          0          0          1
  probing          :          0          0          0          0
  pseudoobj        :   30701401          0     136311         62
  redcost          :          0          0          0          0
  rootredcost      :         12          0          0          7
  symmetry         :          0          0          0          0
  vbounds          :          0          0          0          0
Propagator Timings :  TotalTime  SetupTime   Presolve  Propagate    ResProp    SB-Prop
  dualfix          :       0.00       0.00       0.00       0.00       0.00       0.00
  genvbounds       :       7.33       0.00       0.00       7.33       0.00       0.00
  nlobbt           :       0.00       0.00       0.00       0.00       0.00       0.00
  obbt             :       0.00       0.00       0.00       0.00       0.00       0.00
  probing          :       0.00       0.00       0.00       0.00       0.00       0.00
  pseudoobj        :       9.63       0.00       0.00       9.63       0.00       0.00
  redcost          :       5.02       0.00       0.00       5.02       0.00       0.00
  rootredcost      :       3.73       0.00       0.00       3.73       0.00       0.00
  symmetry         :       1.36       0.00       0.00       1.36       0.00       0.00
  vbounds          :       2.91       0.00       0.00       2.91       0.00       0.00
Conflict Analysis  :       Time      Calls    Success    DomReds  Conflicts   Literals    Reconvs ReconvLits   Dualrays   Nonzeros   LP Iters   (pool size: [--,--])
  propagation      :       0.00          0          0          -          0        0.0          0        0.0          -          -          -
  infeasible LP    :      15.49    3015656         35          -          0        0.0          0        0.0         35        3.0          0
  bound exceed. LP :       0.86     137662          0          -          0        0.0          0        0.0          0        0.0          0
  strong branching :       0.00          0          0          -          0        0.0          0        0.0          -          -          0
  pseudo solution  :       0.00          8          0          -          0        0.0          0        0.0          -          -          -
  applied globally :       0.00          -          -          0          0        0.0          -          -         35          -          -
  applied locally  :          -          -          -          0          0        0.0          -          -          0          -          -
Separators         :   ExecTime  SetupTime      Calls  RootCalls    Cutoffs    DomReds  FoundCuts ViaPoolAdd  DirectAdd    Applied ViaPoolApp  DirectApp      Conss
  cut pool         :       0.00          -          0          0          -          -          0          0          -          -          -          -          -    (maximal pool size:          0)
  aggregation      :       0.00       0.00          0          0          0          0          0          0          0          0          0          0          0
  > cmir           :          -          -          -          -          -          -          -          0          0          0          0          0          -
  > flowcover      :          -          -          -          -          -          -          -          0          0          0          0          0          -
  > knapsackcover  :          -          -          -          -          -          -          -          0          0          0          0          0          -
  cgmip            :       0.00       0.00          0          0          0          0          0          0          0          0          0          0          0
  clique           :       0.00       0.00          0          0          0          0          0          0          0          0          0          0          0
  closecuts        :       0.00       0.00          0          0          0          0          0          0          0          0          0          0          0
  convexproj       :       0.00       0.00          0          0          0          0          0          0          0          0          0          0          0
  disjunctive      :       0.00       0.00          0          0          0          0          0          0          0          0          0          0          0
  eccuts           :       0.00       0.00          0          0          0          0          0          0          0          0          0          0          0
  gauge            :       0.00       0.00          0          0          0          0          0          0          0          0          0          0          0
  gomory           :       0.01       0.00          0          0          0          0          0          0          0          0          0          0          0
  > gomorymi       :          -          -          -          -          -          -          -          0          0          0          0          0          -
  > strongcg       :          -          -          -          -          -          -          -          0          0          0          0          0          -
  impliedbounds    :       0.00       0.00          0          0          0          0          0          0          0          0          0          0          0
  interminor       :       0.00       0.00          0          0          0          0          0          0          0          0          0          0          0
  intobj           :       0.00       0.00          0          0          0          0          0          0          0          0          0          0          0
  mcf              :       0.00       0.00          0          0          0          0          0          0          0          0          0          0          0
  minor            :       0.00       0.00          0          0          0          0          0          0          0          0          0          0          0
  mixing           :       0.00       0.00      10125         13          0          0          0          0          0          0          0          0          0
  oddcycle         :       0.00       0.00          0          0          0          0          0          0          0          0          0          0          0
  rapidlearning    :       0.00       0.00          0          0          0          0          0          0          0          0          0          0          0
  rlt              :       0.00       0.00          1          1          0          0          0          0          0          0          0          0          0
  zerohalf         :       0.00       0.00          0          0          0          0          0          0          0          0          0          0          0
Cutselectors       :   ExecTime  SetupTime      Calls  RootCalls   Selected     Forced   Filtered  RootSelec   RootForc   RootFilt 
  hybrid           :       1.05       0.00    1336871         11    1350735          0        111         17          0          1
Pricers            :   ExecTime  SetupTime      Calls       Vars
  problem variables:       0.00          -          0          0
Branching Rules    :   ExecTime  SetupTime   BranchLP  BranchExt   BranchPS    Cutoffs    DomReds       Cuts      Conss   Children
  allfullstrong    :       0.00       0.00          0          0          0          0          0          0          0          0
  cloud            :       0.00       0.00          0          0          0          0          0          0          0          0
  distribution     :       0.00       0.00          0          0          0          0          0          0          0          0
  fullstrong       :       0.00       0.00          0          0          0          0          0          0          0          0
  inference        :       0.00       0.00          0          0          0          0          0          0          0          0
  leastinf         :       0.00       0.00          0          0          0          0          0          0          0          0
  lookahead        :       0.00       0.00          0          0          0          0          0          0          0          0
  mostinf          :       0.00       0.00          0          0          0          0          0          0          0          0
  multaggr         :       0.00       0.00          0          0          0          0          0          0          0          0
  nodereopt        :       0.00       0.00          0          0          0          0          0          0          0          0
  pscost           :       2.64       0.00          0     629982          0          0          0          0          0    1259964
  random           :       0.00       0.00          0          0          0          0          0          0          0          0
  relpscost        :       0.00       0.00          0          0          0          0          0          0          0          0
  vanillafullstrong:       0.00       0.00          0          0          0          0          0          0          0          0
Primal Heuristics  :   ExecTime  SetupTime      Calls      Found       Best
  LP solutions     :       2.35          -          -          8          8
  relax solutions  :       0.00          -          -          0          0
  pseudo solutions :       0.00          -          -          0          0
  strong branching :       0.00          -          -          0          0
  actconsdiving    :       0.00       0.00          0          0          0
  adaptivediving   :       1.79       0.00      79658          0          0
  alns             :       1.31       0.00        100          0          0
  bound            :       0.00       0.00          0          0          0
  clique           :       0.00       0.00          0          0          0
  coefdiving       :       0.00       0.00          0          0          0
  completesol      :       0.00       0.00          0          0          0
  conflictdiving   :       1.51       0.00      82468          0          0
  crossover        :       0.49       0.00          0          0          0
  dins             :       0.00       0.00          0          0          0
  distributiondivin:       0.18       0.00          0          0          0
  dps              :       0.00       0.00          0          0          0
  dualval          :       0.00       0.00          0          0          0
  farkasdiving     :       0.18       0.00          0          0          0
  feaspump         :       0.16       0.00          0          0          0
  fixandinfer      :       0.00       0.00          0          0          0
  fracdiving       :       0.88       0.00     109647          0          0
  gins             :       0.11       0.00          0          0          0
  guideddiving     :       0.13       0.00          0          0          0
  indicator        :       1.69       0.00          0          0          0
  indicatordiving  :       0.00       0.00          0          0          0
  intdiving        :       0.00       0.00          0          0          0
  intshifting      :       0.08       0.00          0          0          0
  linesearchdiving :       0.91       0.00     109636          0          0
  localbranching   :       0.00       0.00          0          0          0
  locks            :       0.00       0.00          0          0          0
  lpface           :       1.32       0.00          0          0          0
  mpec             :       0.18       0.00          0          0          0
  multistart       :       0.10       0.00          1          1          0
  mutation         :       0.00       0.00          0          0          0
  nlpdiving        :       0.10       0.00          0          0          0
  objpscostdiving  :       0.14       0.00          0          0          0
  octane           :       0.00       0.00          0          0          0
  ofins            :       0.94       0.00          0          0          0
  oneopt           :       1.94       0.00          0          0          0
  padm             :       0.00       0.00          0          0          0
  proximity        :       0.00       0.00          0          0          0
  pscostdiving     :       0.10       0.00          0          0          0
  randrounding     :       0.18       0.00          0          0          0
  rens             :       1.39       0.00          0          0          0
  reoptsols        :       0.00       0.00          0          0          0
  repair           :       0.00       0.00          0          0          0
  rins             :       0.11       0.00          0          0          0
  rootsoldiving    :       0.13       0.00          0          0          0
  rounding         :       2.02       0.00          0          0          0
  shiftandpropagate:       0.00       0.00          0          0          0
  shifting         :       0.28       0.00          0          0          0
  simplerounding   :       2.17       0.00          0          0          0
  subnlp           :      42.31       0.00       6721        143          2
  trivial          :       0.00       0.00          2          0          0
  trivialnegation  :       0.00       0.00          0          0          0
  trustregion      :       0.00       0.00          0          0          0
  trysol           :       1.87       0.00          2          2          2
  twoopt           :       0.00       0.00          0          0          0
  undercover       :       0.00       0.00          1          0          0
  vbounds          :       0.00       0.00          0          0          0
  veclendiving     :       0.12       0.00          0          0          0
  zeroobj          :       0.00       0.00          0          0          0
  zirounding       :       1.31       0.00          0          0          0
  other solutions  :          -          -          -          0          -
Expressions        :   #IntEval  IntEvalTi   #RevProp  RevPropTi    DomReds    Cutoffs  #Estimate  EstimTime  Branching  #Simplify SimplifyTi Simplified
  exp              :    6611530       1.30     165021       0.05      16618          0    2071963       0.24     985011          6       0.00          0
  pow              :   17447078       5.25      25912       0.01         50          0          0       0.00          0         13       0.00          0
  prod             :          6       0.00          0       0.00          0          0    7572490       1.69    6536048          9       0.00          6
  sum              :   31310665       8.89    6586657       2.80     188283        186    9324141       0.79          0         36       0.00          8
  val              :          0       0.00          0       0.00          0          0          0       0.00          0          0       0.00          0
  var              :   26291803       2.43          0       0.00          0          0          0       0.00          0         32       0.00          4
Nlhdlrs            :    Detects  DetectAll DetectTime   #IntEval  IntEvalTi   #RevProp  RevPropTi    DomReds    Cutoffs   #Enforce   EnfoTime       Cuts  Branching
  soc              :          0          0       0.00          0       0.00          0       0.00          0          0          0       0.00          0          0
  convex           :          5          5       0.00          0       0.00          0       0.00          0          0    9468259      15.09      99742          0
  concave          :          3          3       0.00          0       0.00          0       0.00          0          0   14599758      13.99    2512476          0
  signomial        :          1          1       0.00          0       0.00          0       0.00          0          0   19848995       3.90          3          0
  quotient         :          1          1       0.00          0       0.00          0       0.00          0          0    9948806       5.17       1370          0
  quadratic        :          1          6       0.00   10632494      13.03   10129286      23.55    1883091         81          0       0.00          0          0
  default          :         22        117       0.00   55369230      19.67    6777611       5.36     204951        232   18968592      30.70     933626          0
  bilinear         :          1          1       0.00          0       0.00          0       0.00          0          0    7022559       0.54          0          0
  perspective      :          0          0       0.00          0       0.00          0       0.00          0          0          0       0.00          0          0
LP                 :       Time      Calls Iterations  Iter/call   Iter/sec  Time-0-It Calls-0-It    ItLimit
  primal LP        :       9.20      89994          0       0.00       0.00       9.19      89994
  dual LP          :    1776.23   20097437    6342709       1.69    3570.88    1352.61   16346438
  lex dual LP      :       0.00          0          0       0.00          -
  barrier LP       :       0.00          0          0       0.00          -       0.00          0
  resolve instable :       0.00          0          0       0.00          -
  diving/probing LP:       0.00          8         40       5.00          -
  strong branching :       0.00          0          0       0.00          -          -          -          0
    (at root node) :          -          0          0       0.00          -
  conflict analysis:       0.00          4          0       0.00          -
NLP relaxation     :
  solve time       :       0.00 (0 calls)
  convexity        :  nonconvex (1 linear rows, 0 convex ineq., 1 nonconvex ineq., 2 nonlinear eq. or two-sided ineq.)
NLP Solvers        :  #Problems  ProblemTi    #Solves  SolveTime      #Iter  Time/Iter      #Okay #TimeLimit #IterLimit #LObjLimit #Interrupt  #NumError #EvalError  #OutOfMem #LicenseEr #OtherTerm   #GlobOpt    #LocOpt  #Feasible #LocInfeas #GlobInfea #Unbounded   #Unknown
  ipopt            :          2       0.00       6724      38.73      61591       0.00       6680          0         44          0          0          0          0          0          0          0          0       6674         31          2          0          0         17
B&B Tree           :
  number of runs   :          1
  nodes            :    9583816 (6029033 internal, 3554783 leaves)
  feasible leaves  :          8
  infeas. leaves   :    3409256
  objective leaves :     145518
  nodes (total)    :    9583816 (6029033 internal, 3554783 leaves)
  nodes left       :    2445172
  max depth        :         87
  max depth (total):         87
  backtracks       :    1851923 (19.3%)
  early backtracks :          0 (0.0%)
  nodes exc. ref.  :          0 (0.0%)
  delayed cutoffs  :         19
  repropagations   :        118 (1037 domain reductions, 10 cutoffs)
  avg switch length:       7.47
  switching time   :     118.20
Root Node          :
  First LP value   : -1.65953287751512e+02
  First LP Iters   :          5 (7898.89 Iter/sec)
  First LP Time    :       0.00
  Final Dual Bound : -1.08089452216932e+02
  Final Root Iters :         32
  Root LP Estimate : -1.08088917263225e+02
Solution           :
  Solutions found  :        154 (12 improvements)
  First Solution   : -9.37938078013563e+01   (in run 1, after 1 nodes, 0.03 seconds, depth 0, found by <subnlp>)
  Gap First Sol.   :      76.93 %
  Gap Last Sol.    :       0.00 %
  Primal Bound     : -9.99366833728766e+01   (in run 1, after 9368181 nodes, 3487.29 seconds, depth 44, found by <relaxation>)
  Dual Bound       : -9.99368230087581e+01
  Gap              :       0.00 %
Integrals          :      Total       Avg%
  primal-dual      :      15.86       0.00
  primal-ref       :          -          - (not evaluated)
  dual-ref         :          -          - (not evaluated)
