SCIP Status        : solving was interrupted [time limit reached]
Total Time         :    3600.06
  solving          :    3600.06
  presolving       :       0.01 (included in solving)
  reading          :       0.00
  copying          :       0.17 (59 #copies) (minimal 0.00, maximal 0.02, average 0.00)
Original Problem   :
  Problem name     : batch_nc
  Variables        : 35 (12 binary, 0 integer, 0 implicit integer, 23 continuous)
  Constraints      : 68 initial, 68 maximal
  Objective        : minimize, 1 non-zeros (abs.min = 1, abs.max = 1)
Presolved Problem  :
  Problem name     : t_batch_nc
  Variables        : 86 (12 binary, 0 integer, 6 implicit integer, 68 continuous)
  Constraints      : 68 initial, 68 maximal
  Objective        : minimize, 1 non-zeros (abs.min = 1, abs.max = 1)
  Nonzeros         : 161 constraint, 4 clique table
Presolvers         :   ExecTime  SetupTime  Calls  FixedVars   AggrVars   ChgTypes  ChgBounds   AddHoles    DelCons    AddCons   ChgSides   ChgCoefs
  boundshift       :       0.00       0.00      0          0          0          0          0          0          0          0          0          0
  convertinttobin  :       0.00       0.00      0          0          0          0          0          0          0          0          0          0
  domcol           :       0.00       0.00      2          0          0          0          0          0          0          0          0          0
  dualagg          :       0.00       0.00      0          0          0          0          0          0          0          0          0          0
  dualcomp         :       0.00       0.00      2          0          0          0          0          0          0          0          0          0
  dualinfer        :       0.00       0.00      0          0          0          0          0          0          0          0          0          0
  dualsparsify     :       0.00       0.00      1          0          0          0          0          0          0          0          0          0
  gateextraction   :       0.00       0.00      0          0          0          0          0          0          0          0          0          0
  implics          :       0.00       0.00      4          0          0          0          0          0          0          0          0          0
  inttobinary      :       0.00       0.00      0          0          0          0          0          0          0          0          0          0
  qpkktref         :       0.00       0.00      0          0          0          0          0          0          0          0          0          0
  redvub           :       0.00       0.00      0          0          0          0          0          0          0          0          0          0
  sparsify         :       0.00       0.00      1          0          0          0          0          0          0          0          0          0
  stuffing         :       0.00       0.00      0          0          0          0          0          0          0          0          0          0
  trivial          :       0.00       0.00      7          0          0          0          0          0          0          0          0          0
  tworowbnd        :       0.00       0.00      0          0          0          0          0          0          0          0          0          0
  dualfix          :       0.00       0.00      7          0          0          0          0          0          0          0          0          0
  genvbounds       :       0.00       0.00      0          0          0          0          0          0          0          0          0          0
  probing          :       0.00       0.00      2          0          0          0          5          0          0          0          0          0
  pseudoobj        :       0.00       0.00      0          0          0          0          0          0          0          0          0          0
  symmetry         :       0.00       0.00      1          0          0          0          0          0          0          0          0          0
  vbounds          :       0.00       0.00      1          0          0          0          0          0          0          0          0          0
  varbound         :       0.00       0.00      4          0          0          0          0          0          0          0          0          0
  linear           :       0.00       0.00     11          0          0          0         18          0          3          6          6          0
  nonlinear        :       0.00       0.00     13          0          0          0         10          0          3         -6          0          0
  benders          :       0.00       0.00      0          0          0          0          0          0          0          0          0          0
  components       :       0.00       0.00      1          0          0          0          0          0          0          0          0          0
  root node        :          -          -      -          4          -          -        178          -          -          -          -          -
Constraints        :     Number  MaxNumber  #Separate #Propagate    #EnfoLP    #EnfoRelax  #EnfoPS    #Check   #ResProp    Cutoffs    DomReds       Cuts    Applied      Conss   Children
  benderslp        :          0          0          0          0   12214125          0      19501    1278406          0          0          0          0          0          0          0
  integral         :          0          0          0          0   12214125          0          0    1278406          0          0         18          0          0          0         38
  varbound         :          6          6         27        787          0          0          0          0          0          0          6          0          0          0          0
  linear           :         33         33         27   10427619          0          0      19501    1278401          0       1216    1490007          0          0          0          0
  nonlinear        :         29         29   12223763   10426416   12214097          0      19501    1278375          0    1901997   22299600    3218833    3130181          0   10020626
  benders          :          0          0          0          0          0          0      19501        355          0          0          0          0          0          0          0
  countsols        :          0          0          0          0          0          0      19501        355          0          0          0          0          0          0          0
  components       :          0          0          0          0          0          0          0          0          0          0          0          0          0          0          0
Constraint Timings :  TotalTime  SetupTime   Separate  Propagate     EnfoLP     EnfoPS     EnfoRelax   Check    ResProp    SB-Prop
  benderslp        :       1.67       0.00       0.00       0.00       1.62       0.00       0.00       0.04       0.00       0.00
  integral         :       1.53       0.00       0.00       0.00       1.46       0.00       0.00       0.07       0.00       0.00
  varbound         :       0.00       0.00       0.00       0.00       0.00       0.00       0.00       0.00       0.00       0.00
  linear           :       9.82       0.00       0.00       9.44       0.00       0.03       0.00       0.35       0.00       0.00
  nonlinear        :     613.47       0.00     142.78     161.33     302.74       0.24       0.00       6.37       0.00       0.01
  benders          :       0.00       0.00       0.00       0.00       0.00       0.00       0.00       0.00       0.00       0.00
  countsols        :       0.01       0.00       0.00       0.00       0.00       0.01       0.00       0.00       0.00       0.00
  components       :       0.81       0.00       0.00       0.81       0.00       0.00       0.00       0.00       0.00       0.00
Propagators        : #Propagate   #ResProp    Cutoffs    DomReds
  dualfix          :          6          0          0          0
  genvbounds       :    2151084          0          2     174329
  nlobbt           :          0          0          0          0
  obbt             :          3          0          0          5
  probing          :          0          0          0          0
  pseudoobj        :   22641202          0         16         53
  redcost          :        227          0          0         26
  rootredcost      :         11          0          0          2
  symmetry         :          0          0          0          0
  vbounds          :        432          0          0          0
Propagator Timings :  TotalTime  SetupTime   Presolve  Propagate    ResProp    SB-Prop
  dualfix          :       0.00       0.00       0.00       0.00       0.00       0.00
  genvbounds       :       7.64       0.00       0.00       7.64       0.00       0.00
  nlobbt           :       0.00       0.00       0.00       0.00       0.00       0.00
  obbt             :       0.03       0.00       0.00       0.03       0.00       0.00
  probing          :       0.00       0.00       0.00       0.00       0.00       0.00
  pseudoobj        :       5.89       0.00       0.00       5.89       0.00       0.00
  redcost          :       4.14       0.00       0.00       4.14       0.00       0.00
  rootredcost      :       2.85       0.00       0.00       2.85       0.00       0.00
  symmetry         :       0.95       0.00       0.00       0.95       0.00       0.00
  vbounds          :       2.52       0.00       0.00       2.52       0.00       0.00
Conflict Analysis  :       Time      Calls    Success    DomReds  Conflicts   Literals    Reconvs ReconvLits   Dualrays   Nonzeros   LP Iters   (pool size: [--,--])
  propagation      :       0.00         19          0          -          0        0.0          0        0.0          -          -          -
  infeasible LP    :       2.96     126252          1          -          0        0.0          0        0.0          1       11.0          0
  bound exceed. LP :       2.72     312434          1          -          0        0.0          0        0.0          1       12.0          0
  strong branching :       0.00          0          0          -          0        0.0          0        0.0          -          -          0
  pseudo solution  :       0.00          0          0          -          0        0.0          0        0.0          -          -          -
  applied globally :       0.00          -          -          0          0        0.0          -          -          0          -          -
  applied locally  :          -          -          -          0          0        0.0          -          -          2          -          -
Separators         :   ExecTime  SetupTime      Calls  RootCalls    Cutoffs    DomReds  FoundCuts ViaPoolAdd  DirectAdd    Applied ViaPoolApp  DirectApp      Conss
  cut pool         :       0.33          -    1212787         49          -          -        382        233          -          -          -          -          -    (maximal pool size:        382)
  aggregation      :       0.04       0.00         27         27          0          0        282        153          0         24         24          0          0
  > cmir           :          -          -          -          -          -          -          -        149          0         24         24          0          -
  > flowcover      :          -          -          -          -          -          -          -          4          0          0          0          0          -
  > knapsackcover  :          -          -          -          -          -          -          -          0          0          0          0          0          -
  cgmip            :       0.00       0.00          0          0          0          0          0          0          0          0          0          0          0
  clique           :       0.00       0.00         27         27          0          0          0          0          0          0          0          0          0
  closecuts        :       0.00       0.00          0          0          0          0          0          0          0          0          0          0          0
  convexproj       :       0.00       0.00          0          0          0          0          0          0          0          0          0          0          0
  disjunctive      :       0.00       0.00          0          0          0          0          0          0          0          0          0          0          0
  eccuts           :       0.00       0.00          0          0          0          0          0          0          0          0          0          0          0
  gauge            :       0.00       0.00          0          0          0          0          0          0          0          0          0          0          0
  gomory           :       0.00       0.00         10         10          0          0         47         41          0         11         11          0          0
  > gomorymi       :          -          -          -          -          -          -          -         41          0         11         11          0          -
  > strongcg       :          -          -          -          -          -          -          -          0          0          0          0          0          -
  impliedbounds    :       0.00       0.00         27         27          0          0         33         21          0          3          3          0          0
  interminor       :       0.00       0.00          0          0          0          0          0          0          0          0          0          0          0
  intobj           :       0.00       0.00          0          0          0          0          0          0          0          0          0          0          0
  mcf              :       0.00       0.00          1          1          0          0          0          0          0          0          0          0          0
  minor            :       0.00       0.00          0          0          0          0          0          0          0          0          0          0          0
  mixing           :       0.00       0.00         36         27          0          0         20         18          0          3          3          0          0
  oddcycle         :       0.00       0.00          0          0          0          0          0          0          0          0          0          0          0
  rapidlearning    :       0.00       0.00          0          0          0          0          0          0          0          0          0          0          0
  rlt              :       0.00       0.00         10         10          0          0          0          0          0          0          0          0          0
  zerohalf         :       0.00       0.00         20         20          0          0          0          0          0          0          0          0          0
Cutselectors       :   ExecTime  SetupTime      Calls  RootCalls   Selected     Forced   Filtered  RootSelec   RootForc   RootFilt 
  hybrid           :       0.01       0.00      11749         24      12413          0        237        108          0        207
Pricers            :   ExecTime  SetupTime      Calls       Vars
  problem variables:       0.00          -          0          0
Branching Rules    :   ExecTime  SetupTime   BranchLP  BranchExt   BranchPS    Cutoffs    DomReds       Cuts      Conss   Children
  allfullstrong    :       0.00       0.00          0          0          0          0          0          0          0          0
  cloud            :       0.00       0.00          0          0          0          0          0          0          0          0
  distribution     :       0.00       0.00          0          0          0          0          0          0          0          0
  fullstrong       :       0.00       0.00          0          0          0          0          0          0          0          0
  inference        :       0.00       0.00          0          0          0          0          0          0          0          0
  leastinf         :       0.00       0.00          0          0          0          0          0          0          0          0
  lookahead        :       0.00       0.00          0          0          0          0          0          0          0          0
  mostinf          :       0.00       0.00          0          0          0          0          0          0          0          0
  multaggr         :       0.00       0.00          0          0          0          0          0          0          0          0
  nodereopt        :       0.00       0.00          0          0          0          0          0          0          0          0
  pscost           :       0.17       0.00          0      19501          0          0          0          0          0      39002
  random           :       0.00       0.00          0          0          0          0          0          0          0          0
  relpscost        :       0.03       0.00         28          0          0          0         18          0          0         38
  vanillafullstrong:       0.00       0.00          0          0          0          0          0          0          0          0
Primal Heuristics  :   ExecTime  SetupTime      Calls      Found       Best
  LP solutions     :       0.00          -          -          0          0
  relax solutions  :       0.00          -          -          0          0
  pseudo solutions :       0.00          -          -          0          0
  strong branching :       0.00          -          -          0          0
  actconsdiving    :       0.00       0.00          0          0          0
  adaptivediving   :       5.07       0.00     127309          0          0
  alns             :       7.43       0.00         58          0          0
  bound            :       0.00       0.00          0          0          0
  clique           :       0.00       0.00          1          0          0
  coefdiving       :       0.00       0.00          0          0          0
  completesol      :       0.00       0.00          0          0          0
  conflictdiving   :       0.48       0.00          0          0          0
  crossover        :       1.23       0.00          0          0          0
  dins             :       0.00       0.00          0          0          0
  distributiondivin:       1.41       0.00          2          0          0
  dps              :       0.00       0.00          0          0          0
  dualval          :       0.00       0.00          0          0          0
  farkasdiving     :       0.18       0.00          0          0          0
  feaspump         :       0.11       0.00          1          0          0
  fixandinfer      :       0.00       0.00          0          0          0
  fracdiving       :       2.30       0.00     127912          0          0
  gins             :       0.96       0.00          0          0          0
  guideddiving     :       2.17       0.00     127918          0          0
  indicator        :       1.46       0.00          0          0          0
  indicatordiving  :       0.00       0.00          0          0          0
  intdiving        :       0.00       0.00          0          0          0
  intshifting      :       0.09       0.00          1          0          0
  linesearchdiving :       2.22       0.00     127917          0          0
  localbranching   :       0.00       0.00          0          0          0
  locks            :       0.00       0.00          1          0          0
  lpface           :       0.87       0.00         14          0          0
  mpec             :       1.79       0.00          1          0          0
  multistart       :       0.00       0.00          0          0          0
  mutation         :       0.00       0.00          0          0          0
  nlpdiving        :       0.28       0.00          2          0          0
  objpscostdiving  :       0.13       0.00          1          0          0
  octane           :       0.00       0.00          0          0          0
  ofins            :       0.71       0.00          0          0          0
  oneopt           :       0.94       0.00         11          0          0
  padm             :       0.00       0.00          0          0          0
  proximity        :       0.00       0.00          0          0          0
  pscostdiving     :       0.52       0.00          2          0          0
  randrounding     :       0.16       0.00         28          0          0
  rens             :       0.43       0.00          1          1          1
  reoptsols        :       0.00       0.00          0          0          0
  repair           :       0.00       0.00          0          0          0
  rins             :       0.53       0.00          0          0          0
  rootsoldiving    :       0.15       0.00          1          0          0
  rounding         :       1.60       0.00        121          0          0
  shiftandpropagate:       0.00       0.00          1          0          0
  shifting         :       0.26       0.00         28          0          0
  simplerounding   :       1.71       0.00          0          0          0
  subnlp           :     130.69       0.00       4808        353         10
  trivial          :       0.00       0.00          2          0          0
  trivialnegation  :       0.00       0.00          0          0          0
  trustregion      :       0.00       0.00          0          0          0
  trysol           :       1.41       0.00          0          0          0
  twoopt           :       0.00       0.00          0          0          0
  undercover       :       0.03       0.00          1          0          0
  vbounds          :       0.00       0.00          0          0          0
  veclendiving     :       2.14       0.00     127919          0          0
  zeroobj          :       0.00       0.00          0          0          0
  zirounding       :       1.07       0.00         19          0          0
  other solutions  :          -          -          -          0          -
Expressions        :   #IntEval  IntEvalTi   #RevProp  RevPropTi    DomReds    Cutoffs  #Estimate  EstimTime  Branching  #Simplify SimplifyTi Simplified
  pow              :   51756295       8.65    1527457       0.84    1526598          0   28683676       4.02    3327310         50       0.00          0
  prod             :   84507004      16.19    8015679       4.46    1629459       2284   22613675       2.81   17063672        130       0.00         46
  sum              :    9588809       6.57    8135540       9.48    2078249       3720          2       0.00          0         31       0.00          2
  var              :   34706164       2.43          0       0.00          0          0          0       0.00          0        242       0.00          0
  varidx           :          0       0.00          0       0.00          0          0          0       0.00          0          0       0.00          0
Nlhdlrs            :    Detects  DetectAll DetectTime   #IntEval  IntEvalTi   #RevProp  RevPropTi    DomReds    Cutoffs   #Enforce   EnfoTime       Cuts  Branching
  soc              :          0          0       0.00          0       0.00          0       0.00          0          0          0       0.00          0          0
  convex           :          0          0       0.00          0       0.00          0       0.00          0          0          0       0.00          0          0
  concave          :          0          0       0.00          0       0.00          0       0.00          0          0          0       0.00          0          0
  quotient         :          5          5       0.00          0       0.00          0       0.00          0          0   28280842      25.41       7213          0
  quadratic        :          0          0       0.00          0       0.00          0       0.00          0          0          0       0.00          0          0
  default          :         74       1039       0.00  145851731      39.97   17678768      29.66    5234306       6679   51297353      62.98    3211593          0
  bilinear         :         38         38       0.00   84503163       7.72    8012195       1.56          0          0   22524600       1.53         27          0
  perspective      :          0          0       0.00          0       0.00          0       0.00          0          0          0       0.00          0          0
LP                 :       Time      Calls Iterations  Iter/call   Iter/sec  Time-0-It Calls-0-It    ItLimit
  primal LP        :       0.02         86          0       0.00       0.00       0.02         86
  dual LP          :    1583.04   12829796    8195515       2.82    5177.07     990.46    9922820
  lex dual LP      :       0.00          0          0       0.00          -
  barrier LP       :       0.00          0          0       0.00          -       0.00          0
  resolve instable :       0.02         58       1638      28.24   86428.87
  diving/probing LP:       0.04        114       1946      17.07   46617.48
  strong branching :       0.01         36        415      11.53   28244.74          -          -          0
    (at root node) :          -          4         64      16.00          -
  conflict analysis:       0.00          0          0       0.00          -
NLP relaxation     :
  solve time       :       0.15 (3 calls)
  convexity        :  nonconvex (30 linear rows, 0 convex ineq., 29 nonconvex ineq., 0 nonlinear eq. or two-sided ineq.)
NLP Solvers        :  #Problems  ProblemTi    #Solves  SolveTime      #Iter  Time/Iter      #Okay #TimeLimit #IterLimit #LObjLimit #Interrupt  #NumError #EvalError  #OutOfMem #LicenseEr #OtherTerm   #GlobOpt    #LocOpt  #Feasible #LocInfeas #GlobInfea #Unbounded   #Unknown
  ipopt            :       7588      12.42      10374     134.99     171997       0.00       8466          0       1908          0          0          0          0          0          0          0          0       7587          1        877          0          0       1909
B&B Tree           :
  number of runs   :          1
  nodes            :    7475071 (5029833 internal, 2445238 leaves)
  feasible leaves  :          0
  infeas. leaves   :    2029473
  objective leaves :     415764
  nodes (total)    :    7475071 (5029833 internal, 2445238 leaves)
  nodes left       :    2584597
  max depth        :        139
  max depth (total):        139
  backtracks       :    1504937 (20.1%)
  early backtracks :          0 (0.0%)
  nodes exc. ref.  :          0 (0.0%)
  delayed cutoffs  :          0
  repropagations   :         44 (0 domain reductions, 0 cutoffs)
  avg switch length:      18.36
  switching time   :     232.03
Root Node          :
  First LP value   : +1.24505336269729e+05
  First LP Iters   :         44 (60857.54 Iter/sec)
  First LP Time    :       0.00
  Final Dual Bound : +2.34849691336943e+05
  Final Root Iters :        427
  Root LP Estimate : +2.39272303447949e+05
Solution           :
  Solutions found  :        354 (11 improvements)
  First Solution   : +2.85506508207644e+05   (in run 1, after 1 nodes, 0.61 seconds, depth 0, found by <rens>)
  Gap First Sol.   :      22.94 %
  Gap Last Sol.    :       0.00 %
  Primal Bound     : +2.85506508200034e+05   (in run 1, after 844255 nodes, 485.13 seconds, depth 91, found by <adaptivediving>)
  Dual Bound       : +2.85506483499275e+05
  Gap              :       0.00 %
Integrals          :      Total       Avg%
  primal-dual      :      93.01       0.03
  primal-ref       :          -          - (not evaluated)
  dual-ref         :          -          - (not evaluated)
