SCIP Status        : solving was interrupted [time limit reached]
Total Time         :    3600.01
  solving          :    3600.00
  presolving       :       0.20 (included in solving)
  reading          :       0.00
  copying          :       0.13 (37 #copies) (minimal 0.00, maximal 0.01, average 0.00)
Original Problem   :
  Problem name     : casctanks
  Variables        : 501 (0 binary, 40 integer, 0 implicit integer, 461 continuous)
  Constraints      : 518 initial, 518 maximal
  Objective        : minimize, 1 non-zeros (abs.min = 1, abs.max = 1)
Presolved Problem  :
  Problem name     : t_casctanks
  Variables        : 967 (34 binary, 0 integer, 0 implicit integer, 933 continuous)
  Constraints      : 406 initial, 407 maximal
  Objective        : minimize, 1 non-zeros (abs.min = 1, abs.max = 1)
  Nonzeros         : 1294 constraint, 0 clique table
Presolvers         :   ExecTime  SetupTime  Calls  FixedVars   AggrVars   ChgTypes  ChgBounds   AddHoles    DelCons    AddCons   ChgSides   ChgCoefs
  boundshift       :       0.00       0.00      0          0          0          0          0          0          0          0          0          0
  convertinttobin  :       0.00       0.00      0          0          0          0          0          0          0          0          0          0
  domcol           :       0.00       0.00      2          0          0          0          0          0          0          0          0          0
  dualagg          :       0.00       0.00      0          0          0          0          0          0          0          0          0          0
  dualcomp         :       0.00       0.00      2          0          0          0          0          0          0          0          0          0
  dualinfer        :       0.00       0.00      0          0          0          0          0          0          0          0          0          0
  dualsparsify     :       0.00       0.00      1          0          0          0          0          0          0          0          0          0
  gateextraction   :       0.00       0.00      0          0          0          0          0          0          0          0          0          0
  implics          :       0.00       0.00      3          0          0          0          0          0          0          0          0          0
  inttobinary      :       0.00       0.00      0          0          0          0          0          0          0          0          0          0
  qpkktref         :       0.00       0.00      0          0          0          0          0          0          0          0          0          0
  redvub           :       0.00       0.00      0          0          0          0          0          0          0          0          0          0
  sparsify         :       0.00       0.00      1          0          0          0          0          0          0          0          0          0
  stuffing         :       0.00       0.00      0          0          0          0          0          0          0          0          0          0
  trivial          :       0.00       0.00     12          7          0          0          0          0          0          0          0          0
  tworowbnd        :       0.00       0.00      0          0          0          0          0          0          0          0          0          0
  dualfix          :       0.00       0.00     12          0          0          0          0          0          0          0          0          0
  genvbounds       :       0.00       0.00      0          0          0          0          0          0          0          0          0          0
  probing          :       0.10       0.00      2          2          0          0         87          0          0          0          0          0
  pseudoobj        :       0.00       0.00      0          0          0          0          0          0          0          0          0          0
  symmetry         :       0.00       0.00      1          0          0          0          0          0          0          0          0          0
  vbounds          :       0.00       0.00      0          0          0          0          0          0          0          0          0          0
  varbound         :       0.00       0.00      7          0          0          0          2          0          8          0          2          0
  linear           :       0.01       0.00     15          7        106          0        407          0        104          0        155        236
  nonlinear        :       0.08       0.00     17          0          0          0        375          0          0          0          0       -236
  benders          :       0.00       0.00      0          0          0          0          0          0          0          0          0          0
  components       :       0.00       0.00      1          0          0          0          0          0          0          0          0          0
  root node        :          -          -      -          0          -          -        778          -          -          -          -          -
Constraints        :     Number  MaxNumber  #Separate #Propagate    #EnfoLP    #EnfoRelax  #EnfoPS    #Check   #ResProp    Cutoffs    DomReds       Cuts    Applied      Conss   Children
  benderslp        :          0          0          0          0     275953          0          0     132608          0          0          0          0          0          0          0
  integral         :          0          0          0          0     275953          0          0     132608          0          0       5162          0          0          0       3056
  varbound         :        136        136         39     290747          0          0          0     132603          2          0       2934          0          0          0          0
  linear           :         61+        62         39     290749          0          0          0     132353          0          2      16694          0          0          0          0
  nonlinear        :        209        209     987165     290747     273940          0          0     132351          0         11     344493   21451967   19572555          0     273346
  benders          :          0          0          0          0          0          0          0         68          0          0          0          0          0          0          0
  countsols        :          0          0          0          0          0          0          0         68          0          0          0          0          0          0          0
  components       :          0          0          0          0          0          0          0          0          0          0          0          0          0          0          0
Constraint Timings :  TotalTime  SetupTime   Separate  Propagate     EnfoLP     EnfoPS     EnfoRelax   Check    ResProp    SB-Prop
  benderslp        :       0.13       0.00       0.00       0.00       0.12       0.00       0.00       0.01       0.00       0.00
  integral         :       3.79       0.00       0.00       0.00       3.77       0.00       0.00       0.01       0.00       0.00
  varbound         :       1.26       0.00       0.00       0.17       0.00       0.00       0.00       1.07       0.00       0.02
  linear           :       1.08       0.00       0.00       0.88       0.00       0.00       0.00       0.17       0.00       0.02
  nonlinear        :     922.64       0.00     681.22      38.93     191.15       0.00       0.00      10.33       0.00       1.01
  benders          :       0.00       0.00       0.00       0.00       0.00       0.00       0.00       0.00       0.00       0.00
  countsols        :       0.00       0.00       0.00       0.00       0.00       0.00       0.00       0.00       0.00       0.00
  components       :       0.06       0.00       0.00       0.06       0.00       0.00       0.00       0.00       0.00       0.00
Propagators        : #Propagate   #ResProp    Cutoffs    DomReds
  dualfix          :         16          0          0          0
  genvbounds       :       9217          0          0       7147
  nlobbt           :          0          0          0          0
  obbt             :         10          0          0         60
  probing          :          0          0          0          0
  pseudoobj        :     559794          0          0         27
  redcost          :    1425336          0          0          0
  rootredcost      :          8          0          0          1
  symmetry         :          0          0          0          0
  vbounds          :      23850          0          0          0
Propagator Timings :  TotalTime  SetupTime   Presolve  Propagate    ResProp    SB-Prop
  dualfix          :       0.00       0.00       0.00       0.00       0.00       0.00
  genvbounds       :       1.29       0.00       0.00       1.29       0.00       0.00
  nlobbt           :       0.00       0.00       0.00       0.00       0.00       0.00
  obbt             :       2.61       0.00       0.00       2.61       0.00       0.00
  probing          :       0.10       0.00       0.10       0.00       0.00       0.00
  pseudoobj        :       0.76       0.00       0.00       0.76       0.00       0.00
  redcost          :       7.19       0.00       0.00       7.19       0.00       0.00
  rootredcost      :       0.28       0.00       0.00       0.28       0.00       0.00
  symmetry         :       0.08       0.00       0.00       0.08       0.00       0.00
  vbounds          :       0.33       0.00       0.00       0.32       0.00       0.00
Conflict Analysis  :       Time      Calls    Success    DomReds  Conflicts   Literals    Reconvs ReconvLits   Dualrays   Nonzeros   LP Iters   (pool size: [--,--])
  propagation      :       0.00          0          0          -          0        0.0          0        0.0          -          -          -
  infeasible LP    :       0.00          2          1          -          1        2.0          0        0.0          1        2.0          0
  bound exceed. LP :       0.00          1          0          -          0        0.0          0        0.0          0        0.0          0
  strong branching :       0.00          0          0          -          0        0.0          0        0.0          -          -          0
  pseudo solution  :       0.00          0          0          -          0        0.0          0        0.0          -          -          -
  applied globally :       0.00          -          -          0          0        0.0          -          -          1          -          -
  applied locally  :          -          -          -          0          0        0.0          -          -          0          -          -
Separators         :   ExecTime  SetupTime      Calls  RootCalls    Cutoffs    DomReds  FoundCuts ViaPoolAdd  DirectAdd    Applied ViaPoolApp  DirectApp      Conss
  cut pool         :       0.08          -     145138         72          -          -        221        217          -          -          -          -          -    (maximal pool size:        140)
  aggregation      :       0.26       0.00        189         39          0          0        135        133          0         69         69          0          0
  > cmir           :          -          -          -          -          -          -          -        130          0         68         68          0          -
  > flowcover      :          -          -          -          -          -          -          -          3          0          1          1          0          -
  > knapsackcover  :          -          -          -          -          -          -          -          0          0          0          0          0          -
  cgmip            :       0.00       0.00          0          0          0          0          0          0          0          0          0          0          0
  clique           :       0.00       0.00          1          1          0          0          0          0          0          0          0          0          0
  closecuts        :       0.00       0.00          0          0          0          0          0          0          0          0          0          0          0
  convexproj       :       0.00       0.00          0          0          0          0          0          0          0          0          0          0          0
  disjunctive      :       0.00       0.00          0          0          0          0          0          0          0          0          0          0          0
  eccuts           :       0.00       0.00          0          0          0          0          0          0          0          0          0          0          0
  gauge            :       0.00       0.00          0          0          0          0          0          0          0          0          0          0          0
  gomory           :       0.01       0.00        138         10          0          0         44         54          0         33         33          0          0
  > gomorymi       :          -          -          -          -          -          -          -         54          0         33         33          0          -
  > strongcg       :          -          -          -          -          -          -          -          0          0          0          0          0          -
  impliedbounds    :       0.00       0.00        189         39          0          0          7          8          0          4          4          0          0
  interminor       :       0.00       0.00          0          0          0          0          0          0          0          0          0          0          0
  intobj           :       0.00       0.00          0          0          0          0          0          0          0          0          0          0          0
  mcf              :       0.00       0.00          1          1          0          0          0          0          0          0          0          0          0
  minor            :       0.00       0.00          0          0          0          0          0          0          0          0          0          0          0
  mixing           :       0.06       0.00       2112         39          0          0          0          0          0          0          0          0          0
  oddcycle         :       0.00       0.00          0          0          0          0          0          0          0          0          0          0          0
  rapidlearning    :       0.09       0.00          0          0          0          0          0          0          0          0          0          0          0
  rlt              :       0.00       0.00         10         10          0          0         35         22          0          5          5          0          0
  zerohalf         :       0.02       0.00        148         20          0          0          0          0          0          0          0          0          0
Cutselectors       :   ExecTime  SetupTime      Calls  RootCalls   Selected     Forced   Filtered  RootSelec   RootForc   RootFilt 
  hybrid           :      11.23       0.00     894545         42   19479190        619     474354       1237          0        283
Pricers            :   ExecTime  SetupTime      Calls       Vars
  problem variables:       0.00          -          0          0
Branching Rules    :   ExecTime  SetupTime   BranchLP  BranchExt   BranchPS    Cutoffs    DomReds       Cuts      Conss   Children
  allfullstrong    :       0.00       0.00          0          0          0          0          0          0          0          0
  cloud            :       0.00       0.00          0          0          0          0          0          0          0          0
  distribution     :       0.00       0.00          0          0          0          0          0          0          0          0
  fullstrong       :       0.00       0.00          0          0          0          0          0          0          0          0
  inference        :       0.00       0.00          0          0          0          0          0          0          0          0
  leastinf         :       0.00       0.00          0          0          0          0          0          0          0          0
  lookahead        :       0.00       0.00          0          0          0          0          0          0          0          0
  mostinf          :       0.00       0.00          0          0          0          0          0          0          0          0
  multaggr         :       0.00       0.00          0          0          0          0          0          0          0          0
  nodereopt        :       0.00       0.00          0          0          0          0          0          0          0          0
  pscost           :       0.00       0.00          0          0          0          0          0          0          0          0
  random           :       0.00       0.00          0          0          0          0          0          0          0          0
  relpscost        :       3.66       0.00       2013          0          0          0       5162          0          0       3056
  vanillafullstrong:       0.00       0.00          0          0          0          0          0          0          0          0
Primal Heuristics  :   ExecTime  SetupTime      Calls      Found       Best
  LP solutions     :       0.00          -          -          0          0
  relax solutions  :       0.00          -          -          0          0
  pseudo solutions :       0.00          -          -          0          0
  strong branching :       0.08          -          -          0          0
  actconsdiving    :       0.00       0.00          0          0          0
  adaptivediving   :       4.61       0.00      15314          0          0
  alns             :       0.44       0.00         14          0          0
  bound            :       0.00       0.00          0          0          0
  clique           :       0.00       0.00          0          0          0
  coefdiving       :       0.00       0.00          0          0          0
  completesol      :       0.00       0.00          0          0          0
  conflictdiving   :       3.36       0.00      16354          0          0
  crossover        :       4.06       0.00          1          0          0
  dins             :       0.00       0.00          0          0          0
  distributiondivin:       1.60       0.00         29          0          0
  dps              :       0.00       0.00          0          0          0
  dualval          :       0.00       0.00          0          0          0
  farkasdiving     :       0.01       0.00          0          0          0
  feaspump         :       0.04       0.00          9          0          0
  fixandinfer      :       0.00       0.00          0          0          0
  fracdiving       :       2.26       0.00       9286          0          0
  gins             :       0.08       0.00          0          0          0
  guideddiving     :       1.82       0.00      10295          0          0
  indicator        :       0.48       0.00          0          0          0
  indicatordiving  :       0.00       0.00          0          0          0
  intdiving        :       0.00       0.00          0          0          0
  intshifting      :       0.07       0.00         12          0          0
  linesearchdiving :       1.39       0.00       7648          0          0
  localbranching   :       0.00       0.00          0          0          0
  locks            :       0.02       0.00          1          0          0
  lpface           :       0.08       0.00          0          0          0
  mpec             :       2.92       0.00          1          0          0
  multistart       :       0.00       0.00          0          0          0
  mutation         :       0.00       0.00          0          0          0
  nlpdiving        :       1.09       0.00          2          0          0
  objpscostdiving  :       0.15       0.00         14          0          0
  octane           :       0.00       0.00          0          0          0
  ofins            :       0.05       0.00          0          0          0
  oneopt           :       0.10       0.00          8          0          0
  padm             :       0.00       0.00          0          0          0
  proximity        :       0.00       0.00          0          0          0
  pscostdiving     :       0.19       0.00         30          0          0
  randrounding     :       0.34       0.00        732          0          0
  rens             :       0.04       0.00          1          0          0
  reoptsols        :       0.00       0.00          0          0          0
  repair           :       0.00       0.00          0          0          0
  rins             :      53.66       0.00         21          1          1
  rootsoldiving    :       0.13       0.00          7          0          0
  rounding         :       0.53       0.00       1386          0          0
  shiftandpropagate:       0.01       0.00          1          0          0
  shifting         :       0.11       0.00        324          0          0
  simplerounding   :       0.51       0.00          0          0          0
  subnlp           :      47.45       0.00        229         66          7
  trivial          :       0.00       0.00          2          0          0
  trivialnegation  :       0.00       0.00          0          0          0
  trustregion      :       0.00       0.00          0          0          0
  trysol           :       0.22       0.00          0          0          0
  twoopt           :       0.00       0.00          0          0          0
  undercover       :       0.02       0.00          1          0          0
  vbounds          :       0.00       0.00          0          0          0
  veclendiving     :       2.01       0.00       6801          0          0
  zeroobj          :       0.00       0.00          0          0          0
  zirounding       :       0.09       0.00       1000          0          0
  other solutions  :          -          -          -          0          -
Expressions        :   #IntEval  IntEvalTi   #RevProp  RevPropTi    DomReds    Cutoffs  #Estimate  EstimTime  Branching  #Simplify SimplifyTi Simplified
  pow              :   19688699       2.69       3607       0.00       3107          0   67225978       6.52   10464127        673       0.00         63
  prod             :    1949735       0.45    2203515       0.71     187962          0  211055538      11.24   43671547       1736       0.00        398
  sum              :    3202873       0.79    3196788       1.04     102358          6        209       0.00          0       1463       0.00        531
  val              :          0       0.00          0       0.00          0          0          0       0.00          0          0       0.00          0
  var              :    5296538       0.31          0       0.00          0          0          0       0.00          0       4760       0.00         97
  varidx           :          0       0.00          0       0.00          0          0          0       0.00          0          0       0.00          0
Nlhdlrs            :    Detects  DetectAll DetectTime   #IntEval  IntEvalTi   #RevProp  RevPropTi    DomReds    Cutoffs   #Enforce   EnfoTime       Cuts  Branching
  soc              :          0          0       0.00          0       0.00          0       0.00          0          0          0       0.00          0          0
  convex           :          0          0       0.00          0       0.00          0       0.00          0          0          0       0.00          0          0
  concave          :          0          0       0.00          0       0.00          0       0.00          0          0          0       0.00          0          0
  quotient         :          0          0       0.00          0       0.00          0       0.00          0          0          0       0.00          0          0
  quadratic        :         35        654       0.02     614364       3.32     612455       7.34      22704          0          0       0.00          0          0
  default          :        965      14338       0.00   24837786       5.33    5405436       4.45     293427          6  278281517     249.73   21451966          0
  bilinear         :        231        231       0.00    1934218       0.27    2197874       0.36          0          0  209283549      21.36          1          0
  perspective      :          0          0       0.00          0       0.00          0       0.00          0          0          0       0.00          0          0
LP                 :       Time      Calls Iterations  Iter/call   Iter/sec  Time-0-It Calls-0-It    ItLimit
  primal LP        :     299.77     138757         10       1.25       0.03     299.72     138749
  dual LP          :    1772.18    1149426   23884773      22.44   13477.61     171.32      85155
  lex dual LP      :       0.00          0          0       0.00          -
  barrier LP       :       0.00          0          0       0.00          -       0.00          0
  resolve instable :       0.00          0          0       0.00          -
  diving/probing LP:       3.36        692      47822      69.11   14228.93
  strong branching :       1.64        896      25343      28.28   15412.21          -          -        287
    (at root node) :          -          7        389      55.57          -
  conflict analysis:       0.00          0          0       0.00          -
NLP relaxation     :
  solve time       :       1.08 (10 calls)
  convexity        :  nonconvex (195 linear rows, 0 convex ineq., 1 nonconvex ineq., 208 nonlinear eq. or two-sided ineq.)
NLP Solvers        :  #Problems  ProblemTi    #Solves  SolveTime      #Iter  Time/Iter      #Okay #TimeLimit #IterLimit #LObjLimit #Interrupt  #NumError #EvalError  #OutOfMem #LicenseEr #OtherTerm   #GlobOpt    #LocOpt  #Feasible #LocInfeas #GlobInfea #Unbounded   #Unknown
  ipopt            :        231       1.01        241      43.86      10018       0.00        236          0          5          0          0          0          0          0          0          0          0         78          0        157          0          0          6
B&B Tree           :
  number of runs   :          1
  nodes            :     138203 (138201 internal, 2 leaves)
  feasible leaves  :          0
  infeas. leaves   :          1
  objective leaves :          0
  nodes (total)    :     138203 (138201 internal, 2 leaves)
  nodes left       :     138201
  max depth        :         28
  max depth (total):         28
  backtracks       :      21927 (15.9%)
  early backtracks :          0 (0.0%)
  nodes exc. ref.  :          0 (0.0%)
  delayed cutoffs  :          0
  repropagations   :         22 (0 domain reductions, 0 cutoffs)
  avg switch length:       6.32
  switching time   :     338.85
Root Node          :
  First LP value   : -1.01913679562079e+02
  First LP Iters   :        551 (83320.73 Iter/sec)
  First LP Time    :       0.01
  Final Dual Bound : -3.02534514965640e+01
  Final Root Iters :       3019
  Root LP Estimate : -2.70374804463512e+01
Solution           :
  Solutions found  :         67 (8 improvements)
  First Solution   : +1.09634768051681e+01   (in run 1, after 1 nodes, 3.86 seconds, depth 0, found by <conflictdiving>)
  Gap First Sol.   :   infinite
  Gap Last Sol.    :   infinite
  Primal Bound     : +9.16347696628256e+00   (in run 1, after 78322 nodes, 1749.37 seconds, depth 23, found by <subnlp>)
  Dual Bound       : -1.03900733634151e+01
  Gap              :   infinite
Integrals          :      Total       Avg%
  primal-dual      :  360000.43     100.00
  primal-ref       :          -          - (not evaluated)
  dual-ref         :          -          - (not evaluated)
