SCIP Status        : solving was interrupted [time limit reached]
Total Time         :    3600.04
  solving          :    3600.01
  presolving       :       1.78 (included in solving)
  reading          :       0.04
  copying          :       0.10 (5 #copies) (minimal 0.02, maximal 0.02, average 0.02)
Original Problem   :
  Problem name     : chp_shorttermplan2d
  Variables        : 3120 (0 binary, 528 integer, 0 implicit integer, 2592 continuous)
  Constraints      : 6838 initial, 6838 maximal
  Objective        : minimize, 48 non-zeros (abs.min = 1, abs.max = 1)
Presolved Problem  :
  Problem name     : t_chp_shorttermplan2d
  Variables        : 6112 (344 binary, 0 integer, 200 implicit integer, 5568 continuous)
  Constraints      : 4954 initial, 5009 maximal
  Objective        : minimize, 1648 non-zeros (abs.min = 0.1, abs.max = 8020)
  Nonzeros         : 13848 constraint, 0 clique table
Presolvers         :   ExecTime  SetupTime  Calls  FixedVars   AggrVars   ChgTypes  ChgBounds   AddHoles    DelCons    AddCons   ChgSides   ChgCoefs
  boundshift       :       0.00       0.00      0          0          0          0          0          0          0          0          0          0
  convertinttobin  :       0.00       0.00      0          0          0          0          0          0          0          0          0          0
  domcol           :       0.00       0.00      7          0          0          0          0          0          0          0          0          0
  dualagg          :       0.00       0.00      0          0          0          0          0          0          0          0          0          0
  dualcomp         :       0.00       0.00      7          0          0          0          0          0          0          0          0          0
  dualinfer        :       0.00       0.00      0          0          0          0          0          0          0          0          0          0
  dualsparsify     :       0.00       0.00      2          0          0          0          0          0          0          0          0          0
  gateextraction   :       0.00       0.00      0          0          0          0          0          0          0          0          0          0
  implics          :       0.00       0.00      9          0          0          0          0          0          0          0          0          0
  inttobinary      :       0.00       0.00      0          0          0          0          0          0          0          0          0          0
  qpkktref         :       0.00       0.00      0          0          0          0          0          0          0          0          0          0
  redvub           :       0.00       0.00      0          0          0          0          0          0          0          0          0          0
  sparsify         :       0.00       0.00      1          0          0          0          0          0          0          0          0          0
  stuffing         :       0.00       0.00      0          0          0          0          0          0          0          0          0          0
  trivial          :       0.00       0.00     20        336          0          0          0          0          0          0          0          0
  tworowbnd        :       0.00       0.00      0          0          0          0          0          0          0          0          0          0
  dualfix          :       0.00       0.00     20        232          0          0          0          0          0          0          0          0
  genvbounds       :       0.00       0.00      0          0          0          0          0          0          0          0          0          0
  probing          :       0.14       0.00      6          0        184          0         96          0          0          0          0          0
  pseudoobj        :       0.00       0.00      0          0          0          0          0          0          0          0          0          0
  symmetry         :       0.08       0.00      1          0          0          0          0          0          0          4          0          0
  vbounds          :       0.00       0.00      0          0          0          0          0          0          0          0          0          0
  varbound         :       0.01       0.00     23          0          0          0         54          0          0          0          0          0
  knapsack         :       0.00       0.00      0          0          0          0          0          0          0          0          0          0
  linear           :       0.05       0.00     29          0         96          0         96          0       1936         48          0         60
  orbitope         :       0.00       0.00      1          0          0          0          0          0          0          0          0          0
  logicor          :       0.01       0.00     30          0          0          0          0          0          0          0          0          0
  nonlinear        :       1.46       0.05     36          0          0          0         96          0          0        -52          0        -60
  benders          :       0.00       0.00      0          0          0          0          0          0          0          0          0          0
  components       :       0.00       0.00      1          0          0          0          0          0          0          0          0          0
  root node        :          -          -      -          0          -          -       1344          -          -          -          -          -
Constraints        :     Number  MaxNumber  #Separate #Propagate    #EnfoLP    #EnfoRelax  #EnfoPS    #Check   #ResProp    Cutoffs    DomReds       Cuts    Applied      Conss   Children
  benderslp        :          0          0          0          0       3418          0        223        892          0          0          0          0          0          0          0
  integral         :          0          0          0          0       3418          0          0        892          0          0       5869          0          0          0       6174
  varbound         :       2112       2112          9     254758          0          0        223        888          0          0      12814          0          0          0          0
  knapsack         :          0+         2          0      61309          0          0          0          0          2          0         35          0          0          0          0
  linear           :       1158+      1160          9     254758          0          0          0          2        206        299      25518          0          0          0          0
  orbitope         :          4          4          0     252534          0          0          0          0          3          0        154          0          0          0          0
  logicor          :        336+       387          9      28940          0          0        223          0         80         38        545          0          0          0          0
  nonlinear        :       1344       1344       7262     254421          0          0        223          0          0         67      22015     969285     226610          0          0
  benders          :          0          0          0          0          0          0        223          0          0          0          0          0          0          0          0
  countsols        :          0          0          0          0          0          0        223          0          0          0          0          0          0          0          0
  components       :          0          0          0          0          0          0          0          0          0          0          0          0          0          0          0
Constraint Timings :  TotalTime  SetupTime   Separate  Propagate     EnfoLP     EnfoPS     EnfoRelax   Check    ResProp    SB-Prop
  benderslp        :       0.00       0.00       0.00       0.00       0.00       0.00       0.00       0.00       0.00       0.00
  integral         :     727.08       0.00       0.00       0.00     727.08       0.00       0.00       0.00       0.00       0.00
  varbound         :       0.53       0.00       0.01       0.38       0.00       0.00       0.00       0.05       0.00       0.09
  knapsack         :       0.00       0.00       0.00       0.00       0.00       0.00       0.00       0.00       0.00       0.00
  linear           :       1.04       0.00       0.01       0.75       0.00       0.00       0.00       0.00       0.00       0.27
  orbitope         :       0.57       0.00       0.00       0.56       0.00       0.00       0.00       0.00       0.00       0.01
  logicor          :       0.14       0.00       0.00       0.10       0.00       0.02       0.00       0.00       0.00       0.02
  nonlinear        :     213.62       0.05     200.32      11.33       0.00       0.54       0.00       0.00       0.00       1.40
  benders          :       0.00       0.00       0.00       0.00       0.00       0.00       0.00       0.00       0.00       0.00
  countsols        :       0.00       0.00       0.00       0.00       0.00       0.00       0.00       0.00       0.00       0.00
  components       :       0.01       0.00       0.00       0.01       0.00       0.00       0.00       0.00       0.00       0.00
Propagators        : #Propagate   #ResProp    Cutoffs    DomReds
  dualfix          :          2          0          0          0
  genvbounds       :          0          0          0          0
  nlobbt           :          0          0          0          0
  obbt             :          0          0          0          0
  probing          :          0          0          0          0
  pseudoobj        :      23846          0          0          0
  redcost          :      14006          0          0          0
  rootredcost      :          0          0          0          0
  symmetry         :          0          0          0          0
  vbounds          :      54716          0          0          0
Propagator Timings :  TotalTime  SetupTime   Presolve  Propagate    ResProp    SB-Prop
  dualfix          :       0.00       0.00       0.00       0.00       0.00       0.00
  genvbounds       :       0.03       0.00       0.00       0.02       0.00       0.01
  nlobbt           :       0.00       0.00       0.00       0.00       0.00       0.00
  obbt             :       0.00       0.00       0.00       0.00       0.00       0.00
  probing          :       0.14       0.00       0.14       0.00       0.00       0.00
  pseudoobj        :       0.33       0.00       0.00       0.33       0.00       0.00
  redcost          :       3.01       0.00       0.00       3.01       0.00       0.00
  rootredcost      :       0.02       0.00       0.00       0.02       0.00       0.01
  symmetry         :       0.10       0.00       0.08       0.01       0.00       0.00
  vbounds          :       0.08       0.00       0.00       0.07       0.00       0.01
Orbital fixing     :
  vars fixed to 0  :          0
  vars fixed to 1  :          0
Conflict Analysis  :       Time      Calls    Success    DomReds  Conflicts   Literals    Reconvs ReconvLits   Dualrays   Nonzeros   LP Iters   (pool size: [10000,10000])
  propagation      :       0.00         54         52          -         67        7.0          5       11.0          -          -          -
  infeasible LP    :       0.01          6          6          -          4        9.2          0        0.0          6      101.0          0
  bound exceed. LP :       4.32        570          0          -          0        0.0          0        0.0          0        0.0         40
  strong branching :       0.00          0          0          -          0        0.0          0        0.0          -          -          0
  pseudo solution  :       0.00          0          0          -          0        0.0          0        0.0          -          -          -
  applied globally :       0.00          -          -          0         74        7.4          -          -          4          -          -
  applied locally  :          -          -          -          0          0        0.0          -          -          2          -          -
Separators         :   ExecTime  SetupTime      Calls  RootCalls    Cutoffs    DomReds  FoundCuts ViaPoolAdd  DirectAdd    Applied ViaPoolApp  DirectApp      Conss
  cut pool         :       0.80          -       1377         17          -          -      23015      21030          -          -          -          -          -    (maximal pool size:       5384)
  aggregation      :       3.27       0.00        310          9          0          0       1541       2088          0        742        742          0          0
  > cmir           :          -          -          -          -          -          -          -       1585          0        513        513          0          -
  > flowcover      :          -          -          -          -          -          -          -        503          0        229        229          0          -
  > knapsackcover  :          -          -          -          -          -          -          -          0          0          0          0          0          -
  cgmip            :       0.00       0.00          0          0          0          0          0          0          0          0          0          0          0
  clique           :       0.00       0.00          1          1          0          0          0          0          0          0          0          0          0
  closecuts        :       0.00       0.00          0          0          0          0          0          0          0          0          0          0          0
  convexproj       :       0.00       0.00          0          0          0          0          0          0          0          0          0          0          0
  disjunctive      :       0.00       0.00          0          0          0          0          0          0          0          0          0          0          0
  eccuts           :       0.00       0.00          0          0          0          0          0          0          0          0          0          0          0
  gauge            :       0.00       0.00          0          0          0          0          0          0          0          0          0          0          0
  gomory           :       9.57       0.00        269          9          0          0      13065       8283          0       2381       2381          0          0
  > gomorymi       :          -          -          -          -          -          -          -       8217          0       2360       2360          0          -
  > strongcg       :          -          -          -          -          -          -          -         66          0         21         21          0          -
  impliedbounds    :       0.14       0.00        310          9          0          0       2387       1419          0         76         76          0          0
  interminor       :       0.00       0.00          0          0          0          0          0          0          0          0          0          0          0
  intobj           :       0.00       0.00          0          0          0          0          0          0          0          0          0          0          0
  mcf              :       0.01       0.00          2          1          0          0          0          0          0          0          0          0          0
  minor            :       0.19       0.00        409          9          0          0       1772          0       1772       1259          0       1259          0
  mixing           :       0.21       0.00        310          9          0          0       4798       7821          0       2945       2945          0          0
  oddcycle         :       0.00       0.00          0          0          0          0          0          0          0          0          0          0          0
  rapidlearning    :       0.00       0.00          0          0          0          0          0          0          0          0          0          0          0
  rlt              :       0.01       0.00          9          9          0          0          0          0          0          0          0          0          0
  zerohalf         :       1.26       0.00        269          9          0          0       1223       1419          0        659        659          0          0
Cutselectors       :   ExecTime  SetupTime      Calls  RootCalls   Selected     Forced   Filtered  RootSelec   RootForc   RootFilt 
  hybrid           :       2.29       0.00       7265          9     616497          0     375590       2642          0       2734
Pricers            :   ExecTime  SetupTime      Calls       Vars
  problem variables:       0.00          -          0          0
Branching Rules    :   ExecTime  SetupTime   BranchLP  BranchExt   BranchPS    Cutoffs    DomReds       Cuts      Conss   Children
  allfullstrong    :       0.00       0.00          0          0          0          0          0          0          0          0
  cloud            :       0.00       0.00          0          0          0          0          0          0          0          0
  distribution     :       0.00       0.00          0          0          0          0          0          0          0          0
  fullstrong       :       0.00       0.00          0          0          0          0          0          0          0          0
  inference        :       0.00       0.00          0          0          0          0          0          0          0          0
  leastinf         :       0.00       0.00          0          0          0          0          0          0          0          0
  lookahead        :       0.00       0.00          0          0          0          0          0          0          0          0
  mostinf          :       0.00       0.00          0          0          0          0          0          0          0          0
  multaggr         :       0.00       0.00          0          0          0          0          0          0          0          0
  nodereopt        :       0.00       0.00          0          0          0          0          0          0          0          0
  pscost           :       0.06       0.00          0        223          0          0          0          0          0        446
  random           :       0.00       0.00          0          0          0          0          0          0          0          0
  relpscost        :     727.07       0.00       3418          0          0          0       5869          0          0       6174
  vanillafullstrong:       0.00       0.00          0          0          0          0          0          0          0          0
Primal Heuristics  :   ExecTime  SetupTime      Calls      Found       Best
  LP solutions     :       0.00          -          -          0          0
  relax solutions  :       0.00          -          -          0          0
  pseudo solutions :       0.00          -          -          0          0
  strong branching :       0.02          -          -          0          0
  actconsdiving    :       0.00       0.00          0          0          0
  adaptivediving   :      17.08       0.00         21          0          0
  alns             :       1.10       0.00          5          0          0
  bound            :       0.00       0.00          0          0          0
  clique           :       0.00       0.00          0          0          0
  coefdiving       :       0.00       0.00          0          0          0
  completesol      :       0.00       0.00          0          0          0
  conflictdiving   :      49.99       0.00         48          0          0
  crossover        :       0.00       0.00          0          0          0
  dins             :       0.00       0.00          0          0          0
  distributiondivin:      37.29       0.00         48          0          0
  dps              :       0.00       0.00          0          0          0
  dualval          :       0.00       0.00          0          0          0
  farkasdiving     :       0.00       0.00          0          0          0
  feaspump         :      54.58       0.00         22          0          0
  fixandinfer      :       0.00       0.00          0          0          0
  fracdiving       :      33.01       0.00         48          0          0
  gins             :       0.00       0.00          0          0          0
  guideddiving     :       0.00       0.00          0          0          0
  indicator        :       0.01       0.00          0          0          0
  indicatordiving  :       0.00       0.00          0          0          0
  intdiving        :       0.00       0.00          0          0          0
  intshifting      :       0.11       0.00         25          0          0
  linesearchdiving :      23.78       0.00         48          0          0
  localbranching   :       0.00       0.00          0          0          0
  locks            :       0.09       0.00          1          0          0
  lpface           :       0.00       0.00          0          0          0
  mpec             :     150.83       0.00         11          0          0
  multistart       :       0.00       0.00          0          0          0
  mutation         :       0.00       0.00          0          0          0
  nlpdiving        :      20.57       0.00          9          0          0
  objpscostdiving  :     161.97       0.00         15          0          0
  octane           :       0.00       0.00          0          0          0
  ofins            :       0.00       0.00          0          0          0
  oneopt           :       0.01       0.00          0          0          0
  padm             :       0.00       0.00          0          0          0
  proximity        :       0.00       0.00          0          0          0
  pscostdiving     :      40.54       0.00         49          0          0
  randrounding     :       0.28       0.00        889          0          0
  rens             :       0.00       0.00          0          0          0
  reoptsols        :       0.00       0.00          0          0          0
  repair           :       0.00       0.00          0          0          0
  rins             :       0.00       0.00          0          0          0
  rootsoldiving    :      86.02       0.00         23          0          0
  rounding         :       1.19       0.00       1407          0          0
  shiftandpropagate:       0.02       0.00          1          0          0
  shifting         :       4.50       0.00        468          0          0
  simplerounding   :       0.00       0.00          0          0          0
  subnlp           :       0.76       0.00          0          0          0
  trivial          :       0.01       0.00          2          0          0
  trivialnegation  :       0.00       0.00          0          0          0
  trustregion      :       0.00       0.00          0          0          0
  trysol           :       0.00       0.00          0          0          0
  twoopt           :       0.00       0.00          0          0          0
  undercover       :       0.22       0.00          1          0          0
  vbounds          :       0.00       0.00          0          0          0
  veclendiving     :      25.20       0.00         48          0          0
  zeroobj          :       0.00       0.00          0          0          0
  zirounding       :       1.17       0.00       1000          0          0
  other solutions  :          -          -          -          0          -
Expressions        :   #IntEval  IntEvalTi   #RevProp  RevPropTi    DomReds    Cutoffs  #Estimate  EstimTime  Branching  #Simplify SimplifyTi Simplified
  pow              :    1571076       0.38       6066       0.00         10          0    4292486       0.36          0       5222       0.00          0
  prod             :     350420       0.11       7336       0.01        752          0    4009070      35.98          0      13276       0.02       8304
  sum              :      49726       0.04          0       0.00          0          0     483475       0.03          0      15318       0.03       5152
  val              :          0       0.00          0       0.00          0          0          0       0.00          0          0       0.00          0
  var              :    5272209       0.36          0       0.00          0          0          0       0.00          0      23028       0.00        736
  varidx           :          0       0.00          0       0.00          0          0          0       0.00          0          0       0.00          0
Nlhdlrs            :    Detects  DetectAll DetectTime   #IntEval  IntEvalTi   #RevProp  RevPropTi    DomReds    Cutoffs   #Enforce   EnfoTime       Cuts  Branching
  soc              :          0          0       0.01          0       0.00          0       0.00          0          0          0       0.00          0          0
  convex           :          0          0       0.01          0       0.00          0       0.00          0          0          0       0.00          0          0
  concave          :          0          0       0.01          0       0.00          0       0.00          0          0          0       0.00          0          0
  signomial        :        864        864       0.01          0       0.00          0       0.00          0          0    5912383       1.74        513          0
  quotient         :          0          0       0.01          0       0.00          0       0.00          0          0          0       0.00          0          0
  quadratic        :       1344      49728       0.10    1380237       2.02    1305061       2.91      37774          0          0       0.00          0          0
  default          :       5720     109452       0.01    1901061       0.64      30966       0.01        762          5    8784167      48.94     666536          0
  bilinear         :        240        240       0.01          0       0.00          0       0.00          0          0     201168       0.03          0          0
  perspective      :        480        480       0.01          0       0.00          0       0.00          0          0    1753800     111.54     604472          0
LP                 :       Time      Calls Iterations  Iter/call   Iter/sec  Time-0-It Calls-0-It    ItLimit
  primal LP        :     257.86       3020      27421   27421.00     106.34     256.40       3019
  dual LP          :    1622.72      13292   14875858    1237.28    9167.24       2.92       1269
  lex dual LP      :       0.00          0          0       0.00          -
  barrier LP       :       0.00          0          0       0.00          -       0.00          0
  resolve instable :      10.22        136      24456     179.82    2393.33
  diving/probing LP:     691.96       4265    4147558     972.46    5993.94
  strong branching :     512.39       3397    1264184     372.15    2467.24          -          -       2457
    (at root node) :          -          0          0       0.00          -
  conflict analysis:       0.03          2         40      20.00    1565.13
NLP relaxation     :
  solve time       :      20.56 (9 calls)
  convexity        :  nonconvex (3606 linear rows, 0 convex ineq., 1344 nonconvex ineq., 0 nonlinear eq. or two-sided ineq.)
NLP Solvers        :  #Problems  ProblemTi    #Solves  SolveTime      #Iter  Time/Iter      #Okay #TimeLimit #IterLimit #LObjLimit #Interrupt  #NumError #EvalError  #OutOfMem #LicenseEr #OtherTerm   #GlobOpt    #LocOpt  #Feasible #LocInfeas #GlobInfea #Unbounded   #Unknown
  ipopt            :         12       1.14         20     170.66       1949       0.09         20          0          0          0          0          0          0          0          0          0          0          2          0          9          0          0          9
B&B Tree           :
  number of runs   :          1
  nodes            :       3325 (3310 internal, 15 leaves)
  feasible leaves  :          0
  infeas. leaves   :          8
  objective leaves :          6
  nodes (total)    :       3325 (3310 internal, 15 leaves)
  nodes left       :       3297
  max depth        :         94
  max depth (total):         94
  backtracks       :        385 (11.6%)
  early backtracks :          0 (0.0%)
  nodes exc. ref.  :          0 (0.0%)
  delayed cutoffs  :          0
  repropagations   :         27 (228 domain reductions, 0 cutoffs)
  avg switch length:       3.18
  switching time   :     258.14
Root Node          :
  First LP value   : +2.26875258169143e+05
  First LP Iters   :       1632 (17950.44 Iter/sec)
  First LP Time    :       0.09
  Final Dual Bound : +3.42775706972615e+05
  Final Root Iters :      18903
  Root LP Estimate :                     -
Solution           :
  Solutions found  :          0 (0 improvements)
  Primal Bound     :          -
  Dual Bound       : +3.64251068710688e+05
  Gap              :   infinite
Integrals          :      Total       Avg%
  primal-dual      :  360000.78     100.00
  primal-ref       :          -          - (not evaluated)
  dual-ref         :          -          - (not evaluated)
