SCIP Status        : problem is solved [optimal solution found]
Total Time         :      16.12
  solving          :      16.09
  presolving       :       0.99 (included in solving)
  reading          :       0.03
  copying          :       0.02 (4 #copies) (minimal 0.00, maximal 0.01, average 0.00)
Original Problem   :
  Problem name     : gastrans582_cold17_95
  Variables        : 2186 (232 binary, 18 integer, 0 implicit integer, 1936 continuous)
  Constraints      : 3732 initial, 3732 maximal
  Objective        : minimize, 0 non-zeros (abs.min = 1e+20, abs.max = -1e+20)
Presolved Problem  :
  Problem name     : t_gastrans582_cold17_95
  Variables        : 1920 (80 binary, 0 integer, 0 implicit integer, 1840 continuous)
  Constraints      : 1044 initial, 1055 maximal
  Objective        : minimize, 0 non-zeros (abs.min = 1e+20, abs.max = -1e+20)
  Nonzeros         : 2776 constraint, 364 clique table
Presolvers         :   ExecTime  SetupTime  Calls  FixedVars   AggrVars   ChgTypes  ChgBounds   AddHoles    DelCons    AddCons   ChgSides   ChgCoefs
  boundshift       :       0.00       0.00      0          0          0          0          0          0          0          0          0          0
  convertinttobin  :       0.00       0.00      0          0          0          0          0          0          0          0          0          0
  domcol           :       0.00       0.00      5          0          0          0          0          0          0          0          0          0
  dualagg          :       0.00       0.00      0          0          0          0          0          0          0          0          0          0
  dualcomp         :       0.00       0.00      5          0          0          0          0          0          0          0          0          0
  dualinfer        :       0.00       0.00      0          0          0          0          0          0          0          0          0          0
  dualsparsify     :       0.00       0.00      1          0          0          0          0          0          0          0          0          0
  gateextraction   :       0.00       0.00     16          0          0          0          0          0          4          0          0          0
  implics          :       0.00       0.00     24          0          6          0          0          0          0          0          0          0
  inttobinary      :       0.00       0.00      0          0          0          0          0          0          0          0          0          0
  qpkktref         :       0.00       0.00      0          0          0          0          0          0          0          0          0          0
  redvub           :       0.00       0.00      0          0          0          0          0          0          0          0          0          0
  sparsify         :       0.00       0.00      1          0          0          0          0          0          0          0          0          0
  stuffing         :       0.00       0.00      0          0          0          0          0          0          0          0          0          0
  trivial          :       0.00       0.00     51        225          0          0          0          0          0          0          0          0
  tworowbnd        :       0.00       0.00      0          0          0          0          0          0          0          0          0          0
  dualfix          :       0.00       0.00     51         47          0          0          0          0          0          0          0          0
  genvbounds       :       0.00       0.00      0          0          0          0          0          0          0          0          0          0
  probing          :       0.11       0.00      5         33         55          0        143          0          0          0          0          0
  pseudoobj        :       0.00       0.00      0          0          0          0          0          0          0          0          0          0
  symmetry         :       0.01       0.00      1          0          0          0          0          0          0          0          0          0
  vbounds          :       0.00       0.00      6          0          6          0          0          0          0          0          0          0
  varbound         :       0.00       0.00     60          0          0          0          6          0        123          2         31         39
  knapsack         :       0.00       0.00     72          0          0          0          0          0          1          1          0          0
  setppc           :       0.00       0.00     72          0          1          0          0          0         19          0          1          1
  linear           :       0.04       0.00     65        247        933          0        950          0       2065          0        328        689
  logicor          :       0.00       0.00     68         18          0          0          0          0         27          0          0        194
  bounddisjunction :       0.00       0.00      0          0          0          0          0          0          0          0          0          0
  nonlinear        :       0.76       0.02     80          0          0          0       1013          0        423         -3          0       -923
  benders          :       0.00       0.00      0          0          0          0          0          0          0          0          0          0
  components       :       0.04       0.00      1         11          0          0          0          0          8          0          0          0
  root node        :          -          -      -          0          -          -       1714          -          -          -          -          -
Constraints        :     Number  MaxNumber  #Separate #Propagate    #EnfoLP    #EnfoRelax  #EnfoPS    #Check   #ResProp    Cutoffs    DomReds       Cuts    Applied      Conss   Children
  benderslp        :          0          0          0          0        160          0          0         40          0          0          0          0          0          0          0
  integral         :          0          0          0          0        160          0          0         40          0          0         70          0          0          0        248
  varbound         :        136        136         30       4139          0          0          0         35         19          5        413          0          0          0          0
  knapsack         :          1          1         30       2393          0          0          0         14          3          0         11          0          0          0          0
  setppc           :         23+        24         30       4021          0          0          0         14          7          0        124          0          0          0          0
  linear           :        423+       425         30       4134          0          0          0         14         22         44       3740          0          0          0          0
  logicor          :          7+         9         30        346          0          0          0         14          4          2         10          0          0          0          0
  bounddisjunction :          0+         6          0        160          0          0          0          0          0          0          0          0          0          0          0
  nonlinear        :        454        454        331       4088         30          0          0         14          0         56      48490      12666       5976          0         14
  benders          :          0          0          0          0          0          0          0          2          0          0          0          0          0          0          0
  countsols        :          0          0          0          0          0          0          0          2          0          0          0          0          0          0          0
  components       :          0          0          0          0          0          0          0          0          0          0          0          0          0          0          0
Constraint Timings :  TotalTime  SetupTime   Separate  Propagate     EnfoLP     EnfoPS     EnfoRelax   Check    ResProp    SB-Prop
  benderslp        :       0.00       0.00       0.00       0.00       0.00       0.00       0.00       0.00       0.00       0.00
  integral         :       0.14       0.00       0.00       0.00       0.14       0.00       0.00       0.00       0.00       0.00
  varbound         :       0.01       0.00       0.00       0.01       0.00       0.00       0.00       0.00       0.00       0.00
  knapsack         :       0.00       0.00       0.00       0.00       0.00       0.00       0.00       0.00       0.00       0.00
  setppc           :       0.00       0.00       0.00       0.00       0.00       0.00       0.00       0.00       0.00       0.00
  linear           :       0.04       0.00       0.00       0.03       0.00       0.00       0.00       0.00       0.00       0.00
  logicor          :       0.00       0.00       0.00       0.00       0.00       0.00       0.00       0.00       0.00       0.00
  bounddisjunction :       0.00       0.00       0.00       0.00       0.00       0.00       0.00       0.00       0.00       0.00
  nonlinear        :       1.09       0.02       0.61       0.41       0.04       0.00       0.00       0.01       0.00       0.01
  benders          :       0.00       0.00       0.00       0.00       0.00       0.00       0.00       0.00       0.00       0.00
  countsols        :       0.00       0.00       0.00       0.00       0.00       0.00       0.00       0.00       0.00       0.00
  components       :       0.00       0.00       0.00       0.00       0.00       0.00       0.00       0.00       0.00       0.00
Propagators        : #Propagate   #ResProp    Cutoffs    DomReds
  dualfix          :         13          0          0          0
  genvbounds       :        551          0          0        333
  nlobbt           :          0          0          0          0
  obbt             :          9          0          0        164
  probing          :          0          0          0          0
  pseudoobj        :          0          0          0          0
  redcost          :          0          0          0          0
  rootredcost      :          0          0          0          0
  symmetry         :          0          0          0          0
  vbounds          :       1579          0          0          0
Propagator Timings :  TotalTime  SetupTime   Presolve  Propagate    ResProp    SB-Prop
  dualfix          :       0.00       0.00       0.00       0.00       0.00       0.00
  genvbounds       :       0.00       0.00       0.00       0.00       0.00       0.00
  nlobbt           :       0.00       0.00       0.00       0.00       0.00       0.00
  obbt             :       4.05       0.00       0.00       4.05       0.00       0.00
  probing          :       0.11       0.00       0.11       0.00       0.00       0.00
  pseudoobj        :       0.00       0.00       0.00       0.00       0.00       0.00
  redcost          :       0.00       0.00       0.00       0.00       0.00       0.00
  rootredcost      :       0.00       0.00       0.00       0.00       0.00       0.00
  symmetry         :       0.01       0.00       0.01       0.00       0.00       0.00
  vbounds          :       0.00       0.00       0.00       0.00       0.00       0.00
Conflict Analysis  :       Time      Calls    Success    DomReds  Conflicts   Literals    Reconvs ReconvLits   Dualrays   Nonzeros   LP Iters   (pool size: [10000,10000])
  propagation      :       0.00          8          6          -          6        3.0          3        3.7          -          -          -
  infeasible LP    :       0.00         24          2          -          2        2.0          2        2.5          2        2.0          0
  bound exceed. LP :       0.00          0          0          -          0        0.0          0        0.0          0        0.0          0
  strong branching :       0.00          0          0          -          0        0.0          0        0.0          -          -          0
  pseudo solution  :       0.00          0          0          -          0        0.0          0        0.0          -          -          -
  applied globally :       0.00          -          -          0          8        2.5          -          -          2          -          -
  applied locally  :          -          -          -          0          0        0.0          -          -          0          -          -
Separators         :   ExecTime  SetupTime      Calls  RootCalls    Cutoffs    DomReds  FoundCuts ViaPoolAdd  DirectAdd    Applied ViaPoolApp  DirectApp      Conss
  cut pool         :       0.01          -         97         65          -          -       2119       2042          -          -          -          -          -    (maximal pool size:       2110)
  aggregation      :       0.20       0.00         41         30          0          0       1344       1150        105        164        149         15          0
  > cmir           :          -          -          -          -          -          -          -       1065         74        132        126          6          -
  > flowcover      :          -          -          -          -          -          -          -         82         29         30         22          8          -
  > knapsackcover  :          -          -          -          -          -          -          -          3          2          2          1          1          -
  cgmip            :       0.00       0.00          0          0          0          0          0          0          0          0          0          0          0
  clique           :       0.00       0.00         30         30          0          0          0          0          0          0          0          0          0
  closecuts        :       0.00       0.00          0          0          0          0          0          0          0          0          0          0          0
  convexproj       :       0.00       0.00          0          0          0          0          0          0          0          0          0          0          0
  disjunctive      :       0.00       0.00          0          0          0          0          0          0          0          0          0          0          0
  eccuts           :       0.00       0.00          0          0          0          0          0          0          0          0          0          0          0
  gauge            :       0.00       0.00          0          0          0          0          0          0          0          0          0          0          0
  gomory           :       0.02       0.00         21         10          0          0        160         85         58         42          8         34          0
  > gomorymi       :          -          -          -          -          -          -          -         85         57         42          8         34          -
  > strongcg       :          -          -          -          -          -          -          -          0          1          0          0          0          -
  impliedbounds    :       0.01       0.00         41         30          0          0        516        629          0         49         49          0          0
  interminor       :       0.00       0.00          0          0          0          0          0          0          0          0          0          0          0
  intobj           :       0.00       0.00          0          0          0          0          0          0          0          0          0          0          0
  mcf              :       0.00       0.00          1          1          0          0          0          0          0          0          0          0          0
  minor            :       0.00       0.00          0          0          0          0          0          0          0          0          0          0          0
  mixing           :       0.01       0.00         46         30          0          0        253        178          0         33         33          0          0
  oddcycle         :       0.00       0.00          0          0          0          0          0          0          0          0          0          0          0
  rapidlearning    :       0.00       0.00          0          0          0          0          0          0          0          0          0          0          0
  rlt              :       0.00       0.00         10         10          0          0          0          0          0          0          0          0          0
  zerohalf         :       0.02       0.00         31         20          0          0          0          0          0          0          0          0          0
Cutselectors       :   ExecTime  SetupTime      Calls  RootCalls   Selected     Forced   Filtered  RootSelec   RootForc   RootFilt 
  hybrid           :       0.01       0.00        332         36      11044          7       3633       1427          0       1758
Pricers            :   ExecTime  SetupTime      Calls       Vars
  problem variables:       0.00          -          0          0
Branching Rules    :   ExecTime  SetupTime   BranchLP  BranchExt   BranchPS    Cutoffs    DomReds       Cuts      Conss   Children
  allfullstrong    :       0.00       0.00          0          0          0          0          0          0          0          0
  cloud            :       0.00       0.00          0          0          0          0          0          0          0          0
  distribution     :       0.00       0.00          0          0          0          0          0          0          0          0
  fullstrong       :       0.00       0.00          0          0          0          0          0          0          0          0
  inference        :       0.00       0.00          0          0          0          0          0          0          0          0
  leastinf         :       0.00       0.00          0          0          0          0          0          0          0          0
  lookahead        :       0.00       0.00          0          0          0          0          0          0          0          0
  mostinf          :       0.00       0.00          0          0          0          0          0          0          0          0
  multaggr         :       0.00       0.00          0          0          0          0          0          0          0          0
  nodereopt        :       0.00       0.00          0          0          0          0          0          0          0          0
  pscost           :       0.00       0.00          0          0          0          0          0          0          0          0
  random           :       0.00       0.00          0          0          0          0          0          0          0          0
  relpscost        :       0.14       0.00        130          0          0          0         70          0          0        248
  vanillafullstrong:       0.00       0.00          0          0          0          0          0          0          0          0
Primal Heuristics  :   ExecTime  SetupTime      Calls      Found       Best
  LP solutions     :       0.00          -          -          0          0
  relax solutions  :       0.00          -          -          0          0
  pseudo solutions :       0.00          -          -          0          0
  strong branching :       0.00          -          -          0          0
  actconsdiving    :       0.00       0.00          0          0          0
  adaptivediving   :       0.02       0.00          1          0          0
  alns             :       0.33       0.00          3          1          1
  bound            :       0.00       0.00          0          0          0
  clique           :       0.03       0.00          1          0          0
  coefdiving       :       0.00       0.00          0          0          0
  completesol      :       0.00       0.00          0          0          0
  conflictdiving   :       0.02       0.00          1          0          0
  crossover        :       0.00       0.00          0          0          0
  dins             :       0.00       0.00          0          0          0
  distributiondivin:       0.04       0.00          1          0          0
  dps              :       0.00       0.00          0          0          0
  dualval          :       0.00       0.00          0          0          0
  farkasdiving     :       0.00       0.00          0          0          0
  feaspump         :       0.02       0.00          1          0          0
  fixandinfer      :       0.00       0.00          0          0          0
  fracdiving       :       0.01       0.00          1          0          0
  gins             :       0.00       0.00          0          0          0
  guideddiving     :       0.00       0.00          0          0          0
  indicator        :       0.00       0.00          0          0          0
  indicatordiving  :       0.00       0.00          0          0          0
  intdiving        :       0.00       0.00          0          0          0
  intshifting      :       0.00       0.00          2          0          0
  linesearchdiving :       0.01       0.00          1          0          0
  localbranching   :       0.00       0.00          0          0          0
  locks            :       0.02       0.00          1          0          0
  lpface           :       0.00       0.00          0          0          0
  mpec             :       6.13       0.00          1          0          0
  multistart       :       0.00       0.00          0          0          0
  mutation         :       0.00       0.00          0          0          0
  nlpdiving        :       0.40       0.00          1          0          0
  objpscostdiving  :       0.05       0.00          1          0          0
  octane           :       0.00       0.00          0          0          0
  ofins            :       0.00       0.00          0          0          0
  oneopt           :       0.00       0.00          0          0          0
  padm             :       0.00       0.00          0          0          0
  proximity        :       0.00       0.00          0          0          0
  pscostdiving     :       0.03       0.00          1          0          0
  randrounding     :       0.19       0.00         43          0          0
  rens             :       1.13       0.00          1          0          0
  reoptsols        :       0.00       0.00          0          0          0
  repair           :       0.00       0.00          0          0          0
  rins             :       0.00       0.00          0          0          0
  rootsoldiving    :       0.01       0.00          1          0          0
  rounding         :       0.02       0.00        242          0          0
  shiftandpropagate:       0.01       0.00          1          0          0
  shifting         :       0.05       0.00         59          0          0
  simplerounding   :       0.00       0.00          0          0          0
  subnlp           :       0.04       0.00          2          0          0
  trivial          :       0.00       0.00          2          0          0
  trivialnegation  :       0.00       0.00          0          0          0
  trustregion      :       0.00       0.00          0          0          0
  trysol           :       0.00       0.00          0          0          0
  twoopt           :       0.00       0.00          0          0          0
  undercover       :       0.01       0.00          1          0          0
  vbounds          :       0.00       0.00          0          0          0
  veclendiving     :       0.02       0.00          1          0          0
  zeroobj          :       0.00       0.00          0          0          0
  zirounding       :       0.00       0.00        124          0          0
  other solutions  :          -          -          -          0          -
Expressions        :   #IntEval  IntEvalTi   #RevProp  RevPropTi    DomReds    Cutoffs  #Estimate  EstimTime  Branching  #Simplify SimplifyTi Simplified
  abs              :      74537       0.00       1303       0.00        274          0        357       0.00          8       3713       0.00        569
  pow              :     198419       0.03      31764       0.01      27228          0      94270       0.00       4346       5483       0.00        952
  prod             :      53964       0.01       7227       0.00        629          0      20776       0.13        838       6649       0.01       4886
  sum              :     173150       0.05      54917       0.02      15951          9        481       0.00          0      10922       0.02       4406
  val              :          3       0.00          0       0.00          0          0          0       0.00          0          0       0.00          0
  var              :     136021       0.01          0       0.00          0          0          0       0.00          0      11158       0.00       2367
  varidx           :          0       0.00          0       0.00          0          0          0       0.00          0          0       0.00          0
Nlhdlrs            :    Detects  DetectAll DetectTime   #IntEval  IntEvalTi   #RevProp  RevPropTi    DomReds    Cutoffs   #Enforce   EnfoTime       Cuts  Branching
  soc              :        111        111       0.01          0       0.00          0       0.00          0          0       2326       0.00        338          0
  convex           :        102        102       0.01          0       0.00          0       0.00          0          0       1621       0.00       1473          0
  concave          :        102        102       0.01          0       0.00          0       0.00          0          0      20970       0.02        210          0
  quotient         :        123        123       0.00          0       0.00          0       0.00          0          0        415       0.00        119          0
  quadratic        :        236      20351       0.05     103857       0.10      58054       0.08      11667         20          0       0.00          0          0
  default          :       1783     106968       0.01     415181       0.09      98033       0.11      44082          9     115451       0.22       9595          0
  bilinear         :        301        301       0.00       5091       0.00        844       0.00        273          0      16809       0.00        576          0
  perspective      :         57         57       0.01          0       0.00          0       0.00          4          0       5844       0.03        662        105
LP                 :       Time      Calls Iterations  Iter/call   Iter/sec  Time-0-It Calls-0-It    ItLimit
  primal LP        :       0.18        124          0       0.00       0.00       0.18        124
  dual LP          :       0.76        499      11822      24.08   15475.99       0.01          8
  lex dual LP      :       0.00          0          0       0.00          -
  barrier LP       :       0.00          0          0       0.00          -       0.00          0
  resolve instable :       0.01          2        120      60.00          -
  diving/probing LP:       3.58       1102      32400      29.40    9039.39
  strong branching :       0.09         25       1633      65.32   17481.51          -          -          0
    (at root node) :          -         25       1633      65.32          -
  conflict analysis:       0.00          0          0       0.00          -
NLP relaxation     :
  solve time       :       0.40 (1 calls)
  convexity        :  nonconvex (590 linear rows, 4 convex ineq., 160 nonconvex ineq., 290 nonlinear eq. or two-sided ineq.)
NLP Solvers        :  #Problems  ProblemTi    #Solves  SolveTime      #Iter  Time/Iter      #Okay #TimeLimit #IterLimit #LObjLimit #Interrupt  #NumError #EvalError  #OutOfMem #LicenseEr #OtherTerm   #GlobOpt    #LocOpt  #Feasible #LocInfeas #GlobInfea #Unbounded   #Unknown
  ipopt            :          2       0.01          2       6.51        300       0.02          2          0          0          0          0          0          0          0          0          0          0          0          0          1          0          0          1
B&B Tree           :
  number of runs   :          1
  nodes            :        206 (131 internal, 75 leaves)
  feasible leaves  :          0
  infeas. leaves   :         75
  objective leaves :          0
  nodes (total)    :        206 (131 internal, 75 leaves)
  nodes left       :          0
  max depth        :         40
  max depth (total):         40
  backtracks       :         41 (19.9%)
  early backtracks :          0 (0.0%)
  nodes exc. ref.  :          0 (0.0%)
  delayed cutoffs  :          0
  repropagations   :          0 (0 domain reductions, 0 cutoffs)
  avg switch length:       2.84
  switching time   :       0.21
Root Node          :
  First LP value   : +0.00000000000000e+00
  First LP Iters   :        642 (28397.03 Iter/sec)
  First LP Time    :       0.02
  Final Dual Bound : +0.00000000000000e+00
  Final Root Iters :       2972
  Root LP Estimate : +1.10007368395222e-03
Solution           :
  Solutions found  :          1 (1 improvements)
  First Solution   : +0.00000000000000e+00   (in run 1, after 206 nodes, 16.08 seconds, depth 40, found by <alns>)
  Gap First Sol.   :       0.00 %
  Gap Last Sol.    :       0.00 %
  Primal Bound     : +0.00000000000000e+00   (in run 1, after 206 nodes, 16.08 seconds, depth 40, found by <alns>)
  Dual Bound       : +0.00000000000000e+00
  Gap              :       0.00 %
Integrals          :      Total       Avg%
  primal-dual      :    1608.20      99.93
  primal-ref       :          -          - (not evaluated)
  dual-ref         :          -          - (not evaluated)
