SCIP Status        : problem is solved [optimal solution found]
Total Time         :      21.38
  solving          :      21.35
  presolving       :       0.97 (included in solving)
  reading          :       0.03
  copying          :       0.04 (5 #copies) (minimal 0.01, maximal 0.02, average 0.01)
Original Problem   :
  Problem name     : gastrans582_cool14
  Variables        : 2186 (232 binary, 18 integer, 0 implicit integer, 1936 continuous)
  Constraints      : 3732 initial, 3732 maximal
  Objective        : minimize, 0 non-zeros (abs.min = 1e+20, abs.max = -1e+20)
Presolved Problem  :
  Problem name     : t_gastrans582_cool14
  Variables        : 1909 (80 binary, 0 integer, 0 implicit integer, 1829 continuous)
  Constraints      : 1043 initial, 1061 maximal
  Objective        : minimize, 0 non-zeros (abs.min = 1e+20, abs.max = -1e+20)
  Nonzeros         : 2774 constraint, 370 clique table
Presolvers         :   ExecTime  SetupTime  Calls  FixedVars   AggrVars   ChgTypes  ChgBounds   AddHoles    DelCons    AddCons   ChgSides   ChgCoefs
  boundshift       :       0.00       0.00      0          0          0          0          0          0          0          0          0          0
  convertinttobin  :       0.00       0.00      0          0          0          0          0          0          0          0          0          0
  domcol           :       0.00       0.00      5          0          0          0          0          0          0          0          0          0
  dualagg          :       0.00       0.00      0          0          0          0          0          0          0          0          0          0
  dualcomp         :       0.00       0.00      5          0          0          0          0          0          0          0          0          0
  dualinfer        :       0.00       0.00      0          0          0          0          0          0          0          0          0          0
  dualsparsify     :       0.00       0.00      1          0          0          0          0          0          0          0          0          0
  gateextraction   :       0.00       0.00     16          0          0          0          0          0          4          0          0          0
  implics          :       0.00       0.00     24          0          6          0          0          0          0          0          0          0
  inttobinary      :       0.00       0.00      0          0          0          0          0          0          0          0          0          0
  qpkktref         :       0.00       0.00      0          0          0          0          0          0          0          0          0          0
  redvub           :       0.00       0.00      0          0          0          0          0          0          0          0          0          0
  sparsify         :       0.00       0.00      1          0          0          0          0          0          0          0          0          0
  stuffing         :       0.00       0.00      0          0          0          0          0          0          0          0          0          0
  trivial          :       0.00       0.00     51        225          0          0          0          0          0          0          0          0
  tworowbnd        :       0.00       0.00      0          0          0          0          0          0          0          0          0          0
  dualfix          :       0.00       0.00     51         47          0          0          0          0          0          0          0          0
  genvbounds       :       0.00       0.00      0          0          0          0          0          0          0          0          0          0
  probing          :       0.11       0.00      5         33         55          0        149          0          0          0          0          0
  pseudoobj        :       0.00       0.00      0          0          0          0          0          0          0          0          0          0
  symmetry         :       0.01       0.00      1          0          0          0          0          0          0          0          0          0
  vbounds          :       0.00       0.00      6          0          6          0          0          0          0          0          0          0
  varbound         :       0.00       0.00     60          0          0          0          6          0        123          2         31         39
  knapsack         :       0.00       0.00     72          0          0          0          0          0          1          1          0          0
  setppc           :       0.00       0.00     72          0          1          0          0          0         19          0          1          1
  linear           :       0.04       0.00     65        247        933          0        944          0       2065          0        320        679
  logicor          :       0.00       0.00     68         18          0          0          0          0         27          0          0        194
  bounddisjunction :       0.00       0.00      0          0          0          0          0          0          0          0          0          0
  nonlinear        :       0.76       0.02     80          0          0          0        994          0        423         -3          0       -913
  benders          :       0.00       0.00      0          0          0          0          0          0          0          0          0          0
  components       :       0.04       0.00      1         11          0          0          0          0          8          0          0          0
  root node        :          -          -      -          0          -          -       1575          -          -          -          -          -
Constraints        :     Number  MaxNumber  #Separate #Propagate    #EnfoLP    #EnfoRelax  #EnfoPS    #Check   #ResProp    Cutoffs    DomReds       Cuts    Applied      Conss   Children
  benderslp        :          0          0          0          0        111          0          0         46          0          0          0          0          0          0          0
  integral         :          0          0          0          0        111          0          0         46          0          0         47          0          0          0        194
  varbound         :        136        136         27       3689          0          0          0         41         23          3        317          0          0          0          0
  knapsack         :          1          1         27       1933          0          0          0         17          5          1          5          0          0          0          0
  setppc           :         23+        28         27       3638          0          0          0         17         13          2         62          0          0          0          0
  linear           :        423+       425         27       3683          0          0          0         17         23         28       2283          0          0          0          0
  logicor          :          7+        12         27        385          0          0          0         17          7          6          8          0          0          0          0
  bounddisjunction :          0+         6          0        120          0          0          0          0          0          0          1          0          0          0          0
  nonlinear        :        453        453        259       3649         10          0          0         17          0         52      27926      10870       5359          0          2
  benders          :          0          0          0          0          0          0          0          2          0          0          0          0          0          0          0
  countsols        :          0          0          0          0          0          0          0          2          0          0          0          0          0          0          0
  components       :          0          0          0          0          0          0          0          0          0          0          0          0          0          0          0
Constraint Timings :  TotalTime  SetupTime   Separate  Propagate     EnfoLP     EnfoPS     EnfoRelax   Check    ResProp    SB-Prop
  benderslp        :       0.00       0.00       0.00       0.00       0.00       0.00       0.00       0.00       0.00       0.00
  integral         :       0.17       0.00       0.00       0.00       0.17       0.00       0.00       0.00       0.00       0.00
  varbound         :       0.01       0.00       0.00       0.01       0.00       0.00       0.00       0.00       0.00       0.00
  knapsack         :       0.00       0.00       0.00       0.00       0.00       0.00       0.00       0.00       0.00       0.00
  setppc           :       0.01       0.00       0.00       0.01       0.00       0.00       0.00       0.00       0.00       0.00
  linear           :       0.04       0.00       0.00       0.04       0.00       0.00       0.00       0.00       0.00       0.00
  logicor          :       0.00       0.00       0.00       0.00       0.00       0.00       0.00       0.00       0.00       0.00
  bounddisjunction :       0.00       0.00       0.00       0.00       0.00       0.00       0.00       0.00       0.00       0.00
  nonlinear        :       1.16       0.02       0.69       0.41       0.03       0.00       0.00       0.01       0.00       0.01
  benders          :       0.00       0.00       0.00       0.00       0.00       0.00       0.00       0.00       0.00       0.00
  countsols        :       0.00       0.00       0.00       0.00       0.00       0.00       0.00       0.00       0.00       0.00
  components       :       0.00       0.00       0.00       0.00       0.00       0.00       0.00       0.00       0.00       0.00
Propagators        : #Propagate   #ResProp    Cutoffs    DomReds
  dualfix          :         11          0          0          0
  genvbounds       :        325          0          0        191
  nlobbt           :          0          0          0          0
  obbt             :          7          0          0        123
  probing          :          0          0          0          0
  pseudoobj        :          0          0          0          0
  redcost          :          0          0          0          0
  rootredcost      :          0          0          0          0
  symmetry         :          0          0          0          0
  vbounds          :       1316          0          0          0
Propagator Timings :  TotalTime  SetupTime   Presolve  Propagate    ResProp    SB-Prop
  dualfix          :       0.00       0.00       0.00       0.00       0.00       0.00
  genvbounds       :       0.00       0.00       0.00       0.00       0.00       0.00
  nlobbt           :       0.00       0.00       0.00       0.00       0.00       0.00
  obbt             :       5.44       0.00       0.00       5.44       0.00       0.00
  probing          :       0.11       0.00       0.11       0.00       0.00       0.00
  pseudoobj        :       0.00       0.00       0.00       0.00       0.00       0.00
  redcost          :       0.00       0.00       0.00       0.00       0.00       0.00
  rootredcost      :       0.00       0.00       0.00       0.00       0.00       0.00
  symmetry         :       0.01       0.00       0.01       0.00       0.00       0.00
  vbounds          :       0.00       0.00       0.00       0.00       0.00       0.00
Conflict Analysis  :       Time      Calls    Success    DomReds  Conflicts   Literals    Reconvs ReconvLits   Dualrays   Nonzeros   LP Iters   (pool size: [10000,10000])
  propagation      :       0.00         13         11          -         15        3.1          2        4.0          -          -          -
  infeasible LP    :       0.00         13          2          -          3        6.0          2        2.5          2        5.0          0
  bound exceed. LP :       0.00          0          0          -          0        0.0          0        0.0          0        0.0          0
  strong branching :       0.00          0          0          -          0        0.0          0        0.0          -          -          0
  pseudo solution  :       0.00          0          0          -          0        0.0          0        0.0          -          -          -
  applied globally :       0.00          -          -          0         15        2.5          -          -          2          -          -
  applied locally  :          -          -          -          0          0        0.0          -          -          0          -          -
Separators         :   ExecTime  SetupTime      Calls  RootCalls    Cutoffs    DomReds  FoundCuts ViaPoolAdd  DirectAdd    Applied ViaPoolApp  DirectApp      Conss
  cut pool         :       0.01          -        112         57          -          -       2453       1734          -          -          -          -          -    (maximal pool size:       2447)
  aggregation      :       0.31       0.00         54         27          0          0       1671       1032        139        165        138         27          0
  > cmir           :          -          -          -          -          -          -          -        978         91        136        126         10          -
  > flowcover      :          -          -          -          -          -          -          -         52         31         18         11          7          -
  > knapsackcover  :          -          -          -          -          -          -          -          2         17         11          1         10          -
  cgmip            :       0.00       0.00          0          0          0          0          0          0          0          0          0          0          0
  clique           :       0.00       0.00         27         27          0          0          0          0          0          0          0          0          0
  closecuts        :       0.00       0.00          0          0          0          0          0          0          0          0          0          0          0
  convexproj       :       0.00       0.00          0          0          0          0          0          0          0          0          0          0          0
  disjunctive      :       0.00       0.00          0          0          0          0          0          0          0          0          0          0          0
  eccuts           :       0.00       0.00          0          0          0          0          0          0          0          0          0          0          0
  gauge            :       0.00       0.00          0          0          0          0          0          0          0          0          0          0          0
  gomory           :       0.02       0.00         35         10          0          0        176         88         55         49         24         25          0
  > gomorymi       :          -          -          -          -          -          -          -         86         51         49         24         25          -
  > strongcg       :          -          -          -          -          -          -          -          2          4          0          0          0          -
  impliedbounds    :       0.01       0.00         54         27          0          0        563        420          0         47         47          0          0
  interminor       :       0.00       0.00          0          0          0          0          0          0          0          0          0          0          0
  intobj           :       0.00       0.00          0          0          0          0          0          0          0          0          0          0          0
  mcf              :       0.00       0.00          1          1          0          0          0          0          0          0          0          0          0
  minor            :       0.00       0.00          0          0          0          0          0          0          0          0          0          0          0
  mixing           :       0.01       0.00         54         27          0          0        231        194          0         23         23          0          0
  oddcycle         :       0.00       0.00          0          0          0          0          0          0          0          0          0          0          0
  rapidlearning    :       0.00       0.00          0          0          0          0          0          0          0          0          0          0          0
  rlt              :       0.00       0.00         10         10          0          0          0          0          0          0          0          0          0
  zerohalf         :       0.04       0.00         45         20          0          0          7          0          7          3          0          3          0
Cutselectors       :   ExecTime  SetupTime      Calls  RootCalls   Selected     Forced   Filtered  RootSelec   RootForc   RootFilt 
  hybrid           :       0.01       0.00        262         31       9327         27       3371       1289          0       1591
Pricers            :   ExecTime  SetupTime      Calls       Vars
  problem variables:       0.00          -          0          0
Branching Rules    :   ExecTime  SetupTime   BranchLP  BranchExt   BranchPS    Cutoffs    DomReds       Cuts      Conss   Children
  allfullstrong    :       0.00       0.00          0          0          0          0          0          0          0          0
  cloud            :       0.00       0.00          0          0          0          0          0          0          0          0
  distribution     :       0.00       0.00          0          0          0          0          0          0          0          0
  fullstrong       :       0.00       0.00          0          0          0          0          0          0          0          0
  inference        :       0.00       0.00          0          0          0          0          0          0          0          0
  leastinf         :       0.00       0.00          0          0          0          0          0          0          0          0
  lookahead        :       0.00       0.00          0          0          0          0          0          0          0          0
  mostinf          :       0.00       0.00          0          0          0          0          0          0          0          0
  multaggr         :       0.00       0.00          0          0          0          0          0          0          0          0
  nodereopt        :       0.00       0.00          0          0          0          0          0          0          0          0
  pscost           :       0.00       0.00          0          0          0          0          0          0          0          0
  random           :       0.00       0.00          0          0          0          0          0          0          0          0
  relpscost        :       0.17       0.00        101          0          0          0         47          0          0        194
  vanillafullstrong:       0.00       0.00          0          0          0          0          0          0          0          0
Primal Heuristics  :   ExecTime  SetupTime      Calls      Found       Best
  LP solutions     :       0.00          -          -          0          0
  relax solutions  :       0.00          -          -          0          0
  pseudo solutions :       0.00          -          -          0          0
  strong branching :       0.00          -          -          0          0
  actconsdiving    :       0.00       0.00          0          0          0
  adaptivediving   :       0.05       0.00          2          0          0
  alns             :       0.98       0.00          3          1          1
  bound            :       0.00       0.00          0          0          0
  clique           :       2.80       0.00          1          0          0
  coefdiving       :       0.00       0.00          0          0          0
  completesol      :       0.00       0.00          0          0          0
  conflictdiving   :       0.04       0.00          2          0          0
  crossover        :       0.00       0.00          0          0          0
  dins             :       0.00       0.00          0          0          0
  distributiondivin:       0.04       0.00          1          0          0
  dps              :       0.00       0.00          0          0          0
  dualval          :       0.00       0.00          0          0          0
  farkasdiving     :       0.00       0.00          0          0          0
  feaspump         :       0.04       0.00          1          0          0
  fixandinfer      :       0.00       0.00          0          0          0
  fracdiving       :       0.03       0.00          2          0          0
  gins             :       0.00       0.00          0          0          0
  guideddiving     :       0.00       0.00          0          0          0
  indicator        :       0.00       0.00          0          0          0
  indicatordiving  :       0.00       0.00          0          0          0
  intdiving        :       0.00       0.00          0          0          0
  intshifting      :       0.00       0.00          3          0          0
  linesearchdiving :       0.01       0.00          1          0          0
  localbranching   :       0.00       0.00          0          0          0
  locks            :       0.02       0.00          1          0          0
  lpface           :       0.00       0.00          0          0          0
  mpec             :       6.42       0.00          1          0          0
  multistart       :       0.00       0.00          0          0          0
  mutation         :       0.00       0.00          0          0          0
  nlpdiving        :       0.86       0.00          1          0          0
  objpscostdiving  :       0.02       0.00          1          0          0
  octane           :       0.00       0.00          0          0          0
  ofins            :       0.00       0.00          0          0          0
  oneopt           :       0.00       0.00          0          0          0
  padm             :       0.00       0.00          0          0          0
  proximity        :       0.00       0.00          0          0          0
  pscostdiving     :       0.06       0.00          2          0          0
  randrounding     :       0.17       0.00         37          0          0
  rens             :       0.22       0.00          1          0          0
  reoptsols        :       0.00       0.00          0          0          0
  repair           :       0.00       0.00          0          0          0
  rins             :       0.00       0.00          0          0          0
  rootsoldiving    :       0.01       0.00          1          0          0
  rounding         :       0.02       0.00        224          0          0
  shiftandpropagate:       0.01       0.00          1          0          0
  shifting         :       0.06       0.00         74          0          0
  simplerounding   :       0.00       0.00          0          0          0
  subnlp           :       0.06       0.00          2          0          0
  trivial          :       0.00       0.00          2          0          0
  trivialnegation  :       0.00       0.00          0          0          0
  trustregion      :       0.00       0.00          0          0          0
  trysol           :       0.00       0.00          0          0          0
  twoopt           :       0.00       0.00          0          0          0
  undercover       :       0.01       0.00          1          0          0
  vbounds          :       0.00       0.00          0          0          0
  veclendiving     :       0.01       0.00          1          0          0
  zeroobj          :       0.00       0.00          0          0          0
  zirounding       :       0.01       0.00         97          0          0
  other solutions  :          -          -          -          0          -
Expressions        :   #IntEval  IntEvalTi   #RevProp  RevPropTi    DomReds    Cutoffs  #Estimate  EstimTime  Branching  #Simplify SimplifyTi Simplified
  abs              :      59743       0.00       1201       0.00        281          0        307       0.00          0       3680       0.00        569
  pow              :     170835       0.03      24286       0.01      18964          0      70419       0.00       1390       5444       0.00        940
  prod             :      50336       0.01       6468       0.00        378          0      17415       0.12        448       6643       0.01       4878
  sum              :     152705       0.04      47224       0.02      10741         11        487       0.00          0      10778       0.02       4388
  val              :          4       0.00          0       0.00          0          0          0       0.00          0          0       0.00          0
  var              :     118323       0.01          0       0.00          0          0          0       0.00          0      11091       0.00       2364
  varidx           :          0       0.00          0       0.00          0          0          0       0.00          0          0       0.00          0
Nlhdlrs            :    Detects  DetectAll DetectTime   #IntEval  IntEvalTi   #RevProp  RevPropTi    DomReds    Cutoffs   #Enforce   EnfoTime       Cuts  Branching
  soc              :        119        119       0.00          0       0.00          0       0.00          0          0       1886       0.00        622          0
  convex           :         97         97       0.01          0       0.00          0       0.00          0          0       1393       0.00       1253          0
  concave          :         97         97       0.01          0       0.00          0       0.00          0          0      18437       0.02        198          0
  signomial        :        138        138       0.01          0       0.00          0       0.00          0          0       5439       0.02        232          0
  quotient         :        122        122       0.01          0       0.00          0       0.00          0          0        315       0.00         67          0
  quadratic        :        228      19742       0.05      83789       0.09      46714       0.08       7519         24          0       0.00          0          0
  default          :       1770     106937       0.01     349913       0.08      82001       0.11      30364         13      88198       0.23       7858          0
  bilinear         :        295        295       0.00       3315       0.00        712       0.00        162          0      14141       0.01        424          0
  perspective      :         54         54       0.01          0       0.00          0       0.00         10          0       4307       0.02        392         30
LP                 :       Time      Calls Iterations  Iter/call   Iter/sec  Time-0-It Calls-0-It    ItLimit
  primal LP        :       0.21         95          0       0.00       0.00       0.21         95
  dual LP          :       0.95        392      10870      28.16   11387.18       0.00          6
  lex dual LP      :       0.00          0          0       0.00          -
  barrier LP       :       0.00          0          0       0.00          -       0.00          0
  resolve instable :       0.00          0          0       0.00          -
  diving/probing LP:       4.96       1114      33575      30.14    6771.63
  strong branching :       0.10         31       1330      42.90   12816.19          -          -          0
    (at root node) :          -         31       1330      42.90          -
  conflict analysis:       0.00          0          0       0.00          -
NLP relaxation     :
  solve time       :       0.86 (1 calls)
  convexity        :  nonconvex (590 linear rows, 4 convex ineq., 159 nonconvex ineq., 290 nonlinear eq. or two-sided ineq.)
NLP Solvers        :  #Problems  ProblemTi    #Solves  SolveTime      #Iter  Time/Iter      #Okay #TimeLimit #IterLimit #LObjLimit #Interrupt  #NumError #EvalError  #OutOfMem #LicenseEr #OtherTerm   #GlobOpt    #LocOpt  #Feasible #LocInfeas #GlobInfea #Unbounded   #Unknown
  ipopt            :          2       0.01          2       7.25        365       0.02          2          0          0          0          0          0          0          0          0          0          0          0          0          1          0          0          1
B&B Tree           :
  number of runs   :          1
  nodes            :        139 (98 internal, 41 leaves)
  feasible leaves  :          0
  infeas. leaves   :         41
  objective leaves :          0
  nodes (total)    :        139 (98 internal, 41 leaves)
  nodes left       :          0
  max depth        :         22
  max depth (total):         22
  backtracks       :         43 (30.9%)
  early backtracks :          0 (0.0%)
  nodes exc. ref.  :          0 (0.0%)
  delayed cutoffs  :          0
  repropagations   :          0 (0 domain reductions, 0 cutoffs)
  avg switch length:       3.47
  switching time   :       0.25
Root Node          :
  First LP value   : +0.00000000000000e+00
  First LP Iters   :        676 (35416.78 Iter/sec)
  First LP Time    :       0.02
  Final Dual Bound : +0.00000000000000e+00
  Final Root Iters :       2826
  Root LP Estimate : +2.34918380340980e-03
Solution           :
  Solutions found  :          1 (1 improvements)
  First Solution   : +0.00000000000000e+00   (in run 1, after 139 nodes, 21.33 seconds, depth 20, found by <alns>)
  Gap First Sol.   :       0.00 %
  Gap Last Sol.    :       0.00 %
  Primal Bound     : +0.00000000000000e+00   (in run 1, after 139 nodes, 21.33 seconds, depth 20, found by <alns>)
  Dual Bound       : +0.00000000000000e+00
  Gap              :       0.00 %
Integrals          :      Total       Avg%
  primal-dual      :    2133.50      99.92
  primal-ref       :          -          - (not evaluated)
  dual-ref         :          -          - (not evaluated)
