SCIP Status        : problem is solved [optimal solution found]
Total Time         :      41.98
  solving          :      41.95
  presolving       :       0.52 (included in solving)
  reading          :       0.03
  copying          :       0.03 (5 #copies) (minimal 0.00, maximal 0.01, average 0.01)
Original Problem   :
  Problem name     : gastrans582_freezing30_95
  Variables        : 2186 (232 binary, 18 integer, 0 implicit integer, 1936 continuous)
  Constraints      : 3732 initial, 3732 maximal
  Objective        : minimize, 0 non-zeros (abs.min = 1e+20, abs.max = -1e+20)
Presolved Problem  :
  Problem name     : t_gastrans582_freezing30_95
  Variables        : 1911 (74 binary, 0 integer, 0 implicit integer, 1837 continuous)
  Constraints      : 1018 initial, 1043 maximal
  Objective        : minimize, 0 non-zeros (abs.min = 1e+20, abs.max = -1e+20)
  Nonzeros         : 2693 constraint, 344 clique table
Presolvers         :   ExecTime  SetupTime  Calls  FixedVars   AggrVars   ChgTypes  ChgBounds   AddHoles    DelCons    AddCons   ChgSides   ChgCoefs
  boundshift       :       0.00       0.00      0          0          0          0          0          0          0          0          0          0
  convertinttobin  :       0.00       0.00      0          0          0          0          0          0          0          0          0          0
  domcol           :       0.00       0.00      5          0          0          0          0          0          0          0          0          0
  dualagg          :       0.00       0.00      0          0          0          0          0          0          0          0          0          0
  dualcomp         :       0.00       0.00      5          0          0          0          0          0          0          0          0          0
  dualinfer        :       0.00       0.00      0          0          0          0          0          0          0          0          0          0
  dualsparsify     :       0.00       0.00      1          0          0          0          0          0          0          0          0          0
  gateextraction   :       0.00       0.00     15          0          0          0          0          0          3          0          0          0
  implics          :       0.00       0.00     22          0          6          0          0          0          0          0          0          0
  inttobinary      :       0.00       0.00      0          0          0          0          0          0          0          0          0          0
  qpkktref         :       0.00       0.00      0          0          0          0          0          0          0          0          0          0
  redvub           :       0.00       0.00      0          0          0          0          0          0          0          0          0          0
  sparsify         :       0.00       0.00      1          0          0          0          0          0          0          0          0          0
  stuffing         :       0.00       0.00      0          0          0          0          0          0          0          0          0          0
  trivial          :       0.00       0.00     52        224          0          0          0          0          0          0          0          0
  tworowbnd        :       0.00       0.00      0          0          0          0          0          0          0          0          0          0
  dualfix          :       0.00       0.00     52         48          0          0          0          0          0          0          0          0
  genvbounds       :       0.00       0.00      0          0          0          0          0          0          0          0          0          0
  probing          :       0.05       0.00      5         41         55          0        110          0          0          0          0          0
  pseudoobj        :       0.00       0.00      0          0          0          0          0          0          0          0          0          0
  symmetry         :       0.00       0.00      1          0          0          0          0          0          0          0          0          0
  vbounds          :       0.00       0.00      6          0          6          0          0          0          0          0          0          0
  varbound         :       0.00       0.00     59          0          0          0          7          0        133          3         30         44
  knapsack         :       0.00       0.00     71          0          0          0          0          0          1          1          0          0
  setppc           :       0.00       0.00     71          0          1          0          0          0         19          0          1          1
  linear           :       0.03       0.00     66        249        943          0        959          0       2085          0        332        683
  logicor          :       0.00       0.00     67         17          0          0          0          0         28          0          0        196
  bounddisjunction :       0.00       0.00      0          0          0          0          0          0          0          0          0          0
  nonlinear        :       0.41       0.01     79          0          0          0       1129          0        427         -4          0       -924
  benders          :       0.00       0.00      0          0          0          0          0          0          0          0          0          0
  components       :       0.01       0.00      1          4          0          0          0          0          2          0          0          0
  root node        :          -          -      -          0          -          -       1704          -          -          -          -          -
Constraints        :     Number  MaxNumber  #Separate #Propagate    #EnfoLP    #EnfoRelax  #EnfoPS    #Check   #ResProp    Cutoffs    DomReds       Cuts    Applied      Conss   Children
  benderslp        :          0          0          0          0        649          0          0        166          0          0          0          0          0          0          0
  integral         :          0          0          0          0        649          0          0        166          0          0        103          0          0          0        638
  varbound         :        126        126         29       5930          0          0          0        161         35          8        761          0          0          0          0
  knapsack         :          1          1         29       2428          0          0          0         44          7          2          5          0          0          0          0
  setppc           :         23+        30         29       5894          0          0          0         44         17          4        176          0          0          0          0
  linear           :        404+       411         29       5930          0          0          0         44         39         55       7250          0          0          0          0
  logicor          :          7+        13         29        437          0          0          0         22         10          6          6          0          0          0          0
  bounddisjunction :          0+         7          0        124          0          0          0          0          0          0         12          0          0          0          0
  nonlinear        :        457        457       1147       5869        323          0          0         22          0        282     101610      33118      17566          0        210
  benders          :          0          0          0          0          0          0          0          2          0          0          0          0          0          0          0
  countsols        :          0          0          0          0          0          0          0          2          0          0          0          0          0          0          0
  components       :          0          0          0          0          0          0          0          0          0          0          0          0          0          0          0
Constraint Timings :  TotalTime  SetupTime   Separate  Propagate     EnfoLP     EnfoPS     EnfoRelax   Check    ResProp    SB-Prop
  benderslp        :       0.00       0.00       0.00       0.00       0.00       0.00       0.00       0.00       0.00       0.00
  integral         :       0.29       0.00       0.00       0.00       0.29       0.00       0.00       0.00       0.00       0.00
  varbound         :       0.02       0.00       0.00       0.01       0.00       0.00       0.00       0.00       0.00       0.00
  knapsack         :       0.00       0.00       0.00       0.00       0.00       0.00       0.00       0.00       0.00       0.00
  setppc           :       0.01       0.00       0.00       0.01       0.00       0.00       0.00       0.00       0.00       0.00
  linear           :       0.06       0.00       0.00       0.05       0.00       0.00       0.00       0.00       0.00       0.00
  logicor          :       0.00       0.00       0.00       0.00       0.00       0.00       0.00       0.00       0.00       0.00
  bounddisjunction :       0.00       0.00       0.00       0.00       0.00       0.00       0.00       0.00       0.00       0.00
  nonlinear        :       4.48       0.01       2.91       0.74       0.79       0.00       0.00       0.02       0.00       0.02
  benders          :       0.00       0.00       0.00       0.00       0.00       0.00       0.00       0.00       0.00       0.00
  countsols        :       0.00       0.00       0.00       0.00       0.00       0.00       0.00       0.00       0.00       0.00
  components       :       0.00       0.00       0.00       0.00       0.00       0.00       0.00       0.00       0.00       0.00
Propagators        : #Propagate   #ResProp    Cutoffs    DomReds
  dualfix          :         14          0          0          0
  genvbounds       :       1081          0          3       2404
  nlobbt           :          0          0          0          0
  obbt             :         10          0          0        149
  probing          :          0          0          0          0
  pseudoobj        :          0          0          0          0
  redcost          :          0          0          0          0
  rootredcost      :          0          0          0          0
  symmetry         :          0          0          0          0
  vbounds          :       2261          0          0          0
Propagator Timings :  TotalTime  SetupTime   Presolve  Propagate    ResProp    SB-Prop
  dualfix          :       0.00       0.00       0.00       0.00       0.00       0.00
  genvbounds       :       0.02       0.00       0.00       0.01       0.00       0.00
  nlobbt           :       0.00       0.00       0.00       0.00       0.00       0.00
  obbt             :       3.71       0.00       0.00       3.71       0.00       0.00
  probing          :       0.05       0.00       0.05       0.00       0.00       0.00
  pseudoobj        :       0.00       0.00       0.00       0.00       0.00       0.00
  redcost          :       0.00       0.00       0.00       0.00       0.00       0.00
  rootredcost      :       0.00       0.00       0.00       0.00       0.00       0.00
  symmetry         :       0.00       0.00       0.00       0.00       0.00       0.00
  vbounds          :       0.00       0.00       0.00       0.00       0.00       0.00
Conflict Analysis  :       Time      Calls    Success    DomReds  Conflicts   Literals    Reconvs ReconvLits   Dualrays   Nonzeros   LP Iters   (pool size: [10000,10000])
  propagation      :       0.00         25         22          -         25        3.0          1        2.0          -          -          -
  infeasible LP    :       0.01         53         16          -          5        2.6          1        2.0         14        4.8          0
  bound exceed. LP :       0.00          0          0          -          0        0.0          0        0.0          0        0.0          0
  strong branching :       0.00          0          0          -          0        0.0          0        0.0          -          -          0
  pseudo solution  :       0.00          0          0          -          0        0.0          0        0.0          -          -          -
  applied globally :       0.00          -          -          0         19        2.4          -          -          5          -          -
  applied locally  :          -          -          -          2          0        0.0          -          -          9          -          -
Separators         :   ExecTime  SetupTime      Calls  RootCalls    Cutoffs    DomReds  FoundCuts ViaPoolAdd  DirectAdd    Applied ViaPoolApp  DirectApp      Conss
  cut pool         :       0.03          -        232         64          -          -       2862       2956          -          -          -          -          -    (maximal pool size:       2796)
  aggregation      :       0.23       0.00         35         29          0          0       1778       1902         60        297        288          9          0
  > cmir           :          -          -          -          -          -          -          -       1793         52        274        268          6          -
  > flowcover      :          -          -          -          -          -          -          -        108          8         22         19          3          -
  > knapsackcover  :          -          -          -          -          -          -          -          1          0          1          1          0          -
  cgmip            :       0.00       0.00          0          0          0          0          0          0          0          0          0          0          0
  clique           :       0.00       0.00         29         29          0          0          1          1          0          0          0          0          0
  closecuts        :       0.00       0.00          0          0          0          0          0          0          0          0          0          0          0
  convexproj       :       0.00       0.00          0          0          0          0          0          0          0          0          0          0          0
  disjunctive      :       0.00       0.00          0          0          0          0          0          0          0          0          0          0          0
  eccuts           :       0.00       0.00          0          0          0          0          0          0          0          0          0          0          0
  gauge            :       0.00       0.00          0          0          0          0          0          0          0          0          0          0          0
  gomory           :       0.01       0.00         16         10          0          0        168        109         38         40         27         13          0
  > gomorymi       :          -          -          -          -          -          -          -        109         38         40         27         13          -
  > strongcg       :          -          -          -          -          -          -          -          0          0          0          0          0          -
  impliedbounds    :       0.01       0.00         35         29          0          0        714        585          0         56         56          0          0
  interminor       :       0.00       0.00          0          0          0          0          0          0          0          0          0          0          0
  intobj           :       0.00       0.00          0          0          0          0          0          0          0          0          0          0          0
  mcf              :       0.00       0.00          1          1          0          0          0          0          0          0          0          0          0
  minor            :       0.00       0.00          0          0          0          0          0          0          0          0          0          0          0
  mixing           :       0.01       0.00         56         29          0          0        292        359          0         30         30          0          0
  oddcycle         :       0.00       0.00          0          0          0          0          0          0          0          0          0          0          0
  rapidlearning    :       0.00       0.00          0          0          0          0          0          0          0          0          0          0          0
  rlt              :       0.00       0.00         10         10          0          0          0          0          0          0          0          0          0
  zerohalf         :       0.02       0.00         26         20          0          0          4          0          2          1          0          1          0
Cutselectors       :   ExecTime  SetupTime      Calls  RootCalls   Selected     Forced   Filtered  RootSelec   RootForc   RootFilt 
  hybrid           :       0.03       0.00       1071         36      27645         98       6867       1567          0       2101
Pricers            :   ExecTime  SetupTime      Calls       Vars
  problem variables:       0.00          -          0          0
Branching Rules    :   ExecTime  SetupTime   BranchLP  BranchExt   BranchPS    Cutoffs    DomReds       Cuts      Conss   Children
  allfullstrong    :       0.00       0.00          0          0          0          0          0          0          0          0
  cloud            :       0.00       0.00          0          0          0          0          0          0          0          0
  distribution     :       0.00       0.00          0          0          0          0          0          0          0          0
  fullstrong       :       0.00       0.00          0          0          0          0          0          0          0          0
  inference        :       0.00       0.00          0          0          0          0          0          0          0          0
  leastinf         :       0.00       0.00          0          0          0          0          0          0          0          0
  lookahead        :       0.00       0.00          0          0          0          0          0          0          0          0
  mostinf          :       0.00       0.00          0          0          0          0          0          0          0          0
  multaggr         :       0.00       0.00          0          0          0          0          0          0          0          0
  nodereopt        :       0.00       0.00          0          0          0          0          0          0          0          0
  pscost           :       0.00       0.00          0          0          0          0          0          0          0          0
  random           :       0.00       0.00          0          0          0          0          0          0          0          0
  relpscost        :       0.29       0.00        326          0          0          0        103          0          0        638
  vanillafullstrong:       0.00       0.00          0          0          0          0          0          0          0          0
Primal Heuristics  :   ExecTime  SetupTime      Calls      Found       Best
  LP solutions     :       0.00          -          -          0          0
  relax solutions  :       0.00          -          -          0          0
  pseudo solutions :       0.00          -          -          0          0
  strong branching :       0.00          -          -          0          0
  actconsdiving    :       0.00       0.00          0          0          0
  adaptivediving   :       0.04       0.00          2          0          0
  alns             :       0.71       0.00          3          0          0
  bound            :       0.00       0.00          0          0          0
  clique           :       0.05       0.00          1          0          0
  coefdiving       :       0.00       0.00          0          0          0
  completesol      :       0.00       0.00          0          0          0
  conflictdiving   :       0.01       0.00          2          0          0
  crossover        :       0.00       0.00          0          0          0
  dins             :       0.00       0.00          0          0          0
  distributiondivin:       0.04       0.00          1          0          0
  dps              :       0.00       0.00          0          0          0
  dualval          :       0.00       0.00          0          0          0
  farkasdiving     :       0.00       0.00          0          0          0
  feaspump         :       0.03       0.00          1          0          0
  fixandinfer      :       0.00       0.00          0          0          0
  fracdiving       :       0.03       0.00          1          0          0
  gins             :       0.00       0.00          0          0          0
  guideddiving     :       0.00       0.00          0          0          0
  indicator        :       0.00       0.00          0          0          0
  indicatordiving  :       0.00       0.00          0          0          0
  intdiving        :       0.00       0.00          0          0          0
  intshifting      :       0.00       0.00          2          0          0
  linesearchdiving :       0.02       0.00          1          0          0
  localbranching   :       0.00       0.00          0          0          0
  locks            :       0.01       0.00          1          0          0
  lpface           :       0.00       0.00          0          0          0
  mpec             :      21.31       0.00          8          1          1
  multistart       :       0.00       0.00          0          0          0
  mutation         :       0.00       0.00          0          0          0
  nlpdiving        :       0.68       0.00          1          0          0
  objpscostdiving  :       0.05       0.00          1          0          0
  octane           :       0.00       0.00          0          0          0
  ofins            :       0.00       0.00          0          0          0
  oneopt           :       0.00       0.00          0          0          0
  padm             :       0.00       0.00          0          0          0
  proximity        :       0.00       0.00          0          0          0
  pscostdiving     :       0.02       0.00          1          0          0
  randrounding     :       0.17       0.00        171          0          0
  rens             :       2.27       0.00          1          0          0
  reoptsols        :       0.00       0.00          0          0          0
  repair           :       0.00       0.00          0          0          0
  rins             :       0.00       0.00          0          0          0
  rootsoldiving    :       0.01       0.00          1          0          0
  rounding         :       0.04       0.00        419          0          0
  shiftandpropagate:       0.01       0.00          1          0          0
  shifting         :       0.07       0.00        150          0          0
  simplerounding   :       0.00       0.00          0          0          0
  subnlp           :       0.04       0.00          2          0          0
  trivial          :       0.00       0.00          2          0          0
  trivialnegation  :       0.00       0.00          0          0          0
  trustregion      :       0.00       0.00          0          0          0
  trysol           :       0.00       0.00          0          0          0
  twoopt           :       0.00       0.00          0          0          0
  undercover       :       0.01       0.00          1          0          0
  vbounds          :       0.00       0.00          0          0          0
  veclendiving     :       0.02       0.00          1          0          0
  zeroobj          :       0.00       0.00          0          0          0
  zirounding       :       0.03       0.00        319          0          0
  other solutions  :          -          -          -          0          -
Expressions        :   #IntEval  IntEvalTi   #RevProp  RevPropTi    DomReds    Cutoffs  #Estimate  EstimTime  Branching  #Simplify SimplifyTi Simplified
  abs              :     105965       0.01       1525       0.00        408          0        998       0.00          0       3693       0.00        569
  pow              :     230687       0.03      36869       0.01      32368          0     427355       0.03      61489       5472       0.00        964
  prod             :      62581       0.01       9020       0.01       1249          0      81822       0.60      10188       6639       0.01       4888
  sum              :     212215       0.04      67975       0.03      22544        107        564       0.00          0      10950       0.02       4422
  val              :          3       0.00          0       0.00          0          0          0       0.00          0          0       0.00          0
  var              :     154749       0.01          0       0.00          0          0          0       0.00          0      11149       0.00       2374
  varidx           :          0       0.00          0       0.00          0          0          0       0.00          0          0       0.00          0
Nlhdlrs            :    Detects  DetectAll DetectTime   #IntEval  IntEvalTi   #RevProp  RevPropTi    DomReds    Cutoffs   #Enforce   EnfoTime       Cuts  Branching
  soc              :        115        115       0.00          0       0.00          0       0.00          0          0       5796       0.01        944          0
  convex           :        105        105       0.00          0       0.00          0       0.00          0          0       4353       0.01       4204          0
  concave          :        105        105       0.00          0       0.00          0       0.00          0          0      70512       0.07        688          0
  signomial        :        135        135       0.00          0       0.00          0       0.00          0          0      28412       0.03        194          0
  quotient         :        119        119       0.00          0       0.00          0       0.00          0          0       1978       0.00         72          0
  quadratic        :        234      19933       0.03     125681       0.11      63023       0.08      13864         47          0       0.00          0          0
  default          :       1794     105701       0.01     527729       0.11     118212       0.15      56569        108     510297       1.18      24840          0
  bilinear         :        297        297       0.00      11795       0.01       2199       0.01        867          0      74964       0.02       1781          0
  perspective      :         49         49       0.00          0       0.00          0       0.00         24          0      17541       0.05        771        110
LP                 :       Time      Calls Iterations  Iter/call   Iter/sec  Time-0-It Calls-0-It    ItLimit
  primal LP        :       0.97        398          0       0.00       0.00       0.97        398
  dual LP          :       4.66       1752      37089      21.69    7954.27       0.09         42
  lex dual LP      :       0.00          0          0       0.00          -
  barrier LP       :       0.00          0          0       0.00          -       0.00          0
  resolve instable :       0.00          1         34      34.00          -
  diving/probing LP:       3.37       1124      33385      29.70    9901.62
  strong branching :       0.16         40       1893      47.33   12106.29          -          -          0
    (at root node) :          -         40       1893      47.33          -
  conflict analysis:       0.00          0          0       0.00          -
NLP relaxation     :
  solve time       :       0.67 (1 calls)
  convexity        :  nonconvex (561 linear rows, 5 convex ineq., 156 nonconvex ineq., 296 nonlinear eq. or two-sided ineq.)
NLP Solvers        :  #Problems  ProblemTi    #Solves  SolveTime      #Iter  Time/Iter      #Okay #TimeLimit #IterLimit #LObjLimit #Interrupt  #NumError #EvalError  #OutOfMem #LicenseEr #OtherTerm   #GlobOpt    #LocOpt  #Feasible #LocInfeas #GlobInfea #Unbounded   #Unknown
  ipopt            :         10       0.05         17      21.81       1312       0.02         17          0          0          0          0          0          0          0          0          0          0          9          0          7          0          0          1
B&B Tree           :
  number of runs   :          1
  nodes            :        763 (424 internal, 339 leaves)
  feasible leaves  :          0
  infeas. leaves   :        339
  objective leaves :          0
  nodes (total)    :        763 (424 internal, 339 leaves)
  nodes left       :          0
  max depth        :         64
  max depth (total):         64
  backtracks       :        132 (17.3%)
  early backtracks :          0 (0.0%)
  nodes exc. ref.  :          0 (0.0%)
  delayed cutoffs  :          0
  repropagations   :         99 (1385 domain reductions, 0 cutoffs)
  avg switch length:       3.49
  switching time   :       1.15
Root Node          :
  First LP value   : +0.00000000000000e+00
  First LP Iters   :        719 (53334.32 Iter/sec)
  First LP Time    :       0.01
  Final Dual Bound : +0.00000000000000e+00
  Final Root Iters :       3615
  Root LP Estimate : +2.56887916330201e-03
Solution           :
  Solutions found  :          1 (1 improvements)
  First Solution   : +0.00000000000000e+00   (in run 1, after 763 nodes, 41.93 seconds, depth 50, found by <mpec>)
  Gap First Sol.   :       0.00 %
  Gap Last Sol.    :       0.00 %
  Primal Bound     : +0.00000000000000e+00   (in run 1, after 763 nodes, 41.93 seconds, depth 50, found by <mpec>)
  Dual Bound       : +0.00000000000000e+00
  Gap              :       0.00 %
Integrals          :      Total       Avg%
  primal-dual      :    4193.69      99.97
  primal-ref       :          -          - (not evaluated)
  dual-ref         :          -          - (not evaluated)
