SCIP Status        : problem is solved [optimal solution found]
Total Time         :     107.39
  solving          :     107.36
  presolving       :       1.03 (included in solving)
  reading          :       0.03
  copying          :       0.03 (6 #copies) (minimal 0.00, maximal 0.01, average 0.01)
Original Problem   :
  Problem name     : gastrans582_cold17
  Variables        : 2186 (232 binary, 18 integer, 0 implicit integer, 1936 continuous)
  Constraints      : 3732 initial, 3732 maximal
  Objective        : minimize, 0 non-zeros (abs.min = 1e+20, abs.max = -1e+20)
Presolved Problem  :
  Problem name     : t_gastrans582_cold17
  Variables        : 1920 (80 binary, 0 integer, 0 implicit integer, 1840 continuous)
  Constraints      : 1044 initial, 1055 maximal
  Objective        : minimize, 0 non-zeros (abs.min = 1e+20, abs.max = -1e+20)
  Nonzeros         : 2776 constraint, 362 clique table
Presolvers         :   ExecTime  SetupTime  Calls  FixedVars   AggrVars   ChgTypes  ChgBounds   AddHoles    DelCons    AddCons   ChgSides   ChgCoefs
  boundshift       :       0.00       0.00      0          0          0          0          0          0          0          0          0          0
  convertinttobin  :       0.00       0.00      0          0          0          0          0          0          0          0          0          0
  domcol           :       0.00       0.00      5          0          0          0          0          0          0          0          0          0
  dualagg          :       0.00       0.00      0          0          0          0          0          0          0          0          0          0
  dualcomp         :       0.00       0.00      5          0          0          0          0          0          0          0          0          0
  dualinfer        :       0.00       0.00      0          0          0          0          0          0          0          0          0          0
  dualsparsify     :       0.00       0.00      1          0          0          0          0          0          0          0          0          0
  gateextraction   :       0.00       0.00     16          0          0          0          0          0          4          0          0          0
  implics          :       0.00       0.00     24          0          6          0          0          0          0          0          0          0
  inttobinary      :       0.00       0.00      0          0          0          0          0          0          0          0          0          0
  qpkktref         :       0.00       0.00      0          0          0          0          0          0          0          0          0          0
  redvub           :       0.00       0.00      0          0          0          0          0          0          0          0          0          0
  sparsify         :       0.00       0.00      1          0          0          0          0          0          0          0          0          0
  stuffing         :       0.00       0.00      0          0          0          0          0          0          0          0          0          0
  trivial          :       0.00       0.00     51        225          0          0          0          0          0          0          0          0
  tworowbnd        :       0.00       0.00      0          0          0          0          0          0          0          0          0          0
  dualfix          :       0.00       0.00     51         47          0          0          0          0          0          0          0          0
  genvbounds       :       0.00       0.00      0          0          0          0          0          0          0          0          0          0
  probing          :       0.13       0.00      5         33         55          0        125          0          0          0          0          0
  pseudoobj        :       0.00       0.00      0          0          0          0          0          0          0          0          0          0
  symmetry         :       0.01       0.00      1          0          0          0          0          0          0          0          0          0
  vbounds          :       0.00       0.00      6          0          6          0          0          0          0          0          0          0
  varbound         :       0.00       0.00     60          0          0          0          6          0        123          2         31         39
  knapsack         :       0.00       0.00     72          0          0          0          0          0          1          1          0          0
  setppc           :       0.00       0.00     72          0          1          0          0          0         19          0          1          1
  linear           :       0.04       0.00     65        247        933          0        950          0       2065          0        324        683
  logicor          :       0.00       0.00     68         18          0          0          0          0         27          0          0        194
  bounddisjunction :       0.00       0.00      0          0          0          0          0          0          0          0          0          0
  nonlinear        :       0.79       0.02     80          0          0          0       1016          0        423         -3          0       -917
  benders          :       0.00       0.00      0          0          0          0          0          0          0          0          0          0
  components       :       0.04       0.00      1         11          0          0          0          0          8          0          0          0
  root node        :          -          -      -          0          -          -       1232          -          -          -          -          -
Constraints        :     Number  MaxNumber  #Separate #Propagate    #EnfoLP    #EnfoRelax  #EnfoPS    #Check   #ResProp    Cutoffs    DomReds       Cuts    Applied      Conss   Children
  benderslp        :          0          0          0          0       6436          0          0        975          0          0          0          0          0          0          0
  integral         :          0          0          0          0       6436          0          0        975          0          0         70          0          0          0       7070
  varbound         :        136        136         29      31912          0          0          0        970         21          3       6234          0          0          0          0
  knapsack         :          1          1         29       2774          0          0          0        703          3          3          4          0          0          0          0
  setppc           :         23+        27         29      29814          0          0          0        703         12          0        949          0          0          0          0
  linear           :        423+       424         29      31906          0          0          0        703         29        653      76559          0          0          0          0
  logicor          :          7+        10         29        545          0          0          0        623          5          3          4          0          0          0          0
  bounddisjunction :          0+         3          0       2783          0          0          0          0          0          0          3          0          0          0          0
  nonlinear        :        454        454      10774      31250       2895          0          0        623          0       3259    1026262     318845     151922          0       1028
  benders          :          0          0          0          0          0          0          0          2          0          0          0          0          0          0          0
  countsols        :          0          0          0          0          0          0          0          2          0          0          0          0          0          0          0
  components       :          0          0          0          0          0          0          0          0          0          0          0          0          0          0          0
Constraint Timings :  TotalTime  SetupTime   Separate  Propagate     EnfoLP     EnfoPS     EnfoRelax   Check    ResProp    SB-Prop
  benderslp        :       0.00       0.00       0.00       0.00       0.00       0.00       0.00       0.00       0.00       0.00
  integral         :       0.38       0.00       0.00       0.00       0.38       0.00       0.00       0.00       0.00       0.00
  varbound         :       0.08       0.00       0.00       0.05       0.00       0.00       0.00       0.03       0.00       0.00
  knapsack         :       0.00       0.00       0.00       0.00       0.00       0.00       0.00       0.00       0.00       0.00
  setppc           :       0.02       0.00       0.00       0.01       0.00       0.00       0.00       0.00       0.00       0.00
  linear           :       0.40       0.00       0.00       0.33       0.00       0.00       0.00       0.06       0.00       0.00
  logicor          :       0.00       0.00       0.00       0.00       0.00       0.00       0.00       0.00       0.00       0.00
  bounddisjunction :       0.00       0.00       0.00       0.00       0.00       0.00       0.00       0.00       0.00       0.00
  nonlinear        :      31.97       0.02      21.44       4.73       5.42       0.00       0.00       0.35       0.00       0.01
  benders          :       0.00       0.00       0.00       0.00       0.00       0.00       0.00       0.00       0.00       0.00
  countsols        :       0.00       0.00       0.00       0.00       0.00       0.00       0.00       0.00       0.00       0.00
  components       :       0.00       0.00       0.00       0.00       0.00       0.00       0.00       0.00       0.00       0.00
Propagators        : #Propagate   #ResProp    Cutoffs    DomReds
  dualfix          :         13          0          0          0
  genvbounds       :       8589          0         12       9005
  nlobbt           :          0          0          0          0
  obbt             :          8          0          0         65
  probing          :          0          0          0          0
  pseudoobj        :          0          0          0          0
  redcost          :          0          0          0          0
  rootredcost      :          0          0          0          0
  symmetry         :          0          0          0          0
  vbounds          :      10259          0          0          0
Propagator Timings :  TotalTime  SetupTime   Presolve  Propagate    ResProp    SB-Prop
  dualfix          :       0.00       0.00       0.00       0.00       0.00       0.00
  genvbounds       :       0.07       0.00       0.00       0.07       0.00       0.00
  nlobbt           :       0.00       0.00       0.00       0.00       0.00       0.00
  obbt             :       2.90       0.00       0.00       2.90       0.00       0.00
  probing          :       0.13       0.00       0.13       0.00       0.00       0.00
  pseudoobj        :       0.01       0.00       0.00       0.01       0.00       0.00
  redcost          :       0.00       0.00       0.00       0.00       0.00       0.00
  rootredcost      :       0.01       0.00       0.00       0.01       0.00       0.00
  symmetry         :       0.01       0.00       0.01       0.00       0.00       0.00
  vbounds          :       0.02       0.00       0.00       0.02       0.00       0.00
Conflict Analysis  :       Time      Calls    Success    DomReds  Conflicts   Literals    Reconvs ReconvLits   Dualrays   Nonzeros   LP Iters   (pool size: [10000,10000])
  propagation      :       0.00         21         14          -         15        3.1          2        3.5          -          -          -
  infeasible LP    :       0.01         84          5          -          3        5.0          0        0.0          5        6.4          0
  bound exceed. LP :       0.00          0          0          -          0        0.0          0        0.0          0        0.0          0
  strong branching :       0.00          0          0          -          0        0.0          0        0.0          -          -          0
  pseudo solution  :       0.00          0          0          -          0        0.0          0        0.0          -          -          -
  applied globally :       0.00          -          -          0          9        2.2          -          -          1          -          -
  applied locally  :          -          -          -          0          0        0.0          -          -          4          -          -
Separators         :   ExecTime  SetupTime      Calls  RootCalls    Cutoffs    DomReds  FoundCuts ViaPoolAdd  DirectAdd    Applied ViaPoolApp  DirectApp      Conss
  cut pool         :       0.03          -        920         63          -          -       3013       4409          -          -          -          -          -    (maximal pool size:       2936)
  aggregation      :       0.35       0.00         34         29          0          0       1886       1661         43        277        267         10          0
  > cmir           :          -          -          -          -          -          -          -       1535         28        232        228          4          -
  > flowcover      :          -          -          -          -          -          -          -        115         15         44         38          6          -
  > knapsackcover  :          -          -          -          -          -          -          -         11          0          1          1          0          -
  cgmip            :       0.00       0.00          0          0          0          0          0          0          0          0          0          0          0
  clique           :       0.00       0.00         29         29          0          0          0          0          0          0          0          0          0
  closecuts        :       0.00       0.00          0          0          0          0          0          0          0          0          0          0          0
  convexproj       :       0.00       0.00          0          0          0          0          0          0          0          0          0          0          0
  disjunctive      :       0.00       0.00          0          0          0          0          0          0          0          0          0          0          0
  eccuts           :       0.00       0.00          0          0          0          0          0          0          0          0          0          0          0
  gauge            :       0.00       0.00          0          0          0          0          0          0          0          0          0          0          0
  gomory           :       0.01       0.00         15         10          0          0        150         94         24         32         24          8          0
  > gomorymi       :          -          -          -          -          -          -          -         92         24         31         23          8          -
  > strongcg       :          -          -          -          -          -          -          -          2          0          1          1          0          -
  impliedbounds    :       0.01       0.00         34         29          0          0        683       1686          0        224        224          0          0
  interminor       :       0.00       0.00          0          0          0          0          0          0          0          0          0          0          0
  intobj           :       0.00       0.00          0          0          0          0          0          0          0          0          0          0          0
  mcf              :       0.00       0.00          1          1          0          0          0          0          0          0          0          0          0
  minor            :       0.00       0.00          0          0          0          0          0          0          0          0          0          0          0
  mixing           :       0.01       0.00         45         29          0          0        359        968          0        273        273          0          0
  oddcycle         :       0.00       0.00          0          0          0          0          0          0          0          0          0          0          0
  rapidlearning    :       0.00       0.00          0          0          0          0          0          0          0          0          0          0          0
  rlt              :       0.00       0.00         10         10          0          0          0          0          0          0          0          0          0
  zerohalf         :       0.02       0.00         25         20          0          0          0          0          0          0          0          0          0
Cutselectors       :   ExecTime  SetupTime      Calls  RootCalls   Selected     Forced   Filtered  RootSelec   RootForc   RootFilt 
  hybrid           :       0.25       0.00      10286         35     281602        172      21171       1334          1       1871
Pricers            :   ExecTime  SetupTime      Calls       Vars
  problem variables:       0.00          -          0          0
Branching Rules    :   ExecTime  SetupTime   BranchLP  BranchExt   BranchPS    Cutoffs    DomReds       Cuts      Conss   Children
  allfullstrong    :       0.00       0.00          0          0          0          0          0          0          0          0
  cloud            :       0.00       0.00          0          0          0          0          0          0          0          0
  distribution     :       0.00       0.00          0          0          0          0          0          0          0          0
  fullstrong       :       0.00       0.00          0          0          0          0          0          0          0          0
  inference        :       0.00       0.00          0          0          0          0          0          0          0          0
  leastinf         :       0.00       0.00          0          0          0          0          0          0          0          0
  lookahead        :       0.00       0.00          0          0          0          0          0          0          0          0
  mostinf          :       0.00       0.00          0          0          0          0          0          0          0          0
  multaggr         :       0.00       0.00          0          0          0          0          0          0          0          0
  nodereopt        :       0.00       0.00          0          0          0          0          0          0          0          0
  pscost           :       0.00       0.00          0          0          0          0          0          0          0          0
  random           :       0.00       0.00          0          0          0          0          0          0          0          0
  relpscost        :       0.38       0.00       3541          0          0          0         70          0          0       7070
  vanillafullstrong:       0.00       0.00          0          0          0          0          0          0          0          0
Primal Heuristics  :   ExecTime  SetupTime      Calls      Found       Best
  LP solutions     :       0.00          -          -          0          0
  relax solutions  :       0.00          -          -          0          0
  pseudo solutions :       0.00          -          -          0          0
  strong branching :       0.00          -          -          0          0
  actconsdiving    :       0.00       0.00          0          0          0
  adaptivediving   :       0.09       0.00          8          0          0
  alns             :       2.50       0.00          4          0          0
  bound            :       0.00       0.00          0          0          0
  clique           :       0.07       0.00          1          0          0
  coefdiving       :       0.00       0.00          0          0          0
  completesol      :       0.00       0.00          0          0          0
  conflictdiving   :       0.05       0.00          4          0          0
  crossover        :       0.00       0.00          0          0          0
  dins             :       0.00       0.00          0          0          0
  distributiondivin:       0.07       0.00          4          0          0
  dps              :       0.00       0.00          0          0          0
  dualval          :       0.00       0.00          0          0          0
  farkasdiving     :       0.00       0.00          0          0          0
  feaspump         :       0.06       0.00          2          0          0
  fixandinfer      :       0.00       0.00          0          0          0
  fracdiving       :       0.04       0.00          4          0          0
  gins             :       0.00       0.00          0          0          0
  guideddiving     :       0.00       0.00          0          0          0
  indicator        :       0.01       0.00          0          0          0
  indicatordiving  :       0.00       0.00          0          0          0
  intdiving        :       0.00       0.00          0          0          0
  intshifting      :       0.00       0.00          4          0          0
  linesearchdiving :       0.03       0.00          4          0          0
  localbranching   :       0.00       0.00          0          0          0
  locks            :       0.02       0.00          1          0          0
  lpface           :       0.02       0.00          0          0          0
  mpec             :      12.40       0.00          3          1          1
  multistart       :       0.00       0.00          0          0          0
  mutation         :       0.00       0.00          0          0          0
  nlpdiving        :       1.30       0.00          4          0          0
  objpscostdiving  :       0.02       0.00          3          0          0
  octane           :       0.00       0.00          0          0          0
  ofins            :       0.00       0.00          0          0          0
  oneopt           :       0.01       0.00          0          0          0
  padm             :       0.00       0.00          0          0          0
  proximity        :       0.00       0.00          0          0          0
  pscostdiving     :       0.06       0.00          4          0          0
  randrounding     :       0.30       0.00        415          0          0
  rens             :       2.72       0.00          1          0          0
  reoptsols        :       0.00       0.00          0          0          0
  repair           :       0.00       0.00          0          0          0
  rins             :       0.00       0.00          0          0          0
  rootsoldiving    :       0.03       0.00          2          0          0
  rounding         :       0.33       0.00       1354          0          0
  shiftandpropagate:       0.01       0.00          1          0          0
  shifting         :       0.17       0.00        336          0          0
  simplerounding   :       0.01       0.00          0          0          0
  subnlp           :       1.15       0.00          5          0          0
  trivial          :       0.00       0.00          2          0          0
  trivialnegation  :       0.00       0.00          0          0          0
  trustregion      :       0.00       0.00          0          0          0
  trysol           :       0.00       0.00          0          0          0
  twoopt           :       0.00       0.00          0          0          0
  undercover       :       0.02       0.00          1          0          0
  vbounds          :       0.00       0.00          0          0          0
  veclendiving     :       0.03       0.00          4          0          0
  zeroobj          :       0.00       0.00          0          0          0
  zirounding       :       0.14       0.00       1000          0          0
  other solutions  :          -          -          -          0          -
Expressions        :   #IntEval  IntEvalTi   #RevProp  RevPropTi    DomReds    Cutoffs  #Estimate  EstimTime  Branching  #Simplify SimplifyTi Simplified
  abs              :     542146       0.03       6791       0.00        362          0       5305       0.00        393       3695       0.00        569
  pow              :     989463       0.16     242356       0.05     221958          0    2538020       0.15     292055       5443       0.00        952
  prod             :     172280       0.04      50573       0.03       8235         29     843499       4.73     121381       6638       0.01       4886
  sum              :     795234       0.19     270226       0.12     139001       1555       1182       0.00          0      10882       0.02       4406
  val              :          3       0.00          0       0.00          0          0          0       0.00          0          0       0.00          0
  var              :     623755       0.03          0       0.00          0          0          0       0.00          0      11093       0.00       2367
  varidx           :          0       0.00          0       0.00          0          0          0       0.00          0          0       0.00          0
Nlhdlrs            :    Detects  DetectAll DetectTime   #IntEval  IntEvalTi   #RevProp  RevPropTi    DomReds    Cutoffs   #Enforce   EnfoTime       Cuts  Branching
  soc              :        111        111       0.00          0       0.00          0       0.00          0          0      68002       0.07       5159          0
  convex           :        102        102       0.01          0       0.00          0       0.00          0          0      21318       0.04      20210          0
  concave          :        102        102       0.01          0       0.00          0       0.00          0          0    1095058       0.92       3209          0
  quotient         :        123        123       0.00          0       0.00          0       0.00          0          0      24510       0.04       4662          0
  quadratic        :        236      20351       0.05     694379       0.66     380139       0.58     141526        830          0       0.00          0          0
  default          :       1783     106968       0.01    2414234       0.53     572768       0.80     369556       1600    3387573       8.26     275640          0
  bilinear         :        301        301       0.00      64602       0.01      21122       0.02       1187          0     836488       0.16       7684          0
  perspective      :         57         57       0.01          0       0.00          0       0.00        177          0     248310       0.41       4119       2442
LP                 :       Time      Calls Iterations  Iter/call   Iter/sec  Time-0-It Calls-0-It    ItLimit
  primal LP        :       6.84       3463          0       0.00       0.00       6.84       3463
  dual LP          :      31.66      15597     302453      19.62    9551.81       0.11        179
  lex dual LP      :       0.00          0          0       0.00          -
  barrier LP       :       0.00          0          0       0.00          -       0.00          0
  resolve instable :       0.01          3         88      29.33    7644.20
  diving/probing LP:       2.64       1023      20955      20.48    7947.21
  strong branching :       0.10         37       1858      50.22   18925.77          -          -          0
    (at root node) :          -         37       1858      50.22          -
  conflict analysis:       0.00          0          0       0.00          -
NLP relaxation     :
  solve time       :       1.30 (4 calls)
  convexity        :  nonconvex (590 linear rows, 4 convex ineq., 160 nonconvex ineq., 290 nonlinear eq. or two-sided ineq.)
NLP Solvers        :  #Problems  ProblemTi    #Solves  SolveTime      #Iter  Time/Iter      #Okay #TimeLimit #IterLimit #LObjLimit #Interrupt  #NumError #EvalError  #OutOfMem #LicenseEr #OtherTerm   #GlobOpt    #LocOpt  #Feasible #LocInfeas #GlobInfea #Unbounded   #Unknown
  ipopt            :          8       0.16         18      14.39       1061       0.01         18          0          0          0          0          0          0          0          0          0          0          9          0          5          0          0          4
B&B Tree           :
  number of runs   :          1
  nodes            :       7979 (4049 internal, 3930 leaves)
  feasible leaves  :          0
  infeas. leaves   :       3930
  objective leaves :          0
  nodes (total)    :       7979 (4049 internal, 3930 leaves)
  nodes left       :          0
  max depth        :         50
  max depth (total):         50
  backtracks       :       1599 (20.0%)
  early backtracks :          0 (0.0%)
  nodes exc. ref.  :          0 (0.0%)
  delayed cutoffs  :          0
  repropagations   :          0 (0 domain reductions, 0 cutoffs)
  avg switch length:       3.06
  switching time   :       8.04
Root Node          :
  First LP value   : +0.00000000000000e+00
  First LP Iters   :        741 (35008.98 Iter/sec)
  First LP Time    :       0.02
  Final Dual Bound : +0.00000000000000e+00
  Final Root Iters :       2885
  Root LP Estimate : +2.44969191650571e-03
Solution           :
  Solutions found  :          1 (1 improvements)
  First Solution   : +0.00000000000000e+00   (in run 1, after 7979 nodes, 107.34 seconds, depth 50, found by <mpec>)
  Gap First Sol.   :       0.00 %
  Gap Last Sol.    :       0.00 %
  Primal Bound     : +0.00000000000000e+00   (in run 1, after 7979 nodes, 107.34 seconds, depth 50, found by <mpec>)
  Dual Bound       : +0.00000000000000e+00
  Gap              :       0.00 %
Integrals          :      Total       Avg%
  primal-dual      :   10734.63      99.99
  primal-ref       :          -          - (not evaluated)
  dual-ref         :          -          - (not evaluated)
