SCIP Status        : problem is solved [optimal solution found]
Total Time         :      19.99
  solving          :      19.99
  presolving       :       0.00 (included in solving)
  reading          :       0.00
  copying          :       0.02 (9 #copies) (minimal 0.00, maximal 0.00, average 0.00)
Original Problem   :
  Problem name     : gear2
  Variables        : 29 (24 binary, 0 integer, 0 implicit integer, 5 continuous)
  Constraints      : 5 initial, 5 maximal
  Objective        : minimize, 1 non-zeros (abs.min = 1, abs.max = 1)
Presolved Problem  :
  Problem name     : t_gear2
  Variables        : 38 (24 binary, 0 integer, 6 implicit integer, 8 continuous)
  Constraints      : 11 initial, 15 maximal
  Objective        : minimize, 1 non-zeros (abs.min = 1, abs.max = 1)
  Nonzeros         : 65 constraint, 0 clique table
Presolvers         :   ExecTime  SetupTime  Calls  FixedVars   AggrVars   ChgTypes  ChgBounds   AddHoles    DelCons    AddCons   ChgSides   ChgCoefs
  boundshift       :       0.00       0.00      0          0          0          0          0          0          0          0          0          0
  convertinttobin  :       0.00       0.00      0          0          0          0          0          0          0          0          0          0
  domcol           :       0.00       0.00      1          0          0          0          0          0          0          0          0          0
  dualagg          :       0.00       0.00      0          0          0          0          0          0          0          0          0          0
  dualcomp         :       0.00       0.00      1          0          0          0          0          0          0          0          0          0
  dualinfer        :       0.00       0.00      0          0          0          0          0          0          0          0          0          0
  dualsparsify     :       0.00       0.00      1          0          0          0          0          0          0          0          0          0
  gateextraction   :       0.00       0.00      0          0          0          0          0          0          0          0          0          0
  implics          :       0.00       0.00      2          0          0          0          0          0          0          0          0          0
  inttobinary      :       0.00       0.00      0          0          0          0          0          0          0          0          0          0
  qpkktref         :       0.00       0.00      0          0          0          0          0          0          0          0          0          0
  redvub           :       0.00       0.00      0          0          0          0          0          0          0          0          0          0
  sparsify         :       0.00       0.00      1          0          0          0          0          0          0          0          0          0
  stuffing         :       0.00       0.00      0          0          0          0          0          0          0          0          0          0
  trivial          :       0.00       0.00      4          0          0          0          0          0          0          0          0          0
  tworowbnd        :       0.00       0.00      0          0          0          0          0          0          0          0          0          0
  dualfix          :       0.00       0.00      4          0          0          0          0          0          0          0          0          0
  genvbounds       :       0.00       0.00      0          0          0          0          0          0          0          0          0          0
  probing          :       0.00       0.00      1          0          0          0          0          0          0          0          0          0
  pseudoobj        :       0.00       0.00      0          0          0          0          0          0          0          0          0          0
  symmetry         :       0.00       0.00      1          0          0          0          0          0          0          2          0          0
  vbounds          :       0.00       0.00      0          0          0          0          0          0          0          0          0          0
  varbound         :       0.00       0.00      2          0          0          0          0          0          0          0          0          0
  setppc           :       0.00       0.00      0          0          0          0          0          0          0          0          0          0
  linear           :       0.00       0.00      6          0          0          0          0          0          4          8          0          0
  orbitope         :       0.00       0.00      0          0          0          0          0          0          0          0          0          0
  logicor          :       0.00       0.00      0          0          0          0          0          0          0          0          0          0
  bounddisjunction :       0.00       0.00      0          0          0          0          0          0          0          0          0          0
  nonlinear        :       0.00       0.00      7          0          0          0          1          0          0         -8          0          0
  benders          :       0.00       0.00      0          0          0          0          0          0          0          0          0          0
  components       :       0.00       0.00      1          0          0          0          0          0          0          0          0          0
  root node        :          -          -      -          3          -          -        153          -          -          -          -          -
Constraints        :     Number  MaxNumber  #Separate #Propagate    #EnfoLP    #EnfoRelax  #EnfoPS    #Check   #ResProp    Cutoffs    DomReds       Cuts    Applied      Conss   Children
  benderslp        :          0          0          0          0       9534          0          0       4470          0          0          0          0          0          0          0
  integral         :          0          0          0          0       9534          0          0       4470          0          0        700          0          0          5      17480
  varbound         :          4+         6         40      19025          2          0          0          0          1          6        778          0          0          0          0
  setppc           :          0+         1          0          0          0          0          0          0          0          0          0          0          0          0          0
  linear           :          4+         9         40      41352          5          0          0       4465          1         25      21052          5          1          0          0
  orbitope         :          2          2          0      41267          0          0          0       2536          1         13       1218          0          0          0          0
  logicor          :          0+         1          0          0          0          0          0          0          0          0          0          0          0          0          0
  bounddisjunction :          0+         1          0          0          0          0          0          0          0          0          0          0          0          0          0
  nonlinear        :          1          1      27015      41324        504          0          0       2536          0       4220     134930      45816      40160          0        326
  benders          :          0          0          0          0          7          0          0         23          0          0          0          0          0          0          0
  countsols        :          0          0          0          0          7          0          0         23          0          0          0          0          0          0          0
  components       :          0          0          0          0          0          0          0          0          0          0          0          0          0          0          0
Constraint Timings :  TotalTime  SetupTime   Separate  Propagate     EnfoLP     EnfoPS     EnfoRelax   Check    ResProp    SB-Prop
  benderslp        :       0.00       0.00       0.00       0.00       0.00       0.00       0.00       0.00       0.00       0.00
  integral         :       0.27       0.00       0.00       0.00       0.27       0.00       0.00       0.00       0.00       0.00
  varbound         :       0.01       0.00       0.00       0.01       0.00       0.00       0.00       0.00       0.00       0.00
  setppc           :       0.00       0.00       0.00       0.00       0.00       0.00       0.00       0.00       0.00       0.00
  linear           :       0.14       0.00       0.00       0.13       0.00       0.00       0.00       0.01       0.00       0.00
  orbitope         :       0.15       0.00       0.00       0.15       0.00       0.00       0.00       0.00       0.00       0.00
  logicor          :       0.00       0.00       0.00       0.00       0.00       0.00       0.00       0.00       0.00       0.00
  bounddisjunction :       0.00       0.00       0.00       0.00       0.00       0.00       0.00       0.00       0.00       0.00
  nonlinear        :       6.25       0.00       5.60       0.59       0.01       0.00       0.00       0.02       0.00       0.02
  benders          :       0.00       0.00       0.00       0.00       0.00       0.00       0.00       0.00       0.00       0.00
  countsols        :       0.00       0.00       0.00       0.00       0.00       0.00       0.00       0.00       0.00       0.00
  components       :       0.00       0.00       0.00       0.00       0.00       0.00       0.00       0.00       0.00       0.00
Propagators        : #Propagate   #ResProp    Cutoffs    DomReds
  dualfix          :          7          0          0          0
  genvbounds       :          0          0          0          0
  nlobbt           :          0          0          0          0
  obbt             :          4          0          0          0
  probing          :          0          0          0          0
  pseudoobj        :      45673          0         26        123
  redcost          :      42064          0          0       1607
  rootredcost      :         14          0          0          2
  symmetry         :          0          0          0          0
  vbounds          :      10063          0          0          0
Propagator Timings :  TotalTime  SetupTime   Presolve  Propagate    ResProp    SB-Prop
  dualfix          :       0.00       0.00       0.00       0.00       0.00       0.00
  genvbounds       :       0.01       0.00       0.00       0.01       0.00       0.00
  nlobbt           :       0.00       0.00       0.00       0.00       0.00       0.00
  obbt             :       0.00       0.00       0.00       0.00       0.00       0.00
  probing          :       0.00       0.00       0.00       0.00       0.00       0.00
  pseudoobj        :       0.03       0.00       0.00       0.03       0.00       0.00
  redcost          :       0.06       0.00       0.00       0.06       0.00       0.00
  rootredcost      :       0.01       0.00       0.00       0.01       0.00       0.00
  symmetry         :       0.00       0.00       0.00       0.00       0.00       0.00
  vbounds          :       0.01       0.00       0.00       0.01       0.00       0.00
Orbital fixing     :
  vars fixed to 0  :          0
  vars fixed to 1  :          0
Conflict Analysis  :       Time      Calls    Success    DomReds  Conflicts   Literals    Reconvs ReconvLits   Dualrays   Nonzeros   LP Iters   (pool size: [10000,10000])
  propagation      :       0.00         34          3          -          3        5.0          0        0.0          -          -          -
  infeasible LP    :       0.00          4          5          -          0        0.0          0        0.0          4        3.5          0
  bound exceed. LP :       0.05       3567        503          -          1        2.0          0        0.0        501        3.9          0
  strong branching :       0.00          0          0          -          0        0.0          0        0.0          -          -          0
  pseudo solution  :       0.00          2          1          -          1        1.0          0        0.0          -          -          -
  applied globally :       0.00          -          -          0          1        1.0          -          -          1          -          -
  applied locally  :          -          -          -          3          3        5.0          -          -        504          -          -
Separators         :   ExecTime  SetupTime      Calls  RootCalls    Cutoffs    DomReds  FoundCuts ViaPoolAdd  DirectAdd    Applied ViaPoolApp  DirectApp      Conss
  cut pool         :       0.05          -       3071         82          -          -       2044       5008          -          -          -          -          -    (maximal pool size:        651)
  aggregation      :       0.70       0.00        756         40          0          0       1026       2468        133        316        275         41          0
  > cmir           :          -          -          -          -          -          -          -       2336         87        249        227         22          -
  > flowcover      :          -          -          -          -          -          -          -        100         34         41         29         12          -
  > knapsackcover  :          -          -          -          -          -          -          -         32         12         26         19          7          -
  cgmip            :       0.00       0.00          0          0          0          0          0          0          0          0          0          0          0
  clique           :       0.00       0.00          1          1          0          0          0          0          0          0          0          0          0
  closecuts        :       0.00       0.00          0          0          0          0          0          0          0          0          0          0          0
  convexproj       :       0.00       0.00          0          0          0          0          0          0          0          0          0          0          0
  disjunctive      :       0.00       0.00          0          0          0          0          0          0          0          0          0          0          0
  eccuts           :       0.00       0.00          0          0          0          0          0          0          0          0          0          0          0
  gauge            :       0.00       0.00          0          0          0          0          0          0          0          0          0          0          0
  gomory           :       0.09       0.00        657         10          0          0       1237       2376        177        136        113         23          0
  > gomorymi       :          -          -          -          -          -          -          -       1127        117        109         88         21          -
  > strongcg       :          -          -          -          -          -          -          -       1249         60         27         25          2          -
  impliedbounds    :       0.00       0.00        756         40          0          0         37         31          0          7          7          0          0
  interminor       :       0.00       0.00          0          0          0          0          0          0          0          0          0          0          0
  intobj           :       0.00       0.00          0          0          0          0          0          0          0          0          0          0          0
  mcf              :       0.00       0.00          1          1          0          0          0          0          0          0          0          0          0
  minor            :       0.00       0.00          0          0          0          0          0          0          0          0          0          0          0
  mixing           :       0.00       0.00        759         40          0          0         13         45          0          4          4          0          0
  oddcycle         :       0.00       0.00          0          0          0          0          0          0          0          0          0          0          0
  rapidlearning    :       0.00       0.00          0          0          0          0          0          0          0          0          0          0          0
  rlt              :       0.00       0.00         10         10          0          0          0          0          0          0          0          0          0
  zerohalf         :       0.01       0.00        667         20          0          0         26         88          4          2          2          0          0
Cutselectors       :   ExecTime  SetupTime      Calls  RootCalls   Selected     Forced   Filtered  RootSelec   RootForc   RootFilt 
  hybrid           :       0.03       0.00      21634         42      41916         28       8893         87          0        253
Pricers            :   ExecTime  SetupTime      Calls       Vars
  problem variables:       0.00          -          0          0
Branching Rules    :   ExecTime  SetupTime   BranchLP  BranchExt   BranchPS    Cutoffs    DomReds       Cuts      Conss   Children
  allfullstrong    :       0.00       0.00          0          0          0          0          0          0          0          0
  cloud            :       0.00       0.00          0          0          0          0          0          0          0          0
  distribution     :       0.00       0.00          0          0          0          0          0          0          0          0
  fullstrong       :       0.00       0.00          0          0          0          0          0          0          0          0
  inference        :       0.00       0.00          0          0          0          0          0          0          0          0
  leastinf         :       0.00       0.00          0          0          0          0          0          0          0          0
  lookahead        :       0.00       0.00          0          0          0          0          0          0          0          0
  mostinf          :       0.00       0.00          0          0          0          0          0          0          0          0
  multaggr         :       0.00       0.00          0          0          0          0          0          0          0          0
  nodereopt        :       0.00       0.00          0          0          0          0          0          0          0          0
  pscost           :       0.00       0.00          0          1          0          0          0          0          0          2
  random           :       0.00       0.00          0          0          0          0          0          0          0          0
  relpscost        :       0.26       0.00       9030          0          0          0        700          0          5      17480
  vanillafullstrong:       0.00       0.00          0          0          0          0          0          0          0          0
Primal Heuristics  :   ExecTime  SetupTime      Calls      Found       Best
  LP solutions     :       0.00          -          -          6          6
  relax solutions  :       0.00          -          -          0          0
  pseudo solutions :       0.00          -          -          0          0
  strong branching :       0.00          -          -          1          1
  actconsdiving    :       0.00       0.00          0          0          0
  adaptivediving   :       0.09       0.00        120          1          1
  alns             :       0.04       0.00          9          1          1
  bound            :       0.00       0.00          0          0          0
  clique           :       0.00       0.00          0          0          0
  coefdiving       :       0.00       0.00          0          0          0
  completesol      :       0.00       0.00          0          0          0
  conflictdiving   :       0.04       0.00         61          0          0
  crossover        :       0.00       0.00          0          0          0
  dins             :       0.00       0.00          0          0          0
  distributiondivin:       0.08       0.00         60          0          0
  dps              :       0.00       0.00          0          0          0
  dualval          :       0.00       0.00          0          0          0
  farkasdiving     :       0.00       0.00          0          0          0
  feaspump         :       0.00       0.00          1          0          0
  fixandinfer      :       0.00       0.00          0          0          0
  fracdiving       :       0.04       0.00         61          0          0
  gins             :       0.00       0.00          0          0          0
  guideddiving     :       0.03       0.00         61          0          0
  indicator        :       0.01       0.00          0          0          0
  indicatordiving  :       0.00       0.00          0          0          0
  intdiving        :       0.00       0.00          0          0          0
  intshifting      :       0.00       0.00         13          0          0
  linesearchdiving :       0.03       0.00         61          0          0
  localbranching   :       0.00       0.00          0          0          0
  locks            :       0.00       0.00          1          1          1
  lpface           :       0.00       0.00          0          0          0
  mpec             :       0.12       0.00          1          1          1
  multistart       :       0.00       0.00          0          0          0
  mutation         :       0.00       0.00          0          0          0
  nlpdiving        :       0.43       0.00         12          4          3
  objpscostdiving  :       0.02       0.00         21          3          1
  octane           :       0.00       0.00          0          0          0
  ofins            :       0.00       0.00          0          0          0
  oneopt           :       0.00       0.00         17          0          0
  padm             :       0.00       0.00          0          0          0
  proximity        :       0.00       0.00          0          0          0
  pscostdiving     :       0.04       0.00         61          0          0
  randrounding     :       0.02       0.00       1932          0          0
  rens             :       0.00       0.00          0          0          0
  reoptsols        :       0.00       0.00          0          0          0
  repair           :       0.00       0.00          0          0          0
  rins             :       0.03       0.00          1          0          0
  rootsoldiving    :       0.01       0.00          6          0          0
  rounding         :       0.02       0.00       2318          0          0
  shiftandpropagate:       0.00       0.00          0          0          0
  shifting         :       0.05       0.00       2290          8          1
  simplerounding   :       0.01       0.00          0          0          0
  subnlp           :       0.07       0.00          0          0          0
  trivial          :       0.00       0.00          2          0          0
  trivialnegation  :       0.00       0.00          0          0          0
  trustregion      :       0.00       0.00          0          0          0
  trysol           :       0.01       0.00          2          2          2
  twoopt           :       0.00       0.00          0          0          0
  undercover       :       0.00       0.00          1          0          0
  vbounds          :       0.00       0.00          1          0          0
  veclendiving     :       0.04       0.00         61          0          0
  zeroobj          :       0.00       0.00          0          0          0
  zirounding       :       0.01       0.00       1000          0          0
  other solutions  :          -          -          -          0          -
Expressions        :   #IntEval  IntEvalTi   #RevProp  RevPropTi    DomReds    Cutoffs  #Estimate  EstimTime  Branching  #Simplify SimplifyTi Simplified
  pow              :     232842       0.04       6867       0.00       6340          0      38407       0.01         96         18       0.00          2
  prod             :      76842       0.04      31042       0.05       9261          9      46755       3.73        465          9       0.00          2
  sum              :      38421       0.02      34568       0.04      26798          0          1       0.00          0          5       0.00          2
  val              :          0       0.00          0       0.00          0          0          0       0.00          0          0       0.00          0
  var              :      94734       0.01          0       0.00          0          0          0       0.00          0         22       0.00          0
  varidx           :          0       0.00          0       0.00          0          0          0       0.00          0          0       0.00          0
Nlhdlrs            :    Detects  DetectAll DetectTime   #IntEval  IntEvalTi   #RevProp  RevPropTi    DomReds    Cutoffs   #Enforce   EnfoTime       Cuts  Branching
  soc              :          0          0       0.00          0       0.00          0       0.00          0          0          0       0.00          0          0
  convex           :          0          0       0.00          0       0.00          0       0.00          0          0          0       0.00          0          0
  concave          :          0          0       0.00          0       0.00          0       0.00          0          0          0       0.00          0          0
  signomial        :          2          2       0.00          0       0.00          0       0.00          0          0     105796       1.34          3          0
  quotient         :          0          0       0.00          0       0.00          0       0.00          0          0          0       0.00          0          0
  quadratic        :          0          0       0.00          0       0.00          0       0.00          0          0          0       0.00          0          0
  default          :         14        112       0.00     348072       0.12      72492       0.18      42399        379      85163       3.91      45812          0
  bilinear         :          0          0       0.00          0       0.00          0       0.00          0          0          0       0.00          0          0
  perspective      :          0          0       0.00          0       0.00          0       0.00          0          0          0       0.00          0          0
LP                 :       Time      Calls Iterations  Iter/call   Iter/sec  Time-0-It Calls-0-It    ItLimit
  primal LP        :       0.76       4963          0       0.00       0.00       0.76       4963
  dual LP          :       6.95      38092     119644       3.30   17205.43       0.17       1880
  lex dual LP      :       0.00          0          0       0.00          -
  barrier LP       :       0.00          0          0       0.00          -       0.00          0
  resolve instable :       0.00          0          0       0.00          -
  diving/probing LP:       0.26       1244       3790       3.05   14519.96
  strong branching :       0.10        465       2642       5.68   25326.89          -          -         34
    (at root node) :          -         12        140      11.67          -
  conflict analysis:       0.00          2          0       0.00          -
NLP relaxation     :
  solve time       :       0.39 (47 calls)
  convexity        :  nonconvex (4 linear rows, 0 convex ineq., 1 nonconvex ineq., 0 nonlinear eq. or two-sided ineq.)
NLP Solvers        :  #Problems  ProblemTi    #Solves  SolveTime      #Iter  Time/Iter      #Okay #TimeLimit #IterLimit #LObjLimit #Interrupt  #NumError #EvalError  #OutOfMem #LicenseEr #OtherTerm   #GlobOpt    #LocOpt  #Feasible #LocInfeas #GlobInfea #Unbounded   #Unknown
  ipopt            :          2       0.04         55       0.50        632       0.00         54          0          1          0          0          0          0          0          0          0          0         50          2          1          0          0          2
B&B Tree           :
  number of runs   :          1
  nodes            :      17805 (8904 internal, 8901 leaves)
  feasible leaves  :          6
  infeas. leaves   :       3277
  objective leaves :       5618
  nodes (total)    :      17805 (8904 internal, 8901 leaves)
  nodes left       :          0
  max depth        :         24
  max depth (total):         24
  backtracks       :       5499 (30.9%)
  early backtracks :          0 (0.0%)
  nodes exc. ref.  :          0 (0.0%)
  delayed cutoffs  :          0
  repropagations   :        383 (95 domain reductions, 0 cutoffs)
  avg switch length:       6.18
  switching time   :       1.28
Root Node          :
  First LP value   : -7.10043153107689e+00
  First LP Iters   :         15 (39370.08 Iter/sec)
  First LP Time    :       0.00
  Final Dual Bound : -5.39271918837859e+00
  Final Root Iters :        201
  Root LP Estimate : -5.30358486361943e+00
Solution           :
  Solutions found  :         28 (18 improvements)
  First Solution   : +7.32257874011363e-01   (in run 1, after 1 nodes, 0.02 seconds, depth 21, found by <locks>)
  Gap First Sol.   :   infinite
  Gap Last Sol.    :  546581.52 %
  Primal Bound     : -7.18123007045361e-07   (in run 1, after 10782 nodes, 14.46 seconds, depth 20, found by <relaxation>)
  Dual Bound       : -7.18123007045361e-07
  Gap              :       0.00 %
Integrals          :      Total       Avg%
  primal-dual      :    1999.21      99.99
  primal-ref       :          -          - (not evaluated)
  dual-ref         :          -          - (not evaluated)
