SCIP Status        : solving was interrupted [time limit reached]
Total Time         :    3600.03
  solving          :    3600.01
  presolving       :       2.22 (included in solving)
  reading          :       0.03
  copying          :       0.28 (12 #copies) (minimal 0.02, maximal 0.03, average 0.02)
Original Problem   :
  Problem name     : hadamard_7
  Variables        : 50 (0 binary, 49 integer, 0 implicit integer, 1 continuous)
  Constraints      : 1 initial, 1 maximal
  Objective        : maximize, 1 non-zeros (abs.min = 1, abs.max = 1)
Presolved Problem  :
  Problem name     : t_hadamard_7
  Variables        : 5090 (49 binary, 0 integer, 5040 implicit integer, 1 continuous)
  Constraints      : 7567 initial, 8258 maximal
  Objective        : minimize, 1 non-zeros (abs.min = 1, abs.max = 1)
  Nonzeros         : 50413 constraint, 102 clique table
Presolvers         :   ExecTime  SetupTime  Calls  FixedVars   AggrVars   ChgTypes  ChgBounds   AddHoles    DelCons    AddCons   ChgSides   ChgCoefs
  boundshift       :       0.00       0.00      0          0          0          0          0          0          0          0          0          0
  convertinttobin  :       0.00       0.00      0          0          0          0          0          0          0          0          0          0
  domcol           :       0.00       0.00      2          0          0          0          0          0          0          0          0          0
  dualagg          :       0.00       0.00      0          0          0          0          0          0          0          0          0          0
  dualcomp         :       0.00       0.00      2          0          0          0          0          0          0          0          0          0
  dualinfer        :       0.00       0.00      0          0          0          0          0          0          0          0          0          0
  dualsparsify     :       0.00       0.00      2          0          0          0          0          0          0          0          0          0
  gateextraction   :       0.00       0.00      0          0          0          0          0          0          0          0          0          0
  implics          :       0.00       0.00      4          0          0          0          0          0          0          0          0          0
  inttobinary      :       0.00       0.00      0          0          0          0          0          0          0          0          0          0
  qpkktref         :       0.00       0.00      0          0          0          0          0          0          0          0          0          0
  redvub           :       0.00       0.00      0          0          0          0          0          0          0          0          0          0
  sparsify         :       0.00       0.00      1          0          0          0          0          0          0          0          0          0
  stuffing         :       0.00       0.00      0          0          0          0          0          0          0          0          0          0
  trivial          :       0.00       0.00      6          0          0          0          0          0          0          0          0          0
  tworowbnd        :       0.00       0.00      0          0          0          0          0          0          0          0          0          0
  dualfix          :       0.00       0.00      6          0          0          0          0          0          0          0          0          0
  genvbounds       :       0.00       0.00      0          0          0          0          0          0          0          0          0          0
  probing          :       1.23       0.00      1          0          0          0          0          0          0          0          0          0
  pseudoobj        :       0.00       0.00      1          0          0          0          1          0          0          0          0          0
  symmetry         :       0.49       0.00      1          0          0          0          0          0          0       2526          0          0
  vbounds          :       0.00       0.00      1          0          0          0          0          0          0          0          0          0
  setppc           :       0.00       0.00      3          0          0          0          0          0          0          0          0          0
  and              :       0.04       0.00      6          0          0          0          0          0          0          0          0          0
  linear           :       0.02       0.00      6          0          0          0          0          0          0          0          0          0
  logicor          :       0.00       0.00      0          0          0          0          0          0          0          0          0          0
  nonlinear        :       0.40       0.00      5          0          0          0          1          0          0       5040          0          0
  benders          :       0.00       0.00      0          0          0          0          0          0          0          0          0          0
  components       :       0.01       0.00      1          0          0          0          0          0          0          0          0          0
  root node        :          -          -      -          0          -          -         16          -          -          -          -          -
Constraints        :     Number  MaxNumber  #Separate #Propagate    #EnfoLP    #EnfoRelax  #EnfoPS    #Check   #ResProp    Cutoffs    DomReds       Cuts    Applied      Conss   Children
  benderslp        :          0          0          0          0       5467          0          0       1290          0          0          0          0          0          0          0
  integral         :          0          0          0          0       5467          0          0       1290          0          0          0          0          0          0      10934
  setppc           :       2526+      2527         32      26959          0          0          0       1284       2951          0     507923         38         28          0          0
  and              :       5040       5040      10789      77380          0          0          0       1150     496489        794    1831337     644802     136937          0          0
  linear           :          1          1         32      76568          0          0          0         11        235       2534       2567          0          0          0          0
  logicor          :          0+       690          0      27845          0          0          0          0        731          9       1390          0          0          0          0
  benders          :          0          0          0          0          0          0          0         14          0          0          0          0          0          0          0
  countsols        :          0          0          0          0          0          0          0         14          0          0          0          0          0          0          0
  components       :          0          0          0          0          0          0          0          0          0          0          0          0          0          0          0
Constraint Timings :  TotalTime  SetupTime   Separate  Propagate     EnfoLP     EnfoPS     EnfoRelax   Check    ResProp    SB-Prop
  benderslp        :       0.00       0.00       0.00       0.00       0.00       0.00       0.00       0.00       0.00       0.00
  integral         :      83.72       0.00       0.00       0.00      83.71       0.00       0.00       0.00       0.00       0.00
  setppc           :       2.25       0.00       0.03       1.25       0.00       0.00       0.00       0.91       0.00       0.07
  and              :      59.45       0.00      36.29      22.36       0.00       0.00       0.00       0.12       0.20       0.47
  linear           :       3.40       0.00       0.40       2.72       0.00       0.00       0.00       0.00       0.25       0.03
  logicor          :       0.55       0.00       0.00       0.54       0.00       0.00       0.00       0.00       0.00       0.00
  benders          :       0.00       0.00       0.00       0.00       0.00       0.00       0.00       0.00       0.00       0.00
  countsols        :       0.00       0.00       0.00       0.00       0.00       0.00       0.00       0.00       0.00       0.00
  components       :       0.02       0.00       0.00       0.01       0.00       0.00       0.00       0.00       0.00       0.00
Propagators        : #Propagate   #ResProp    Cutoffs    DomReds
  dualfix          :          2          0          0          0
  genvbounds       :          0          0          0          0
  nlobbt           :          0          0          0          0
  obbt             :          0          0          0          0
  probing          :          0          0          0          0
  pseudoobj        :      16528          0          0         16
  redcost          :      16511          0          0          0
  rootredcost      :          7          0          0          0
  symmetry         :       5474          0          0          0
  vbounds          :       7927          0          0          0
Propagator Timings :  TotalTime  SetupTime   Presolve  Propagate    ResProp    SB-Prop
  dualfix          :       0.00       0.00       0.00       0.00       0.00       0.00
  genvbounds       :       0.03       0.00       0.00       0.03       0.00       0.00
  nlobbt           :       0.00       0.00       0.00       0.00       0.00       0.00
  obbt             :       0.00       0.00       0.00       0.00       0.00       0.00
  probing          :       1.23       0.00       1.23       0.00       0.00       0.00
  pseudoobj        :       0.04       0.00       0.00       0.04       0.00       0.00
  redcost          :       5.23       0.00       0.00       5.23       0.00       0.00
  rootredcost      :       0.03       0.00       0.00       0.03       0.00       0.00
  symmetry         :       0.59       0.00       0.49       0.10       0.00       0.00
  vbounds          :       0.05       0.00       0.00       0.05       0.00       0.00
Orbital fixing     :
  vars fixed to 0  :          0
  vars fixed to 1  :          0
Conflict Analysis  :       Time      Calls    Success    DomReds  Conflicts   Literals    Reconvs ReconvLits   Dualrays   Nonzeros   LP Iters   (pool size: [10000,10000])
  propagation      :       0.88        803        803          -       2626     1169.2         11     2494.8          -          -          -
  infeasible LP    :       0.07         13          3          -         22      792.3          0        0.0          0        0.0          0
  bound exceed. LP :       4.31        455        137          -       2292      897.3          0        0.0          0        0.0       1183
  strong branching :       0.00          0          0          -          0        0.0          0        0.0          -          -          0
  pseudo solution  :       0.00          0          0          -          0        0.0          0        0.0          -          -          -
  applied globally :       0.12          -          -          0       1328      124.4          -          -          0          -          -
  applied locally  :          -          -          -          0          0        0.0          -          -          0          -          -
Separators         :   ExecTime  SetupTime      Calls  RootCalls    Cutoffs    DomReds  FoundCuts ViaPoolAdd  DirectAdd    Applied ViaPoolApp  DirectApp      Conss
  cut pool         :       2.58          -       3190         52          -          -      43229      37557          -          -          -          -          -    (maximal pool size:       6446)
  aggregation      :      26.05       0.00       1310         31          0          0       3016       2956          0        700        700          0          0
  > cmir           :          -          -          -          -          -          -          -       2956          0        700        700          0          -
  > flowcover      :          -          -          -          -          -          -          -          0          0          0          0          0          -
  > knapsackcover  :          -          -          -          -          -          -          -          0          0          0          0          0          -
  cgmip            :       0.00       0.00          0          0          0          0          0          0          0          0          0          0          0
  clique           :       0.00       0.00         31         31          0          0          0          0          0          0          0          0          0
  closecuts        :       0.00       0.00          0          0          0          0          0          0          0          0          0          0          0
  convexproj       :       0.00       0.00          0          0          0          0          0          0          0          0          0          0          0
  disjunctive      :       0.00       0.00          0          0          0          0          0          0          0          0          0          0          0
  eccuts           :       0.00       0.00          0          0          0          0          0          0          0          0          0          0          0
  gauge            :       0.00       0.00          0          0          0          0          0          0          0          0          0          0          0
  gomory           :     163.34       0.00        772         10          0          0      38724      23080          0       1093       1093          0          0
  > gomorymi       :          -          -          -          -          -          -          -      11056          0        478        478          0          -
  > strongcg       :          -          -          -          -          -          -          -      12024          0        615        615          0          -
  impliedbounds    :       0.33       0.00       1310         31          0          0         42         35          0         16         16          0          0
  interminor       :       0.00       0.00          0          0          0          0          0          0          0          0          0          0          0
  intobj           :       0.00       0.00          0          0          0          0          0          0          0          0          0          0          0
  mcf              :       0.01       0.00          1          1          0          0          0          0          0          0          0          0          0
  minor            :       0.00       0.00          0          0          0          0          0          0          0          0          0          0          0
  mixing           :       0.00       0.00       1311         32          0          0          0          0          0          0          0          0          0
  oddcycle         :       0.00       0.00          0          0          0          0          0          0          0          0          0          0          0
  rapidlearning    :       0.00       0.00          0          0          0          0          0          0          0          0          0          0          0
  rlt              :       0.00       0.00         10         10          0          0          0          0          0          0          0          0          0
  zerohalf         :      35.45       0.00        782         20          0          0       1447      11486          0       5344       5344          0          0
Cutselectors       :   ExecTime  SetupTime      Calls  RootCalls   Selected     Forced   Filtered  RootSelec   RootForc   RootFilt 
  hybrid           :       1.95       0.00       5576         32     144118          0     538279       6871          0      22616
Pricers            :   ExecTime  SetupTime      Calls       Vars
  problem variables:       0.00          -          0          0
Branching Rules    :   ExecTime  SetupTime   BranchLP  BranchExt   BranchPS    Cutoffs    DomReds       Cuts      Conss   Children
  allfullstrong    :       0.00       0.00          0          0          0          0          0          0          0          0
  cloud            :       0.00       0.00          0          0          0          0          0          0          0          0
  distribution     :       0.00       0.00          0          0          0          0          0          0          0          0
  fullstrong       :       0.00       0.00          0          0          0          0          0          0          0          0
  inference        :       0.00       0.00          0          0          0          0          0          0          0          0
  leastinf         :       0.00       0.00          0          0          0          0          0          0          0          0
  lookahead        :       0.00       0.00          0          0          0          0          0          0          0          0
  mostinf          :       0.00       0.00          0          0          0          0          0          0          0          0
  multaggr         :       0.00       0.00          0          0          0          0          0          0          0          0
  nodereopt        :       0.00       0.00          0          0          0          0          0          0          0          0
  pscost           :       0.00       0.00          0          0          0          0          0          0          0          0
  random           :       0.00       0.00          0          0          0          0          0          0          0          0
  relpscost        :      83.70       0.00       5467          0          0          0          0          0          0      10934
  vanillafullstrong:       0.00       0.00          0          0          0          0          0          0          0          0
Primal Heuristics  :   ExecTime  SetupTime      Calls      Found       Best
  LP solutions     :       0.00          -          -          0          0
  relax solutions  :       0.00          -          -          0          0
  pseudo solutions :       0.00          -          -          0          0
  strong branching :       0.00          -          -          0          0
  actconsdiving    :       0.00       0.00          0          0          0
  adaptivediving   :      43.28       0.00         47          1          1
  alns             :       0.86       0.00          6          0          0
  bound            :       0.00       0.00          0          0          0
  clique           :       0.10       0.00          1          0          0
  coefdiving       :       0.00       0.00          0          0          0
  completesol      :       0.00       0.00          0          0          0
  conflictdiving   :     154.30       0.00        341          0          0
  crossover        :       0.00       0.00          0          0          0
  dins             :       0.00       0.00          0          0          0
  distributiondivin:      97.92       0.00        111          0          0
  dps              :       0.00       0.00          0          0          0
  dualval          :       0.00       0.00          0          0          0
  farkasdiving     :       0.00       0.00          0          0          0
  feaspump         :      28.56       0.00          2          0          0
  fixandinfer      :       0.00       0.00          0          0          0
  fracdiving       :      86.76       0.00        182          2          2
  gins             :       0.04       0.00          0          0          0
  guideddiving     :      85.89       0.00        162          1          1
  indicator        :       0.01       0.00          0          0          0
  indicatordiving  :       0.00       0.00          0          0          0
  intdiving        :       0.00       0.00          0          0          0
  intshifting      :       8.50       0.00         27          0          0
  linesearchdiving :      81.49       0.00        198          1          1
  localbranching   :       0.00       0.00          0          0          0
  locks            :       0.03       0.00          1          0          0
  lpface           :       0.00       0.00          0          0          0
  mpec             :       0.00       0.00          0          0          0
  multistart       :       0.00       0.00          0          0          0
  mutation         :       0.00       0.00          0          0          0
  nlpdiving        :       0.00       0.00          0          0          0
  objpscostdiving  :     123.33       0.00          4          0          0
  octane           :       0.00       0.00          0          0          0
  ofins            :       0.00       0.00          0          0          0
  oneopt           :       0.07       0.00          7          0          0
  padm             :       0.00       0.00          0          0          0
  proximity        :       0.00       0.00          0          0          0
  pscostdiving     :      92.07       0.00         85          0          0
  randrounding     :       1.16       0.00        800          0          0
  rens             :       0.00       0.00          0          0          0
  reoptsols        :       0.00       0.00          0          0          0
  repair           :       0.00       0.00          0          0          0
  rins             :      16.61       0.00          5          0          0
  rootsoldiving    :     100.18       0.00         11          0          0
  rounding         :       3.41       0.00       1481          0          0
  shiftandpropagate:       0.00       0.00          0          0          0
  shifting         :      41.04       0.00       1067          2          0
  simplerounding   :       0.01       0.00          0          0          0
  subnlp           :       0.01       0.00          0          0          0
  trivial          :       0.01       0.00          2          3          2
  trivialnegation  :       0.00       0.00          0          0          0
  trustregion      :       0.00       0.00          0          0          0
  trysol           :       0.00       0.00          0          0          0
  twoopt           :       0.00       0.00          0          0          0
  undercover       :       0.85       0.00          1          1          0
  vbounds          :       0.00       0.00          0          0          0
  veclendiving     :      84.17       0.00        189          1          1
  zeroobj          :       0.00       0.00          0          0          0
  zirounding       :       6.50       0.00       1000          0          0
  other solutions  :          -          -          -          0          -
Expressions        :   #IntEval  IntEvalTi   #RevProp  RevPropTi    DomReds    Cutoffs  #Estimate  EstimTime  Branching  #Simplify SimplifyTi Simplified
  prod             :      65520       0.03       5040       0.02          0          0          0       0.00          0      35280       0.03      25200
  sum              :         16       0.01          8       0.00          1          0          0       0.00          0       2523       0.07          2
  var              :      10483       0.00          0       0.00          0          0          0       0.00          0      75603       0.00          0
LP                 :       Time      Calls Iterations  Iter/call   Iter/sec  Time-0-It Calls-0-It    ItLimit
  primal LP        :      18.42        711          0       0.00       0.00      18.42        711
  dual LP          :    2072.80      11055    3156670     285.77    1522.90       0.02          9
  lex dual LP      :       0.00          0          0       0.00          -
  barrier LP       :       0.00          0          0       0.00          -       0.00          0
  resolve instable :       0.00          0          0       0.00          -
  diving/probing LP:     914.19       3129    1782171     569.57    1949.44
  strong branching :      73.47        287     134803     469.70    1834.89          -          -        123
    (at root node) :          -         30      16375     545.83          -
  conflict analysis:       1.10        129       1183       9.17    1078.29
B&B Tree           :
  number of runs   :          1
  nodes            :       5475 (5467 internal, 8 leaves)
  feasible leaves  :          0
  infeas. leaves   :          6
  objective leaves :          1
  nodes (total)    :       5475 (5467 internal, 8 leaves)
  nodes left       :       5461
  max depth        :         38
  max depth (total):         38
  backtracks       :       1410 (25.8%)
  early backtracks :          0 (0.0%)
  nodes exc. ref.  :          0 (0.0%)
  delayed cutoffs  :          0
  repropagations   :         17 (2 domain reductions, 0 cutoffs)
  avg switch length:       4.63
  switching time   :      26.36
Root Node          :
  First LP value   : +2.16000000000000e+03
  First LP Iters   :          3 (14.94 Iter/sec)
  First LP Time    :       0.20
  Final Dual Bound : +2.12430866871057e+03
  Final Root Iters :        990
  Root LP Estimate : -5.17735224433643e+03
Solution           :
  Solutions found  :         12 (8 improvements)
  First Solution   : -1.00000000000000e+05   (in run 1, after 0 nodes, 0.06 seconds, depth 0, found by <trivial>)
  Gap First Sol.   :   infinite
  Gap Last Sol.    :    6077.08 %
  Primal Bound     : +2.40000000000000e+01   (in run 1, after 979 nodes, 1128.44 seconds, depth 20, found by <linesearchdiving>)
  Dual Bound       : +1.29350000000000e+03
  Gap              :    5289.58 %
Integrals          :      Total       Avg%
  primal-dual      :  355001.74      98.61
  primal-ref       :          -          - (not evaluated)
  dual-ref         :          -          - (not evaluated)
