SCIP Status        : solving was interrupted [time limit reached]
Total Time         :    3600.01
  solving          :    3600.01
  presolving       :       0.26 (included in solving)
  reading          :       0.00
  copying          :       0.65 (53 #copies) (minimal 0.00, maximal 0.02, average 0.01)
Original Problem   :
  Problem name     : hadamard_6
  Variables        : 37 (0 binary, 36 integer, 0 implicit integer, 1 continuous)
  Constraints      : 1 initial, 1 maximal
  Objective        : maximize, 1 non-zeros (abs.min = 1, abs.max = 1)
Presolved Problem  :
  Problem name     : t_hadamard_6
  Variables        : 757 (36 binary, 0 integer, 720 implicit integer, 1 continuous)
  Constraints      : 1568 initial, 3263 maximal
  Objective        : minimize, 1 non-zeros (abs.min = 1, abs.max = 1)
  Nonzeros         : 22077 constraint, 106 clique table
Presolvers         :   ExecTime  SetupTime  Calls  FixedVars   AggrVars   ChgTypes  ChgBounds   AddHoles    DelCons    AddCons   ChgSides   ChgCoefs
  boundshift       :       0.00       0.00      0          0          0          0          0          0          0          0          0          0
  convertinttobin  :       0.00       0.00      0          0          0          0          0          0          0          0          0          0
  domcol           :       0.00       0.00      3          0          0          0          0          0          0          0          0          0
  dualagg          :       0.00       0.00      0          0          0          0          0          0          0          0          0          0
  dualcomp         :       0.00       0.00      3          0          0          0          0          0          0          0          0          0
  dualinfer        :       0.00       0.00      0          0          0          0          0          0          0          0          0          0
  dualsparsify     :       0.00       0.00      2          0          0          0          0          0          0          0          0          0
  gateextraction   :       0.00       0.00      5          0          0          0          0          0          0          0          0          0
  implics          :       0.00       0.00      9          0          0          0          0          0          0          0          0          0
  inttobinary      :       0.00       0.00      0          0          0          0          0          0          0          0          0          0
  qpkktref         :       0.00       0.00      0          0          0          0          0          0          0          0          0          0
  redvub           :       0.00       0.00      0          0          0          0          0          0          0          0          0          0
  sparsify         :       0.00       0.00      1          0          0          0          0          0          0          0          0          0
  stuffing         :       0.00       0.00      0          0          0          0          0          0          0          0          0          0
  trivial          :       0.00       0.00     11          0          0          0          0          0          0          0          0          0
  tworowbnd        :       0.00       0.00      0          0          0          0          0          0          0          0          0          0
  dualfix          :       0.00       0.00     11          0          0          0          0          0          0          0          0          0
  genvbounds       :       0.00       0.00      0          0          0          0          0          0          0          0          0          0
  probing          :       0.08       0.00      1          0          0          0          0          0          0          0          0          0
  pseudoobj        :       0.00       0.00      2          0          0          0          1          0          0          0          0          0
  symmetry         :       0.02       0.00      1          0          0          0          0          0          0        366          0          0
  vbounds          :       0.00       0.00      2          0          0          0          0          0          0          0          0          0
  knapsack         :       0.00       0.00     12          0          0          0          0          0          0          0          0          0
  setppc           :       0.00       0.00     18          0          0          0          0          0          0          0          0          0
  and              :       0.01       0.00     16          0          0          0          0          0          0          0          0          0
  linear           :       0.00       0.00     16          0          0          0          0          0          0          0          0          0
  logicor          :       0.07       0.00     14          0          0          0          0          0         17          0          0        124
  nonlinear        :       0.06       0.00      5          0          0          0          1          0          0        720          0          0
  benders          :       0.00       0.00      0          0          0          0          0          0          0          0          0          0
  components       :       0.00       0.00      2          0          0          0          0          0          0          0          0          0
  root node        :          -          -      -          0          -          -         38          -          -          -          -          -
Constraints        :     Number  MaxNumber  #Separate #Propagate    #EnfoLP    #EnfoRelax  #EnfoPS    #Check   #ResProp    Cutoffs    DomReds       Cuts    Applied      Conss   Children
  benderslp        :          0          0          0          0     389751          0          0      18720          0          0          0          0          0          0          0
  integral         :          0          0          0          0     389751          0          0      18720          0          0       3322          0          0        501     778478
  knapsack         :         42+        44         11    1676191          0          0          0          0       5135        119       2171         61          5          0          0
  setppc           :        381        381         34     284702          0          0          0      18713     297853         46      87597         78         24          0          0
  and              :        720        720     546227    3110004          0          0          0      18684   13909277      28372   14647167     943807     653052          0          0
  linear           :          1+         2         34    3081453          0          0          0         12      64999     189749     161565          0          0          0          0
  logicor          :        424+      2119         13    1160534          0          0          0          0     150601      15504      42868        157         26          0          0
  benders          :          0          0          0          0          0          0          0         15          0          0          0          0          0          0          0
  countsols        :          0          0          0          0          0          0          0         15          0          0          0          0          0          0          0
  components       :          0          0          0          0          0          0          0          0          0          0          0          0          0          0          0
Constraint Timings :  TotalTime  SetupTime   Separate  Propagate     EnfoLP     EnfoPS     EnfoRelax   Check    ResProp    SB-Prop
  benderslp        :       0.24       0.00       0.00       0.00       0.23       0.00       0.00       0.00       0.00       0.00
  integral         :      59.38       0.00       0.00       0.00      59.37       0.00       0.00       0.01       0.00       0.00
  knapsack         :       4.18       0.00       0.02       4.14       0.00       0.00       0.00       0.00       0.01       0.01
  setppc           :       1.74       0.00       0.00       0.35       0.00       0.00       0.00       1.21       0.17       0.01
  and              :     196.52       0.00      93.84      97.53       0.00       0.00       0.00       0.21       4.74       0.20
  linear           :      17.09       0.00       0.07      11.48       0.00       0.00       0.00       0.00       5.52       0.01
  logicor          :      37.79       0.00       0.00      37.60       0.00       0.00       0.00       0.00       0.16       0.02
  benders          :       0.00       0.00       0.00       0.00       0.00       0.00       0.00       0.00       0.00       0.00
  countsols        :       0.00       0.00       0.00       0.00       0.00       0.00       0.00       0.00       0.00       0.00
  components       :       0.39       0.00       0.00       0.39       0.00       0.00       0.00       0.00       0.00       0.00
Propagators        : #Propagate   #ResProp    Cutoffs    DomReds
  dualfix          :          3          0          0          0
  genvbounds       :          0          0          0          0
  nlobbt           :          0          0          0          0
  obbt             :          0          0          0          0
  probing          :          0          0          0          0
  pseudoobj        :    1269765          0          5         37
  redcost          :     941883          0          0          0
  rootredcost      :          8          0          0          1
  symmetry         :     448213          0          0          0
  vbounds          :     433394          0          0          0
Propagator Timings :  TotalTime  SetupTime   Presolve  Propagate    ResProp    SB-Prop
  dualfix          :       0.00       0.00       0.00       0.00       0.00       0.00
  genvbounds       :       0.88       0.00       0.00       0.88       0.00       0.00
  nlobbt           :       0.00       0.00       0.00       0.00       0.00       0.00
  obbt             :       0.00       0.00       0.00       0.00       0.00       0.00
  probing          :       0.08       0.00       0.08       0.00       0.00       0.00
  pseudoobj        :       1.74       0.00       0.00       1.74       0.00       0.00
  redcost          :      19.11       0.00       0.00      19.11       0.00       0.00
  rootredcost      :       0.76       0.00       0.00       0.76       0.00       0.00
  symmetry         :       8.83       0.00       0.02       8.81       0.00       0.00
  vbounds          :       1.34       0.00       0.00       1.34       0.00       0.00
Orbital fixing     :
  vars fixed to 0  :          0
  vars fixed to 1  :          0
Conflict Analysis  :       Time      Calls    Success    DomReds  Conflicts   Literals    Reconvs ReconvLits   Dualrays   Nonzeros   LP Iters   (pool size: [10000,10000])
  propagation      :      22.44      44046      43573          -     601143      248.0        792      331.4          -          -          -
  infeasible LP    :       0.11        199         66          -        739      152.0          0        0.0          2      109.5          0
  bound exceed. LP :      60.20      74390      11878          -     129576      150.0         16       32.1          1       62.0     119780
  strong branching :       0.00          0          0          -          0        0.0          0        0.0          -          -          0
  pseudo solution  :       0.00          0          0          -          0        0.0          0        0.0          -          -          -
  applied globally :       1.53          -          -          0      92989       49.8          -          -          3          -          -
  applied locally  :          -          -          -          0          9      233.7          -          -          0          -          -
Separators         :   ExecTime  SetupTime      Calls  RootCalls    Cutoffs    DomReds  FoundCuts ViaPoolAdd  DirectAdd    Applied ViaPoolApp  DirectApp      Conss
  cut pool         :       8.01          -      57028         62          -          -     201056     116656          -          -          -          -          -    (maximal pool size:       7021)
  aggregation      :      12.26       0.00       7888         33          0          0       4808       4240          2       1500       1499          1          0
  > cmir           :          -          -          -          -          -          -          -       4066          2       1491       1490          1          -
  > flowcover      :          -          -          -          -          -          -          -        174          0          9          9          0          -
  > knapsackcover  :          -          -          -          -          -          -          -          0          0          0          0          0          -
  cgmip            :       0.00       0.00          0          0          0          0          0          0          0          0          0          0          0
  clique           :       0.00       0.00         33         33          0          0          0          0          0          0          0          0          0
  closecuts        :       0.00       0.00          0          0          0          0          0          0          0          0          0          0          0
  convexproj       :       0.00       0.00          0          0          0          0          0          0          0          0          0          0          0
  disjunctive      :       0.00       0.00          0          0          0          0          0          0          0          0          0          0          0
  eccuts           :       0.00       0.00          0          0          0          0          0          0          0          0          0          0          0
  gauge            :       0.00       0.00          0          0          0          0          0          0          0          0          0          0          0
  gomory           :     200.01       0.00       5107         20          0          0     186996      84767        372       9033       9018         15          0
  > gomorymi       :          -          -          -          -          -          -          -      25504        186       2159       2153          6          -
  > strongcg       :          -          -          -          -          -          -          -      59263        186       6874       6865          9          -
  impliedbounds    :       0.28       0.00       7888         33          0          0        236         97          0         50         50          0          0
  interminor       :       0.00       0.00          0          0          0          0          0          0          0          0          0          0          0
  intobj           :       0.00       0.00          0          0          0          0          0          0          0          0          0          0          0
  mcf              :       0.00       0.00          2          2          0          0          0          0          0          0          0          0          0
  minor            :       0.01       0.00          0          0          0          0          0          0          0          0          0          0          0
  mixing           :       0.01       0.00       7889         34          0          0          0          0          0          0          0          0          0
  oddcycle         :       0.00       0.00          0          0          0          0          0          0          0          0          0          0          0
  rapidlearning    :       0.01       0.00          0          0          0          0          0          0          0          0          0          0          0
  rlt              :       0.00       0.00         20         20          0          0          0          0          0          0          0          0          0
  zerohalf         :      10.33       0.00       5118         31          0          0       9428      27552         38      13911      13879         32          0
Cutselectors       :   ExecTime  SetupTime      Calls  RootCalls   Selected     Forced   Filtered  RootSelec   RootForc   RootFilt 
  hybrid           :       0.86       0.00     162379         33     677601          0     383570       1574          0       9918
Pricers            :   ExecTime  SetupTime      Calls       Vars
  problem variables:       0.00          -          0          0
Branching Rules    :   ExecTime  SetupTime   BranchLP  BranchExt   BranchPS    Cutoffs    DomReds       Cuts      Conss   Children
  allfullstrong    :       0.00       0.00          0          0          0          0          0          0          0          0
  cloud            :       0.00       0.00          0          0          0          0          0          0          0          0
  distribution     :       0.00       0.00          0          0          0          0          0          0          0          0
  fullstrong       :       0.00       0.00          0          0          0          0          0          0          0          0
  inference        :       0.00       0.00          0          0          0          0          0          0          0          0
  leastinf         :       0.00       0.00          0          0          0          0          0          0          0          0
  lookahead        :       0.00       0.00          0          0          0          0          0          0          0          0
  mostinf          :       0.00       0.00          0          0          0          0          0          0          0          0
  multaggr         :       0.00       0.00          0          0          0          0          0          0          0          0
  nodereopt        :       0.00       0.00          0          0          0          0          0          0          0          0
  pscost           :       0.00       0.00          0          0          0          0          0          0          0          0
  random           :       0.00       0.00          0          0          0          0          0          0          0          0
  relpscost        :      58.76       0.00     389751          0          0          0       3322          0        503     778478
  vanillafullstrong:       0.00       0.00          0          0          0          0          0          0          0          0
Primal Heuristics  :   ExecTime  SetupTime      Calls      Found       Best
  LP solutions     :       0.00          -          -          0          0
  relax solutions  :       0.00          -          -          0          0
  pseudo solutions :       0.00          -          -          0          0
  strong branching :       0.00          -          -          0          0
  actconsdiving    :       0.00       0.00          0          0          0
  adaptivediving   :       5.43       0.00        931          2          2
  alns             :       1.40       0.00         21          0          0
  bound            :       0.00       0.00          0          0          0
  clique           :       0.01       0.00          1          0          0
  coefdiving       :       0.00       0.00          0          0          0
  completesol      :       0.00       0.00          0          0          0
  conflictdiving   :      53.69       0.00      15541          0          0
  crossover        :       0.32       0.00          0          0          0
  dins             :       0.00       0.00          0          0          0
  distributiondivin:     682.66       0.00      13797          0          0
  dps              :       0.00       0.00          0          0          0
  dualval          :       0.00       0.00          0          0          0
  farkasdiving     :       0.02       0.00          0          0          0
  feaspump         :       0.73       0.00          1          0          0
  fixandinfer      :       0.00       0.00          0          0          0
  fracdiving       :      41.90       0.00      15900          1          1
  gins             :       0.26       0.00          0          0          0
  guideddiving     :      41.10       0.00      24902          2          2
  indicator        :       0.36       0.00          0          0          0
  indicatordiving  :       0.00       0.00          0          0          0
  intdiving        :       0.00       0.00          0          0          0
  intshifting      :       1.43       0.00        167          0          0
  linesearchdiving :      43.70       0.00      27566          1          1
  localbranching   :       0.00       0.00          0          0          0
  locks            :       0.00       0.00          1          0          0
  lpface           :       0.26       0.00          0          0          0
  mpec             :       0.00       0.00          0          0          0
  multistart       :       0.00       0.00          0          0          0
  mutation         :       0.00       0.00          0          0          0
  nlpdiving        :       0.01       0.00          0          0          0
  objpscostdiving  :      24.59       0.00       1015          0          0
  octane           :       0.00       0.00          0          0          0
  ofins            :       0.15       0.00          0          0          0
  oneopt           :       0.29       0.00          7          0          0
  padm             :       0.00       0.00          0          0          0
  proximity        :       0.00       0.00          0          0          0
  pscostdiving     :     111.30       0.00      12694          0          0
  randrounding     :       1.34       0.00      15191          0          0
  rens             :       0.00       0.00          0          0          0
  reoptsols        :       0.00       0.00          0          0          0
  repair           :       0.00       0.00          0          0          0
  rins             :       5.81       0.00         31          0          0
  rootsoldiving    :      54.52       0.00       1152          0          0
  rounding         :       2.55       0.00      10411          0          0
  shiftandpropagate:       0.00       0.00          0          0          0
  shifting         :      11.44       0.00       6200          3          0
  simplerounding   :       0.34       0.00          0          0          0
  subnlp           :       0.47       0.00          0          0          0
  trivial          :       0.00       0.00          2          3          2
  trivialnegation  :       0.00       0.00          0          0          0
  trustregion      :       0.00       0.00          0          0          0
  trysol           :       0.16       0.00          0          0          0
  twoopt           :       0.00       0.00          0          0          0
  undercover       :       0.07       0.00          1          1          0
  vbounds          :       0.00       0.00          0          0          0
  veclendiving     :      30.98       0.00      20263          0          0
  zeroobj          :       0.00       0.00          0          0          0
  zirounding       :       0.62       0.00       1000          0          0
  other solutions  :          -          -          -          0          -
Expressions        :   #IntEval  IntEvalTi   #RevProp  RevPropTi    DomReds    Cutoffs  #Estimate  EstimTime  Branching  #Simplify SimplifyTi Simplified
  prod             :       9360       0.00        720       0.00          0          0          0       0.00          0       4320       0.02       2880
  sum              :         16       0.00          8       0.00          1          0          0       0.00          0        363       0.01          2
  var              :       1739       0.00          0       0.00          0          0          0       0.00          0       9363       0.00          0
LP                 :       Time      Calls Iterations  Iter/call   Iter/sec  Time-0-It Calls-0-It    ItLimit
  primal LP        :      74.26      53368          0       0.00       0.00      74.25      53368
  dual LP          :    1197.22     611058   14941427      24.45   12480.05       0.01         44
  lex dual LP      :       0.00          0          0       0.00          -
  barrier LP       :       0.00          0          0       0.00          -       0.00          0
  resolve instable :       0.00          0          0       0.00          -
  diving/probing LP:     243.21     118573    2765184      23.32   11369.47
  strong branching :       5.56       1056      69493      65.81   12505.09          -          -         24
    (at root node) :          -         57      15869     278.40          -
  conflict analysis:      13.51      14652     119780       8.17    8868.48
B&B Tree           :
  number of runs   :          2
  nodes            :     447196 (388191 internal, 59005 leaves)
  feasible leaves  :          0
  infeas. leaves   :        107
  objective leaves :      58897
  nodes (total)    :     448245 (389239 internal, 59006 leaves)
  nodes left       :     328888
  max depth        :         34
  max depth (total):         34
  backtracks       :     109161 (24.4%)
  early backtracks :          0 (0.0%)
  nodes exc. ref.  :          0 (0.0%)
  delayed cutoffs  :          0
  repropagations   :       3821 (5255 domain reductions, 0 cutoffs)
  avg switch length:       6.74
  switching time   :     213.14
Root Node          :
  First LP value   : +3.00000000000000e+02
  First LP Iters   :          3 (243.96 Iter/sec)
  First LP Time    :       0.01
  Final Dual Bound : +1.66111111111111e+02
  Final Root Iters :       2832
  Root LP Estimate : -5.00184634360731e+02
Solution           :
  Solutions found  :         13 (8 improvements)
  First Solution   : -1.00000000000000e+05   (in run 1, after 0 nodes, 0.03 seconds, depth 0, found by <trivial>)
  Gap First Sol.   :   infinite
  Gap Last Sol.    :     978.70 %
  Primal Bound     : +9.00000000000000e+00   (in run 2, after 50908 nodes, 692.32 seconds, depth 36, found by <fracdiving>)
  Dual Bound       : +5.60000000000000e+01
  Gap              :     522.22 %
Integrals          :      Total       Avg%
  primal-dual      :  316008.75      87.78
  primal-ref       :          -          - (not evaluated)
  dual-ref         :          -          - (not evaluated)
