SCIP Status        : solving was interrupted [time limit reached]
Total Time         :    3600.09
  solving          :    3600.08
  presolving       :       0.09 (included in solving)
  reading          :       0.01
  copying          :       0.03 (5 #copies) (minimal 0.01, maximal 0.01, average 0.01)
Original Problem   :
  Problem name     : kall_ellipsoids_tc05a
  Variables        : 464 (0 binary, 0 integer, 0 implicit integer, 464 continuous)
  Constraints      : 461 initial, 461 maximal
  Objective        : minimize, 1 non-zeros (abs.min = 1, abs.max = 1)
Presolved Problem  :
  Problem name     : t_kall_ellipsoids_tc05a
  Variables        : 2473 (0 binary, 0 integer, 0 implicit integer, 2473 continuous)
  Constraints      : 443 initial, 445 maximal
  Objective        : minimize, 1 non-zeros (abs.min = 1, abs.max = 1)
  Nonzeros         : 2513 constraint, 0 clique table
Presolvers         :   ExecTime  SetupTime  Calls  FixedVars   AggrVars   ChgTypes  ChgBounds   AddHoles    DelCons    AddCons   ChgSides   ChgCoefs
  boundshift       :       0.00       0.00      0          0          0          0          0          0          0          0          0          0
  convertinttobin  :       0.00       0.00      0          0          0          0          0          0          0          0          0          0
  domcol           :       0.00       0.00      1          0          0          0          0          0          0          0          0          0
  dualagg          :       0.00       0.00      0          0          0          0          0          0          0          0          0          0
  dualcomp         :       0.00       0.00      1          0          0          0          0          0          0          0          0          0
  dualinfer        :       0.00       0.00      0          0          0          0          0          0          0          0          0          0
  dualsparsify     :       0.00       0.00      1          0          0          0          0          0          0          0          0          0
  gateextraction   :       0.00       0.00      0          0          0          0          0          0          0          0          0          0
  implics          :       0.00       0.00      1          0          0          0          0          0          0          0          0          0
  inttobinary      :       0.00       0.00      0          0          0          0          0          0          0          0          0          0
  qpkktref         :       0.00       0.00      0          0          0          0          0          0          0          0          0          0
  redvub           :       0.00       0.00      0          0          0          0          0          0          0          0          0          0
  sparsify         :       0.00       0.00      1          0          0          0          0          0          0          0          0          0
  stuffing         :       0.00       0.00      0          0          0          0          0          0          0          0          0          0
  trivial          :       0.00       0.00      3          0          0          0          0          0          0          0          0          0
  tworowbnd        :       0.00       0.00      0          0          0          0          0          0          0          0          0          0
  dualfix          :       0.00       0.00      3          0          0          0          0          0          0          0          0          0
  genvbounds       :       0.00       0.00      0          0          0          0          0          0          0          0          0          0
  probing          :       0.00       0.00      0          0          0          0          0          0          0          0          0          0
  pseudoobj        :       0.00       0.00      0          0          0          0          0          0          0          0          0          0
  symmetry         :       0.00       0.00      1          0          0          0          0          0          0          0          0          0
  vbounds          :       0.00       0.00      0          0          0          0          0          0          0          0          0          0
  linear           :       0.00       0.00      4          0         33          0         57          0         18          0         15          0
  nonlinear        :       0.08       0.02      5          0          0          0        101          0          0          0          0          0
  benders          :       0.00       0.00      0          0          0          0          0          0          0          0          0          0
  components       :       0.00       0.00      1          0          0          0          0          0          0          0          0          0
  root node        :          -          -      -          0          -          -        702          -          -          -          -          -
Constraints        :     Number  MaxNumber  #Separate #Propagate    #EnfoLP    #EnfoRelax  #EnfoPS    #Check   #ResProp    Cutoffs    DomReds       Cuts    Applied      Conss   Children
  benderslp        :          0          0          0          0      10277          0          0          7          0          0          0          0          0          0          0
  integral         :          0          0          0          0      10277          0          0          7          0          0          0          0          0          0          0
  linear           :        122+       124         63       3752          0          0          0          4          0          1        893          0          0          0          0
  nonlinear        :        321        321      11924       3751      10277          0          0          1          0         63      87977     695508     600163          0       3244
  benders          :          0          0          0          0          0          0          0          0          0          0          0          0          0          0          0
  countsols        :          0          0          0          0          0          0          0          0          0          0          0          0          0          0          0
  components       :          0          0          0          0          0          0          0          0          0          0          0          0          0          0          0
Constraint Timings :  TotalTime  SetupTime   Separate  Propagate     EnfoLP     EnfoPS     EnfoRelax   Check    ResProp    SB-Prop
  benderslp        :       0.00       0.00       0.00       0.00       0.00       0.00       0.00       0.00       0.00       0.00
  integral         :       0.00       0.00       0.00       0.00       0.00       0.00       0.00       0.00       0.00       0.00
  linear           :       0.01       0.00       0.00       0.01       0.00       0.00       0.00       0.00       0.00       0.00
  nonlinear        :    2230.00       0.02    1189.05       0.69    1040.24       0.00       0.00       0.00       0.00       0.00
  benders          :       0.00       0.00       0.00       0.00       0.00       0.00       0.00       0.00       0.00       0.00
  countsols        :       0.00       0.00       0.00       0.00       0.00       0.00       0.00       0.00       0.00       0.00
  components       :       0.00       0.00       0.00       0.00       0.00       0.00       0.00       0.00       0.00       0.00
Propagators        : #Propagate   #ResProp    Cutoffs    DomReds
  dualfix          :          3          0          0          0
  genvbounds       :        378          0          0          1
  nlobbt           :          0          0          0          0
  obbt             :         44          0          0         15
  probing          :          0          0          0          0
  pseudoobj        :      13738          0          0          0
  redcost          :          0          0          0          0
  rootredcost      :          1          0          0          0
  symmetry         :          0          0          0          0
  vbounds          :          0          0          0          0
Propagator Timings :  TotalTime  SetupTime   Presolve  Propagate    ResProp    SB-Prop
  dualfix          :       0.00       0.00       0.00       0.00       0.00       0.00
  genvbounds       :       0.03       0.00       0.00       0.03       0.00       0.00
  nlobbt           :       0.00       0.00       0.00       0.00       0.00       0.00
  obbt             :      17.45       0.00       0.00      17.45       0.00       0.00
  probing          :       0.00       0.00       0.00       0.00       0.00       0.00
  pseudoobj        :       0.02       0.00       0.00       0.02       0.00       0.00
  redcost          :       0.01       0.00       0.00       0.01       0.00       0.00
  rootredcost      :       0.01       0.00       0.00       0.01       0.00       0.00
  symmetry         :       0.01       0.00       0.00       0.00       0.00       0.00
  vbounds          :       0.01       0.00       0.00       0.01       0.00       0.00
Conflict Analysis  :       Time      Calls    Success    DomReds  Conflicts   Literals    Reconvs ReconvLits   Dualrays   Nonzeros   LP Iters   (pool size: [--,--])
  propagation      :       0.00          0          0          -          0        0.0          0        0.0          -          -          -
  infeasible LP    :       0.01         24          2          -          0        0.0          0        0.0          2        4.5          0
  bound exceed. LP :       0.00          0          0          -          0        0.0          0        0.0          0        0.0          0
  strong branching :       0.00          0          0          -          0        0.0          0        0.0          -          -          0
  pseudo solution  :       0.00          0          0          -          0        0.0          0        0.0          -          -          -
  applied globally :       0.00          -          -          0          0        0.0          -          -          2          -          -
  applied locally  :          -          -          -          0          0        0.0          -          -          0          -          -
Separators         :   ExecTime  SetupTime      Calls  RootCalls    Cutoffs    DomReds  FoundCuts ViaPoolAdd  DirectAdd    Applied ViaPoolApp  DirectApp      Conss
  cut pool         :       0.00          -          0          0          -          -          0          0          -          -          -          -          -    (maximal pool size:          0)
  aggregation      :       0.00       0.00          0          0          0          0          0          0          0          0          0          0          0
  > cmir           :          -          -          -          -          -          -          -          0          0          0          0          0          -
  > flowcover      :          -          -          -          -          -          -          -          0          0          0          0          0          -
  > knapsackcover  :          -          -          -          -          -          -          -          0          0          0          0          0          -
  cgmip            :       0.00       0.00          0          0          0          0          0          0          0          0          0          0          0
  clique           :       0.00       0.00          0          0          0          0          0          0          0          0          0          0          0
  closecuts        :       0.00       0.00          0          0          0          0          0          0          0          0          0          0          0
  convexproj       :       0.00       0.00          0          0          0          0          0          0          0          0          0          0          0
  disjunctive      :       0.00       0.00          0          0          0          0          0          0          0          0          0          0          0
  eccuts           :       0.00       0.00          0          0          0          0          0          0          0          0          0          0          0
  gauge            :       0.00       0.00          0          0          0          0          0          0          0          0          0          0          0
  gomory           :       0.00       0.00          0          0          0          0          0          0          0          0          0          0          0
  > gomorymi       :          -          -          -          -          -          -          -          0          0          0          0          0          -
  > strongcg       :          -          -          -          -          -          -          -          0          0          0          0          0          -
  impliedbounds    :       0.00       0.00          0          0          0          0          0          0          0          0          0          0          0
  interminor       :       0.00       0.00          0          0          0          0          0          0          0          0          0          0          0
  intobj           :       0.00       0.00          0          0          0          0          0          0          0          0          0          0          0
  mcf              :       0.00       0.00          0          0          0          0          0          0          0          0          0          0          0
  minor            :       0.29       0.00        300         63          0          0      36902          0      36902      16601          0      16601          0
  mixing           :       0.00       0.00        317         63          0          0          0          0          0          0          0          0          0
  oddcycle         :       0.00       0.00          0          0          0          0          0          0          0          0          0          0          0
  rapidlearning    :       0.00       0.00          0          0          0          0          0          0          0          0          0          0          0
  rlt              :       0.00       0.00         10         10          0          0          0          0          0          0          0          0          0
  zerohalf         :       0.00       0.00          0          0          0          0          0          0          0          0          0          0          0
Cutselectors       :   ExecTime  SetupTime      Calls  RootCalls   Selected     Forced   Filtered  RootSelec   RootForc   RootFilt 
  hybrid           :       0.59       0.00      10721         63     337203         20     100115       5480          1      13682
Pricers            :   ExecTime  SetupTime      Calls       Vars
  problem variables:       0.00          -          0          0
Branching Rules    :   ExecTime  SetupTime   BranchLP  BranchExt   BranchPS    Cutoffs    DomReds       Cuts      Conss   Children
  allfullstrong    :       0.00       0.00          0          0          0          0          0          0          0          0
  cloud            :       0.00       0.00          0          0          0          0          0          0          0          0
  distribution     :       0.00       0.00          0          0          0          0          0          0          0          0
  fullstrong       :       0.00       0.00          0          0          0          0          0          0          0          0
  inference        :       0.00       0.00          0          0          0          0          0          0          0          0
  leastinf         :       0.00       0.00          0          0          0          0          0          0          0          0
  lookahead        :       0.00       0.00          0          0          0          0          0          0          0          0
  mostinf          :       0.00       0.00          0          0          0          0          0          0          0          0
  multaggr         :       0.00       0.00          0          0          0          0          0          0          0          0
  nodereopt        :       0.00       0.00          0          0          0          0          0          0          0          0
  pscost           :       0.00       0.00          0          0          0          0          0          0          0          0
  random           :       0.00       0.00          0          0          0          0          0          0          0          0
  relpscost        :       0.00       0.00          0          0          0          0          0          0          0          0
  vanillafullstrong:       0.00       0.00          0          0          0          0          0          0          0          0
Primal Heuristics  :   ExecTime  SetupTime      Calls      Found       Best
  LP solutions     :       0.00          -          -          0          0
  relax solutions  :       0.00          -          -          0          0
  pseudo solutions :       0.00          -          -          0          0
  strong branching :       0.00          -          -          0          0
  actconsdiving    :       0.00       0.00          0          0          0
  adaptivediving   :       0.00       0.00          0          0          0
  alns             :       0.04       0.00          5          0          0
  bound            :       0.00       0.00          0          0          0
  clique           :       0.00       0.00          0          0          0
  coefdiving       :       0.00       0.00          0          0          0
  completesol      :       0.00       0.00          0          0          0
  conflictdiving   :       0.00       0.00          0          0          0
  crossover        :       0.00       0.00          0          0          0
  dins             :       0.00       0.00          0          0          0
  distributiondivin:       0.00       0.00          0          0          0
  dps              :       0.00       0.00          0          0          0
  dualval          :       0.00       0.00          0          0          0
  farkasdiving     :       0.00       0.00          0          0          0
  feaspump         :       0.00       0.00          0          0          0
  fixandinfer      :       0.00       0.00          0          0          0
  fracdiving       :       0.00       0.00          0          0          0
  gins             :       0.00       0.00          0          0          0
  guideddiving     :       0.00       0.00          0          0          0
  indicator        :       0.01       0.00          0          0          0
  indicatordiving  :       0.00       0.00          0          0          0
  intdiving        :       0.00       0.00          0          0          0
  intshifting      :       0.00       0.00          0          0          0
  linesearchdiving :       0.00       0.00          0          0          0
  localbranching   :       0.00       0.00          0          0          0
  locks            :       0.00       0.00          0          0          0
  lpface           :       0.00       0.00          0          0          0
  mpec             :       0.00       0.00          0          0          0
  multistart       :      46.31       0.00          1          0          0
  mutation         :       0.00       0.00          0          0          0
  nlpdiving        :       0.00       0.00          0          0          0
  objpscostdiving  :       0.00       0.00          0          0          0
  octane           :       0.00       0.00          0          0          0
  ofins            :       0.00       0.00          0          0          0
  oneopt           :       0.01       0.00          0          0          0
  padm             :       0.00       0.00          0          0          0
  proximity        :       0.00       0.00          0          0          0
  pscostdiving     :       0.00       0.00          0          0          0
  randrounding     :       0.00       0.00          0          0          0
  rens             :       0.00       0.00          0          0          0
  reoptsols        :       0.00       0.00          0          0          0
  repair           :       0.00       0.00          0          0          0
  rins             :       0.00       0.00          0          0          0
  rootsoldiving    :       0.00       0.00          0          0          0
  rounding         :       0.01       0.00          0          0          0
  shiftandpropagate:       0.00       0.00          0          0          0
  shifting         :       0.00       0.00          0          0          0
  simplerounding   :       0.01       0.00          0          0          0
  subnlp           :       2.99       0.00          1          0          0
  trivial          :       0.00       0.00          2          0          0
  trivialnegation  :       0.00       0.00          0          0          0
  trustregion      :       0.00       0.00          0          0          0
  trysol           :       0.00       0.00          0          0          0
  twoopt           :       0.00       0.00          0          0          0
  undercover       :       0.07       0.00          1          0          0
  vbounds          :       0.00       0.00          0          0          0
  veclendiving     :       0.00       0.00          0          0          0
  zeroobj          :       0.00       0.00          0          0          0
  zirounding       :       0.00       0.00          0          0          0
  other solutions  :          -          -          -          0          -
Expressions        :   #IntEval  IntEvalTi   #RevProp  RevPropTi    DomReds    Cutoffs  #Estimate  EstimTime  Branching  #Simplify SimplifyTi Simplified
  pow              :     240476       0.10       2223       0.00       1636          0    5504380       0.54    1141851       2395       0.00          0
  prod             :     402836       0.13      12137       0.01       1488         12   26873151    2064.81   12167902       6504       0.01       1796
  sum              :      84039       0.04      44283       0.04      11376          0        341       0.00          0       2943       0.01       1090
  var              :      23261       0.00          0       0.00          0          0          0       0.00          0      17301       0.00        515
Nlhdlrs            :    Detects  DetectAll DetectTime   #IntEval  IntEvalTi   #RevProp  RevPropTi    DomReds    Cutoffs   #Enforce   EnfoTime       Cuts  Branching
  soc              :         15         15       0.00          0       0.00          0       0.00          0          0      23319       0.18       9936          0
  convex           :          0          0       0.00          0       0.00          0       0.00          0          0          0       0.00          0          0
  concave          :          0          0       0.00          0       0.00          0       0.00          0          0          0       0.00          0          0
  signomial        :        480        480       0.00          0       0.00          0       0.00          0          0   19161702      14.24       1847          0
  quotient         :          0          0       0.00          0       0.00          0       0.00          0          0          0       0.00          0          0
  quadratic        :         20        120       0.00       2203       0.01       2110       0.01        143          0          0       0.00          0          0
  default          :       2476      14156       0.00     717464       0.34      59900       0.13      14500         15   32376216    2120.89     674501          0
  bilinear         :        540        540       0.00     175038       0.02       7422       0.00          0          0    7441757       0.97         14          0
  perspective      :          0          0       0.00          0       0.00          0       0.00          0          0          0       0.00          0          0
LP                 :       Time      Calls Iterations  Iter/call   Iter/sec  Time-0-It Calls-0-It    ItLimit
  primal LP        :     243.66       2374          0       0.00       0.00     243.66       2374
  dual LP          :    1011.24      20864    1464664      71.22    1448.39      27.77        298
  lex dual LP      :       0.00          0          0       0.00          -
  barrier LP       :       0.00          0          0       0.00          -       0.00          0
  resolve instable :       0.00          0          0       0.00          -
  diving/probing LP:      16.87        715     136606     191.06    8099.52
  strong branching :       0.00          0          0       0.00          -          -          -          0
    (at root node) :          -          0          0       0.00          -
  conflict analysis:       0.00          0          0       0.00          -
NLP relaxation     :
  solve time       :       0.00 (0 calls)
  convexity        :  nonconvex (122 linear rows, 0 convex ineq., 0 nonconvex ineq., 321 nonlinear eq. or two-sided ineq.)
NLP Solvers        :  #Problems  ProblemTi    #Solves  SolveTime      #Iter  Time/Iter      #Okay #TimeLimit #IterLimit #LObjLimit #Interrupt  #NumError #EvalError  #OutOfMem #LicenseEr #OtherTerm   #GlobOpt    #LocOpt  #Feasible #LocInfeas #GlobInfea #Unbounded   #Unknown
  ipopt            :          2       0.00          4      47.39       4500       0.01          0          0          4          0          0          0          0          0          0          0          0          0          0          0          0          0          4
B&B Tree           :
  number of runs   :          1
  nodes            :       1656 (1622 internal, 34 leaves)
  feasible leaves  :          0
  infeas. leaves   :         33
  objective leaves :          0
  nodes (total)    :       1656 (1622 internal, 34 leaves)
  nodes left       :       1590
  max depth        :        232
  max depth (total):        232
  backtracks       :          9 (0.5%)
  early backtracks :          0 (0.0%)
  nodes exc. ref.  :          0 (0.0%)
  delayed cutoffs  :          0
  repropagations   :          0 (0 domain reductions, 0 cutoffs)
  avg switch length:       1.93
  switching time   :     181.90
Root Node          :
  First LP value   : +2.09921221112870e+01
  First LP Iters   :        642 (28631.32 Iter/sec)
  First LP Time    :       0.02
  Final Dual Bound : +2.09921221112870e+01
  Final Root Iters :      22693
  Root LP Estimate : +2.09956978306918e+01
Solution           :
  Solutions found  :          0 (0 improvements)
  Primal Bound     :          -
  Dual Bound       : +2.09921221112870e+01
  Gap              :   infinite
Integrals          :      Total       Avg%
  primal-dual      :  360008.43     100.00
  primal-ref       :          -          - (not evaluated)
  dual-ref         :          -          - (not evaluated)
