SCIP Status        : solving was interrupted [time limit reached]
Total Time         :    3600.01
  solving          :    3600.00
  presolving       :       0.12 (included in solving)
  reading          :       0.00
  copying          :       0.26 (50 #copies) (minimal 0.00, maximal 0.01, average 0.01)
Original Problem   :
  Problem name     : multiplants_mtg6
  Variables        : 350 (176 binary, 0 integer, 0 implicit integer, 174 continuous)
  Constraints      : 481 initial, 481 maximal
  Objective        : maximize, 1 non-zeros (abs.min = 1, abs.max = 1)
Presolved Problem  :
  Problem name     : t_multiplants_mtg6
  Variables        : 402 (140 binary, 0 integer, 0 implicit integer, 262 continuous)
  Constraints      : 456 initial, 2139 maximal
  Objective        : minimize, 1 non-zeros (abs.min = 1, abs.max = 1)
  Nonzeros         : 3401 constraint, 3558 clique table
Presolvers         :   ExecTime  SetupTime  Calls  FixedVars   AggrVars   ChgTypes  ChgBounds   AddHoles    DelCons    AddCons   ChgSides   ChgCoefs
  boundshift       :       0.00       0.00      0          0          0          0          0          0          0          0          0          0
  convertinttobin  :       0.00       0.00      0          0          0          0          0          0          0          0          0          0
  domcol           :       0.00       0.00      2          0          0          0          0          0          0          0          0          0
  dualagg          :       0.00       0.00      0          0          0          0          0          0          0          0          0          0
  dualcomp         :       0.00       0.00      2          0          0          0          0          0          0          0          0          0
  dualinfer        :       0.00       0.00      0          0          0          0          0          0          0          0          0          0
  dualsparsify     :       0.00       0.00      1          0          0          0          0          0          0          0          0          0
  gateextraction   :       0.00       0.00      0          0          0          0          0          0          0          0          0          0
  implics          :       0.00       0.00      8          0          0          0          0          0          0          0          0          0
  inttobinary      :       0.00       0.00      0          0          0          0          0          0          0          0          0          0
  qpkktref         :       0.00       0.00      0          0          0          0          0          0          0          0          0          0
  redvub           :       0.00       0.00      0          0          0          0          0          0          0          0          0          0
  sparsify         :       0.00       0.00      1          0          0          0          0          0          0          0          0          0
  stuffing         :       0.00       0.00      0          0          0          0          0          0          0          0          0          0
  trivial          :       0.00       0.00     12         49          0          0          0          0          0          0          0          0
  tworowbnd        :       0.00       0.00      0          0          0          0          0          0          0          0          0          0
  dualfix          :       0.00       0.00     12          0          0          0          0          0          0          0          0          0
  genvbounds       :       0.00       0.00      0          0          0          0          0          0          0          0          0          0
  probing          :       0.08       0.00      2          0          6          0         15          0          0          0          0          0
  pseudoobj        :       0.00       0.00      0          0          0          0          0          0          0          0          0          0
  symmetry         :       0.00       0.00      1          0          0          0          0          0          0          0          0          0
  vbounds          :       0.00       0.00      3          0          0          0          0          0          0          0          0          0
  varbound         :       0.00       0.00      7          0          0          0          0          0          0          0          0          0
  knapsack         :       0.00       0.00      0          0          0          0          0          0          0          0          0          0
  setppc           :       0.00       0.00     20         18          0          0          0          0          2          0          0          0
  linear           :       0.01       0.00     19         18          0          0        109          0         47         26         12          0
  logicor          :       0.00       0.00      0          0          0          0          0          0          0          0          0          0
  bounddisjunction :       0.00       0.00      0          0          0          0          0          0          0          0          0          0
  nonlinear        :       0.03       0.00     22          0          0          0          5          0          0        -26          0          0
  benders          :       0.00       0.00      0          0          0          0          0          0          0          0          0          0
  components       :       0.00       0.00      1          0          0          0          0          0          0          0          0          0
  root node        :          -          -      -          0          -          -        298          -          -          -          -          -
Constraints        :     Number  MaxNumber  #Separate #Propagate    #EnfoLP    #EnfoRelax  #EnfoPS    #Check   #ResProp    Cutoffs    DomReds       Cuts    Applied      Conss   Children
  benderslp        :          0          0          0          0     382677          0         11     163449          0          0          0          0          0          0          0
  integral         :          0          0          0          0     382677          0          0     163449          0          0     235968          0          0       1665     188710
  varbound         :          3          3          1     637229          0          0          3     163444         95         13      38978          0          0          0          0
  knapsack         :          0+        54          0     885383          0          0          0          0       4272        714      64637          0          0          0          0
  setppc           :         20+       120          1    1657042          0          0          3     162273      55324        596     206501          0          0          0          0
  linear           :        368+       407          1    1752746          0          0          1     161194      54130      21740   14818731          0          0          0          0
  logicor          :          0+      1393          1     172959          0          0          0          0      16699        492      52815          0          0          0          0
  bounddisjunction :          0+       191          0     205236          0          0          0          0        188         41      20150          0          0          0          0
  nonlinear        :         65         65     874584    1730473     283412          0         11     150239          0       2013   41676237    8627583    5410064          0     176722
  benders          :          0          0          0          0          0          0         11          8          0          0          0          0          0          0          0
  countsols        :          0          0          0          0          0          0         11          8          0          0          0          0          0          0          0
  components       :          0          0          0          0          0          0          0          0          0          0          0          0          0          0          0
Constraint Timings :  TotalTime  SetupTime   Separate  Propagate     EnfoLP     EnfoPS     EnfoRelax   Check    ResProp    SB-Prop
  benderslp        :       0.14       0.00       0.00       0.00       0.13       0.00       0.00       0.01       0.00       0.00
  integral         :      68.65       0.00       0.00       0.00      68.63       0.00       0.00       0.02       0.00       0.00
  varbound         :       0.37       0.00       0.00       0.25       0.00       0.00       0.00       0.08       0.00       0.03
  knapsack         :       2.09       0.00       0.00       1.65       0.00       0.00       0.00       0.00       0.02       0.42
  setppc           :       4.78       0.00       0.00       3.60       0.00       0.00       0.00       0.14       0.01       1.03
  linear           :      68.74       0.00       0.88      59.86       0.00       0.00       0.00       0.63       0.05       7.33
  logicor          :       3.76       0.00       0.00       3.26       0.00       0.00       0.00       0.00       0.01       0.49
  bounddisjunction :       1.23       0.00       0.00       1.12       0.00       0.00       0.00       0.00       0.00       0.11
  nonlinear        :     935.16       0.00     459.68     298.85     141.03       0.00       0.00       4.01       0.00      31.59
  benders          :       0.00       0.00       0.00       0.00       0.00       0.00       0.00       0.00       0.00       0.00
  countsols        :       0.00       0.00       0.00       0.00       0.00       0.00       0.00       0.00       0.00       0.00
  components       :       0.07       0.00       0.00       0.07       0.00       0.00       0.00       0.00       0.00       0.00
Propagators        : #Propagate   #ResProp    Cutoffs    DomReds
  dualfix          :          3          0          0          0
  genvbounds       :          0          0          0          0
  nlobbt           :          0          0          0          0
  obbt             :          0          0          0          0
  probing          :          0          0          0          0
  pseudoobj        :    1956976          0          0        282
  redcost          :     736715          0          0        353
  rootredcost      :          0          0          0          0
  symmetry         :          0          0          0          0
  vbounds          :     210574          0          0          0
Propagator Timings :  TotalTime  SetupTime   Presolve  Propagate    ResProp    SB-Prop
  dualfix          :       0.00       0.00       0.00       0.00       0.00       0.00
  genvbounds       :       0.58       0.00       0.00       0.57       0.00       0.01
  nlobbt           :       0.00       0.00       0.00       0.00       0.00       0.00
  obbt             :       0.00       0.00       0.00       0.00       0.00       0.00
  probing          :       0.08       0.00       0.08       0.00       0.00       0.00
  pseudoobj        :       1.19       0.00       0.00       1.18       0.00       0.01
  redcost          :       1.98       0.00       0.00       1.96       0.00       0.01
  rootredcost      :       0.36       0.00       0.00       0.35       0.00       0.02
  symmetry         :       0.24       0.00       0.00       0.22       0.00       0.01
  vbounds          :       0.67       0.00       0.00       0.63       0.00       0.03
Conflict Analysis  :       Time      Calls    Success    DomReds  Conflicts   Literals    Reconvs ReconvLits   Dualrays   Nonzeros   LP Iters   (pool size: [10000,10000])
  propagation      :       0.11       2490       2466          -      10144       21.0        222       15.4          -          -          -
  infeasible LP    :       0.34       1602       1584          -       6394       19.1         98        9.8       1520       36.0          0
  bound exceed. LP :       0.73       5147         20          -          0        0.0          0        0.0         18        1.0       2505
  strong branching :       0.00          0          0          -          0        0.0          0        0.0          -          -          0
  pseudo solution  :       0.00          0          0          -          0        0.0          0        0.0          -          -          -
  applied globally :       0.11          -          -         18       7612        7.2          -          -       1510          -          -
  applied locally  :          -          -          -          0        389       23.7          -          -         28          -          -
Separators         :   ExecTime  SetupTime      Calls  RootCalls    Cutoffs    DomReds  FoundCuts ViaPoolAdd  DirectAdd    Applied ViaPoolApp  DirectApp      Conss
  cut pool         :       0.05          -      87482          1          -          -        900        927          -          -          -          -          -    (maximal pool size:        131)
  aggregation      :       1.29       0.00       2013          1          0          0        505        322          4        215        211          4          0
  > cmir           :          -          -          -          -          -          -          -        168          4        111        107          4          -
  > flowcover      :          -          -          -          -          -          -          -        152          0        103        103          0          -
  > knapsackcover  :          -          -          -          -          -          -          -          2          0          1          1          0          -
  cgmip            :       0.00       0.00          0          0          0          0          0          0          0          0          0          0          0
  clique           :       0.00       0.00          1          1          0          0          7          5          0          0          0          0          0
  closecuts        :       0.00       0.00          0          0          0          0          0          0          0          0          0          0          0
  convexproj       :       0.00       0.00          0          0          0          0          0          0          0          0          0          0          0
  disjunctive      :       0.00       0.00          0          0          0          0          0          0          0          0          0          0          0
  eccuts           :       0.00       0.00          0          0          0          0          0          0          0          0          0          0          0
  gauge            :       0.00       0.00          0          0          0          0          0          0          0          0          0          0          0
  gomory           :       0.31       0.00       1987          1          0          0        248        444         48        200        198          2          0
  > gomorymi       :          -          -          -          -          -          -          -        297         24        185        183          2          -
  > strongcg       :          -          -          -          -          -          -          -        147         24         15         15          0          -
  impliedbounds    :       0.12       0.00       2013          1          0          0        149         95          0         81         81          0          0
  interminor       :       0.00       0.00          0          0          0          0          0          0          0          0          0          0          0
  intobj           :       0.00       0.00          0          0          0          0          0          0          0          0          0          0          0
  mcf              :       0.00       0.00          1          1          0          0          0          0          0          0          0          0          0
  minor            :       0.01       0.00          0          0          0          0          0          0          0          0          0          0          0
  mixing           :       0.47       0.00      11838          1          0          0          3          3          0          3          3          0          0
  oddcycle         :       0.00       0.00          0          0          0          0          0          0          0          0          0          0          0
  rapidlearning    :       0.01       0.00          0          0          0          0          0          0          0          0          0          0          0
  rlt              :       0.00       0.00          1          1          0          0          0          0          0          0          0          0          0
  zerohalf         :       0.33       0.00       1987          1          0          0         47         58          7         36         32          4          0
Cutselectors       :   ExecTime  SetupTime      Calls  RootCalls   Selected     Forced   Filtered  RootSelec   RootForc   RootFilt 
  hybrid           :       3.15       0.00     793755          1    5230247        190    2745189         17          0         20
Pricers            :   ExecTime  SetupTime      Calls       Vars
  problem variables:       0.00          -          0          0
Branching Rules    :   ExecTime  SetupTime   BranchLP  BranchExt   BranchPS    Cutoffs    DomReds       Cuts      Conss   Children
  allfullstrong    :       0.00       0.00          0          0          0          0          0          0          0          0
  cloud            :       0.00       0.00          0          0          0          0          0          0          0          0
  distribution     :       0.00       0.00          0          0          0          0          0          0          0          0
  fullstrong       :       0.00       0.00          0          0          0          0          0          0          0          0
  inference        :       0.00       0.00          0          0          0          0          0          0          0          0
  leastinf         :       0.00       0.00          0          0          0          0          0          0          0          0
  lookahead        :       0.00       0.00          0          0          0          0          0          0          0          0
  mostinf          :       0.00       0.00          0          0          0          0          0          0          0          0
  multaggr         :       0.00       0.00          0          0          0          0          0          0          0          0
  nodereopt        :       0.00       0.00          0          0          0          0          0          0          0          0
  pscost           :       0.00       0.00          0         11          0          0          0          0          0         22
  random           :       0.00       0.00          0          0          0          0          0          0          0          0
  relpscost        :      68.47       0.00      99265          0          0          0     235968          0       1781     188710
  vanillafullstrong:       0.00       0.00          0          0          0          0          0          0          0          0
Primal Heuristics  :   ExecTime  SetupTime      Calls      Found       Best
  LP solutions     :       0.00          -          -          0          0
  relax solutions  :       0.00          -          -          0          0
  pseudo solutions :       0.00          -          -          0          0
  strong branching :       0.10          -          -          0          0
  actconsdiving    :       0.00       0.00          0          0          0
  adaptivediving   :       0.92       0.00       1731          0          0
  alns             :       6.69       0.00         15          0          0
  bound            :       0.00       0.00          0          0          0
  clique           :       0.01       0.00          1          0          0
  coefdiving       :       0.00       0.00          0          0          0
  completesol      :       0.00       0.00          0          0          0
  conflictdiving   :       2.96       0.00      14337          0          0
  crossover        :     171.52       0.00          9          0          0
  dins             :       0.00       0.00          0          0          0
  distributiondivin:       9.22       0.00        453          0          0
  dps              :       0.00       0.00          0          0          0
  dualval          :       0.00       0.00          0          0          0
  farkasdiving     :       0.01       0.00          0          0          0
  feaspump         :       2.32       0.00        226          0          0
  fixandinfer      :       0.00       0.00          0          0          0
  fracdiving       :       1.17       0.00      14436          0          0
  gins             :       0.07       0.00          0          0          0
  guideddiving     :       2.15       0.00      14336          0          0
  indicator        :       0.28       0.00          0          0          0
  indicatordiving  :       0.00       0.00          0          0          0
  intdiving        :       0.00       0.00          0          0          0
  intshifting      :       0.03       0.00         50          0          0
  linesearchdiving :       1.86       0.00      14370          0          0
  localbranching   :       0.00       0.00          0          0          0
  locks            :       0.01       0.00          1          0          0
  lpface           :       0.08       0.00          0          0          0
  mpec             :      47.87       0.00         11          0          0
  multistart       :       0.00       0.00          0          0          0
  mutation         :       0.00       0.00          0          0          0
  nlpdiving        :       0.80       0.00          8          0          0
  objpscostdiving  :       1.74       0.00        226          0          0
  octane           :       0.00       0.00          0          0          0
  ofins            :       0.05       0.00          0          0          0
  oneopt           :       0.11       0.00          7          0          0
  padm             :       0.00       0.00          0          0          0
  proximity        :       0.00       0.00          0          0          0
  pscostdiving     :       3.17       0.00        453          0          0
  randrounding     :       0.31       0.00      13287          0          0
  rens             :       0.00       0.00          0          0          0
  reoptsols        :       0.00       0.00          0          0          0
  repair           :       0.00       0.00          0          0          0
  rins             :       9.49       0.00         26          0          0
  rootsoldiving    :       6.41       0.00        226          0          0
  rounding         :       0.45       0.00       7403          0          0
  shiftandpropagate:       0.01       0.00          1          0          0
  shifting         :       0.58       0.00       2327          0          0
  simplerounding   :       0.35       0.00          0          0          0
  subnlp           :      12.02       0.00         78          7          7
  trivial          :       0.00       0.00          2          0          0
  trivialnegation  :       0.00       0.00          0          0          0
  trustregion      :       0.00       0.00          0          0          0
  trysol           :       0.14       0.00          0          0          0
  twoopt           :       0.00       0.00          0          0          0
  undercover       :       0.00       0.00          1          0          0
  vbounds          :       0.00       0.00          0          0          0
  veclendiving     :       1.45       0.00      14470          0          0
  zeroobj          :       0.00       0.00          0          0          0
  zirounding       :       0.08       0.00       1000          0          0
  other solutions  :          -          -          -          0          -
Expressions        :   #IntEval  IntEvalTi   #RevProp  RevPropTi    DomReds    Cutoffs  #Estimate  EstimTime  Branching  #Simplify SimplifyTi Simplified
  pow              :   10312685       1.95        208       0.00        118          0    4013945       0.42      97258         48       0.00          4
  prod             :   20136527       3.80    2485339       1.11    1161686        115   49339868     390.51   11020207        551       0.00         85
  sum              :    2459002       0.76    2452754       1.47    1229214          0         65       0.00          0        440       0.00        244
  val              :          0       0.00          0       0.00          0          0          0       0.00          0          0       0.00          0
  var              :   30983599       1.46          0       0.00          0          0          0       0.00          0       2218       0.00         42
  varidx           :          0       0.00          0       0.00          0          0          0       0.00          0          0       0.00          0
Nlhdlrs            :    Detects  DetectAll DetectTime   #IntEval  IntEvalTi   #RevProp  RevPropTi    DomReds    Cutoffs   #Enforce   EnfoTime       Cuts  Branching
  soc              :          0          0       0.00          0       0.00          0       0.00          0          0          0       0.00          0          0
  convex           :          0          0       0.00          0       0.00          0       0.00          0          0          0       0.00          0          0
  concave          :          0          0       0.00          0       0.00          0       0.00          0          0          0       0.00          0          0
  signomial        :          8          8       0.00          0       0.00          0       0.00          0          0   17207655       7.76     640953          0
  quotient         :          0          0       0.00          0       0.00          0       0.00          0          0          0       0.00          0          0
  quadratic        :         61       1403       0.00   62791530      85.92   34627004     117.24    8838748         96          0       0.00          0          0
  default          :        379       6439       0.00   32910917       8.45    4939293       7.78    2391018        147   53353832     445.55    7986630          0
  bilinear         :         69         69       0.00   12271105       0.56    2478928       0.14          0          0   40871233       3.80          0          0
  perspective      :          0          0       0.00          0       0.00          0       0.00          0          0          0       0.00          0          0
LP                 :       Time      Calls Iterations  Iter/call   Iter/sec  Time-0-It Calls-0-It    ItLimit
  primal LP        :     270.18     200174         14       2.33       0.05     270.14     200168
  dual LP          :    1767.00    1093374   13382783      12.51    7573.73      61.19      23959
  lex dual LP      :       0.00          0          0       0.00          -
  barrier LP       :       0.00          0          0       0.00          -       0.00          0
  resolve instable :       0.01          1          1       1.00          -
  diving/probing LP:      17.99       8073     122566      15.18    6812.65
  strong branching :      13.54      10689     191148      17.88   14114.18          -          -       5538
    (at root node) :          -          0          0       0.00          -
  conflict analysis:       0.16        134       2505      18.69   15403.25
NLP relaxation     :
  solve time       :       0.79 (8 calls)
  convexity        :  nonconvex (378 linear rows, 0 convex ineq., 48 nonconvex ineq., 17 nonlinear eq. or two-sided ineq.)
NLP Solvers        :  #Problems  ProblemTi    #Solves  SolveTime      #Iter  Time/Iter      #Okay #TimeLimit #IterLimit #LObjLimit #Interrupt  #NumError #EvalError  #OutOfMem #LicenseEr #OtherTerm   #GlobOpt    #LocOpt  #Feasible #LocInfeas #GlobInfea #Unbounded   #Unknown
  ipopt            :         90       5.50        108      58.67      12344       0.00         97          0         11          0          0          0          0          0          0          0          0         30          9         51          0          0         18
B&B Tree           :
  number of runs   :          1
  nodes            :     216441 (182727 internal, 33714 leaves)
  feasible leaves  :          0
  infeas. leaves   :      21430
  objective leaves :      12284
  nodes (total)    :     216441 (182727 internal, 33714 leaves)
  nodes left       :     148446
  max depth        :         58
  max depth (total):         58
  backtracks       :      28360 (13.1%)
  early backtracks :          0 (0.0%)
  nodes exc. ref.  :          0 (0.0%)
  delayed cutoffs  :        315
  repropagations   :      35596 (207933 domain reductions, 70 cutoffs)
  avg switch length:       5.22
  switching time   :     301.63
Root Node          :
  First LP value   : +6.48721106531589e+05
  First LP Iters   :        221 (51086.45 Iter/sec)
  First LP Time    :       0.00
  Final Dual Bound : +6.48721106531589e+05
  Final Root Iters :       1077
  Root LP Estimate :                     -
Solution           :
  Solutions found  :          7 (7 improvements)
  First Solution   : +5.06899124119220e+03   (in run 1, after 1 nodes, 0.23 seconds, depth 0, found by <feaspump>)
  Gap First Sol.   :   12697.83 %
  Gap Last Sol.    :      43.80 %
  Primal Bound     : +5.30237944472550e+03   (in run 1, after 172693 nodes, 2703.85 seconds, depth 31, found by <conflictdiving>)
  Dual Bound       : +7.60929411765976e+03
  Gap              :      43.51 %
Integrals          :      Total       Avg%
  primal-dual      :   18434.33       5.12
  primal-ref       :          -          - (not evaluated)
  dual-ref         :          -          - (not evaluated)
