SCIP Status        : solving was interrupted [time limit reached]
Total Time         :    3600.00
  solving          :    3600.00
  presolving       :       0.12 (included in solving)
  reading          :       0.00
  copying          :       0.17 (42 #copies) (minimal 0.00, maximal 0.00, average 0.00)
Original Problem   :
  Problem name     : multiplants_stg1
  Variables        : 415 (198 binary, 0 integer, 0 implicit integer, 217 continuous)
  Constraints      : 262 initial, 262 maximal
  Objective        : maximize, 1 non-zeros (abs.min = 1, abs.max = 1)
Presolved Problem  :
  Problem name     : t_multiplants_stg1
  Variables        : 466 (177 binary, 0 integer, 0 implicit integer, 289 continuous)
  Constraints      : 249 initial, 532 maximal
  Objective        : minimize, 1 non-zeros (abs.min = 1, abs.max = 1)
  Nonzeros         : 1411 constraint, 737 clique table
Presolvers         :   ExecTime  SetupTime  Calls  FixedVars   AggrVars   ChgTypes  ChgBounds   AddHoles    DelCons    AddCons   ChgSides   ChgCoefs
  boundshift       :       0.00       0.00      0          0          0          0          0          0          0          0          0          0
  convertinttobin  :       0.00       0.00      0          0          0          0          0          0          0          0          0          0
  domcol           :       0.00       0.00      1          0          0          0          0          0          0          0          0          0
  dualagg          :       0.00       0.00      0          0          0          0          0          0          0          0          0          0
  dualcomp         :       0.00       0.00      1          0          0          0          0          0          0          0          0          0
  dualinfer        :       0.00       0.00      0          0          0          0          0          0          0          0          0          0
  dualsparsify     :       0.00       0.00      1          0          0          0          0          0          0          0          0          0
  gateextraction   :       0.00       0.00      0          0          0          0          0          0          0          0          0          0
  implics          :       0.00       0.00      2          0          0          0          0          0          0          0          0          0
  inttobinary      :       0.00       0.00      0          0          0          0          0          0          0          0          0          0
  qpkktref         :       0.00       0.00      0          0          0          0          0          0          0          0          0          0
  redvub           :       0.00       0.00      0          0          0          0          0          0          0          0          0          0
  sparsify         :       0.00       0.00      1          0          0          0          0          0          0          0          0          0
  stuffing         :       0.00       0.00      0          0          0          0          0          0          0          0          0          0
  trivial          :       0.00       0.00      5         75          0          0          0          0          0          0          0          0
  tworowbnd        :       0.00       0.00      0          0          0          0          0          0          0          0          0          0
  dualfix          :       0.00       0.00      5          0          0          0          0          0          0          0          0          0
  genvbounds       :       0.00       0.00      0          0          0          0          0          0          0          0          0          0
  probing          :       0.10       0.00      1          0          0          0          0          0          0          0          0          0
  pseudoobj        :       0.00       0.00      0          0          0          0          0          0          0          0          0          0
  symmetry         :       0.00       0.00      1          0          0          0          0          0          0          0          0          0
  vbounds          :       0.00       0.00      1          0          0          0          0          0          0          0          0          0
  varbound         :       0.00       0.00      2          0          0          0          0          0          0          0          0          0
  knapsack         :       0.00       0.00      3          0          0          0          0          0          0          0          0          0
  setppc           :       0.00       0.00      3          0          0          0          0          0          0          0          0          0
  linear           :       0.00       0.00      7         19          0          0         25          0         13          0          0          3
  logicor          :       0.00       0.00      0          0          0          0          0          0          0          0          0          0
  bounddisjunction :       0.00       0.00      0          0          0          0          0          0          0          0          0          0
  nonlinear        :       0.01       0.00      8          0          0          0          2          0          0          0          0         -3
  benders          :       0.00       0.00      0          0          0          0          0          0          0          0          0          0
  components       :       0.00       0.00      1          0          0          0          0          0          0          0          0          0
  root node        :          -          -      -          0          -          -        100          -          -          -          -          -
Constraints        :     Number  MaxNumber  #Separate #Propagate    #EnfoLP    #EnfoRelax  #EnfoPS    #Check   #ResProp    Cutoffs    DomReds       Cuts    Applied      Conss   Children
  benderslp        :          0          0          0          0     139337          0      10359     136854          0          0          0          0          0          0          0
  integral         :          0          0          0          0     139337          0          0     136854          0          0      68380          0          0        691      74654
  varbound         :         59         59          9     556136          0          0       9907     136850       1034          1     148606          0          0          0          0
  knapsack         :          2+        28          9     556013          0          0       9915     133005       3070        110     197980          0          0          0          0
  setppc           :          9+        56          9     577566          0          0       6810     132938       4698         27      92701          0          0          0          0
  linear           :        145+       163          9     607113          0          0       1030     132869       5606        648    1311398          0          0          0          0
  logicor          :          0+       183          9      92647          0          0          0          0        324         27       9076          0          0          0          0
  bounddisjunction :          0+        49          0      50532          0          0          0          0          9          6       4209          0          0          0          0
  nonlinear        :         34         34     594874     606432      97782          0      10359     132560          0        371    3697782    4925840    2940613          0     177786
  benders          :          0          0          0          0          0          0      10359         11          0          0          0          0          0          0          0
  countsols        :          0          0          0          0          0          0      10359         11          0          0          0          0          0          0          0
  components       :          0          0          0          0          0          0          0          0          0          0          0          0          0          0          0
Constraint Timings :  TotalTime  SetupTime   Separate  Propagate     EnfoLP     EnfoPS     EnfoRelax   Check    ResProp    SB-Prop
  benderslp        :       0.06       0.00       0.00       0.00       0.05       0.00       0.00       0.01       0.00       0.00
  integral         :      42.81       0.00       0.00       0.00      42.74       0.00       0.00       0.07       0.00       0.00
  varbound         :       1.46       0.00       0.00       0.71       0.00       0.05       0.00       0.48       0.00       0.22
  knapsack         :       2.18       0.00       0.00       1.53       0.00       0.01       0.00       0.02       0.00       0.61
  setppc           :       0.82       0.00       0.00       0.63       0.00       0.01       0.00       0.03       0.00       0.14
  linear           :       7.48       0.00       0.00       6.03       0.00       0.01       0.00       0.25       0.01       1.18
  logicor          :       0.52       0.00       0.00       0.42       0.00       0.00       0.00       0.00       0.00       0.10
  bounddisjunction :       0.21       0.00       0.00       0.16       0.00       0.00       0.00       0.00       0.00       0.04
  nonlinear        :    2181.00       0.00    1807.72      57.85     301.88       0.89       0.00       3.91       0.00       8.73
  benders          :       0.00       0.00       0.00       0.00       0.00       0.00       0.00       0.00       0.00       0.00
  countsols        :       0.00       0.00       0.00       0.00       0.00       0.00       0.00       0.00       0.00       0.00
  components       :       0.07       0.00       0.00       0.06       0.00       0.00       0.00       0.00       0.00       0.01
Propagators        : #Propagate   #ResProp    Cutoffs    DomReds
  dualfix          :          2          0          0          0
  genvbounds       :     151646         34          3      60929
  nlobbt           :          0          0          0          0
  obbt             :          2          0          0          1
  probing          :          0          0          0          0
  pseudoobj        :     627415          0          0         21
  redcost          :     663116          0          0       7497
  rootredcost      :          8          0          0          2
  symmetry         :          0          0          0          0
  vbounds          :     172186          0          0          0
Propagator Timings :  TotalTime  SetupTime   Presolve  Propagate    ResProp    SB-Prop
  dualfix          :       0.00       0.00       0.00       0.00       0.00       0.00
  genvbounds       :       1.23       0.00       0.00       1.21       0.00       0.02
  nlobbt           :       0.00       0.00       0.00       0.00       0.00       0.00
  obbt             :       0.28       0.00       0.00       0.28       0.00       0.00
  probing          :       0.10       0.00       0.10       0.00       0.00       0.00
  pseudoobj        :       0.49       0.00       0.00       0.48       0.00       0.01
  redcost          :       3.45       0.00       0.00       3.44       0.00       0.01
  rootredcost      :       0.24       0.00       0.00       0.22       0.00       0.01
  symmetry         :       0.09       0.00       0.00       0.08       0.00       0.01
  vbounds          :       0.39       0.00       0.00       0.35       0.00       0.04
Conflict Analysis  :       Time      Calls    Success    DomReds  Conflicts   Literals    Reconvs ReconvLits   Dualrays   Nonzeros   LP Iters   (pool size: [10000,10000])
  propagation      :       0.01        575        564          -       1472        9.3         27        4.2          -          -          -
  infeasible LP    :       0.25        981        247          -        664       11.8         12        5.0        242       36.7          0
  bound exceed. LP :       0.40       1550          0          -          0        0.0          0        0.0          0        0.0          0
  strong branching :       0.00          0          0          -          0        0.0          0        0.0          -          -          0
  pseudo solution  :       0.00          0          0          -          0        0.0          0        0.0          -          -          -
  applied globally :       0.01          -          -          0       1706        8.1          -          -        226          -          -
  applied locally  :          -          -          -          0          1       14.0          -          -         16          -          -
Separators         :   ExecTime  SetupTime      Calls  RootCalls    Cutoffs    DomReds  FoundCuts ViaPoolAdd  DirectAdd    Applied ViaPoolApp  DirectApp      Conss
  cut pool         :       0.01          -       6449          0          -          -        271        198          -          -          -          -          -    (maximal pool size:         13)
  aggregation      :       0.92       0.00       1591          0          0          0          7          2          0          2          2          0          0
  > cmir           :          -          -          -          -          -          -          -          2          0          2          2          0          -
  > flowcover      :          -          -          -          -          -          -          -          0          0          0          0          0          -
  > knapsackcover  :          -          -          -          -          -          -          -          0          0          0          0          0          -
  cgmip            :       0.00       0.00          0          0          0          0          0          0          0          0          0          0          0
  clique           :       0.00       0.00          0          0          0          0          0          0          0          0          0          0          0
  closecuts        :       0.00       0.00          0          0          0          0          0          0          0          0          0          0          0
  convexproj       :       0.00       0.00          0          0          0          0          0          0          0          0          0          0          0
  disjunctive      :       0.00       0.00          0          0          0          0          0          0          0          0          0          0          0
  eccuts           :       0.00       0.00          0          0          0          0          0          0          0          0          0          0          0
  gauge            :       0.00       0.00          0          0          0          0          0          0          0          0          0          0          0
  gomory           :       0.40       0.00       1201          0          0          0        176        139          0         52         52          0          0
  > gomorymi       :          -          -          -          -          -          -          -        139          0         52         52          0          -
  > strongcg       :          -          -          -          -          -          -          -          0          0          0          0          0          -
  impliedbounds    :       0.05       0.00       1591          0          0          0         25          8          0          6          6          0          0
  interminor       :       0.00       0.00          0          0          0          0          0          0          0          0          0          0          0
  intobj           :       0.00       0.00          0          0          0          0          0          0          0          0          0          0          0
  mcf              :       0.00       0.00          0          0          0          0          0          0          0          0          0          0          0
  minor            :       0.01       0.00          0          0          0          0          0          0          0          0          0          0          0
  mixing           :       0.23       0.00       8400          9          0          0         61         49          0         36         36          0          0
  oddcycle         :       0.00       0.00          0          0          0          0          0          0          0          0          0          0          0
  rapidlearning    :       0.00       0.00          0          0          0          0          0          0          0          0          0          0          0
  rlt              :       0.00       0.00          9          9          0          0          0          0          0          0          0          0          0
  zerohalf         :       0.13       0.00       1201          0          0          0          2          0          0          0          0          0          0
Cutselectors       :   ExecTime  SetupTime      Calls  RootCalls   Selected     Forced   Filtered  RootSelec   RootForc   RootFilt 
  hybrid           :       3.06       0.00     482880          7    2927493       2397    1983712         42          0          5
Pricers            :   ExecTime  SetupTime      Calls       Vars
  problem variables:       0.00          -          0          0
Branching Rules    :   ExecTime  SetupTime   BranchLP  BranchExt   BranchPS    Cutoffs    DomReds       Cuts      Conss   Children
  allfullstrong    :       0.00       0.00          0          0          0          0          0          0          0          0
  cloud            :       0.00       0.00          0          0          0          0          0          0          0          0
  distribution     :       0.00       0.00          0          0          0          0          0          0          0          0
  fullstrong       :       0.00       0.00          0          0          0          0          0          0          0          0
  inference        :       0.00       0.00          0          0          0          0          0          0          0          0
  leastinf         :       0.00       0.00          0          0          0          0          0          0          0          0
  lookahead        :       0.00       0.00          0          0          0          0          0          0          0          0
  mostinf          :       0.00       0.00          0          0          0          0          0          0          0          0
  multaggr         :       0.00       0.00          0          0          0          0          0          0          0          0
  nodereopt        :       0.00       0.00          0          0          0          0          0          0          0          0
  pscost           :       0.42       0.00          0      10359          0          0          0          0          0      20718
  random           :       0.00       0.00          0          0          0          0          0          0          0          0
  relpscost        :      42.67       0.00      41555          0          0          0      68380          0        703      74654
  vanillafullstrong:       0.00       0.00          0          0          0          0          0          0          0          0
Primal Heuristics  :   ExecTime  SetupTime      Calls      Found       Best
  LP solutions     :       0.00          -          -          0          0
  relax solutions  :       0.00          -          -          0          0
  pseudo solutions :       0.00          -          -          0          0
  strong branching :       1.01          -          -          0          0
  actconsdiving    :       0.00       0.00          0          0          0
  adaptivediving   :       0.98       0.00       3772          0          0
  alns             :      15.16       0.00         11          0          0
  bound            :       0.00       0.00          0          0          0
  clique           :       0.01       0.00          1          0          0
  coefdiving       :       0.00       0.00          0          0          0
  completesol      :       0.00       0.00          0          0          0
  conflictdiving   :       0.90       0.00      11580          0          0
  crossover        :     216.76       0.00         13          0          0
  dins             :       0.00       0.00          0          0          0
  distributiondivin:       6.40       0.00        837          0          0
  dps              :       0.00       0.00          0          0          0
  dualval          :       0.00       0.00          0          0          0
  farkasdiving     :       0.01       0.00          0          0          0
  feaspump         :       2.24       0.00        418          0          0
  fixandinfer      :       0.00       0.00          0          0          0
  fracdiving       :       0.91       0.00      11401          0          0
  gins             :       0.05       0.00          0          0          0
  guideddiving     :       1.69       0.00       9921          0          0
  indicator        :       0.20       0.00          0          0          0
  indicatordiving  :       0.00       0.00          0          0          0
  intdiving        :       0.00       0.00          0          0          0
  intshifting      :       0.02       0.00         67          0          0
  linesearchdiving :       0.93       0.00      10790          0          0
  localbranching   :       0.00       0.00          0          0          0
  locks            :       0.01       0.00          1          0          0
  lpface           :       0.06       0.00          0          0          0
  mpec             :      17.27       0.00         11          0          0
  multistart       :       0.00       0.00          0          0          0
  mutation         :       0.00       0.00          0          0          0
  nlpdiving        :       0.98       0.00          9          0          0
  objpscostdiving  :       1.83       0.00        418          0          0
  octane           :       0.00       0.00          0          0          0
  ofins            :       0.04       0.00          0          0          0
  oneopt           :       0.09       0.00          7          0          0
  padm             :       0.00       0.00          0          0          0
  proximity        :       0.00       0.00          0          0          0
  pscostdiving     :       2.26       0.00        837          0          0
  randrounding     :       0.08       0.00       4323          0          0
  rens             :       6.74       0.00          1          0          0
  reoptsols        :       0.00       0.00          0          0          0
  repair           :       0.00       0.00          0          0          0
  rins             :      27.35       0.00         17          0          0
  rootsoldiving    :       2.49       0.00        418          0          0
  rounding         :       0.36       0.00       5377          0          0
  shiftandpropagate:       0.01       0.00          1          0          0
  shifting         :       0.21       0.00       1625          0          0
  simplerounding   :       0.24       0.00          0          0          0
  subnlp           :      11.07       0.00         80         10          7
  trivial          :       0.00       0.00          2          0          0
  trivialnegation  :       0.00       0.00          0          0          0
  trustregion      :       0.00       0.00          0          0          0
  trysol           :       0.12       0.00          0          0          0
  twoopt           :       0.00       0.00          0          0          0
  undercover       :       0.00       0.00          1          0          0
  vbounds          :       0.00       0.00          0          0          0
  veclendiving     :       1.08       0.00      11139          0          0
  zeroobj          :       0.00       0.00          0          0          0
  zirounding       :       0.05       0.00       1000          0          0
  other solutions  :          -          -          -          0          -
Expressions        :   #IntEval  IntEvalTi   #RevProp  RevPropTi    DomReds    Cutoffs  #Estimate  EstimTime  Branching  #Simplify SimplifyTi Simplified
  pow              :     482424       0.28          8       0.00          3          0    1266245       0.32       8371         69       0.00          0
  prod             :    3898869       1.11     641971       0.57       6259         80   63526698    1893.74    8967333        336       0.00        133
  sum              :    6387520       1.74    4370434       2.14     360862        204       6669       0.00          0        322       0.00        220
  val              :          0       0.00          0       0.00          0          0          0       0.00          0          0       0.00          0
  var              :    4462790       0.27          0       0.00          0          0          0       0.00          0       1058       0.00         20
  varidx           :          0       0.00          0       0.00          0          0          0       0.00          0          0       0.00          0
Nlhdlrs            :    Detects  DetectAll DetectTime   #IntEval  IntEvalTi   #RevProp  RevPropTi    DomReds    Cutoffs   #Enforce   EnfoTime       Cuts  Branching
  soc              :          0          0       0.00          0       0.00          0       0.00          0          0          0       0.00          0          0
  convex           :          0          0       0.00          0       0.00          0       0.00          0          0          0       0.00          0          0
  concave          :          0          0       0.00          0       0.00          0       0.00          0          0          0       0.00          0          0
  quotient         :          0          0       0.00          0       0.00          0       0.00          0          0          0       0.00          0          0
  quadratic        :          1          9       0.00     463779      13.63     463703      23.23      15419         15          0       0.00          0          0
  default          :        347       2593       0.00   10769325       3.92    5013033       5.53     367124        285   64799511    1975.15    4925840          0
  bilinear         :         67         67       0.00          0       0.00          0       0.00          0          0   39816925       3.65          0          0
  perspective      :          0          0       0.00          0       0.00          0       0.00          0          0          0       0.00          0          0
LP                 :       Time      Calls Iterations  Iter/call   Iter/sec  Time-0-It Calls-0-It    ItLimit
  primal LP        :     121.15      97986     146824     296.61    1211.88     117.43      97491
  dual LP          :     806.27     665176   14446386      23.17   17917.45      22.09      41631
  lex dual LP      :       0.00          0          0       0.00          -
  barrier LP       :       0.00          0          0       0.00          -       0.00          0
  resolve instable :       8.85       1935     318599     164.65   36001.85
  diving/probing LP:      13.26       5714      74525      13.04    5618.42
  strong branching :      20.68      14056     199129      14.17    9628.19          -          -        733
    (at root node) :          -          0          0       0.00          -
  conflict analysis:       0.00          0          0       0.00          -
NLP relaxation     :
  solve time       :       0.97 (9 calls)
  convexity        :  nonconvex (215 linear rows, 0 convex ineq., 0 nonconvex ineq., 34 nonlinear eq. or two-sided ineq.)
NLP Solvers        :  #Problems  ProblemTi    #Solves  SolveTime      #Iter  Time/Iter      #Okay #TimeLimit #IterLimit #LObjLimit #Interrupt  #NumError #EvalError  #OutOfMem #LicenseEr #OtherTerm   #GlobOpt    #LocOpt  #Feasible #LocInfeas #GlobInfea #Unbounded   #Unknown
  ipopt            :         93       1.23        102      28.00       8875       0.00         81          0         18          0          0          3          0          0          0          0          0         11          0         61          0          0         30
B&B Tree           :
  number of runs   :          1
  nodes            :     139899 (136579 internal, 3320 leaves)
  feasible leaves  :          0
  infeas. leaves   :       1629
  objective leaves :       1690
  nodes (total)    :     139899 (136579 internal, 3320 leaves)
  nodes left       :     133211
  max depth        :         66
  max depth (total):         66
  backtracks       :      19210 (13.7%)
  early backtracks :          0 (0.0%)
  nodes exc. ref.  :          0 (0.0%)
  delayed cutoffs  :          5
  repropagations   :      10979 (28187 domain reductions, 2 cutoffs)
  avg switch length:       5.58
  switching time   :     132.67
Root Node          :
  First LP value   : +3.63125000000000e+04
  First LP Iters   :         30 (16251.35 Iter/sec)
  First LP Time    :       0.00
  Final Dual Bound : +1.63791290895783e+04
  Final Root Iters :        506
  Root LP Estimate : +1.63458495739005e+04
Solution           :
  Solutions found  :         10 (7 improvements)
  First Solution   : +2.75722456630841e+02   (in run 1, after 17360 nodes, 427.88 seconds, depth 23, found by <subnlp>)
  Gap First Sol.   :    2233.41 %
  Gap Last Sol.    :    1820.92 %
  Primal Bound     : +3.24022567923977e+02   (in run 1, after 110283 nodes, 2809.63 seconds, depth 33, found by <fracdiving>)
  Dual Bound       : +6.22422369546322e+03
  Gap              :    1820.92 %
Integrals          :      Total       Avg%
  primal-dual      :  345233.98      95.90
  primal-ref       :          -          - (not evaluated)
  dual-ref         :          -          - (not evaluated)
