SCIP Status        : solving was interrupted [time limit reached]
Total Time         :    3600.01
  solving          :    3600.01
  presolving       :       0.14 (included in solving)
  reading          :       0.00
  copying          :       0.25 (60 #copies) (minimal 0.00, maximal 0.01, average 0.00)
Original Problem   :
  Problem name     : multiplants_mtg1c
  Variables        : 245 (120 binary, 0 integer, 0 implicit integer, 125 continuous)
  Constraints      : 319 initial, 319 maximal
  Objective        : maximize, 1 non-zeros (abs.min = 1, abs.max = 1)
Presolved Problem  :
  Problem name     : t_multiplants_mtg1c
  Variables        : 291 (104 binary, 0 integer, 0 implicit integer, 187 continuous)
  Constraints      : 344 initial, 814 maximal
  Objective        : minimize, 1 non-zeros (abs.min = 1, abs.max = 1)
  Nonzeros         : 2437 constraint, 2117 clique table
Presolvers         :   ExecTime  SetupTime  Calls  FixedVars   AggrVars   ChgTypes  ChgBounds   AddHoles    DelCons    AddCons   ChgSides   ChgCoefs
  boundshift       :       0.00       0.00      0          0          0          0          0          0          0          0          0          0
  convertinttobin  :       0.00       0.00      0          0          0          0          0          0          0          0          0          0
  domcol           :       0.00       0.00      3          0          0          0          0          0          0          0          0          0
  dualagg          :       0.00       0.00      0          0          0          0          0          0          0          0          0          0
  dualcomp         :       0.00       0.00      3          0          0          0          0          0          0          0          0          0
  dualinfer        :       0.00       0.00      0          0          0          0          0          0          0          0          0          0
  dualsparsify     :       0.00       0.00      1          0          0          0          0          0          0          0          0          0
  gateextraction   :       0.00       0.00      0          0          0          0          0          0          0          0          0          0
  implics          :       0.00       0.00     11          0          0          0          0          0          0          0          0          0
  inttobinary      :       0.00       0.00      0          0          0          0          0          0          0          0          0          0
  qpkktref         :       0.00       0.00      0          0          0          0          0          0          0          0          0          0
  redvub           :       0.00       0.00      0          0          0          0          0          0          0          0          0          0
  sparsify         :       0.00       0.00      1          0          0          0          0          0          0          0          0          0
  stuffing         :       0.00       0.00      0          0          0          0          0          0          0          0          0          0
  trivial          :       0.00       0.00     28          1          0          0          0          0          0          0          0          0
  tworowbnd        :       0.00       0.00      0          0          0          0          0          0          0          0          0          0
  dualfix          :       0.00       0.00     28          0          0          0          0          0          0          0          0          0
  genvbounds       :       0.00       0.00      0          0          0          0          0          0          0          0          0          0
  probing          :       0.10       0.00      3          4          0          0         37          0          0          0          0          0
  pseudoobj        :       0.00       0.00      0          0          0          0          0          0          0          0          0          0
  symmetry         :       0.00       0.00      1          0          0          0          0          0          0          0          0          0
  vbounds          :       0.00       0.00      2          0          0          0          0          0          0          0          0          0
  knapsack         :       0.00       0.00      0          0          0          0          0          0          0          0          0          0
  setppc           :       0.00       0.00     40         12          0          0          0          0          1          0          0          0
  linear           :       0.01       0.00     38          4          2          0        104          0        169        195         99          0
  logicor          :       0.00       0.00      0          0          0          0          0          0          0          0          0          0
  bounddisjunction :       0.00       0.00      0          0          0          0          0          0          0          0          0          0
  nonlinear        :       0.02       0.00     42          0          0          0          5          0          0       -195          0          0
  benders          :       0.00       0.00      0          0          0          0          0          0          0          0          0          0
  components       :       0.00       0.00      1          0          0          0          0          0          0          0          0          0
  root node        :          -          -      -          0          -          -        114          -          -          -          -          -
Constraints        :     Number  MaxNumber  #Separate #Propagate    #EnfoLP    #EnfoRelax  #EnfoPS    #Check   #ResProp    Cutoffs    DomReds       Cuts    Applied      Conss   Children
  benderslp        :          0          0          0          0     527613          0          4     271605          0          0          0          0          0          0          0
  integral         :          0          0          0          0     527613          0          0     271605          0          1      96737          0          0        117     117106
  knapsack         :          0+        15          0     813624          0          0          0          0        798         99      54697          0          0          0          0
  setppc           :          6+        42         56    1497499          0          0          0     271600       6391         66     189421          6          0          0          0
  linear           :        310+       360         56    1707814          0          0          0     269298      17781       3357    9224267         36          6          0          0
  logicor          :          0+       258         56      84335          0          0          0          0       1076         43      12417          8          5          0          0
  bounddisjunction :          0+       158          0     116900          0          0          0          0         70          3       3732          0          0          0          0
  nonlinear        :         28         28    1688402    1704411     466109          0          4     259608          0        286   18793721   11972473    7172144          0     385408
  benders          :          0          0          0          0          0          0          4         12          0          0          0          0          0          0          0
  countsols        :          0          0          0          0          0          0          4         12          0          0          0          0          0          0          0
  components       :          0          0          0          0          0          0          0          0          0          0          0          0          0          0          0
Constraint Timings :  TotalTime  SetupTime   Separate  Propagate     EnfoLP     EnfoPS     EnfoRelax   Check    ResProp    SB-Prop
  benderslp        :       0.20       0.00       0.00       0.00       0.18       0.00       0.00       0.02       0.00       0.00
  integral         :      23.90       0.00       0.00       0.00      23.86       0.00       0.00       0.04       0.00       0.00
  knapsack         :       0.82       0.00       0.00       0.71       0.00       0.00       0.00       0.00       0.00       0.11
  setppc           :       1.88       0.00       0.00       1.44       0.00       0.00       0.00       0.12       0.00       0.32
  linear           :      58.35       0.00       0.01      55.59       0.00       0.00       0.00       0.84       0.01       1.89
  logicor          :       0.75       0.00       0.00       0.69       0.00       0.00       0.00       0.00       0.00       0.05
  bounddisjunction :       1.67       0.00       0.00       1.61       0.00       0.00       0.00       0.00       0.00       0.06
  nonlinear        :    1108.08       0.00     713.49     190.05     193.50       0.00       0.00       4.45       0.00       6.58
  benders          :       0.00       0.00       0.00       0.00       0.00       0.00       0.00       0.00       0.00       0.00
  countsols        :       0.00       0.00       0.00       0.00       0.00       0.00       0.00       0.00       0.00       0.00
  components       :       0.10       0.00       0.00       0.10       0.00       0.00       0.00       0.00       0.00       0.00
Propagators        : #Propagate   #ResProp    Cutoffs    DomReds
  dualfix          :          8          0          0          0
  genvbounds       :     888778          7          7     349456
  nlobbt           :          0          0          0          0
  obbt             :          5          0          0         16
  probing          :          0          0          0          0
  pseudoobj        :    2165781          0          0         88
  redcost          :    1159460          0          0      16104
  rootredcost      :         10          0          0          3
  symmetry         :          0          0          0          0
  vbounds          :     113260          0          0          0
Propagator Timings :  TotalTime  SetupTime   Presolve  Propagate    ResProp    SB-Prop
  dualfix          :       0.00       0.00       0.00       0.00       0.00       0.00
  genvbounds       :       4.10       0.00       0.00       4.08       0.00       0.01
  nlobbt           :       0.00       0.00       0.00       0.00       0.00       0.00
  obbt             :       0.97       0.00       0.00       0.97       0.00       0.00
  probing          :       0.10       0.00       0.10       0.00       0.00       0.00
  pseudoobj        :       1.45       0.00       0.00       1.45       0.00       0.01
  redcost          :       3.50       0.00       0.00       3.50       0.00       0.01
  rootredcost      :       0.56       0.00       0.00       0.56       0.00       0.01
  symmetry         :       0.24       0.00       0.00       0.24       0.00       0.01
  vbounds          :       0.68       0.00       0.00       0.66       0.00       0.02
Conflict Analysis  :       Time      Calls    Success    DomReds  Conflicts   Literals    Reconvs ReconvLits   Dualrays   Nonzeros   LP Iters   (pool size: [10000,10000])
  propagation      :       0.01        485        466          -       1162       17.4         35        9.3          -          -          -
  infeasible LP    :       0.17       1365        832          -       2765       21.9         69        8.4        351       32.5          0
  bound exceed. LP :       1.13      12944          0          -          0        0.0          0        0.0          0        0.0         58
  strong branching :       0.00          0          0          -          0        0.0          0        0.0          -          -          0
  pseudo solution  :       0.00          0          0          -          0        0.0          0        0.0          -          -          -
  applied globally :       0.01          -          -          0        920        5.5          -          -        350          -          -
  applied locally  :          -          -          -          0        650       20.3          -          -          1          -          -
Separators         :   ExecTime  SetupTime      Calls  RootCalls    Cutoffs    DomReds  FoundCuts ViaPoolAdd  DirectAdd    Applied ViaPoolApp  DirectApp      Conss
  cut pool         :       0.23          -     173653        101          -          -       3247       2780          -          -          -          -          -    (maximal pool size:        668)
  aggregation      :       5.26       0.00       4663         56          0          0       1895       1202         51        493        469         24          0
  > cmir           :          -          -          -          -          -          -          -       1025         27        386        375         11          -
  > flowcover      :          -          -          -          -          -          -          -        117         12         83         75          8          -
  > knapsackcover  :          -          -          -          -          -          -          -         60         12         24         19          5          -
  cgmip            :       0.00       0.00          0          0          0          0          0          0          0          0          0          0          0
  clique           :       0.01       0.00         56         56          0          0         40         82          0         15         15          0          0
  closecuts        :       0.00       0.00          0          0          0          0          0          0          0          0          0          0          0
  convexproj       :       0.00       0.00          0          0          0          0          0          0          0          0          0          0          0
  disjunctive      :       0.00       0.00          0          0          0          0          0          0          0          0          0          0          0
  eccuts           :       0.00       0.00          0          0          0          0          0          0          0          0          0          0          0
  gauge            :       0.00       0.00          0          0          0          0          0          0          0          0          0          0          0
  gomory           :       0.78       0.00       4134         10          0          0        243        162          5         48         47          1          0
  > gomorymi       :          -          -          -          -          -          -          -        139          5         33         32          1          -
  > strongcg       :          -          -          -          -          -          -          -         23          0         15         15          0          -
  impliedbounds    :       0.23       0.00       4663         56          0          0       1024       1254          0        930        930          0          0
  interminor       :       0.00       0.00          0          0          0          0          0          0          0          0          0          0          0
  intobj           :       0.00       0.00          0          0          0          0          0          0          0          0          0          0          0
  mcf              :       0.00       0.00          1          1          0          0          0          0          0          0          0          0          0
  minor            :       0.04       0.00          0          0          0          0          0          0          0          0          0          0          0
  mixing           :       2.25       0.00      67360         56          0          0         85         75          0         51         51          0          0
  oddcycle         :       0.00       0.00          0          0          0          0          0          0          0          0          0          0          0
  rapidlearning    :       0.01       0.00          0          0          0          0          0          0          0          0          0          0          0
  rlt              :       0.00       0.00         10         10          0          0          0          0          0          0          0          0          0
  zerohalf         :       0.89       0.00       4144         20          0          0         19          5          3          2          1          1          0
Cutselectors       :   ExecTime  SetupTime      Calls  RootCalls   Selected     Forced   Filtered  RootSelec   RootForc   RootFilt 
  hybrid           :       4.85       0.00    1524100         53    6941449       4377    4415631        296          0        480
Pricers            :   ExecTime  SetupTime      Calls       Vars
  problem variables:       0.00          -          0          0
Branching Rules    :   ExecTime  SetupTime   BranchLP  BranchExt   BranchPS    Cutoffs    DomReds       Cuts      Conss   Children
  allfullstrong    :       0.00       0.00          0          0          0          0          0          0          0          0
  cloud            :       0.00       0.00          0          0          0          0          0          0          0          0
  distribution     :       0.00       0.00          0          0          0          0          0          0          0          0
  fullstrong       :       0.00       0.00          0          0          0          0          0          0          0          0
  inference        :       0.00       0.00          0          0          0          0          0          0          0          0
  leastinf         :       0.00       0.00          0          0          0          0          0          0          0          0
  lookahead        :       0.00       0.00          0          0          0          0          0          0          0          0
  mostinf          :       0.00       0.00          0          0          0          0          0          0          0          0
  multaggr         :       0.00       0.00          0          0          0          0          0          0          0          0
  nodereopt        :       0.00       0.00          0          0          0          0          0          0          0          0
  pscost           :       0.00       0.00          0          4          0          0          0          0          0          8
  random           :       0.00       0.00          0          0          0          0          0          0          0          0
  relpscost        :      23.67       0.00      61504          0          0          1      96737          0        121     117106
  vanillafullstrong:       0.00       0.00          0          0          0          0          0          0          0          0
Primal Heuristics  :   ExecTime  SetupTime      Calls      Found       Best
  LP solutions     :       0.00          -          -          0          0
  relax solutions  :       0.00          -          -          0          0
  pseudo solutions :       0.00          -          -          0          0
  strong branching :       0.25          -          -          0          0
  actconsdiving    :       0.00       0.00          0          0          0
  adaptivediving   :       2.46       0.00      18434          0          0
  alns             :       8.84       0.00         15          0          0
  bound            :       0.00       0.00          0          0          0
  clique           :       0.01       0.00          1          0          0
  coefdiving       :       0.00       0.00          0          0          0
  completesol      :       0.00       0.00          0          0          0
  conflictdiving   :       1.43       0.00      21516          0          0
  crossover        :      63.87       0.00         15          0          0
  dins             :       0.00       0.00          0          0          0
  distributiondivin:       4.30       0.00        329          0          0
  dps              :       0.00       0.00          0          0          0
  dualval          :       0.00       0.00          0          0          0
  farkasdiving     :       0.01       0.00          0          0          0
  feaspump         :       0.29       0.00         87          0          0
  fixandinfer      :       0.00       0.00          0          0          0
  fracdiving       :       1.03       0.00      21613          0          0
  gins             :       0.10       0.00          0          0          0
  guideddiving     :       1.31       0.00      21812          0          0
  indicator        :       0.57       0.00          0          0          0
  indicatordiving  :       0.00       0.00          0          0          0
  intdiving        :       0.00       0.00          0          0          0
  intshifting      :       0.06       0.00         36          0          0
  linesearchdiving :       1.23       0.00      21827          0          0
  localbranching   :       0.00       0.00          0          0          0
  locks            :       0.01       0.00          1          0          0
  lpface           :       0.22       0.00         10          0          0
  mpec             :      42.78       0.00         11          0          0
  multistart       :       0.00       0.00          0          0          0
  mutation         :       0.00       0.00          0          0          0
  nlpdiving        :       1.02       0.00          7          0          0
  objpscostdiving  :       0.33       0.00        164          0          0
  octane           :       0.00       0.00          0          0          0
  ofins            :       0.08       0.00          0          0          0
  oneopt           :       0.15       0.00         11          0          0
  padm             :       0.00       0.00          0          0          0
  proximity        :       0.00       0.00          0          0          0
  pscostdiving     :       0.86       0.00        329          0          0
  randrounding     :       0.56       0.00      12749          0          0
  rens             :       7.30       0.00          1          1          1
  reoptsols        :       0.00       0.00          0          0          0
  repair           :       0.00       0.00          0          0          0
  rins             :      10.00       0.00         29          0          0
  rootsoldiving    :       0.82       0.00        164          0          0
  rounding         :       0.83       0.00       6427          0          0
  shiftandpropagate:       0.01       0.00          1          0          0
  shifting         :       0.35       0.00       2000          0          0
  simplerounding   :       0.68       0.00          0          0          0
  subnlp           :      11.73       0.00         98         10         10
  trivial          :       0.00       0.00          2          0          0
  trivialnegation  :       0.00       0.00          0          0          0
  trustregion      :       0.00       0.00          0          0          0
  trysol           :       0.39       0.00          0          0          0
  twoopt           :       0.00       0.00          0          0          0
  undercover       :       0.00       0.00          1          0          0
  vbounds          :       0.00       0.00          0          0          0
  veclendiving     :       1.07       0.00      21672          0          0
  zeroobj          :       0.00       0.00          0          0          0
  zirounding       :       0.11       0.00       1000          0          0
  other solutions  :          -          -          -          0          -
Expressions        :   #IntEval  IntEvalTi   #RevProp  RevPropTi    DomReds    Cutoffs  #Estimate  EstimTime  Branching  #Simplify SimplifyTi Simplified
  pow              :    7687594       1.74         98       0.00         61          0    6048417       0.84     191844         42       0.00          3
  prod             :   14307025       3.31    2484801       1.37     789584         77   50700944     637.79   10860217        268       0.00         43
  sum              :    1724838       0.84    1723216       1.58     654603          0      29191       0.00          0        196       0.00        110
  val              :          0       0.00          0       0.00          0          0          0       0.00          0          0       0.00          0
  var              :   13206947       0.86          0       0.00          0          0          0       0.00          0       1248       0.00         16
  varidx           :          0       0.00          0       0.00          0          0          0       0.00          0          0       0.00          0
Nlhdlrs            :    Detects  DetectAll DetectTime   #IntEval  IntEvalTi   #RevProp  RevPropTi    DomReds    Cutoffs   #Enforce   EnfoTime       Cuts  Branching
  soc              :          0          0       0.00          0       0.00          0       0.00          0          0          0       0.00          0          0
  convex           :          0          0       0.00          0       0.00          0       0.00          0          0          0       0.00          0          0
  concave          :          0          0       0.00          0       0.00          0       0.00          0          0          0       0.00          0          0
  signomial        :          6          6       0.00          0       0.00          0       0.00          0          0   25520130      13.61    1127282          0
  quotient         :          0          0       0.00          0       0.00          0       0.00          0          0          0       0.00          0          0
  quadratic        :         25       1075       0.00   24046045      46.51   12550083      66.37    3609650         23          0       0.00          0          0
  default          :        202       6690       0.00   23722575       7.57    4208800       7.51    1444248         84   56778523     710.75   10814133          0
  bilinear         :         34         34       0.00    8908801       1.35    2480787       3.88      73349          0   39941088       6.32      31058          0
  perspective      :          0          0       0.00          0       0.00          0       0.00          0          0          0       0.00          0          0
LP                 :       Time      Calls Iterations  Iter/call   Iter/sec  Time-0-It Calls-0-It    ItLimit
  primal LP        :     214.60     256223          0       0.00       0.00     214.56     256223
  dual LP          :    1689.22    1984870   15270475       7.95    9039.94      45.75      63919
  lex dual LP      :       0.00          0          0       0.00          -
  barrier LP       :       0.00          0          0       0.00          -       0.00          0
  resolve instable :       0.00          0          0       0.00          -
  diving/probing LP:       5.12       2257      46063      20.41    8990.81
  strong branching :       8.23       6553     109748      16.75   13338.22          -          -       3242
    (at root node) :          -         23       1684      73.22          -
  conflict analysis:       0.00          3         58      19.33          -
NLP relaxation     :
  solve time       :       1.01 (7 calls)
  convexity        :  nonconvex (273 linear rows, 0 convex ineq., 18 nonconvex ineq., 10 nonlinear eq. or two-sided ineq.)
NLP Solvers        :  #Problems  ProblemTi    #Solves  SolveTime      #Iter  Time/Iter      #Okay #TimeLimit #IterLimit #LObjLimit #Interrupt  #NumError #EvalError  #OutOfMem #LicenseEr #OtherTerm   #GlobOpt    #LocOpt  #Feasible #LocInfeas #GlobInfea #Unbounded   #Unknown
  ipopt            :        110       3.36        135      53.71      14799       0.00        119          0         16          0          0          0          0          0          0          0          0         27          0         85          0          0         23
B&B Tree           :
  number of runs   :          1
  nodes            :     269841 (251261 internal, 18580 leaves)
  feasible leaves  :          0
  infeas. leaves   :       4436
  objective leaves :      14143
  nodes (total)    :     269841 (251261 internal, 18580 leaves)
  nodes left       :     232639
  max depth        :         58
  max depth (total):         58
  backtracks       :      43024 (15.9%)
  early backtracks :          0 (0.0%)
  nodes exc. ref.  :          0 (0.0%)
  delayed cutoffs  :          4
  repropagations   :       4750 (21673 domain reductions, 1 cutoffs)
  avg switch length:       6.04
  switching time   :     234.21
Root Node          :
  First LP value   : +2.46861075661825e+05
  First LP Iters   :        155 (43637.39 Iter/sec)
  First LP Time    :       0.00
  Final Dual Bound : +8.59405489215873e+03
  Final Root Iters :       2157
  Root LP Estimate : +7.89420550013097e+03
Solution           :
  Solutions found  :         11 (11 improvements)
  First Solution   : +5.73933028336910e+01   (in run 1, after 1 nodes, 0.31 seconds, depth 0, found by <shiftandpropagate>)
  Gap First Sol.   :  430021.75 %
  Gap Last Sol.    :     860.81 %
  Primal Bound     : +6.83971189484871e+02   (in run 1, after 72504 nodes, 908.26 seconds, depth 40, found by <fracdiving>)
  Dual Bound       : +5.93969976640946e+03
  Gap              :     768.41 %
Integrals          :      Total       Avg%
  primal-dual      :  104337.36      28.98
  primal-ref       :          -          - (not evaluated)
  dual-ref         :          -          - (not evaluated)
