SCIP Status        : solving was interrupted [time limit reached]
Total Time         :    3600.02
  solving          :    3600.02
  presolving       :       0.01 (included in solving)
  reading          :       0.00
  copying          :       0.10 (32 #copies) (minimal 0.00, maximal 0.00, average 0.00)
Original Problem   :
  Problem name     : pindyck
  Variables        : 116 (0 binary, 0 integer, 0 implicit integer, 116 continuous)
  Constraints      : 96 initial, 96 maximal
  Objective        : minimize, 16 non-zeros (abs.min = 0.481017, abs.max = 1)
Presolved Problem  :
  Problem name     : t_pindyck
  Variables        : 237 (0 binary, 0 integer, 0 implicit integer, 237 continuous)
  Constraints      : 91 initial, 91 maximal
  Objective        : minimize, 16 non-zeros (abs.min = 0.481017, abs.max = 1)
  Nonzeros         : 302 constraint, 0 clique table
Presolvers         :   ExecTime  SetupTime  Calls  FixedVars   AggrVars   ChgTypes  ChgBounds   AddHoles    DelCons    AddCons   ChgSides   ChgCoefs
  boundshift       :       0.00       0.00      0          0          0          0          0          0          0          0          0          0
  convertinttobin  :       0.00       0.00      0          0          0          0          0          0          0          0          0          0
  domcol           :       0.00       0.00      1          0          0          0          0          0          0          0          0          0
  dualagg          :       0.00       0.00      0          0          0          0          0          0          0          0          0          0
  dualcomp         :       0.00       0.00      1          0          0          0          0          0          0          0          0          0
  dualinfer        :       0.00       0.00      0          0          0          0          0          0          0          0          0          0
  dualsparsify     :       0.00       0.00      1          0          0          0          0          0          0          0          0          0
  gateextraction   :       0.00       0.00      0          0          0          0          0          0          0          0          0          0
  implics          :       0.00       0.00      1          0          0          0          0          0          0          0          0          0
  inttobinary      :       0.00       0.00      0          0          0          0          0          0          0          0          0          0
  qpkktref         :       0.00       0.00      0          0          0          0          0          0          0          0          0          0
  redvub           :       0.00       0.00      0          0          0          0          0          0          0          0          0          0
  sparsify         :       0.00       0.00      1          0          0          0          0          0          0          0          0          0
  stuffing         :       0.00       0.00      0          0          0          0          0          0          0          0          0          0
  trivial          :       0.00       0.00      5          4          0          0          0          0          0          0          0          0
  tworowbnd        :       0.00       0.00      0          0          0          0          0          0          0          0          0          0
  dualfix          :       0.00       0.00      5          0          0          0          0          0          0          0          0          0
  genvbounds       :       0.00       0.00      0          0          0          0          0          0          0          0          0          0
  probing          :       0.00       0.00      0          0          0          0          0          0          0          0          0          0
  pseudoobj        :       0.00       0.00      0          0          0          0          0          0          0          0          0          0
  symmetry         :       0.00       0.00      1          0          0          0          0          0          0          0          0          0
  vbounds          :       0.00       0.00      0          0          0          0          0          0          0          0          0          0
  linear           :       0.00       0.00      6          0          5          0        227          0          5          0          0          0
  nonlinear        :       0.01       0.00      7          0          0          0        128          0          0          0          0          0
  benders          :       0.00       0.00      0          0          0          0          0          0          0          0          0          0
  components       :       0.00       0.00      1          0          0          0          0          0          0          0          0          0
  root node        :          -          -      -          0          -          -        307          -          -          -          -          -
Constraints        :     Number  MaxNumber  #Separate #Propagate    #EnfoLP    #EnfoRelax  #EnfoPS    #Check   #ResProp    Cutoffs    DomReds       Cuts    Applied      Conss   Children
  benderslp        :          0          0          0          0     845721          0          0     425528          0          0          0          0          0          0          0
  integral         :          0          0          0          0     845721          0          0     425528          0          0          0          0          0          0          0
  linear           :         59         59         11    5949219          0          0          0     425524          0      52086   15369141          0          0          0          0
  nonlinear        :         32         32    2224427    5897134     845721          0          0     425521          0       6842   22324249   13512318   13081971          0    1523510
  benders          :          0          0          0          0          0          0          0        341          0          0          0          0          0          0          0
  countsols        :          0          0          0          0          0          0          0        341          0          0          0          0          0          0          0
  components       :          0          0          0          0          0          0          0          0          0          0          0          0          0          0          0
Constraint Timings :  TotalTime  SetupTime   Separate  Propagate     EnfoLP     EnfoPS     EnfoRelax   Check    ResProp    SB-Prop
  benderslp        :       0.28       0.00       0.00       0.00       0.25       0.00       0.00       0.03       0.00       0.00
  integral         :       0.24       0.00       0.00       0.00       0.19       0.00       0.00       0.05       0.00       0.00
  linear           :      31.89       0.00       0.00      31.51       0.00       0.00       0.00       0.38       0.00       0.00
  nonlinear        :     783.98       0.00     430.50     157.48     188.88       0.00       0.00       7.11       0.00       0.00
  benders          :       0.00       0.00       0.00       0.00       0.00       0.00       0.00       0.00       0.00       0.00
  countsols        :       0.00       0.00       0.00       0.00       0.00       0.00       0.00       0.00       0.00       0.00
  components       :       0.23       0.00       0.00       0.23       0.00       0.00       0.00       0.00       0.00       0.00
Propagators        : #Propagate   #ResProp    Cutoffs    DomReds
  dualfix          :          6          0          0          0
  genvbounds       :    1306690          0       2993    4460910
  nlobbt           :          0          0          0          0
  obbt             :          4          0          0         70
  probing          :          0          0          0          0
  pseudoobj        :    6794397          0          0     695516
  redcost          :          0          0          0          0
  rootredcost      :          9          0          0          0
  symmetry         :          0          0          0          0
  vbounds          :          0          0          0          0
Propagator Timings :  TotalTime  SetupTime   Presolve  Propagate    ResProp    SB-Prop
  dualfix          :       0.00       0.00       0.00       0.00       0.00       0.00
  genvbounds       :      13.53       0.00       0.00      13.53       0.00       0.00
  nlobbt           :       0.00       0.00       0.00       0.00       0.00       0.00
  obbt             :       0.76       0.00       0.00       0.76       0.00       0.00
  probing          :       0.00       0.00       0.00       0.00       0.00       0.00
  pseudoobj        :       9.05       0.00       0.00       9.05       0.00       0.00
  redcost          :       1.29       0.00       0.00       1.29       0.00       0.00
  rootredcost      :       1.03       0.00       0.00       1.03       0.00       0.00
  symmetry         :       0.57       0.00       0.00       0.57       0.00       0.00
  vbounds          :       0.97       0.00       0.00       0.97       0.00       0.00
Conflict Analysis  :       Time      Calls    Success    DomReds  Conflicts   Literals    Reconvs ReconvLits   Dualrays   Nonzeros   LP Iters   (pool size: [--,--])
  propagation      :       0.00          0          0          -          0        0.0          0        0.0          -          -          -
  infeasible LP    :       0.00         55          0          -          0        0.0          0        0.0          0        0.0          0
  bound exceed. LP :       4.00      43840          0          -          0        0.0          0        0.0          0        0.0          0
  strong branching :       0.00          0          0          -          0        0.0          0        0.0          -          -          0
  pseudo solution  :       0.00          0          0          -          0        0.0          0        0.0          -          -          -
  applied globally :       0.00          -          -          0          0        0.0          -          -          0          -          -
  applied locally  :          -          -          -          0          0        0.0          -          -          0          -          -
Separators         :   ExecTime  SetupTime      Calls  RootCalls    Cutoffs    DomReds  FoundCuts ViaPoolAdd  DirectAdd    Applied ViaPoolApp  DirectApp      Conss
  cut pool         :       0.00          -          0          0          -          -          0          0          -          -          -          -          -    (maximal pool size:          0)
  aggregation      :       0.00       0.00          0          0          0          0          0          0          0          0          0          0          0
  > cmir           :          -          -          -          -          -          -          -          0          0          0          0          0          -
  > flowcover      :          -          -          -          -          -          -          -          0          0          0          0          0          -
  > knapsackcover  :          -          -          -          -          -          -          -          0          0          0          0          0          -
  cgmip            :       0.00       0.00          0          0          0          0          0          0          0          0          0          0          0
  clique           :       0.00       0.00          0          0          0          0          0          0          0          0          0          0          0
  closecuts        :       0.00       0.00          0          0          0          0          0          0          0          0          0          0          0
  convexproj       :       0.00       0.00          0          0          0          0          0          0          0          0          0          0          0
  disjunctive      :       0.00       0.00          0          0          0          0          0          0          0          0          0          0          0
  eccuts           :       0.00       0.00          0          0          0          0          0          0          0          0          0          0          0
  gauge            :       0.00       0.00          0          0          0          0          0          0          0          0          0          0          0
  gomory           :       0.01       0.00          0          0          0          0          0          0          0          0          0          0          0
  > gomorymi       :          -          -          -          -          -          -          -          0          0          0          0          0          -
  > strongcg       :          -          -          -          -          -          -          -          0          0          0          0          0          -
  impliedbounds    :       0.00       0.00          0          0          0          0          0          0          0          0          0          0          0
  interminor       :       0.00       0.00          0          0          0          0          0          0          0          0          0          0          0
  intobj           :       0.00       0.00          0          0          0          0          0          0          0          0          0          0          0
  mcf              :       0.00       0.00          0          0          0          0          0          0          0          0          0          0          0
  minor            :       0.00       0.00          0          0          0          0          0          0          0          0          0          0          0
  mixing           :       0.00       0.00       5176         11          0          0          0          0          0          0          0          0          0
  oddcycle         :       0.00       0.00          0          0          0          0          0          0          0          0          0          0          0
  rapidlearning    :       0.02       0.00          0          0          0          0          0          0          0          0          0          0          0
  rlt              :       0.00       0.00         10         10          0          0          0          0          0          0          0          0          0
  zerohalf         :       0.00       0.00          0          0          0          0          0          0          0          0          0          0          0
Cutselectors       :   ExecTime  SetupTime      Calls  RootCalls   Selected     Forced   Filtered  RootSelec   RootForc   RootFilt 
  hybrid           :       7.15       0.00    1851807          8   13051045          0     354388        223          0          1
Pricers            :   ExecTime  SetupTime      Calls       Vars
  problem variables:       0.00          -          0          0
Branching Rules    :   ExecTime  SetupTime   BranchLP  BranchExt   BranchPS    Cutoffs    DomReds       Cuts      Conss   Children
  allfullstrong    :       0.00       0.00          0          0          0          0          0          0          0          0
  cloud            :       0.00       0.00          0          0          0          0          0          0          0          0
  distribution     :       0.00       0.00          0          0          0          0          0          0          0          0
  fullstrong       :       0.00       0.00          0          0          0          0          0          0          0          0
  inference        :       0.00       0.00          0          0          0          0          0          0          0          0
  leastinf         :       0.00       0.00          0          0          0          0          0          0          0          0
  lookahead        :       0.00       0.00          0          0          0          0          0          0          0          0
  mostinf          :       0.00       0.00          0          0          0          0          0          0          0          0
  multaggr         :       0.00       0.00          0          0          0          0          0          0          0          0
  nodereopt        :       0.00       0.00          0          0          0          0          0          0          0          0
  pscost           :       0.00       0.00          0          0          0          0          0          0          0          0
  random           :       0.00       0.00          0          0          0          0          0          0          0          0
  relpscost        :       0.00       0.00          0          0          0          0          0          0          0          0
  vanillafullstrong:       0.00       0.00          0          0          0          0          0          0          0          0
Primal Heuristics  :   ExecTime  SetupTime      Calls      Found       Best
  LP solutions     :       0.00          -          -          0          0
  relax solutions  :       0.00          -          -          0          0
  pseudo solutions :       0.00          -          -          0          0
  strong branching :       0.00          -          -          0          0
  actconsdiving    :       0.00       0.00          0          0          0
  adaptivediving   :       6.15       0.00      80492          0          0
  alns             :       0.24       0.00         32          0          0
  bound            :       0.00       0.00          0          0          0
  clique           :       0.00       0.00          0          0          0
  coefdiving       :       0.00       0.00          0          0          0
  completesol      :       0.00       0.00          0          0          0
  conflictdiving   :       0.08       0.00          0          0          0
  crossover        :       0.15       0.00          0          0          0
  dins             :       0.00       0.00          0          0          0
  distributiondivin:       0.02       0.00          0          0          0
  dps              :       0.00       0.00          0          0          0
  dualval          :       0.00       0.00          0          0          0
  farkasdiving     :       0.03       0.00          0          0          0
  feaspump         :       0.02       0.00          0          0          0
  fixandinfer      :       0.00       0.00          0          0          0
  fracdiving       :       3.31       0.00      64818          0          0
  gins             :       0.03       0.00          0          0          0
  guideddiving     :       0.03       0.00          0          0          0
  indicator        :       0.47       0.00          0          0          0
  indicatordiving  :       0.00       0.00          0          0          0
  intdiving        :       0.00       0.00          0          0          0
  intshifting      :       0.03       0.00          0          0          0
  linesearchdiving :       3.40       0.00      67280          0          0
  localbranching   :       0.00       0.00          0          0          0
  locks            :       0.00       0.00          0          0          0
  lpface           :       0.31       0.00          0          0          0
  mpec             :       0.00       0.00          0          0          0
  multistart       :       0.58       0.00          1          0          0
  mutation         :       0.00       0.00          0          0          0
  nlpdiving        :       0.05       0.00          0          0          0
  objpscostdiving  :       0.03       0.00          0          0          0
  octane           :       0.00       0.00          0          0          0
  ofins            :       0.22       0.00          0          0          0
  oneopt           :       0.41       0.00          0          0          0
  padm             :       0.00       0.00          0          0          0
  proximity        :       0.00       0.00          0          0          0
  pscostdiving     :       0.01       0.00          0          0          0
  randrounding     :       0.03       0.00          0          0          0
  rens             :       0.35       0.00          0          0          0
  reoptsols        :       0.00       0.00          0          0          0
  repair           :       0.00       0.00          0          0          0
  rins             :       0.03       0.00          0          0          0
  rootsoldiving    :       0.03       0.00          0          0          0
  rounding         :       0.72       0.00          0          0          0
  shiftandpropagate:       0.00       0.00          0          0          0
  shifting         :       0.07       0.00          0          0          0
  simplerounding   :       0.66       0.00          0          0          0
  subnlp           :      46.60       0.00       3190        340         10
  trivial          :       0.00       0.00          2          0          0
  trivialnegation  :       0.00       0.00          0          0          0
  trustregion      :       0.00       0.00          0          0          0
  trysol           :       0.40       0.00          0          0          0
  twoopt           :       0.00       0.00          0          0          0
  undercover       :       0.06       0.00          1          0          0
  vbounds          :       0.00       0.00          0          0          0
  veclendiving     :       0.02       0.00          0          0          0
  zeroobj          :       0.00       0.00          0          0          0
  zirounding       :       0.29       0.00          0          0          0
  other solutions  :          -          -          -          0          -
Expressions        :   #IntEval  IntEvalTi   #RevProp  RevPropTi    DomReds    Cutoffs  #Estimate  EstimTime  Branching  #Simplify SimplifyTi Simplified
  exp              :   42371102       5.05      12248       0.01        221          0     144992       0.03      33928        174       0.00          0
  pow              :   23088709       4.45         48       0.00          0          0   12445271       2.55    3000906         95       0.00          1
  prod             :   15638067       3.28     415299       0.22     189302          0  121041096       9.01   33599141        312       0.00         80
  sum              :   59228104      13.00   15621332       9.59    4803955       3834         35       0.00          0        471       0.00        148
  val              :          0       0.00          0       0.00          0          0          0       0.00          0          0       0.00          0
  var              :   47711988       2.52          0       0.00          0          0          0       0.00          0        797       0.00          7
Nlhdlrs            :    Detects  DetectAll DetectTime   #IntEval  IntEvalTi   #RevProp  RevPropTi    DomReds    Cutoffs   #Enforce   EnfoTime       Cuts  Branching
  soc              :          0          0       0.00          0       0.00          0       0.00          0          0          0       0.00          0          0
  convex           :         33         33       0.00          0       0.00          0       0.00          0          0    5300154       6.22    5300121          0
  concave          :         30         30       0.00          0       0.00          0       0.00          0          0   16243551      27.15     665396          0
  signomial        :         15         15       0.00          0       0.00          0       0.00          0          0   79718704       8.85          0          0
  quotient         :         15         15       0.00          0       0.00          0       0.00          0          0   39859352      36.64    1143024          0
  quadratic        :         16        128       0.00   13471637      14.55   13434969      26.11    3950797          0          0       0.00          0          0
  default          :        252       1687       0.00  140325346      34.86   16049203      23.33    4993478       3834  133631329     175.31    5846752          0
  bilinear         :         47         47       0.00   15637433       0.75     415265       0.03          0          0  116744863      16.39     557025          0
  perspective      :          0          0       0.00          0       0.00          0       0.00          0          0          0       0.00          0          0
LP                 :       Time      Calls Iterations  Iter/call   Iter/sec  Time-0-It Calls-0-It    ItLimit
  primal LP        :     430.84     576781          0       0.00       0.00     430.76     576781
  dual LP          :    1819.06    2738091   18061234       7.69    9928.86     378.12     388936
  lex dual LP      :       0.00          0          0       0.00          -
  barrier LP       :       0.00          0          0       0.00          -       0.00          0
  resolve instable :       0.00          0          0       0.00          -
  diving/probing LP:       0.74        209      18812      90.01   25441.80
  strong branching :       0.00          0          0       0.00          -          -          -          0
    (at root node) :          -          0          0       0.00          -
  conflict analysis:       0.00          0          0       0.00          -
NLP relaxation     :
  solve time       :       0.00 (0 calls)
  convexity        :  nonconvex (59 linear rows, 0 convex ineq., 0 nonconvex ineq., 32 nonlinear eq. or two-sided ineq.)
NLP Solvers        :  #Problems  ProblemTi    #Solves  SolveTime      #Iter  Time/Iter      #Okay #TimeLimit #IterLimit #LObjLimit #Interrupt  #NumError #EvalError  #OutOfMem #LicenseEr #OtherTerm   #GlobOpt    #LocOpt  #Feasible #LocInfeas #GlobInfea #Unbounded   #Unknown
  ipopt            :          2       0.00       3193      45.11      27893       0.00       3192          0          1          0          0          0          0          0          0          0          0       3192          1          0          0          0          0
B&B Tree           :
  number of runs   :          1
  nodes            :     868877 (761755 internal, 107122 leaves)
  feasible leaves  :          0
  infeas. leaves   :      61930
  objective leaves :      45192
  nodes (total)    :     868877 (761755 internal, 107122 leaves)
  nodes left       :     654634
  max depth        :         48
  max depth (total):         48
  backtracks       :     145780 (16.8%)
  early backtracks :          0 (0.0%)
  nodes exc. ref.  :          0 (0.0%)
  delayed cutoffs  :          0
  repropagations   :         11 (0 domain reductions, 0 cutoffs)
  avg switch length:       9.03
  switching time   :     512.84
Root Node          :
  First LP value   : -3.24669998538052e+04
  First LP Iters   :        104 (26058.63 Iter/sec)
  First LP Time    :       0.00
  Final Dual Bound : -3.17549403907592e+03
  Final Root Iters :        542
  Root LP Estimate : -3.15443059182572e+03
Solution           :
  Solutions found  :        340 (10 improvements)
  First Solution   : -1.17048628543609e+03   (in run 1, after 1 nodes, 0.11 seconds, depth 0, found by <subnlp>)
  Gap First Sol.   :    2673.80 %
  Gap Last Sol.    :      46.06 %
  Primal Bound     : -1.17048628545511e+03   (in run 1, after 136491 nodes, 563.21 seconds, depth 19, found by <adaptivediving>)
  Dual Bound       : -1.60285384247612e+03
  Gap              :      36.94 %
Integrals          :      Total       Avg%
  primal-dual      :  105987.94      29.44
  primal-ref       :          -          - (not evaluated)
  dual-ref         :          -          - (not evaluated)
