SCIP Status        : solving was interrupted [time limit reached]
Total Time         :    3600.03
  solving          :    3600.01
  presolving       :       0.23 (included in solving)
  reading          :       0.02
  copying          :       0.24 (35 #copies) (minimal 0.00, maximal 0.01, average 0.01)
Original Problem   :
  Problem name     : pooling_epa3
  Variables        : 1105 (150 binary, 0 integer, 0 implicit integer, 955 continuous)
  Constraints      : 1718 initial, 1718 maximal
  Objective        : minimize, 37 non-zeros (abs.min = 0.5, abs.max = 5.5)
Presolved Problem  :
  Problem name     : t_pooling_epa3
  Variables        : 2004 (130 binary, 0 integer, 0 implicit integer, 1874 continuous)
  Constraints      : 1463 initial, 1467 maximal
  Objective        : minimize, 37 non-zeros (abs.min = 0.5, abs.max = 5.5)
  Nonzeros         : 6107 constraint, 292 clique table
Presolvers         :   ExecTime  SetupTime  Calls  FixedVars   AggrVars   ChgTypes  ChgBounds   AddHoles    DelCons    AddCons   ChgSides   ChgCoefs
  boundshift       :       0.00       0.00      0          0          0          0          0          0          0          0          0          0
  convertinttobin  :       0.00       0.00      0          0          0          0          0          0          0          0          0          0
  domcol           :       0.00       0.00      2          0          0          0          0          0          0          0          0          0
  dualagg          :       0.00       0.00      0          0          0          0          0          0          0          0          0          0
  dualcomp         :       0.00       0.00      2          0          0          0          0          0          0          0          0          0
  dualinfer        :       0.00       0.00      0          0          0          0          0          0          0          0          0          0
  dualsparsify     :       0.00       0.00      1          0          0          0          0          0          0          0          0          0
  gateextraction   :       0.00       0.00      0          0          0          0          0          0          0          0          0          0
  implics          :       0.00       0.00      3          0          0          0          0          0          0          0          0          0
  inttobinary      :       0.00       0.00      0          0          0          0          0          0          0          0          0          0
  qpkktref         :       0.00       0.00      0          0          0          0          0          0          0          0          0          0
  redvub           :       0.00       0.00      0          0          0          0          0          0          0          0          0          0
  sparsify         :       0.00       0.00      1          0          0          0          0          0          0          0          0          0
  stuffing         :       0.00       0.00      0          0          0          0          0          0          0          0          0          0
  trivial          :       0.00       0.00      6          0          0          0          0          0          0          0          0          0
  tworowbnd        :       0.00       0.00      0          0          0          0          0          0          0          0          0          0
  dualfix          :       0.00       0.00      6          0          0          0          0          0          0          0          0          0
  genvbounds       :       0.00       0.00      0          0          0          0          0          0          0          0          0          0
  probing          :       0.08       0.00      2          0          0          0        180          0          0          0          0          0
  pseudoobj        :       0.00       0.00      0          0          0          0          0          0          0          0          0          0
  symmetry         :       0.01       0.00      1          0          0          0          0          0          0          0          0          0
  vbounds          :       0.00       0.00      2          0          0          0          0          0          0          0          0          0
  varbound         :       0.00       0.00      5          0          0          0          0          0          0          0         20         20
  setppc           :       0.00       0.00      0          0          0          0          0          0          0          0          0          0
  linear           :       0.01       0.00      9         10         42          0        107          0        232          0        190        370
  logicor          :       0.00       0.00      0          0          0          0          0          0          0          0          0          0
  nonlinear        :       0.12       0.02     11          0          0          0        249          0         20          0          0       -390
  benders          :       0.00       0.00      0          0          0          0          0          0          0          0          0          0
  components       :       0.00       0.00      1          0          0          0          0          0          0          0          0          0
  root node        :          -          -      -          2          -          -        666          -          -          -          -          -
Constraints        :     Number  MaxNumber  #Separate #Propagate    #EnfoLP    #EnfoRelax  #EnfoPS    #Check   #ResProp    Cutoffs    DomReds       Cuts    Applied      Conss   Children
  benderslp        :          0          0          0          0      28073          0          0       6276          0          0          0          0          0          0          0
  integral         :          0          0          0          0      28073          0          0       6276          0          0       5752          0          0         25      21350
  varbound         :        390        390         28      86181          0          0          0       6271          6        117      28271          0          0          0          0
  setppc           :          0+         4         22      32855          0          0          0          0          0          0        199          4          0          0          0
  linear           :        822+       824         28      86067          0          0          0       4680          1         30     102248          0          0          0          0
  logicor          :          0+         1         16         11          0          0          0          0          0          0          0          0          0          0          0
  nonlinear        :        251        251      58555      86037      16874          0          0       4036          0         22     355975    1626928    1089856          0      11810
  benders          :          0          0          0          0          0          0          0          6          0          0          0          0          0          0          0
  countsols        :          0          0          0          0          0          0          0          6          0          0          0          0          0          0          0
  components       :          0          0          0          0          0          0          0          0          0          0          0          0          0          0          0
Constraint Timings :  TotalTime  SetupTime   Separate  Propagate     EnfoLP     EnfoPS     EnfoRelax   Check    ResProp    SB-Prop
  benderslp        :       0.01       0.00       0.00       0.00       0.01       0.00       0.00       0.00       0.00       0.00
  integral         :      26.00       0.00       0.00       0.00      25.99       0.00       0.00       0.00       0.00       0.00
  varbound         :       0.50       0.00       0.00       0.29       0.00       0.00       0.00       0.17       0.00       0.04
  setppc           :       0.01       0.00       0.00       0.01       0.00       0.00       0.00       0.00       0.00       0.00
  linear           :       0.76       0.00       0.00       0.58       0.00       0.00       0.00       0.12       0.00       0.06
  logicor          :       0.00       0.00       0.00       0.00       0.00       0.00       0.00       0.00       0.00       0.00
  nonlinear        :    1658.63       0.02    1387.30      15.60     253.88       0.00       0.00       1.15       0.00       0.69
  benders          :       0.00       0.00       0.00       0.00       0.00       0.00       0.00       0.00       0.00       0.00
  countsols        :       0.00       0.00       0.00       0.00       0.00       0.00       0.00       0.00       0.00       0.00
  components       :       0.01       0.00       0.00       0.01       0.00       0.00       0.00       0.00       0.00       0.00
Propagators        : #Propagate   #ResProp    Cutoffs    DomReds
  dualfix          :          4          0          0          0
  genvbounds       :      10528          0          0       3860
  nlobbt           :          0          0          0          0
  obbt             :          5          0          0         27
  probing          :          0          0          0          0
  pseudoobj        :      77547          0          0          5
  redcost          :      94103          0          0          0
  rootredcost      :          5          0          0         83
  symmetry         :          0          0          0          0
  vbounds          :      32494          0          0          0
Propagator Timings :  TotalTime  SetupTime   Presolve  Propagate    ResProp    SB-Prop
  dualfix          :       0.00       0.00       0.00       0.00       0.00       0.00
  genvbounds       :       0.14       0.00       0.00       0.14       0.00       0.00
  nlobbt           :       0.00       0.00       0.00       0.00       0.00       0.00
  obbt             :      19.12       0.00       0.00      19.12       0.00       0.00
  probing          :       0.08       0.00       0.08       0.00       0.00       0.00
  pseudoobj        :       0.42       0.00       0.00       0.42       0.00       0.00
  redcost          :       1.88       0.00       0.00       1.88       0.00       0.00
  rootredcost      :       0.04       0.00       0.00       0.04       0.00       0.00
  symmetry         :       0.02       0.00       0.01       0.01       0.00       0.00
  vbounds          :       0.06       0.00       0.00       0.05       0.00       0.00
Conflict Analysis  :       Time      Calls    Success    DomReds  Conflicts   Literals    Reconvs ReconvLits   Dualrays   Nonzeros   LP Iters   (pool size: [10000,10000])
  propagation      :       0.00        117          4          -          4        2.2          0        0.0          -          -          -
  infeasible LP    :       0.35       2399        154          -          1        3.0          0        0.0        122        5.9          0
  bound exceed. LP :       1.26       2487         18          -          0        0.0          0        0.0         18      186.1          0
  strong branching :       0.00          0          0          -          0        0.0          0        0.0          -          -          0
  pseudo solution  :       0.00          0          0          -          0        0.0          0        0.0          -          -          -
  applied globally :       0.00          -          -          0          4        2.0          -          -          1          -          -
  applied locally  :          -          -          -         32          0        0.0          -          -        139          -          -
Separators         :   ExecTime  SetupTime      Calls  RootCalls    Cutoffs    DomReds  FoundCuts ViaPoolAdd  DirectAdd    Applied ViaPoolApp  DirectApp      Conss
  cut pool         :       0.21          -       6309         56          -          -       9669      19432          -          -          -          -          -    (maximal pool size:       6536)
  aggregation      :       3.38       0.00        323         28          0          0       8619      14995       1095       3485       3253        232          0
  > cmir           :          -          -          -          -          -          -          -      14660       1026       3329       3115        214          -
  > flowcover      :          -          -          -          -          -          -          -        285         68        156        138         18          -
  > knapsackcover  :          -          -          -          -          -          -          -         50          1          0          0          0          -
  cgmip            :       0.00       0.00          0          0          0          0          0          0          0          0          0          0          0
  clique           :       0.00       0.00         28         28          0          0          0          0          0          0          0          0          0
  closecuts        :       0.00       0.00          0          0          0          0          0          0          0          0          0          0          0
  convexproj       :       0.00       0.00          0          0          0          0          0          0          0          0          0          0          0
  disjunctive      :       0.00       0.00          0          0          0          0          0          0          0          0          0          0          0
  eccuts           :       0.00       0.00          0          0          0          0          0          0          0          0          0          0          0
  gauge            :       0.00       0.00          0          0          0          0          0          0          0          0          0          0          0
  gomory           :       0.60       0.00        305         10          0          0       1817       2684       1183       1823       1122        701          0
  > gomorymi       :          -          -          -          -          -          -          -       2679       1183       1823       1122        701          -
  > strongcg       :          -          -          -          -          -          -          -          5          0          0          0          0          -
  impliedbounds    :       0.05       0.00        323         28          0          0        966       1059          0        386        386          0          0
  interminor       :       0.00       0.00          0          0          0          0          0          0          0          0          0          0          0
  intobj           :       0.00       0.00          0          0          0          0          0          0          0          0          0          0          0
  mcf              :       0.00       0.00          1          1          0          0          0          0          0          0          0          0          0
  minor            :       0.00       0.00          0          0          0          0          0          0          0          0          0          0          0
  mixing           :       0.05       0.00        323         28          0          0        527        683          0        191        191          0          0
  oddcycle         :       0.00       0.00          0          0          0          0          0          0          0          0          0          0          0
  rapidlearning    :       0.00       0.00          0          0          0          0          0          0          0          0          0          0          0
  rlt              :       0.01       0.00         10         10          0          0          9          8          0          8          8          0          0
  zerohalf         :       0.26       0.00        313         20          0          0          6          3          0          0          0          0          0
Cutselectors       :   ExecTime  SetupTime      Calls  RootCalls   Selected     Forced   Filtered  RootSelec   RootForc   RootFilt 
  hybrid           :       2.21       0.00      53192         29    1181790       6015     366559       2046          0       2792
Pricers            :   ExecTime  SetupTime      Calls       Vars
  problem variables:       0.00          -          0          0
Branching Rules    :   ExecTime  SetupTime   BranchLP  BranchExt   BranchPS    Cutoffs    DomReds       Cuts      Conss   Children
  allfullstrong    :       0.00       0.00          0          0          0          0          0          0          0          0
  cloud            :       0.00       0.00          0          0          0          0          0          0          0          0
  distribution     :       0.00       0.00          0          0          0          0          0          0          0          0
  fullstrong       :       0.00       0.00          0          0          0          0          0          0          0          0
  inference        :       0.00       0.00          0          0          0          0          0          0          0          0
  leastinf         :       0.00       0.00          0          0          0          0          0          0          0          0
  lookahead        :       0.00       0.00          0          0          0          0          0          0          0          0
  mostinf          :       0.00       0.00          0          0          0          0          0          0          0          0
  multaggr         :       0.00       0.00          0          0          0          0          0          0          0          0
  nodereopt        :       0.00       0.00          0          0          0          0          0          0          0          0
  pscost           :       0.00       0.00          0          0          0          0          0          0          0          0
  random           :       0.00       0.00          0          0          0          0          0          0          0          0
  relpscost        :      25.98       0.00      11199          0          0          0       5752          0         25      21350
  vanillafullstrong:       0.00       0.00          0          0          0          0          0          0          0          0
Primal Heuristics  :   ExecTime  SetupTime      Calls      Found       Best
  LP solutions     :       0.00          -          -          0          0
  relax solutions  :       0.00          -          -          0          0
  pseudo solutions :       0.00          -          -          0          0
  strong branching :       0.01          -          -          0          0
  actconsdiving    :       0.00       0.00          0          0          0
  adaptivediving   :       1.65       0.00         45          0          0
  alns             :       7.24       0.00          7          0          0
  bound            :       0.00       0.00          0          0          0
  clique           :       0.09       0.00          1          0          0
  coefdiving       :       0.00       0.00          0          0          0
  completesol      :       0.00       0.00          0          0          0
  conflictdiving   :       0.92       0.00        351          0          0
  crossover        :      50.44       0.00          5          1          1
  dins             :       0.00       0.00          0          0          0
  distributiondivin:       4.01       0.00         76          0          0
  dps              :       0.00       0.00          0          0          0
  dualval          :       0.00       0.00          0          0          0
  farkasdiving     :       0.00       0.00          0          0          0
  feaspump         :       2.45       0.00         39          0          0
  fixandinfer      :       0.00       0.00          0          0          0
  fracdiving       :       0.78       0.00        351          0          0
  gins             :      23.14       0.00          6          0          0
  guideddiving     :       0.53       0.00        351          0          0
  indicator        :       0.03       0.00          0          0          0
  indicatordiving  :       0.00       0.00          0          0          0
  intdiving        :       0.00       0.00          0          0          0
  intshifting      :       0.01       0.00         22          0          0
  linesearchdiving :       0.91       0.00        351          0          0
  localbranching   :       0.00       0.00          0          0          0
  locks            :       0.04       0.00          1          0          0
  lpface           :       0.02       0.00          0          0          0
  mpec             :      79.89       0.00         11          1          1
  multistart       :       0.00       0.00          0          0          0
  mutation         :       0.00       0.00          0          0          0
  nlpdiving        :       6.07       0.00          2          0          0
  objpscostdiving  :       9.34       0.00         38          0          0
  octane           :       0.00       0.00          0          0          0
  ofins            :       0.01       0.00          0          0          0
  oneopt           :       0.02       0.00          5          0          0
  padm             :       0.00       0.00          0          0          0
  proximity        :       0.00       0.00          0          0          0
  pscostdiving     :       3.35       0.00         76          0          0
  randrounding     :       0.39       0.00       2294          0          0
  rens             :       0.14       0.00          1          0          0
  reoptsols        :       0.00       0.00          0          0          0
  repair           :       0.00       0.00          0          0          0
  rins             :      46.95       0.00         16          3          3
  rootsoldiving    :       7.42       0.00         38          0          0
  rounding         :       0.39       0.00       2788          0          0
  shiftandpropagate:       0.06       0.00          1          0          0
  shifting         :       1.21       0.00        808          0          0
  simplerounding   :       0.03       0.00          0          0          0
  subnlp           :       5.22       0.00          5          0          0
  trivial          :       0.00       0.00          2          0          0
  trivialnegation  :       0.00       0.00          0          0          0
  trustregion      :       0.00       0.00          0          0          0
  trysol           :       0.02       0.00          0          0          0
  twoopt           :       0.00       0.00          0          0          0
  undercover       :       0.20       0.00          1          0          0
  vbounds          :       0.00       0.00          0          0          0
  veclendiving     :       0.63       0.00        351          0          0
  zeroobj          :       0.00       0.00          0          0          0
  zirounding       :       0.12       0.00       1000          0          0
  other solutions  :          -          -          -          0          -
Expressions        :   #IntEval  IntEvalTi   #RevProp  RevPropTi    DomReds    Cutoffs  #Estimate  EstimTime  Branching  #Simplify SimplifyTi Simplified
  exp              :     800887       0.17      16216       0.01          0          0    4552987       0.32    1022592        880       0.00          0
  pow              :     481643       0.18        147       0.00          7          0    4434505       0.44     171581        970       0.00          0
  prod             :    1457051       0.38     378975       0.17       1573          1   27299754      30.54    1779970       6486       0.01       3236
  sum              :    1675851       0.99     157508       0.07      63721          0        336       0.00          0       5309       0.02       1317
  val              :          1       0.00          0       0.00          0          0          0       0.00          0          0       0.00          0
  var              :     525800       0.04          0       0.00          0          0          0       0.00          0      13930       0.00        170
  varidx           :          0       0.00          0       0.00          0          0          0       0.00          0          0       0.00          0
Nlhdlrs            :    Detects  DetectAll DetectTime   #IntEval  IntEvalTi   #RevProp  RevPropTi    DomReds    Cutoffs   #Enforce   EnfoTime       Cuts  Branching
  soc              :          0          0       0.00          0       0.00          0       0.00          0          0          0       0.00          0          0
  convex           :        120        120       0.00          0       0.00          0       0.00          0          0     662770       1.42     662650          0
  concave          :         40         40       0.00          0       0.00          0       0.00          0          0    3681337    1416.59      65417          0
  signomial        :         40         40       0.00          0       0.00          0       0.00          0          0     738230       0.24      10884          0
  quotient         :          0          0       0.00          0       0.00          0       0.00          0          0          0       0.00          0          0
  quadratic        :        201       2433       0.01    1451586       4.79     891146       4.56      76014          7          0       0.00          0          0
  default          :       1484      12537       0.00    4407515       2.07     554722       0.56      65301          1   36287002      73.41     814110          0
  bilinear         :        420        420       0.00    1422468       0.20     377116       0.34        268          0   26681819       2.50       1137          0
  perspective      :         30         30       0.00          0       0.00          0       0.00         99          0    2365030       7.87     144442        439
LP                 :       Time      Calls Iterations  Iter/call   Iter/sec  Time-0-It Calls-0-It    ItLimit
  primal LP        :     339.78      14418          0       0.00       0.00     339.77      14418
  dual LP          :    1222.70      83313    3992911      50.27    3265.65      63.30       3884
  lex dual LP      :       0.00          0          0       0.00          -
  barrier LP       :       0.00          0          0       0.00          -       0.00          0
  resolve instable :       0.02          1         12      12.00     632.44
  diving/probing LP:      49.06       2660     259171      97.43    5282.65
  strong branching :      18.68       1666     133597      80.19    7150.70          -          -        432
    (at root node) :          -         38       3503      92.18          -
  conflict analysis:       0.00          0          0       0.00          -
NLP relaxation     :
  solve time       :       6.05 (6 calls)
  convexity        :  nonconvex (1207 linear rows, 0 convex ineq., 8 nonconvex ineq., 243 nonlinear eq. or two-sided ineq.)
NLP Solvers        :  #Problems  ProblemTi    #Solves  SolveTime      #Iter  Time/Iter      #Okay #TimeLimit #IterLimit #LObjLimit #Interrupt  #NumError #EvalError  #OutOfMem #LicenseEr #OtherTerm   #GlobOpt    #LocOpt  #Feasible #LocInfeas #GlobInfea #Unbounded   #Unknown
  ipopt            :         24       0.26         29      89.74       4685       0.02         22          0          7          0          0          0          0          0          0          0          0          6          1         14          0          0          8
B&B Tree           :
  number of runs   :          1
  nodes            :      21983 (16580 internal, 5403 leaves)
  feasible leaves  :          0
  infeas. leaves   :       2306
  objective leaves :       3096
  nodes (total)    :      21983 (16580 internal, 5403 leaves)
  nodes left       :      10913
  max depth        :        112
  max depth (total):        112
  backtracks       :       1238 (5.6%)
  early backtracks :          0 (0.0%)
  nodes exc. ref.  :          0 (0.0%)
  delayed cutoffs  :          0
  repropagations   :          5 (0 domain reductions, 0 cutoffs)
  avg switch length:       3.13
  switching time   :     339.63
Root Node          :
  First LP value   : -1.60828567066277e+04
  First LP Iters   :       1444 (21672.57 Iter/sec)
  First LP Time    :       0.07
  Final Dual Bound : -1.49986223153626e+04
  Final Root Iters :       7904
  Root LP Estimate : -1.46213882720048e+04
Solution           :
  Solutions found  :          5 (5 improvements)
  First Solution   : -1.12780994771161e+04   (in run 1, after 3197 nodes, 420.15 seconds, depth 50, found by <mpec>)
  Gap First Sol.   :      32.99 %
  Gap Last Sol.    :       4.62 %
  Primal Bound     : -1.43366820740272e+04   (in run 1, after 5212 nodes, 799.20 seconds, depth 75, found by <rins>)
  Dual Bound       : -1.49986223153626e+04
  Gap              :       4.62 %
Integrals          :      Total       Avg%
  primal-dual      :   57869.12      16.07
  primal-ref       :          -          - (not evaluated)
  dual-ref         :          -          - (not evaluated)
