SCIP Status        : problem is solved [optimal solution found]
Total Time         :      74.94
  solving          :      74.94
  presolving       :       0.08 (included in solving)
  reading          :       0.00
  copying          :       0.10 (20 #copies) (minimal 0.00, maximal 0.01, average 0.01)
Original Problem   :
  Problem name     : sfacloc2_3_80
  Variables        : 323 (62 binary, 45 integer, 0 implicit integer, 216 continuous)
  Constraints      : 2268 initial, 2268 maximal
  Objective        : minimize, 15 non-zeros (abs.min = 1, abs.max = 1)
Presolved Problem  :
  Problem name     : t_sfacloc2_3_80
  Variables        : 338 (83 binary, 0 integer, 0 implicit integer, 255 continuous)
  Constraints      : 1918 initial, 1931 maximal
  Objective        : minimize, 15 non-zeros (abs.min = 1, abs.max = 1)
  Nonzeros         : 6749 constraint, 792 clique table
Presolvers         :   ExecTime  SetupTime  Calls  FixedVars   AggrVars   ChgTypes  ChgBounds   AddHoles    DelCons    AddCons   ChgSides   ChgCoefs
  boundshift       :       0.00       0.00      0          0          0          0          0          0          0          0          0          0
  convertinttobin  :       0.00       0.00      0          0          0          0          0          0          0          0          0          0
  domcol           :       0.00       0.00      1          0          0          0          0          0          0          0          0          0
  dualagg          :       0.00       0.00      0          0          0          0          0          0          0          0          0          0
  dualcomp         :       0.00       0.00      1          0          0          0          0          0          0          0          0          0
  dualinfer        :       0.00       0.00      0          0          0          0          0          0          0          0          0          0
  dualsparsify     :       0.00       0.00      1          0          0          0          0          0          0          0          0          0
  gateextraction   :       0.00       0.00      1          0          0          0          0          0          0          0          0          0
  implics          :       0.00       0.00      3          0          0          0          0          0          0          0          0          0
  inttobinary      :       0.00       0.00      0          0          0          0          0          0          0          0          0          0
  qpkktref         :       0.00       0.00      0          0          0          0          0          0          0          0          0          0
  redvub           :       0.00       0.00      0          0          0          0          0          0          0          0          0          0
  sparsify         :       0.00       0.00      1          0          0          0          0          0          0          0          0          0
  stuffing         :       0.00       0.00      0          0          0          0          0          0          0          0          0          0
  trivial          :       0.00       0.00      6          0          0          0          0          0          0          0          0          0
  tworowbnd        :       0.00       0.00      0          0          0          0          0          0          0          0          0          0
  dualfix          :       0.00       0.00      6         18          0          0          0          0          0          0          0          0
  genvbounds       :       0.00       0.00      0          0          0          0          0          0          0          0          0          0
  probing          :       0.01       0.00      1          0          0          0          0          0          0          0          0          0
  pseudoobj        :       0.00       0.00      0          0          0          0          0          0          0          0          0          0
  symmetry         :       0.00       0.00      1          0          0          0          0          0          0          0          0          0
  vbounds          :       0.00       0.00      1          0          0          0          0          0          0          0          0          0
  varbound         :       0.00       0.00      2          0          0          0          0          0          0          0          0          0
  setppc           :       0.00       0.00      3          0          0          0          0          0          0          0          0          0
  linear           :       0.05       0.00      9          0        102          0          0          0        350          0        274         56
  logicor          :       0.00       0.00      3          0          0          0          0          0          0          0          0          0
  bounddisjunction :       0.00       0.00      0          0          0          0          0          0          0          0          0          0
  nonlinear        :       0.02       0.00     10          0          0          0          0          0          0          0          0        -56
  benders          :       0.00       0.00      0          0          0          0          0          0          0          0          0          0
  components       :       0.00       0.00      1          0          0          0          0          0          0          0          0          0
  root node        :          -          -      -          4          -          -         90          -          -          -          -          -
Constraints        :     Number  MaxNumber  #Separate #Propagate    #EnfoLP    #EnfoRelax  #EnfoPS    #Check   #ResProp    Cutoffs    DomReds       Cuts    Applied      Conss   Children
  benderslp        :          0          0          0          0       4099          0          0        844          0          0          0          0          0          0          0
  integral         :          0          0          0          0       4099          0          0        844          0          0        771          0          0        116       7286
  varbound         :         38         38         12      32846         12          0          0        839          0          3      11366          0          0          0          0
  setppc           :        167+       169         12      34171          5          0          0        362         23         11      20897          0          0          0          0
  linear           :        173+       179         12      35041         17          0          0        352         15        142      44079          0          0          0          0
  logicor          :       1495+      1503         12       8810         17          0          0        352          2          0       4157          0          0          0          0
  bounddisjunction :          0+         4          0       2139          0          0          0          0          0          2        235          0          0          0          0
  nonlinear        :         45         45       8011      34898         98          0          0        352          0         29      53530      11761      11744          0        144
  benders          :          0          0          0          0         17          0          0         19          0          0          0          0          0          0          0
  countsols        :          0          0          0          0         17          0          0         19          0          0          0          0          0          0          0
  components       :          0          0          0          0          0          0          0          0          0          0          0          0          0          0          0
Constraint Timings :  TotalTime  SetupTime   Separate  Propagate     EnfoLP     EnfoPS     EnfoRelax   Check    ResProp    SB-Prop
  benderslp        :       0.00       0.00       0.00       0.00       0.00       0.00       0.00       0.00       0.00       0.00
  integral         :       2.63       0.00       0.00       0.00       2.63       0.00       0.00       0.00       0.00       0.00
  varbound         :       0.09       0.00       0.00       0.07       0.00       0.00       0.00       0.00       0.00       0.02
  setppc           :       0.24       0.00       0.00       0.14       0.00       0.00       0.00       0.01       0.00       0.09
  linear           :       0.23       0.00       0.00       0.17       0.00       0.00       0.00       0.01       0.00       0.05
  logicor          :       0.48       0.00       0.00       0.37       0.00       0.00       0.00       0.02       0.00       0.08
  bounddisjunction :       0.00       0.00       0.00       0.00       0.00       0.00       0.00       0.00       0.00       0.00
  nonlinear        :      10.14       0.00       9.35       0.61       0.00       0.00       0.00       0.03       0.00       0.14
  benders          :       0.00       0.00       0.00       0.00       0.00       0.00       0.00       0.00       0.00       0.00
  countsols        :       0.00       0.00       0.00       0.00       0.00       0.00       0.00       0.00       0.00       0.00
  components       :       0.00       0.00       0.00       0.00       0.00       0.00       0.00       0.00       0.00       0.00
Propagators        : #Propagate   #ResProp    Cutoffs    DomReds
  dualfix          :          4          0          0          0
  genvbounds       :       2090          0          0       1847
  nlobbt           :          0          0          0          0
  obbt             :          2          0          0          0
  probing          :          0          0          0          0
  pseudoobj        :      25920          0          2       3849
  redcost          :      12613          0          0          0
  rootredcost      :         19          0          0         15
  symmetry         :          0          0          0          0
  vbounds          :      22010          0          0          0
Propagator Timings :  TotalTime  SetupTime   Presolve  Propagate    ResProp    SB-Prop
  dualfix          :       0.00       0.00       0.00       0.00       0.00       0.00
  genvbounds       :       0.02       0.00       0.00       0.02       0.00       0.00
  nlobbt           :       0.00       0.00       0.00       0.00       0.00       0.00
  obbt             :       0.18       0.00       0.00       0.18       0.00       0.00
  probing          :       0.01       0.00       0.01       0.00       0.00       0.00
  pseudoobj        :       0.05       0.00       0.00       0.05       0.00       0.00
  redcost          :       0.03       0.00       0.00       0.03       0.00       0.00
  rootredcost      :       0.01       0.00       0.00       0.01       0.00       0.00
  symmetry         :       0.01       0.00       0.00       0.00       0.00       0.00
  vbounds          :       0.02       0.00       0.00       0.01       0.00       0.00
Conflict Analysis  :       Time      Calls    Success    DomReds  Conflicts   Literals    Reconvs ReconvLits   Dualrays   Nonzeros   LP Iters   (pool size: [10000,10000])
  propagation      :       0.00         20         14          -         16        4.8          0        0.0          -          -          -
  infeasible LP    :       0.00          0          0          -          0        0.0          0        0.0          0        0.0          0
  bound exceed. LP :       0.16       1929        232          -          0        0.0          0        0.0        232       45.6          0
  strong branching :       0.00          0          0          -          0        0.0          0        0.0          -          -          0
  pseudo solution  :       0.00          0          0          -          0        0.0          0        0.0          -          -          -
  applied globally :       0.00          -          -          0         15        4.4          -          -          0          -          -
  applied locally  :          -          -          -          0          0        0.0          -          -        232          -          -
Separators         :   ExecTime  SetupTime      Calls  RootCalls    Cutoffs    DomReds  FoundCuts ViaPoolAdd  DirectAdd    Applied ViaPoolApp  DirectApp      Conss
  cut pool         :       0.13          -       1942         24          -          -       4933      10572          -          -          -          -          -    (maximal pool size:       1241)
  aggregation      :       0.38       0.00        725         12          0          0        770        761          2        158        156          2          0
  > cmir           :          -          -          -          -          -          -          -        575          0        129        129          0          -
  > flowcover      :          -          -          -          -          -          -          -        184          0         27         27          0          -
  > knapsackcover  :          -          -          -          -          -          -          -          2          2          2          0          2          -
  cgmip            :       0.00       0.00          0          0          0          0          0          0          0          0          0          0          0
  clique           :       0.00       0.00         12         12          0          0          0          0          0          0          0          0          0
  closecuts        :       0.00       0.00          0          0          0          0          0          0          0          0          0          0          0
  convexproj       :       0.00       0.00          0          0          0          0          0          0          0          0          0          0          0
  disjunctive      :       0.00       0.00          0          0          0          0          0          0          0          0          0          0          0
  eccuts           :       0.00       0.00          0          0          0          0          0          0          0          0          0          0          0
  gauge            :       0.00       0.00          0          0          0          0          0          0          0          0          0          0          0
  gomory           :      17.11       0.00        707         10          0          0       4901       3389       1415        329        275         54          0
  > gomorymi       :          -          -          -          -          -          -          -       2879       1415        174        120         54          -
  > strongcg       :          -          -          -          -          -          -          -        510          0        155        155          0          -
  impliedbounds    :       0.02       0.00        725         12          0          0          0          0          0          0          0          0          0
  interminor       :       0.00       0.00          0          0          0          0          0          0          0          0          0          0          0
  intobj           :       0.00       0.00          0          0          0          0          0          0          0          0          0          0          0
  mcf              :       0.00       0.00          1          1          0          0          0          0          0          0          0          0          0
  minor            :       0.00       0.00          0          0          0          0          0          0          0          0          0          0          0
  mixing           :       0.02       0.00        725         12          0          0        395       5072          0        686        686          0          0
  oddcycle         :       0.00       0.00          0          0          0          0          0          0          0          0          0          0          0
  rapidlearning    :       0.00       0.00          0          0          0          0          0          0          0          0          0          0          0
  rlt              :       0.00       0.00         10         10          0          0          0          0          0          0          0          0          0
  zerohalf         :       0.14       0.00        709         12          0          0        284       1350          0        502        502          0          0
Cutselectors       :   ExecTime  SetupTime      Calls  RootCalls   Selected     Forced   Filtered  RootSelec   RootForc   RootFilt 
  hybrid           :       0.01       0.00       4440         13      13419          0      10331        116          0        248
Pricers            :   ExecTime  SetupTime      Calls       Vars
  problem variables:       0.00          -          0          0
Branching Rules    :   ExecTime  SetupTime   BranchLP  BranchExt   BranchPS    Cutoffs    DomReds       Cuts      Conss   Children
  allfullstrong    :       0.00       0.00          0          0          0          0          0          0          0          0
  cloud            :       0.00       0.00          0          0          0          0          0          0          0          0
  distribution     :       0.00       0.00          0          0          0          0          0          0          0          0
  fullstrong       :       0.00       0.00          0          0          0          0          0          0          0          0
  inference        :       0.00       0.00          0          0          0          0          0          0          0          0
  leastinf         :       0.00       0.00          0          0          0          0          0          0          0          0
  lookahead        :       0.00       0.00          0          0          0          0          0          0          0          0
  mostinf          :       0.00       0.00          0          0          0          0          0          0          0          0
  multaggr         :       0.00       0.00          0          0          0          0          0          0          0          0
  nodereopt        :       0.00       0.00          0          0          0          0          0          0          0          0
  pscost           :       0.00       0.00          0          3          0          0          0          0          0          6
  random           :       0.00       0.00          0          0          0          0          0          0          0          0
  relpscost        :       2.63       0.00       4001          0          0          0        771          0        140       7286
  vanillafullstrong:       0.00       0.00          0          0          0          0          0          0          0          0
Primal Heuristics  :   ExecTime  SetupTime      Calls      Found       Best
  LP solutions     :       0.00          -          -         14         14
  relax solutions  :       0.00          -          -          0          0
  pseudo solutions :       0.00          -          -          0          0
  strong branching :       0.00          -          -          0          0
  actconsdiving    :       0.00       0.00          0          0          0
  adaptivediving   :       0.15       0.00         28          0          0
  alns             :       0.10       0.00          6          0          0
  bound            :       0.00       0.00          0          0          0
  clique           :       0.01       0.00          1          0          0
  coefdiving       :       0.00       0.00          0          0          0
  completesol      :       0.00       0.00          0          0          0
  conflictdiving   :       0.19       0.00         26          0          0
  crossover        :       1.20       0.00          7          6          2
  dins             :       0.00       0.00          0          0          0
  distributiondivin:       0.23       0.00         22          0          0
  dps              :       0.00       0.00          0          0          0
  dualval          :       0.00       0.00          0          0          0
  farkasdiving     :       0.00       0.00          0          0          0
  feaspump         :       0.01       0.00          1          0          0
  fixandinfer      :       0.00       0.00          0          0          0
  fracdiving       :       0.14       0.00         23          0          0
  gins             :       0.00       0.00          0          0          0
  guideddiving     :       0.12       0.00         24          0          0
  indicator        :       0.00       0.00          0          0          0
  indicatordiving  :       0.00       0.00          0          0          0
  intdiving        :       0.00       0.00          0          0          0
  intshifting      :       0.03       0.00         16          0          0
  linesearchdiving :       0.11       0.00         22          0          0
  localbranching   :       0.00       0.00          0          0          0
  locks            :       0.00       0.00          1          0          0
  lpface           :       0.00       0.00          0          0          0
  mpec             :       4.20       0.00          1          0          0
  multistart       :       0.00       0.00          0          0          0
  mutation         :       0.00       0.00          0          0          0
  nlpdiving        :       5.76       0.00          4          1          0
  objpscostdiving  :       0.49       0.00         11          0          0
  octane           :       0.00       0.00          0          0          0
  ofins            :       0.00       0.00          0          0          0
  oneopt           :       0.01       0.00         21          0          0
  padm             :       0.00       0.00          0          0          0
  proximity        :       0.00       0.00          0          0          0
  pscostdiving     :       0.17       0.00         25          0          0
  randrounding     :       0.01       0.00        491          0          0
  rens             :       0.75       0.00          1          1          1
  reoptsols        :       0.00       0.00          0          0          0
  repair           :       0.00       0.00          0          0          0
  rins             :       1.91       0.00          6          6          0
  rootsoldiving    :       0.29       0.00         12          0          0
  rounding         :       0.08       0.00       1210          0          0
  shiftandpropagate:       0.00       0.00          1          0          0
  shifting         :       0.17       0.00        486          0          0
  simplerounding   :       0.00       0.00          0          0          0
  subnlp           :       0.12       0.00         13          1          1
  trivial          :       0.00       0.00          2          0          0
  trivialnegation  :       0.00       0.00          0          0          0
  trustregion      :       0.00       0.00          0          0          0
  trysol           :       0.00       0.00          3          3          3
  twoopt           :       0.00       0.00          0          0          0
  undercover       :       0.00       0.00          1          0          0
  vbounds          :       0.00       0.00          0          0          0
  veclendiving     :       0.12       0.00         23          0          0
  zeroobj          :       0.00       0.00          0          0          0
  zirounding       :       0.05       0.00       1000          0          0
  other solutions  :          -          -          -          0          -
Expressions        :   #IntEval  IntEvalTi   #RevProp  RevPropTi    DomReds    Cutoffs  #Estimate  EstimTime  Branching  #Simplify SimplifyTi Simplified
  pow              :          0       0.00          0       0.00          0          0          0       0.00          0          0       0.00          0
  prod             :     230354       0.07       6812       0.01       3227          0     194441       8.35        266        216       0.00        126
  sum              :     115177       0.03      47015       0.03       7526          0        532       0.00          0        360       0.00        234
  val              :          0       0.00          0       0.00          0          0          0       0.00          0          0       0.00          0
  var              :     185331       0.01          0       0.00          0          0          0       0.00          0        540       0.00        126
  varidx           :          0       0.00          0       0.00          0          0          0       0.00          0          0       0.00          0
Nlhdlrs            :    Detects  DetectAll DetectTime   #IntEval  IntEvalTi   #RevProp  RevPropTi    DomReds    Cutoffs   #Enforce   EnfoTime       Cuts  Branching
  soc              :          0          0       0.00          0       0.00          0       0.00          0          0          0       0.00          0          0
  convex           :          0          0       0.00          0       0.00          0       0.00          0          0          0       0.00          0          0
  concave          :          0          0       0.00          0       0.00          0       0.00          0          0          0       0.00          0          0
  signomial        :          0          0       0.00          0       0.00          0       0.00          0          0          0       0.00          0          0
  quotient         :          0          0       0.00          0       0.00          0       0.00          0          0          0       0.00          0          0
  quadratic        :         18        162       0.00      32943       0.05      11310       0.03       3005          1          0       0.00          0          0
  default          :        294       2814       0.00     345780       0.12      54310       0.09      10753          0     194973       8.60      11761          0
  bilinear         :          0          0       0.00          0       0.00          0       0.00          0          0          0       0.00          0          0
  perspective      :          0          0       0.00          0       0.00          0       0.00          0          0          0       0.00          0          0
LP                 :       Time      Calls Iterations  Iter/call   Iter/sec  Time-0-It Calls-0-It    ItLimit
  primal LP        :       1.83       1002          0       0.00       0.00       1.83       1002
  dual LP          :      21.92      12059     185675      15.52    8471.19       0.06         96
  lex dual LP      :       0.00          0          0       0.00          -
  barrier LP       :       0.00          0          0       0.00          -       0.00          0
  resolve instable :       0.00          0          0       0.00          -
  diving/probing LP:       1.92       1180      20924      17.73   10921.41
  strong branching :       1.34        990      23834      24.07   17749.48          -          -         58
    (at root node) :          -         31       3579     115.45          -
  conflict analysis:       0.00          0          0       0.00          -
NLP relaxation     :
  solve time       :       5.76 (16 calls)
  convexity        :  nonconvex (1872 linear rows, 0 convex ineq., 45 nonconvex ineq., 0 nonlinear eq. or two-sided ineq.)
NLP Solvers        :  #Problems  ProblemTi    #Solves  SolveTime      #Iter  Time/Iter      #Okay #TimeLimit #IterLimit #LObjLimit #Interrupt  #NumError #EvalError  #OutOfMem #LicenseEr #OtherTerm   #GlobOpt    #LocOpt  #Feasible #LocInfeas #GlobInfea #Unbounded   #Unknown
  ipopt            :          2       0.05         19       9.95        633       0.02          9          0         10          0          0          0          0          0          0          0          0          4         10          2          0          0          3
B&B Tree           :
  number of runs   :          1
  nodes            :       7336 (3718 internal, 3618 leaves)
  feasible leaves  :         14
  infeas. leaves   :         85
  objective leaves :       3519
  nodes (total)    :       7336 (3718 internal, 3618 leaves)
  nodes left       :          0
  max depth        :         37
  max depth (total):         37
  backtracks       :       1861 (25.4%)
  early backtracks :          0 (0.0%)
  nodes exc. ref.  :          0 (0.0%)
  delayed cutoffs  :          0
  repropagations   :          3 (0 domain reductions, 0 cutoffs)
  avg switch length:       4.47
  switching time   :       2.62
Root Node          :
  First LP value   : +0.00000000000000e+00
  First LP Iters   :         58 (36250.00 Iter/sec)
  First LP Time    :       0.00
  Final Dual Bound : +0.00000000000000e+00
  Final Root Iters :        507
  Root LP Estimate : +1.83047048571094e+01
Solution           :
  Solutions found  :         32 (21 improvements)
  First Solution   : +6.37277258956667e+01   (in run 1, after 1 nodes, 0.10 seconds, depth 19, found by <trysol>)
  Gap First Sol.   :   infinite
  Gap Last Sol.    :      98.88 %
  Primal Bound     : +1.10585180573333e+01   (in run 1, after 4251 nodes, 50.43 seconds, depth 34, found by <relaxation>)
  Dual Bound       : +1.10585180573333e+01
  Gap              :       0.00 %
Integrals          :      Total       Avg%
  primal-dual      :    4926.24      65.74
  primal-ref       :          -          - (not evaluated)
  dual-ref         :          -          - (not evaluated)
