SCIP Status        : solving was interrupted [time limit reached]
Total Time         :    3600.01
  solving          :    3600.01
  presolving       :       0.06 (included in solving)
  reading          :       0.00
  copying          :       0.48 (101 #copies) (minimal 0.00, maximal 0.01, average 0.00)
Original Problem   :
  Problem name     : sfacloc1_3_80
  Variables        : 293 (62 binary, 0 integer, 0 implicit integer, 231 continuous)
  Constraints      : 2161 initial, 2161 maximal
  Objective        : minimize, 15 non-zeros (abs.min = 1, abs.max = 1)
Presolved Problem  :
  Problem name     : t_sfacloc1_3_80
  Variables        : 338 (62 binary, 0 integer, 0 implicit integer, 276 continuous)
  Constraints      : 1883 initial, 1906 maximal
  Objective        : minimize, 15 non-zeros (abs.min = 1, abs.max = 1)
  Nonzeros         : 6744 constraint, 828 clique table
Presolvers         :   ExecTime  SetupTime  Calls  FixedVars   AggrVars   ChgTypes  ChgBounds   AddHoles    DelCons    AddCons   ChgSides   ChgCoefs
  boundshift       :       0.00       0.00      0          0          0          0          0          0          0          0          0          0
  convertinttobin  :       0.00       0.00      0          0          0          0          0          0          0          0          0          0
  domcol           :       0.00       0.00      1          0          0          0          0          0          0          0          0          0
  dualagg          :       0.00       0.00      0          0          0          0          0          0          0          0          0          0
  dualcomp         :       0.00       0.00      1          0          0          0          0          0          0          0          0          0
  dualinfer        :       0.00       0.00      0          0          0          0          0          0          0          0          0          0
  dualsparsify     :       0.00       0.00      1          0          0          0          0          0          0          0          0          0
  gateextraction   :       0.00       0.00      1          0          0          0          0          0          0          0          0          0
  implics          :       0.00       0.00      3          0          0          0          0          0          0          0          0          0
  inttobinary      :       0.00       0.00      0          0          0          0          0          0          0          0          0          0
  qpkktref         :       0.00       0.00      0          0          0          0          0          0          0          0          0          0
  redvub           :       0.00       0.00      0          0          0          0          0          0          0          0          0          0
  sparsify         :       0.00       0.00      1          0          0          0          0          0          0          0          0          0
  stuffing         :       0.00       0.00      0          0          0          0          0          0          0          0          0          0
  trivial          :       0.00       0.00      4          0          0          0          0          0          0          0          0          0
  tworowbnd        :       0.00       0.00      0          0          0          0          0          0          0          0          0          0
  dualfix          :       0.00       0.00      4          0          0          0          0          0          0          0          0          0
  genvbounds       :       0.00       0.00      0          0          0          0          0          0          0          0          0          0
  probing          :       0.01       0.00      1          0          0          0          0          0          0          0          0          0
  pseudoobj        :       0.00       0.00      0          0          0          0          0          0          0          0          0          0
  symmetry         :       0.00       0.00      1          0          0          0          0          0          0          0          0          0
  vbounds          :       0.00       0.00      1          0          0          0          0          0          0          0          0          0
  setppc           :       0.00       0.00      3          0          0          0          0          0          0          0          0          0
  linear           :       0.04       0.00      7          0         60          0         15          0        278          0        218          0
  logicor          :       0.00       0.00      3          0          0          0          0          0          0          0          0          0
  bounddisjunction :       0.00       0.00      0          0          0          0          0          0          0          0          0          0
  nonlinear        :       0.00       0.00      8          0          0          0          0          0          0          0          0          0
  benders          :       0.00       0.00      0          0          0          0          0          0          0          0          0          0
  components       :       0.00       0.00      1          0          0          0          0          0          0          0          0          0
  root node        :          -          -      -          0          -          -        101          -          -          -          -          -
Constraints        :     Number  MaxNumber  #Separate #Propagate    #EnfoLP    #EnfoRelax  #EnfoPS    #Check   #ResProp    Cutoffs    DomReds       Cuts    Applied      Conss   Children
  benderslp        :          0          0          0          0     206571          0          0     180347          0          0          0          0          0          0          0
  integral         :          0          0          0          0     206571          0          0     180347          0          0        792          0          0         13      66334
  setppc           :        170        170          4     536450          0          0          0     180343         65          2      37820          0          0          0          0
  linear           :        203        203          4     536467          0          0          0     179648         23        405     589939          0          0          0          0
  logicor          :       1495       1495          4      57260          0          0          0     174504         38          2      59971          0          0          0          0
  bounddisjunction :          0+        23          0      35397          0          0          0          0          0          6       2646          0          0          0          0
  nonlinear        :         15         15     522417     536055     173192          0          0     174504          0          0     914045    1482309    1469110          0     334212
  benders          :          0          0          0          0          0          0          0         76          0          0          0          0          0          0          0
  countsols        :          0          0          0          0          0          0          0         76          0          0          0          0          0          0          0
  components       :          0          0          0          0          0          0          0          0          0          0          0          0          0          0          0
Constraint Timings :  TotalTime  SetupTime   Separate  Propagate     EnfoLP     EnfoPS     EnfoRelax   Check    ResProp    SB-Prop
  benderslp        :       0.09       0.00       0.00       0.00       0.07       0.00       0.00       0.01       0.00       0.00
  integral         :      12.40       0.00       0.00       0.00      12.37       0.00       0.00       0.03       0.00       0.00
  setppc           :       1.12       0.00       0.00       0.28       0.00       0.00       0.00       0.73       0.00       0.11
  linear           :       3.16       0.00       0.00       2.38       0.00       0.00       0.00       0.71       0.00       0.08
  logicor          :       6.07       0.00       0.00       2.95       0.00       0.00       0.00       2.76       0.00       0.36
  bounddisjunction :       0.11       0.00       0.00       0.10       0.00       0.00       0.00       0.00       0.00       0.01
  nonlinear        :    2539.61       0.00    1850.14      11.02     671.89       0.00       0.00       6.20       0.00       0.36
  benders          :       0.00       0.00       0.00       0.00       0.00       0.00       0.00       0.00       0.00       0.00
  countsols        :       0.00       0.00       0.00       0.00       0.00       0.00       0.00       0.00       0.00       0.00
  components       :       0.07       0.00       0.00       0.07       0.00       0.00       0.00       0.00       0.00       0.00
Propagators        : #Propagate   #ResProp    Cutoffs    DomReds
  dualfix          :          4          0          0          0
  genvbounds       :     203286          1          4     176936
  nlobbt           :          0          0          0          0
  obbt             :          2          0          0          1
  probing          :          0          0          0          0
  pseudoobj        :     710504          0          0     232261
  redcost          :     785136          0          0          0
  rootredcost      :          7          0          0         42
  symmetry         :          0          0          0          0
  vbounds          :     104187          0          0          0
Propagator Timings :  TotalTime  SetupTime   Presolve  Propagate    ResProp    SB-Prop
  dualfix          :       0.00       0.00       0.00       0.00       0.00       0.00
  genvbounds       :       1.16       0.00       0.00       1.15       0.00       0.00
  nlobbt           :       0.00       0.00       0.00       0.00       0.00       0.00
  obbt             :       0.20       0.00       0.00       0.20       0.00       0.00
  probing          :       0.01       0.00       0.01       0.00       0.00       0.00
  pseudoobj        :       1.55       0.00       0.00       1.55       0.00       0.00
  redcost          :       2.38       0.00       0.00       2.37       0.00       0.00
  rootredcost      :       0.25       0.00       0.00       0.25       0.00       0.00
  symmetry         :       0.09       0.00       0.00       0.09       0.00       0.00
  vbounds          :       0.31       0.00       0.00       0.30       0.00       0.01
Conflict Analysis  :       Time      Calls    Success    DomReds  Conflicts   Literals    Reconvs ReconvLits   Dualrays   Nonzeros   LP Iters   (pool size: [10000,10000])
  propagation      :       0.00         32         30          -         64        5.4          0        0.0          -          -          -
  infeasible LP    :       0.00          0          0          -          0        0.0          0        0.0          0        0.0          0
  bound exceed. LP :       1.58      15229          0          -          0        0.0          0        0.0          0        0.0          0
  strong branching :       0.00          0          0          -          0        0.0          0        0.0          -          -          0
  pseudo solution  :       0.00          0          0          -          0        0.0          0        0.0          -          -          -
  applied globally :       0.00          -          -          0         33        3.1          -          -          0          -          -
  applied locally  :          -          -          -          0          0        0.0          -          -          0          -          -
Separators         :   ExecTime  SetupTime      Calls  RootCalls    Cutoffs    DomReds  FoundCuts ViaPoolAdd  DirectAdd    Applied ViaPoolApp  DirectApp      Conss
  cut pool         :       0.03          -      10635          0          -          -       1177        418          -          -          -          -          -    (maximal pool size:         83)
  aggregation      :       0.25       0.00        669          0          0          0          1          0          0          0          0          0          0
  > cmir           :          -          -          -          -          -          -          -          0          0          0          0          0          -
  > flowcover      :          -          -          -          -          -          -          -          0          0          0          0          0          -
  > knapsackcover  :          -          -          -          -          -          -          -          0          0          0          0          0          -
  cgmip            :       0.00       0.00          0          0          0          0          0          0          0          0          0          0          0
  clique           :       0.00       0.00          0          0          0          0          0          0          0          0          0          0          0
  closecuts        :       0.00       0.00          0          0          0          0          0          0          0          0          0          0          0
  convexproj       :       0.00       0.00          0          0          0          0          0          0          0          0          0          0          0
  disjunctive      :       0.00       0.00          0          0          0          0          0          0          0          0          0          0          0
  eccuts           :       0.00       0.00          0          0          0          0          0          0          0          0          0          0          0
  gauge            :       0.00       0.00          0          0          0          0          0          0          0          0          0          0          0
  gomory           :       9.66       0.00        661          0          0          0       3996        287       3058        146         79         67          0
  > gomorymi       :          -          -          -          -          -          -          -         83       2959         82         17         65          -
  > strongcg       :          -          -          -          -          -          -          -        204         99         64         62          2          -
  impliedbounds    :       0.02       0.00        669          0          0          0          0          0          0          0          0          0          0
  interminor       :       0.00       0.00          0          0          0          0          0          0          0          0          0          0          0
  intobj           :       0.00       0.00          0          0          0          0          0          0          0          0          0          0          0
  mcf              :       0.00       0.00          0          0          0          0          0          0          0          0          0          0          0
  minor            :       0.00       0.00          0          0          0          0          0          0          0          0          0          0          0
  mixing           :       0.03       0.00       1518          5          0          0          0          0          0          0          0          0          0
  oddcycle         :       0.00       0.00          0          0          0          0          0          0          0          0          0          0          0
  rapidlearning    :       0.02       0.00          0          0          0          0          0          0          0          0          0          0          0
  rlt              :       0.00       0.00          5          5          0          0          0          0          0          0          0          0          0
  zerohalf         :       0.13       0.00        661          0          0          0        256        131         18        111         97         14          0
Cutselectors       :   ExecTime  SetupTime      Calls  RootCalls   Selected     Forced   Filtered  RootSelec   RootForc   RootFilt 
  hybrid           :       1.00       0.00     372004          2    1461475          0      16386         40          0          0
Pricers            :   ExecTime  SetupTime      Calls       Vars
  problem variables:       0.00          -          0          0
Branching Rules    :   ExecTime  SetupTime   BranchLP  BranchExt   BranchPS    Cutoffs    DomReds       Cuts      Conss   Children
  allfullstrong    :       0.00       0.00          0          0          0          0          0          0          0          0
  cloud            :       0.00       0.00          0          0          0          0          0          0          0          0
  distribution     :       0.00       0.00          0          0          0          0          0          0          0          0
  fullstrong       :       0.00       0.00          0          0          0          0          0          0          0          0
  inference        :       0.00       0.00          0          0          0          0          0          0          0          0
  leastinf         :       0.00       0.00          0          0          0          0          0          0          0          0
  lookahead        :       0.00       0.00          0          0          0          0          0          0          0          0
  mostinf          :       0.00       0.00          0          0          0          0          0          0          0          0
  multaggr         :       0.00       0.00          0          0          0          0          0          0          0          0
  nodereopt        :       0.00       0.00          0          0          0          0          0          0          0          0
  pscost           :       0.00       0.00          0          0          0          0          0          0          0          0
  random           :       0.00       0.00          0          0          0          0          0          0          0          0
  relpscost        :      12.29       0.00      33379          0          0          0        792          0         13      66334
  vanillafullstrong:       0.00       0.00          0          0          0          0          0          0          0          0
Primal Heuristics  :   ExecTime  SetupTime      Calls      Found       Best
  LP solutions     :       0.00          -          -          0          0
  relax solutions  :       0.00          -          -          0          0
  pseudo solutions :       0.00          -          -          0          0
  strong branching :       0.61          -          -          0          0
  actconsdiving    :       0.00       0.00          0          0          0
  adaptivediving   :       2.10       0.00       7079          0          0
  alns             :       0.27       0.00         17          0          0
  bound            :       0.00       0.00          0          0          0
  clique           :       0.02       0.00          1          0          0
  coefdiving       :       0.00       0.00          0          0          0
  completesol      :       0.00       0.00          0          0          0
  conflictdiving   :       2.11       0.00      15232          0          0
  crossover        :      68.19       0.00          8          7          1
  dins             :       0.00       0.00          0          0          0
  distributiondivin:       3.04       0.00        856          0          0
  dps              :       0.00       0.00          0          0          0
  dualval          :       0.00       0.00          0          0          0
  farkasdiving     :       0.01       0.00          0          0          0
  feaspump         :       0.01       0.00          1          0          0
  fixandinfer      :       0.00       0.00          0          0          0
  fracdiving       :       2.14       0.00      14892          0          0
  gins             :      75.19       0.00         31         22          2
  guideddiving     :       2.05       0.00      15139          0          0
  indicator        :       0.19       0.00          0          0          0
  indicatordiving  :       0.00       0.00          0          0          0
  intdiving        :       0.00       0.00          0          0          0
  intshifting      :       0.08       0.00         72          0          0
  linesearchdiving :       2.44       0.00      15087          0          0
  localbranching   :       0.00       0.00          0          0          0
  locks            :       0.00       0.00          1          0          0
  lpface           :       0.10       0.00          0          0          0
  mpec             :       4.42       0.00          1          1          1
  multistart       :       0.00       0.00          0          0          0
  mutation         :       0.00       0.00          0          0          0
  nlpdiving        :       2.61       0.00          7          1          0
  objpscostdiving  :       0.87       0.00        428          0          0
  octane           :       0.00       0.00          0          0          0
  ofins            :       0.06       0.00          0          0          0
  oneopt           :       0.11       0.00          9          0          0
  padm             :       0.00       0.00          0          0          0
  proximity        :       0.00       0.00          0          0          0
  pscostdiving     :       1.31       0.00        855          0          0
  randrounding     :       0.45       0.00       5836          0          0
  rens             :       1.77       0.00          1          0          0
  reoptsols        :       0.00       0.00          0          0          0
  repair           :       0.00       0.00          0          0          0
  rins             :      48.35       0.00         43          9          2
  rootsoldiving    :       1.31       0.00        427          0          0
  rounding         :       0.39       0.00       3923          0          0
  shiftandpropagate:       0.00       0.00          1          0          0
  shifting         :       0.35       0.00       1192          0          0
  simplerounding   :       0.21       0.00          0          0          0
  subnlp           :      13.00       0.00         55          2          2
  trivial          :       0.00       0.00          2          0          0
  trivialnegation  :       0.00       0.00          0          0          0
  trustregion      :       0.00       0.00          0          0          0
  trysol           :       0.13       0.00          1          1          1
  twoopt           :       0.00       0.00          0          0          0
  undercover       :       0.00       0.00          1          0          0
  vbounds          :       0.00       0.00          0          0          0
  veclendiving     :       1.85       0.00      14884          0          0
  zeroobj          :       0.00       0.00          0          0          0
  zirounding       :       0.10       0.00       1000          0          0
  other solutions  :          -          -          -          0          -
Expressions        :   #IntEval  IntEvalTi   #RevProp  RevPropTi    DomReds    Cutoffs  #Estimate  EstimTime  Branching  #Simplify SimplifyTi Simplified
  pow              :          0       0.00          0       0.00          0          0          0       0.00          0          0       0.00          0
  prod             :    6193770       1.58     713300       0.64          1          0   52895109    2356.39   13828380        180       0.00         90
  sum              :    1032295       0.48    1032085       0.94     326107          0         15       0.00          0        180       0.00        120
  var              :    2707451       0.19          0       0.00          0          0          0       0.00          0        420       0.00         45
  varidx           :          0       0.00          0       0.00          0          0          0       0.00          0          0       0.00          0
Nlhdlrs            :    Detects  DetectAll DetectTime   #IntEval  IntEvalTi   #RevProp  RevPropTi    DomReds    Cutoffs   #Enforce   EnfoTime       Cuts  Branching
  soc              :          0          0       0.00          0       0.00          0       0.00          0          0          0       0.00          0          0
  convex           :          0          0       0.00          0       0.00          0       0.00          0          0          0       0.00          0          0
  concave          :          0          0       0.00          0       0.00          0       0.00          0          0          0       0.00          0          0
  signomial        :          0          0       0.00          0       0.00          0       0.00          0          0          0       0.00          0          0
  quotient         :          0          0       0.00          0       0.00          0       0.00          0          0          0       0.00          0          0
  quadratic        :          0          0       0.00          0       0.00          0       0.00          0          0          0       0.00          0          0
  default          :        270       2430       0.00    7226590       2.55    1745880       3.05     326108          0   52895034    2421.51    1482309          0
  bilinear         :          0          0       0.00          0       0.00          0       0.00          0          0          0       0.00          0          0
  perspective      :          0          0       0.00          0       0.00          0       0.00          0          0          0       0.00          0          0
LP                 :       Time      Calls Iterations  Iter/call   Iter/sec  Time-0-It Calls-0-It    ItLimit
  primal LP        :      97.15      86970          0       0.00       0.00      97.14      86970
  dual LP          :     550.15     594266    6032908      11.88   10965.99      55.70      86416
  lex dual LP      :       0.00          0          0       0.00          -
  barrier LP       :       0.00          0          0       0.00          -       0.00          0
  resolve instable :       0.00          0          0       0.00          -
  diving/probing LP:       6.13       3970      14323       3.61    2338.31
  strong branching :       5.88       4200      41504       9.88    7064.30          -          -        302
    (at root node) :          -          0          0       0.00          -
  conflict analysis:       0.00          0          0       0.00          -
NLP relaxation     :
  solve time       :       2.59 (8 calls)
  convexity        :  nonconvex (1868 linear rows, 0 convex ineq., 0 nonconvex ineq., 15 nonlinear eq. or two-sided ineq.)
NLP Solvers        :  #Problems  ProblemTi    #Solves  SolveTime      #Iter  Time/Iter      #Okay #TimeLimit #IterLimit #LObjLimit #Interrupt  #NumError #EvalError  #OutOfMem #LicenseEr #OtherTerm   #GlobOpt    #LocOpt  #Feasible #LocInfeas #GlobInfea #Unbounded   #Unknown
  ipopt            :         58       0.66         68      19.05       3571       0.01         68          0          0          0          0          0          0          0          0          0          0         61          1          0          0          0          6
B&B Tree           :
  number of runs   :          1
  nodes            :     216049 (200273 internal, 15776 leaves)
  feasible leaves  :          0
  infeas. leaves   :         74
  objective leaves :      15702
  nodes (total)    :     216049 (200273 internal, 15776 leaves)
  nodes left       :     184498
  max depth        :         42
  max depth (total):         42
  backtracks       :      33763 (15.6%)
  early backtracks :          0 (0.0%)
  nodes exc. ref.  :          0 (0.0%)
  delayed cutoffs  :          0
  repropagations   :         28 (2 domain reductions, 0 cutoffs)
  avg switch length:       4.93
  switching time   :     114.92
Root Node          :
  First LP value   : +0.00000000000000e+00
  First LP Iters   :        112 (37296.04 Iter/sec)
  First LP Time    :       0.00
  Final Dual Bound : +0.00000000000000e+00
  Final Root Iters :        195
  Root LP Estimate : +1.06311004092925e+01
Solution           :
  Solutions found  :         43 (9 improvements)
  First Solution   : +7.99903451431539e+01   (in run 1, after 1 nodes, 0.11 seconds, depth 24, found by <trysol>)
  Gap First Sol.   :   infinite
  Gap Last Sol.    :   21087.42 %
  Primal Bound     : +8.72781325142358e+00   (in run 1, after 3343 nodes, 104.54 seconds, depth 8, found by <gins>)
  Dual Bound       : +7.08191682353814e-01
  Gap              :    1132.41 %
Integrals          :      Total       Avg%
  primal-dual      :  342589.48      95.16
  primal-ref       :          -          - (not evaluated)
  dual-ref         :          -          - (not evaluated)
