SCIP Status        : solving was interrupted [time limit reached]
Total Time         :    3600.03
  solving          :    3600.02
  presolving       :       0.08 (included in solving)
  reading          :       0.00
  copying          :       0.89 (98 #copies) (minimal 0.00, maximal 0.45, average 0.01)
Original Problem   :
  Problem name     : sfacloc1_2_80
  Variables        : 231 (62 binary, 0 integer, 0 implicit integer, 169 continuous)
  Constraints      : 2088 initial, 2088 maximal
  Objective        : minimize, 15 non-zeros (abs.min = 1, abs.max = 1)
Presolved Problem  :
  Problem name     : t_sfacloc1_2_80
  Variables        : 276 (62 binary, 0 integer, 0 implicit integer, 214 continuous)
  Constraints      : 1809 initial, 1809 maximal
  Objective        : minimize, 15 non-zeros (abs.min = 1, abs.max = 1)
  Nonzeros         : 6495 constraint, 828 clique table
Presolvers         :   ExecTime  SetupTime  Calls  FixedVars   AggrVars   ChgTypes  ChgBounds   AddHoles    DelCons    AddCons   ChgSides   ChgCoefs
  boundshift       :       0.00       0.00      0          0          0          0          0          0          0          0          0          0
  convertinttobin  :       0.00       0.00      0          0          0          0          0          0          0          0          0          0
  domcol           :       0.00       0.00      1          0          0          0          0          0          0          0          0          0
  dualagg          :       0.00       0.00      0          0          0          0          0          0          0          0          0          0
  dualcomp         :       0.00       0.00      1          0          0          0          0          0          0          0          0          0
  dualinfer        :       0.00       0.00      0          0          0          0          0          0          0          0          0          0
  dualsparsify     :       0.00       0.00      1          0          0          0          0          0          0          0          0          0
  gateextraction   :       0.00       0.00      1          0          0          0          0          0          0          0          0          0
  implics          :       0.00       0.00      3          0          0          0          0          0          0          0          0          0
  inttobinary      :       0.00       0.00      0          0          0          0          0          0          0          0          0          0
  qpkktref         :       0.00       0.00      0          0          0          0          0          0          0          0          0          0
  redvub           :       0.00       0.00      0          0          0          0          0          0          0          0          0          0
  sparsify         :       0.00       0.00      1          0          0          0          0          0          0          0          0          0
  stuffing         :       0.00       0.00      0          0          0          0          0          0          0          0          0          0
  trivial          :       0.00       0.00      4          0          0          0          0          0          0          0          0          0
  tworowbnd        :       0.00       0.00      0          0          0          0          0          0          0          0          0          0
  dualfix          :       0.00       0.00      4          0          0          0          0          0          0          0          0          0
  genvbounds       :       0.00       0.00      0          0          0          0          0          0          0          0          0          0
  probing          :       0.01       0.00      1          0          0          0          0          0          0          0          0          0
  pseudoobj        :       0.00       0.00      0          0          0          0          0          0          0          0          0          0
  symmetry         :       0.00       0.00      1          0          0          0          0          0          0          0          0          0
  vbounds          :       0.00       0.00      1          0          0          0          0          0          0          0          0          0
  setppc           :       0.00       0.00      3          0          0          0          0          0          0          0          0          0
  linear           :       0.05       0.00      7          0         60          0         15          0        279          0        218          0
  logicor          :       0.01       0.00      3          0          0          0          0          0          0          0          0          0
  nonlinear        :       0.00       0.00      8          0          0          0          0          0          0          0          0          0
  benders          :       0.00       0.00      0          0          0          0          0          0          0          0          0          0
  components       :       0.00       0.00      1          0          0          0          0          0          0          0          0          0
  root node        :          -          -      -          0          -          -         43          -          -          -          -          -
Constraints        :     Number  MaxNumber  #Separate #Propagate    #EnfoLP    #EnfoRelax  #EnfoPS    #Check   #ResProp    Cutoffs    DomReds       Cuts    Applied      Conss   Children
  benderslp        :          0          0          0          0     518748          0          0     310978          0          0          0          0          0          0          0
  integral         :          0          0          0          0     518748          0          0     310978          0          0         12          0          0          0     389110
  setppc           :        170        170         15    1020992          0          0          0     310973          0          0     192081          0          0          0          0
  linear           :        129        129         15    1174193          0          0          0     308802          0          0     317532          0          0          0          0
  logicor          :       1495       1495         15      62418          0          0          0     294167          0          0      26966          0          0          0          0
  nonlinear        :         15         15    1143638    1174193     324189          0          0     294167          0          0    1814515    2762772    2637314          0     595792
  benders          :          0          0          0          0          0          0          0         29          0          0          0          0          0          0          0
  countsols        :          0          0          0          0          0          0          0         29          0          0          0          0          0          0          0
  components       :          0          0          0          0          0          0          0          0          0          0          0          0          0          0          0
Constraint Timings :  TotalTime  SetupTime   Separate  Propagate     EnfoLP     EnfoPS     EnfoRelax   Check    ResProp    SB-Prop
  benderslp        :       0.20       0.00       0.00       0.00       0.18       0.00       0.00       0.02       0.00       0.00
  integral         :      15.12       0.00       0.00       0.00      15.08       0.00       0.00       0.04       0.00       0.00
  setppc           :       2.20       0.00       0.00       0.75       0.00       0.00       0.00       1.40       0.00       0.04
  linear           :       2.76       0.00       0.00       2.02       0.00       0.00       0.00       0.68       0.00       0.06
  logicor          :       6.32       0.00       0.00       2.00       0.00       0.00       0.00       4.14       0.00       0.17
  nonlinear        :    1880.58       0.00    1475.70      11.90     384.76       0.00       0.00       8.00       0.00       0.22
  benders          :       0.00       0.00       0.00       0.00       0.00       0.00       0.00       0.00       0.00       0.00
  countsols        :       0.00       0.00       0.00       0.00       0.00       0.00       0.00       0.00       0.00       0.00
  components       :       0.18       0.00       0.00       0.17       0.00       0.00       0.00       0.00       0.00       0.00
Propagators        : #Propagate   #ResProp    Cutoffs    DomReds
  dualfix          :          4          0          0          0
  genvbounds       :      88516          0          0      41364
  nlobbt           :          0          0          0          0
  obbt             :          3          0          0          0
  probing          :          0          0          0          0
  pseudoobj        :    1572608          0          0          1
  redcost          :    1800110          0          0          0
  rootredcost      :          5          0          0         12
  symmetry         :          0          0          0          0
  vbounds          :     394572          0          0          0
Propagator Timings :  TotalTime  SetupTime   Presolve  Propagate    ResProp    SB-Prop
  dualfix          :       0.00       0.00       0.00       0.00       0.00       0.00
  genvbounds       :       1.35       0.00       0.00       1.34       0.00       0.00
  nlobbt           :       0.00       0.00       0.00       0.00       0.00       0.00
  obbt             :       0.43       0.00       0.00       0.43       0.00       0.00
  probing          :       0.01       0.00       0.01       0.00       0.00       0.00
  pseudoobj        :       2.30       0.00       0.00       2.30       0.00       0.00
  redcost          :       3.40       0.00       0.00       3.40       0.00       0.00
  rootredcost      :       0.48       0.00       0.00       0.47       0.00       0.00
  symmetry         :       0.19       0.00       0.00       0.19       0.00       0.00
  vbounds          :       0.58       0.00       0.00       0.57       0.00       0.01
Conflict Analysis  :       Time      Calls    Success    DomReds  Conflicts   Literals    Reconvs ReconvLits   Dualrays   Nonzeros   LP Iters   (pool size: [--,--])
  propagation      :       0.00          0          0          -          0        0.0          0        0.0          -          -          -
  infeasible LP    :       0.00          0          0          -          0        0.0          0        0.0          0        0.0          0
  bound exceed. LP :       0.00          0          0          -          0        0.0          0        0.0          0        0.0          0
  strong branching :       0.00          0          0          -          0        0.0          0        0.0          -          -          0
  pseudo solution  :       0.00          0          0          -          0        0.0          0        0.0          -          -          -
  applied globally :       0.00          -          -          0          0        0.0          -          -          0          -          -
  applied locally  :          -          -          -          0          0        0.0          -          -          0          -          -
Separators         :   ExecTime  SetupTime      Calls  RootCalls    Cutoffs    DomReds  FoundCuts ViaPoolAdd  DirectAdd    Applied ViaPoolApp  DirectApp      Conss
  cut pool         :       0.05          -     111525         31          -          -        520        410          -          -          -          -          -    (maximal pool size:        124)
  aggregation      :       0.58       0.00       1294         15          0          0         88         36          7         20         17          3          0
  > cmir           :          -          -          -          -          -          -          -         36          7         20         17          3          -
  > flowcover      :          -          -          -          -          -          -          -          0          0          0          0          0          -
  > knapsackcover  :          -          -          -          -          -          -          -          0          0          0          0          0          -
  cgmip            :       0.00       0.00          0          0          0          0          0          0          0          0          0          0          0
  clique           :       0.00       0.00         15         15          0          0         18         14          0          2          2          0          0
  closecuts        :       0.00       0.00          0          0          0          0          0          0          0          0          0          0          0
  convexproj       :       0.00       0.00          0          0          0          0          0          0          0          0          0          0          0
  disjunctive      :       0.00       0.00          0          0          0          0          0          0          0          0          0          0          0
  eccuts           :       0.00       0.00          0          0          0          0          0          0          0          0          0          0          0
  gauge            :       0.00       0.00          0          0          0          0          0          0          0          0          0          0          0
  gomory           :       5.95       0.00       1258         10          0          0       5087        261       4764        186         42        144          0
  > gomorymi       :          -          -          -          -          -          -          -        111       4563        150         10        140          -
  > strongcg       :          -          -          -          -          -          -          -        150        201         36         32          4          -
  impliedbounds    :       0.03       0.00       1294         15          0          0          0          0          0          0          0          0          0
  interminor       :       0.00       0.00          0          0          0          0          0          0          0          0          0          0          0
  intobj           :       0.00       0.00          0          0          0          0          0          0          0          0          0          0          0
  mcf              :       0.00       0.00          1          1          0          0          0          0          0          0          0          0          0
  minor            :       0.00       0.00          0          0          0          0          0          0          0          0          0          0          0
  mixing           :       0.03       0.00       2691         15          0          0          0          0          0          0          0          0          0
  oddcycle         :       0.00       0.00          0          0          0          0          0          0          0          0          0          0          0
  rapidlearning    :       0.02       0.00          0          0          0          0          0          0          0          0          0          0          0
  rlt              :       0.00       0.00         10         10          0          0          0          0          0          0          0          0          0
  zerohalf         :       0.25       0.00       1263         15          0          0        154         99         56        118         71         47          0
Cutselectors       :   ExecTime  SetupTime      Calls  RootCalls   Selected     Forced   Filtered  RootSelec   RootForc   RootFilt 
  hybrid           :       1.54       0.00     803027         14    2597566          0     130353         89          0         64
Pricers            :   ExecTime  SetupTime      Calls       Vars
  problem variables:       0.00          -          0          0
Branching Rules    :   ExecTime  SetupTime   BranchLP  BranchExt   BranchPS    Cutoffs    DomReds       Cuts      Conss   Children
  allfullstrong    :       0.00       0.00          0          0          0          0          0          0          0          0
  cloud            :       0.00       0.00          0          0          0          0          0          0          0          0
  distribution     :       0.00       0.00          0          0          0          0          0          0          0          0
  fullstrong       :       0.00       0.00          0          0          0          0          0          0          0          0
  inference        :       0.00       0.00          0          0          0          0          0          0          0          0
  leastinf         :       0.00       0.00          0          0          0          0          0          0          0          0
  lookahead        :       0.00       0.00          0          0          0          0          0          0          0          0
  mostinf          :       0.00       0.00          0          0          0          0          0          0          0          0
  multaggr         :       0.00       0.00          0          0          0          0          0          0          0          0
  nodereopt        :       0.00       0.00          0          0          0          0          0          0          0          0
  pscost           :       0.00       0.00          0          0          0          0          0          0          0          0
  random           :       0.00       0.00          0          0          0          0          0          0          0          0
  relpscost        :      14.83       0.00     194559          0          0          0         12          0          0     389110
  vanillafullstrong:       0.00       0.00          0          0          0          0          0          0          0          0
Primal Heuristics  :   ExecTime  SetupTime      Calls      Found       Best
  LP solutions     :       0.00          -          -          0          0
  relax solutions  :       0.00          -          -          0          0
  pseudo solutions :       0.00          -          -          0          0
  strong branching :       0.23          -          -          0          0
  actconsdiving    :       0.00       0.00          0          0          0
  adaptivediving   :       0.97       0.00       1688          0          0
  alns             :       2.07       0.00         24          0          0
  bound            :       0.00       0.00          0          0          0
  clique           :       0.02       0.00          1          0          0
  coefdiving       :       0.00       0.00          0          0          0
  completesol      :       0.00       0.00          0          0          0
  conflictdiving   :       0.04       0.00          0          0          0
  crossover        :      36.85       0.00          9          8          0
  dins             :       0.00       0.00          0          0          0
  distributiondivin:      47.07       0.00       9307          0          0
  dps              :       0.00       0.00          0          0          0
  dualval          :       0.00       0.00          0          0          0
  farkasdiving     :       0.02       0.00          0          0          0
  feaspump         :       0.02       0.00         10          0          0
  fixandinfer      :       0.00       0.00          0          0          0
  fracdiving       :       3.79       0.00      29399          0          0
  gins             :       5.69       0.00         11          0          0
  guideddiving     :       5.99       0.00      30531          0          0
  indicator        :       0.36       0.00          0          0          0
  indicatordiving  :       0.00       0.00          0          0          0
  intdiving        :       0.00       0.00          0          0          0
  intshifting      :       0.24       0.00        210          0          0
  linesearchdiving :       5.22       0.00      30528          0          0
  localbranching   :       0.00       0.00          0          0          0
  locks            :       0.00       0.00          1          0          0
  lpface           :       0.30       0.00          1          0          0
  mpec             :       6.43       0.00          1          0          0
  multistart       :       0.00       0.00          0          0          0
  mutation         :       0.00       0.00          0          0          0
  nlpdiving        :       3.56       0.00         11          3          1
  objpscostdiving  :       9.25       0.00       4651          0          0
  octane           :       0.00       0.00          0          0          0
  ofins            :       0.13       0.00          0          0          0
  oneopt           :       0.22       0.00          7          0          0
  padm             :       0.00       0.00          0          0          0
  proximity        :       0.00       0.00          0          0          0
  pscostdiving     :      13.42       0.00       9309          0          0
  randrounding     :       0.83       0.00      16808          0          0
  rens             :       2.19       0.00          1          1          1
  reoptsols        :       0.00       0.00          0          0          0
  repair           :       0.00       0.00          0          0          0
  rins             :      22.99       0.00         53         12          1
  rootsoldiving    :       6.73       0.00       4654          0          0
  rounding         :       0.70       0.00       8712          0          0
  shiftandpropagate:       0.00       0.00          1          0          0
  shifting         :       0.62       0.00       2738          0          0
  simplerounding   :       0.37       0.00          0          0          0
  subnlp           :      10.98       0.00        129          3          3
  trivial          :       0.00       0.00          2          0          0
  trivialnegation  :       0.00       0.00          0          0          0
  trustregion      :       0.00       0.00          0          0          0
  trysol           :       0.24       0.00          1          1          1
  twoopt           :       0.00       0.00          0          0          0
  undercover       :       0.00       0.00          1          0          0
  vbounds          :       0.00       0.00          0          0          0
  veclendiving     :       3.49       0.00      29798          0          0
  zeroobj          :       0.00       0.00          0          0          0
  zirounding       :       0.19       0.00       1000          0          0
  other solutions  :          -          -          -          0          -
Expressions        :   #IntEval  IntEvalTi   #RevProp  RevPropTi    DomReds    Cutoffs  #Estimate  EstimTime  Branching  #Simplify SimplifyTi Simplified
  pow              :          0       0.00          0       0.00          0          0          0       0.00          0          0       0.00          0
  prod             :    3546286       1.08        180       0.00          0          0   89192231    1627.00   19484032        150       0.00         60
  sum              :        135       0.00          0       0.00          0          0         15       0.00          0        165       0.00         90
  var              :    1654399       0.19          0       0.00          0          0          0       0.00          0        345       0.00         45
  varidx           :          0       0.00          0       0.00          0          0          0       0.00          0          0       0.00          0
Nlhdlrs            :    Detects  DetectAll DetectTime   #IntEval  IntEvalTi   #RevProp  RevPropTi    DomReds    Cutoffs   #Enforce   EnfoTime       Cuts  Branching
  soc              :          0          0       0.00          0       0.00          0       0.00          0          0          0       0.00          0          0
  convex           :          0          0       0.00          0       0.00          0       0.00          0          0          0       0.00          0          0
  concave          :          0          0       0.00          0       0.00          0       0.00          0          0          0       0.00          0          0
  signomial        :          0          0       0.00          0       0.00          0       0.00          0          0          0       0.00          0          0
  quotient         :          0          0       0.00          0       0.00          0       0.00          0          0          0       0.00          0          0
  quadratic        :         15        135       0.00     886369       2.13     886294       2.30         85          0          0       0.00          0          0
  default          :        210       1530       0.00    3546406       1.34        495       0.00          0          0   89192156    1724.92    2762772          0
  bilinear         :         30         30       0.00          0       0.00          0       0.00          0          0    2395442       0.42          0          0
  perspective      :          0          0       0.00          0       0.00          0       0.00          0          0          0       0.00          0          0
LP                 :       Time      Calls Iterations  Iter/call   Iter/sec  Time-0-It Calls-0-It    ItLimit
  primal LP        :     127.72     147539          0       0.00       0.00     127.70     147539
  dual LP          :    1045.46    1321774   11719204       9.81   11209.59      65.39     127763
  lex dual LP      :       0.00          0          0       0.00          -
  barrier LP       :       0.00          0          0       0.00          -       0.00          0
  resolve instable :       0.00          0          0       0.00          -
  diving/probing LP:      37.92      42246     210395       4.98    5547.94
  strong branching :       6.03       4426      55024      12.43    9128.67          -          -        432
    (at root node) :          -          2          8       4.00          -
  conflict analysis:       0.00          0          0       0.00          -
NLP relaxation     :
  solve time       :       3.53 (11 calls)
  convexity        :  nonconvex (1794 linear rows, 0 convex ineq., 0 nonconvex ineq., 15 nonlinear eq. or two-sided ineq.)
NLP Solvers        :  #Problems  ProblemTi    #Solves  SolveTime      #Iter  Time/Iter      #Okay #TimeLimit #IterLimit #LObjLimit #Interrupt  #NumError #EvalError  #OutOfMem #LicenseEr #OtherTerm   #GlobOpt    #LocOpt  #Feasible #LocInfeas #GlobInfea #Unbounded   #Unknown
  ipopt            :        131       1.01        142      18.60       4437       0.00        135          0          7          0          0          0          0          0          0          0          0        124          7          2          0          0          9
B&B Tree           :
  number of runs   :          1
  nodes            :     492452 (492451 internal, 1 leaves)
  feasible leaves  :          0
  infeas. leaves   :          0
  objective leaves :          0
  nodes (total)    :     492452 (492451 internal, 1 leaves)
  nodes left       :     492452
  max depth        :         42
  max depth (total):         42
  backtracks       :      75779 (15.4%)
  early backtracks :          0 (0.0%)
  nodes exc. ref.  :          0 (0.0%)
  delayed cutoffs  :          0
  repropagations   :          2 (0 domain reductions, 0 cutoffs)
  avg switch length:       3.85
  switching time   :     183.54
Root Node          :
  First LP value   : +0.00000000000000e+00
  First LP Iters   :        170 (22531.48 Iter/sec)
  First LP Time    :       0.01
  Final Dual Bound : +0.00000000000000e+00
  Final Root Iters :        399
  Root LP Estimate : +5.58835962878085e+00
Solution           :
  Solutions found  :         28 (7 improvements)
  First Solution   : +5.92413580248109e+01   (in run 1, after 1 nodes, 0.13 seconds, depth 24, found by <trysol>)
  Gap First Sol.   :   infinite
  Gap Last Sol.    :    1457.55 %
  Primal Bound     : +1.28607037382150e+01   (in run 1, after 12549 nodes, 157.44 seconds, depth 25, found by <rins>)
  Dual Bound       : +1.18050212801644e+00
  Gap              :     989.43 %
Integrals          :      Total       Avg%
  primal-dual      :  329550.34      91.54
  primal-ref       :          -          - (not evaluated)
  dual-ref         :          -          - (not evaluated)
