SCIP Status        : solving was interrupted [time limit reached]
Total Time         :    3600.01
  solving          :    3600.00
  presolving       :       0.09 (included in solving)
  reading          :       0.00
  copying          :       0.32 (60 #copies) (minimal 0.00, maximal 0.01, average 0.01)
Original Problem   :
  Problem name     : sfacloc1_4_80
  Variables        : 355 (62 binary, 0 integer, 0 implicit integer, 293 continuous)
  Constraints      : 2234 initial, 2234 maximal
  Objective        : minimize, 15 non-zeros (abs.min = 1, abs.max = 1)
Presolved Problem  :
  Problem name     : t_sfacloc1_4_80
  Variables        : 415 (62 binary, 0 integer, 0 implicit integer, 353 continuous)
  Constraints      : 1941 initial, 1957 maximal
  Objective        : minimize, 15 non-zeros (abs.min = 1, abs.max = 1)
  Nonzeros         : 6933 constraint, 828 clique table
Presolvers         :   ExecTime  SetupTime  Calls  FixedVars   AggrVars   ChgTypes  ChgBounds   AddHoles    DelCons    AddCons   ChgSides   ChgCoefs
  boundshift       :       0.00       0.00      0          0          0          0          0          0          0          0          0          0
  convertinttobin  :       0.00       0.00      0          0          0          0          0          0          0          0          0          0
  domcol           :       0.00       0.00      1          0          0          0          0          0          0          0          0          0
  dualagg          :       0.00       0.00      0          0          0          0          0          0          0          0          0          0
  dualcomp         :       0.00       0.00      1          0          0          0          0          0          0          0          0          0
  dualinfer        :       0.00       0.00      0          0          0          0          0          0          0          0          0          0
  dualsparsify     :       0.00       0.00      1          0          0          0          0          0          0          0          0          0
  gateextraction   :       0.00       0.00      1          0          0          0          0          0          0          0          0          0
  implics          :       0.00       0.00      3          0          0          0          0          0          0          0          0          0
  inttobinary      :       0.00       0.00      0          0          0          0          0          0          0          0          0          0
  qpkktref         :       0.00       0.00      0          0          0          0          0          0          0          0          0          0
  redvub           :       0.00       0.00      0          0          0          0          0          0          0          0          0          0
  sparsify         :       0.00       0.00      1          0          0          0          0          0          0          0          0          0
  stuffing         :       0.00       0.00      0          0          0          0          0          0          0          0          0          0
  trivial          :       0.00       0.00      4          0          0          0          0          0          0          0          0          0
  tworowbnd        :       0.00       0.00      0          0          0          0          0          0          0          0          0          0
  dualfix          :       0.00       0.00      4          0          0          0          0          0          0          0          0          0
  genvbounds       :       0.00       0.00      0          0          0          0          0          0          0          0          0          0
  probing          :       0.01       0.00      1          0          0          0          0          0          0          0          0          0
  pseudoobj        :       0.00       0.00      0          0          0          0          0          0          0          0          0          0
  symmetry         :       0.00       0.00      1          0          0          0          0          0          0          0          0          0
  vbounds          :       0.00       0.00      1          0          0          0          0          0          0          0          0          0
  setppc           :       0.00       0.00      3          0          0          0          0          0          0          0          0          0
  linear           :       0.05       0.00      7          0         75          0         15          0        293          0        218          0
  logicor          :       0.00       0.00      3          0          0          0          0          0          0          0          0          0
  bounddisjunction :       0.00       0.00      0          0          0          0          0          0          0          0          0          0
  nonlinear        :       0.01       0.00      8          0          0          0          0          0          0          0          0          0
  benders          :       0.00       0.00      0          0          0          0          0          0          0          0          0          0
  components       :       0.00       0.00      1          0          0          0          0          0          0          0          0          0
  root node        :          -          -      -          0          -          -        106          -          -          -          -          -
Constraints        :     Number  MaxNumber  #Separate #Propagate    #EnfoLP    #EnfoRelax  #EnfoPS    #Check   #ResProp    Cutoffs    DomReds       Cuts    Applied      Conss   Children
  benderslp        :          0          0          0          0     165288          0          0     132827          0          0          0          0          0          0          0
  integral         :          0          0          0          0     165288          0          0     132827          0          0       1070          0          0          4      51508
  setppc           :        170+       171          7     429369          0          0          0     132823         33          5      35672          0          0          0          0
  linear           :        261        261          7     429378          0          0          0     132078          9        748     611259          0          0          0          0
  logicor          :       1495       1495          7      39976          0          0          0     129512         13          2      50907          0          0          0          0
  bounddisjunction :          0+        15          0      17768          0          0          0          0          0          1        256          0          0          0          0
  nonlinear        :         15         15     421030     428627     139213          0          0     129512          0          0     712098    1310596    1301965          0     258502
  benders          :          0          0          0          0          0          0          0         18          0          0          0          0          0          0          0
  countsols        :          0          0          0          0          0          0          0         18          0          0          0          0          0          0          0
  components       :          0          0          0          0          0          0          0          0          0          0          0          0          0          0          0
Constraint Timings :  TotalTime  SetupTime   Separate  Propagate     EnfoLP     EnfoPS     EnfoRelax   Check    ResProp    SB-Prop
  benderslp        :       0.07       0.00       0.00       0.00       0.06       0.00       0.00       0.01       0.00       0.00
  integral         :      12.46       0.00       0.00       0.00      12.44       0.00       0.00       0.02       0.00       0.00
  setppc           :       0.99       0.00       0.00       0.30       0.00       0.00       0.00       0.54       0.00       0.15
  linear           :       3.53       0.00       0.00       2.69       0.00       0.00       0.00       0.75       0.00       0.09
  logicor          :       4.95       0.00       0.00       1.97       0.00       0.00       0.00       2.61       0.00       0.38
  bounddisjunction :       0.05       0.00       0.00       0.04       0.00       0.00       0.00       0.00       0.00       0.01
  nonlinear        :    2409.02       0.00    1748.30      11.88     641.71       0.00       0.00       6.63       0.00       0.51
  benders          :       0.00       0.00       0.00       0.00       0.00       0.00       0.00       0.00       0.00       0.00
  countsols        :       0.00       0.00       0.00       0.00       0.00       0.00       0.00       0.00       0.00       0.00
  components       :       0.06       0.00       0.00       0.06       0.00       0.00       0.00       0.00       0.00       0.00
Propagators        : #Propagate   #ResProp    Cutoffs    DomReds
  dualfix          :          5          0          0          0
  genvbounds       :     161394          0          2     158574
  nlobbt           :          0          0          0          0
  obbt             :          2          0          0          1
  probing          :          0          0          0          0
  pseudoobj        :     567113          0          0     124487
  redcost          :     642154          0          0          0
  rootredcost      :          7          0          0         44
  symmetry         :          0          0          0          0
  vbounds          :      71308          0          0          0
Propagator Timings :  TotalTime  SetupTime   Presolve  Propagate    ResProp    SB-Prop
  dualfix          :       0.00       0.00       0.00       0.00       0.00       0.00
  genvbounds       :       1.19       0.00       0.00       1.18       0.00       0.00
  nlobbt           :       0.00       0.00       0.00       0.00       0.00       0.00
  obbt             :       0.48       0.00       0.00       0.48       0.00       0.00
  probing          :       0.01       0.00       0.01       0.00       0.00       0.00
  pseudoobj        :       1.35       0.00       0.00       1.35       0.00       0.00
  redcost          :       2.62       0.00       0.00       2.62       0.00       0.00
  rootredcost      :       0.21       0.00       0.00       0.21       0.00       0.00
  symmetry         :       0.08       0.00       0.00       0.07       0.00       0.00
  vbounds          :       0.25       0.00       0.00       0.25       0.00       0.01
Conflict Analysis  :       Time      Calls    Success    DomReds  Conflicts   Literals    Reconvs ReconvLits   Dualrays   Nonzeros   LP Iters   (pool size: [10000,10000])
  propagation      :       0.00         15         15          -         24        4.3          0        0.0          -          -          -
  infeasible LP    :       0.00          0          0          -          0        0.0          0        0.0          0        0.0          0
  bound exceed. LP :       0.31       1725          0          -          0        0.0          0        0.0          0        0.0          0
  strong branching :       0.00          0          0          -          0        0.0          0        0.0          -          -          0
  pseudo solution  :       0.00          0          0          -          0        0.0          0        0.0          -          -          -
  applied globally :       0.00          -          -          0         17        2.6          -          -          0          -          -
  applied locally  :          -          -          -          0          0        0.0          -          -          0          -          -
Separators         :   ExecTime  SetupTime      Calls  RootCalls    Cutoffs    DomReds  FoundCuts ViaPoolAdd  DirectAdd    Applied ViaPoolApp  DirectApp      Conss
  cut pool         :       0.02          -       5452          7          -          -        610        221          -          -          -          -          -    (maximal pool size:         72)
  aggregation      :       0.20       0.00        494          2          0          0          9          0          7          5          0          5          0
  > cmir           :          -          -          -          -          -          -          -          0          5          3          0          3          -
  > flowcover      :          -          -          -          -          -          -          -          0          2          2          0          2          -
  > knapsackcover  :          -          -          -          -          -          -          -          0          0          0          0          0          -
  cgmip            :       0.00       0.00          0          0          0          0          0          0          0          0          0          0          0
  clique           :       0.00       0.00          2          2          0          0          0          0          0          0          0          0          0
  closecuts        :       0.00       0.00          0          0          0          0          0          0          0          0          0          0          0
  convexproj       :       0.00       0.00          0          0          0          0          0          0          0          0          0          0          0
  disjunctive      :       0.00       0.00          0          0          0          0          0          0          0          0          0          0          0
  eccuts           :       0.00       0.00          0          0          0          0          0          0          0          0          0          0          0
  gauge            :       0.00       0.00          0          0          0          0          0          0          0          0          0          0          0
  gomory           :       5.14       0.00        491          2          0          0       4781        151       4299        151         54         97          0
  > gomorymi       :          -          -          -          -          -          -          -         34       4150        105         11         94          -
  > strongcg       :          -          -          -          -          -          -          -        117        149         46         43          3          -
  impliedbounds    :       0.02       0.00        494          2          0          0          0          0          0          0          0          0          0
  interminor       :       0.00       0.00          0          0          0          0          0          0          0          0          0          0          0
  intobj           :       0.00       0.00          0          0          0          0          0          0          0          0          0          0          0
  mcf              :       0.00       0.00          1          1          0          0          0          0          0          0          0          0          0
  minor            :       0.00       0.00          0          0          0          0          0          0          0          0          0          0          0
  mixing           :       0.06       0.00       3091          7          0          0          0          0          0          0          0          0          0
  oddcycle         :       0.00       0.00          0          0          0          0          0          0          0          0          0          0          0
  rapidlearning    :       0.01       0.00          0          0          0          0          0          0          0          0          0          0          0
  rlt              :       0.00       0.00          7          7          0          0          0          0          0          0          0          0          0
  zerohalf         :       0.11       0.00        491          2          0          0        164         70         38         82         51         31          0
Cutselectors       :   ExecTime  SetupTime      Calls  RootCalls   Selected     Forced   Filtered  RootSelec   RootForc   RootFilt 
  hybrid           :       0.98       0.00     311592          4    1285638          0      12914         49          0          0
Pricers            :   ExecTime  SetupTime      Calls       Vars
  problem variables:       0.00          -          0          0
Branching Rules    :   ExecTime  SetupTime   BranchLP  BranchExt   BranchPS    Cutoffs    DomReds       Cuts      Conss   Children
  allfullstrong    :       0.00       0.00          0          0          0          0          0          0          0          0
  cloud            :       0.00       0.00          0          0          0          0          0          0          0          0
  distribution     :       0.00       0.00          0          0          0          0          0          0          0          0
  fullstrong       :       0.00       0.00          0          0          0          0          0          0          0          0
  inference        :       0.00       0.00          0          0          0          0          0          0          0          0
  leastinf         :       0.00       0.00          0          0          0          0          0          0          0          0
  lookahead        :       0.00       0.00          0          0          0          0          0          0          0          0
  mostinf          :       0.00       0.00          0          0          0          0          0          0          0          0
  multaggr         :       0.00       0.00          0          0          0          0          0          0          0          0
  nodereopt        :       0.00       0.00          0          0          0          0          0          0          0          0
  pscost           :       0.00       0.00          0          0          0          0          0          0          0          0
  random           :       0.00       0.00          0          0          0          0          0          0          0          0
  relpscost        :      12.37       0.00      26075          0          0          0       1070          0          4      51508
  vanillafullstrong:       0.00       0.00          0          0          0          0          0          0          0          0
Primal Heuristics  :   ExecTime  SetupTime      Calls      Found       Best
  LP solutions     :       0.00          -          -          0          0
  relax solutions  :       0.00          -          -          0          0
  pseudo solutions :       0.00          -          -          0          0
  strong branching :       0.50          -          -          0          0
  actconsdiving    :       0.00       0.00          0          0          0
  adaptivediving   :       1.61       0.00       4057          0          0
  alns             :       0.24       0.00         15          0          0
  bound            :       0.00       0.00          0          0          0
  clique           :       0.03       0.00          1          0          0
  coefdiving       :       0.00       0.00          0          0          0
  completesol      :       0.00       0.00          0          0          0
  conflictdiving   :       2.04       0.00      11636          0          0
  crossover        :      94.51       0.00          7          3          0
  dins             :       0.00       0.00          0          0          0
  distributiondivin:       2.43       0.00        660          0          0
  dps              :       0.00       0.00          0          0          0
  dualval          :       0.00       0.00          0          0          0
  farkasdiving     :       0.01       0.00          0          0          0
  feaspump         :       0.02       0.00         10          0          0
  fixandinfer      :       0.00       0.00          0          0          0
  fracdiving       :       2.02       0.00      11324          0          0
  gins             :      42.82       0.00         13          5          2
  guideddiving     :       1.97       0.00      11504          0          0
  indicator        :       0.16       0.00          0          0          0
  indicatordiving  :       0.00       0.00          0          0          0
  intdiving        :       0.00       0.00          0          0          0
  intshifting      :       0.08       0.00         50          0          0
  linesearchdiving :       2.22       0.00      11397          0          0
  localbranching   :       0.00       0.00          0          0          0
  locks            :       0.00       0.00          1          0          0
  lpface           :       0.10       0.00          0          0          0
  mpec             :     113.61       0.00          7          1          1
  multistart       :       0.00       0.00          0          0          0
  mutation         :       0.00       0.00          0          0          0
  nlpdiving        :       3.85       0.00          9          0          0
  objpscostdiving  :       0.95       0.00        330          0          0
  octane           :       0.00       0.00          0          0          0
  ofins            :       0.04       0.00          0          0          0
  oneopt           :       0.08       0.00          9          0          0
  padm             :       0.00       0.00          0          0          0
  proximity        :       0.00       0.00          0          0          0
  pscostdiving     :       1.18       0.00        661          0          0
  randrounding     :       0.25       0.00       3310          0          0
  rens             :       5.10       0.00          1          0          0
  reoptsols        :       0.00       0.00          0          0          0
  repair           :       0.00       0.00          0          0          0
  rins             :      40.55       0.00         22          0          0
  rootsoldiving    :       1.73       0.00        331          0          0
  rounding         :       0.39       0.00       3725          0          0
  shiftandpropagate:       0.00       0.00          1          0          0
  shifting         :       0.43       0.00       1161          0          0
  simplerounding   :       0.19       0.00          0          0          0
  subnlp           :      47.38       0.00         39          6          6
  trivial          :       0.00       0.00          2          0          0
  trivialnegation  :       0.00       0.00          0          0          0
  trustregion      :       0.00       0.00          0          0          0
  trysol           :       0.12       0.00          1          1          1
  twoopt           :       0.00       0.00          0          0          0
  undercover       :       0.00       0.00          1          0          0
  vbounds          :       0.00       0.00          0          0          0
  veclendiving     :       2.78       0.00      11194          0          0
  zeroobj          :       0.00       0.00          0          0          0
  zirounding       :       0.09       0.00       1000          0          0
  other solutions  :          -          -          -          0          -
Expressions        :   #IntEval  IntEvalTi   #RevProp  RevPropTi    DomReds    Cutoffs  #Estimate  EstimTime  Branching  #Simplify SimplifyTi Simplified
  pow              :          0       0.00          0       0.00          0          0          0       0.00          0          0       0.00          0
  prod             :    6703472       1.94     607237       0.59          0          0   46026440    2207.26   12142247        240       0.00        120
  sum              :     837934       0.52     837724       1.02     205271          0         15       0.00          0        225       0.00        150
  var              :    2128992       0.17          0       0.00          0          0          0       0.00          0        555       0.00         60
  varidx           :          0       0.00          0       0.00          0          0          0       0.00          0          0       0.00          0
Nlhdlrs            :    Detects  DetectAll DetectTime   #IntEval  IntEvalTi   #RevProp  RevPropTi    DomReds    Cutoffs   #Enforce   EnfoTime       Cuts  Branching
  soc              :          0          0       0.00          0       0.00          0       0.00          0          0          0       0.00          0          0
  convex           :          0          0       0.00          0       0.00          0       0.00          0          0          0       0.00          0          0
  concave          :          0          0       0.00          0       0.00          0       0.00          0          0          0       0.00          0          0
  quotient         :          0          0       0.00          0       0.00          0       0.00          0          0          0       0.00          0          0
  quadratic        :          0          0       0.00          0       0.00          0       0.00          0          0          0       0.00          0          0
  default          :        345       3105       0.00    7542066       2.98    1445591       3.07     205271          0   46026335    2271.78    1310596          0
  bilinear         :          0          0       0.00          0       0.00          0       0.00          0          0          0       0.00          0          0
  perspective      :          0          0       0.00          0       0.00          0       0.00          0          0          0       0.00          0          0
LP                 :       Time      Calls Iterations  Iter/call   Iter/sec  Time-0-It Calls-0-It    ItLimit
  primal LP        :     104.50      66646          0       0.00       0.00     104.49      66646
  dual LP          :     555.13     478683    5567193      13.46   10028.64      52.65      65142
  lex dual LP      :       0.00          0          0       0.00          -
  barrier LP       :       0.00          0          0       0.00          -       0.00          0
  resolve instable :       0.00          0          0       0.00          -
  diving/probing LP:       6.33       2764      13948       5.05    2202.15
  strong branching :       6.12       3601      48947      13.59    8004.35          -          -        519
    (at root node) :          -          0          0       0.00          -
  conflict analysis:       0.00          0          0       0.00          -
NLP relaxation     :
  solve time       :       3.84 (9 calls)
  convexity        :  nonconvex (1926 linear rows, 0 convex ineq., 0 nonconvex ineq., 15 nonlinear eq. or two-sided ineq.)
NLP Solvers        :  #Problems  ProblemTi    #Solves  SolveTime      #Iter  Time/Iter      #Okay #TimeLimit #IterLimit #LObjLimit #Interrupt  #NumError #EvalError  #OutOfMem #LicenseEr #OtherTerm   #GlobOpt    #LocOpt  #Feasible #LocInfeas #GlobInfea #Unbounded   #Unknown
  ipopt            :         51       0.53         68     163.88      11769       0.01         66          0          2          0          0          0          0          0          0          0          0         30         15         14          0          0          9
B&B Tree           :
  number of runs   :          1
  nodes            :     156940 (155005 internal, 1935 leaves)
  feasible leaves  :          0
  infeas. leaves   :        117
  objective leaves :       1817
  nodes (total)    :     156940 (155005 internal, 1935 leaves)
  nodes left       :     153062
  max depth        :         50
  max depth (total):         50
  backtracks       :      18865 (12.0%)
  early backtracks :          0 (0.0%)
  nodes exc. ref.  :          0 (0.0%)
  delayed cutoffs  :          0
  repropagations   :         51 (15 domain reductions, 0 cutoffs)
  avg switch length:       3.43
  switching time   :     118.12
Root Node          :
  First LP value   : +0.00000000000000e+00
  First LP Iters   :        132 (24026.21 Iter/sec)
  First LP Time    :       0.01
  Final Dual Bound : +0.00000000000000e+00
  Final Root Iters :        238
  Root LP Estimate : +4.65966007098217e+00
Solution           :
  Solutions found  :         16 (10 improvements)
  First Solution   : +8.99821042541907e+01   (in run 1, after 1 nodes, 0.16 seconds, depth 24, found by <trysol>)
  Gap First Sol.   :   infinite
  Gap Last Sol.    :   infinite
  Primal Bound     : +8.93729023571202e+00   (in run 1, after 16940 nodes, 473.84 seconds, depth 20, found by <adaptivediving>)
  Dual Bound       : +3.00648244974985e-02
  Gap              :   29626.73 %
Integrals          :      Total       Avg%
  primal-dual      :  359420.43      99.84
  primal-ref       :          -          - (not evaluated)
  dual-ref         :          -          - (not evaluated)
