SCIP Status        : problem is solved [optimal solution found]
Total Time         :       7.84
  solving          :       7.84
  presolving       :       0.01 (included in solving)
  reading          :       0.00
  copying          :       0.02 (6 #copies) (minimal 0.00, maximal 0.00, average 0.00)
Original Problem   :
  Problem name     : st_e32
  Variables        : 36 (0 binary, 19 integer, 0 implicit integer, 17 continuous)
  Constraints      : 19 initial, 19 maximal
  Objective        : minimize, 1 non-zeros (abs.min = 1, abs.max = 1)
Presolved Problem  :
  Problem name     : t_st_e32
  Variables        : 264 (0 binary, 18 integer, 171 implicit integer, 75 continuous)
  Constraints      : 18 initial, 51 maximal
  Objective        : minimize, 1 non-zeros (abs.min = 1, abs.max = 1)
  Nonzeros         : 160 constraint, 0 clique table
Presolvers         :   ExecTime  SetupTime  Calls  FixedVars   AggrVars   ChgTypes  ChgBounds   AddHoles    DelCons    AddCons   ChgSides   ChgCoefs
  boundshift       :       0.00       0.00      0          0          0          0          0          0          0          0          0          0
  convertinttobin  :       0.00       0.00      0          0          0          0          0          0          0          0          0          0
  domcol           :       0.00       0.00      1          0          0          0          0          0          0          0          0          0
  dualagg          :       0.00       0.00      0          0          0          0          0          0          0          0          0          0
  dualcomp         :       0.00       0.00      1          0          0          0          0          0          0          0          0          0
  dualinfer        :       0.00       0.00      0          0          0          0          0          0          0          0          0          0
  dualsparsify     :       0.00       0.00      1          0          0          0          0          0          0          0          0          0
  gateextraction   :       0.00       0.00      0          0          0          0          0          0          0          0          0          0
  implics          :       0.00       0.00      2          0          0          0          0          0          0          0          0          0
  inttobinary      :       0.00       0.00      5          0          0          0          0          0          0          0          0          0
  qpkktref         :       0.00       0.00      0          0          0          0          0          0          0          0          0          0
  redvub           :       0.00       0.00      0          0          0          0          0          0          0          0          0          0
  sparsify         :       0.00       0.00      1          0          0          0          0          0          0          0          0          0
  stuffing         :       0.00       0.00      0          0          0          0          0          0          0          0          0          0
  trivial          :       0.00       0.00      5          1          0          0          0          0          0          0          0          0
  tworowbnd        :       0.00       0.00      0          0          0          0          0          0          0          0          0          0
  dualfix          :       0.00       0.00      5          0          0          0          0          0          0          0          0          0
  genvbounds       :       0.00       0.00      0          0          0          0          0          0          0          0          0          0
  probing          :       0.00       0.00      1          0          0          0          0          0          0          0          0          0
  pseudoobj        :       0.00       0.00      0          0          0          0          0          0          0          0          0          0
  symmetry         :       0.00       0.00      1          0          0          0          0          0          0          0          0          0
  vbounds          :       0.00       0.00      0          0          0          0          0          0          0          0          0          0
  varbound         :       0.00       0.00      0          0          0          0          0          0          0          0          0          0
  linear           :       0.00       0.00      7          0          1          0         28          0          3          2          3          0
  bounddisjunction :       0.00       0.00      0          0          0          0          0          0          0          0          0          0
  nonlinear        :       0.01       0.01      8          0          0          0         11          0          0         -2          0          0
  benders          :       0.00       0.00      0          0          0          0          0          0          0          0          0          0
  components       :       0.00       0.00      1          0          0          0          0          0          0          0          0          0
  root node        :          -          -      -          1          -          -        351          -          -          -          -          -
Constraints        :     Number  MaxNumber  #Separate #Propagate    #EnfoLP    #EnfoRelax  #EnfoPS    #Check   #ResProp    Cutoffs    DomReds       Cuts    Applied      Conss   Children
  benderslp        :          0          0          0          0        749          0          0        282          0          0          0          0          0          0          0
  integral         :          0          0          0          0        749          0          0        282          0          0       2497          0          0         18        487
  varbound         :          0+         2          0       2409          0          0          0          0          0          0        232          0          0          0          0
  linear           :          5+        13         32       3879          0          0          0        278         71         47       2412          0          0          0          0
  bounddisjunction :          0+        23          0        814          0          0          0          0          0          0         11          0          0          0          0
  nonlinear        :         13         13       2441       3836        338          0          0        244          0        329      64212      36557      19818          0        224
  benders          :          0          0          0          0          1          0          0          3          0          0          0          0          0          0          0
  countsols        :          0          0          0          0          1          0          0          3          0          0          0          0          0          0          0
  components       :          0          0          0          0          0          0          0          0          0          0          0          0          0          0          0
Constraint Timings :  TotalTime  SetupTime   Separate  Propagate     EnfoLP     EnfoPS     EnfoRelax   Check    ResProp    SB-Prop
  benderslp        :       0.00       0.00       0.00       0.00       0.00       0.00       0.00       0.00       0.00       0.00
  integral         :       0.32       0.00       0.00       0.00       0.32       0.00       0.00       0.00       0.00       0.00
  varbound         :       0.00       0.00       0.00       0.00       0.00       0.00       0.00       0.00       0.00       0.00
  linear           :       0.02       0.00       0.00       0.02       0.00       0.00       0.00       0.00       0.00       0.01
  bounddisjunction :       0.00       0.00       0.00       0.00       0.00       0.00       0.00       0.00       0.00       0.00
  nonlinear        :       3.35       0.01       2.41       0.43       0.34       0.00       0.00       0.01       0.00       0.14
  benders          :       0.00       0.00       0.00       0.00       0.00       0.00       0.00       0.00       0.00       0.00
  countsols        :       0.00       0.00       0.00       0.00       0.00       0.00       0.00       0.00       0.00       0.00
  components       :       0.00       0.00       0.00       0.00       0.00       0.00       0.00       0.00       0.00       0.00
Propagators        : #Propagate   #ResProp    Cutoffs    DomReds
  dualfix          :          8          0          0          0
  genvbounds       :       1371          6         19       1594
  nlobbt           :          0          0          0          0
  obbt             :          4          0          0          8
  probing          :          0          0          0          0
  pseudoobj        :       3647          0          0         24
  redcost          :       4860          0          0       3786
  rootredcost      :          3          0          0          6
  symmetry         :          0          0          0          0
  vbounds          :          0          0          0          0
Propagator Timings :  TotalTime  SetupTime   Presolve  Propagate    ResProp    SB-Prop
  dualfix          :       0.00       0.00       0.00       0.00       0.00       0.00
  genvbounds       :       0.01       0.00       0.00       0.01       0.00       0.00
  nlobbt           :       0.00       0.00       0.00       0.00       0.00       0.00
  obbt             :       0.30       0.00       0.00       0.30       0.00       0.00
  probing          :       0.00       0.00       0.00       0.00       0.00       0.00
  pseudoobj        :       0.00       0.00       0.00       0.00       0.00       0.00
  redcost          :       0.03       0.00       0.00       0.03       0.00       0.00
  rootredcost      :       0.00       0.00       0.00       0.00       0.00       0.00
  symmetry         :       0.00       0.00       0.00       0.00       0.00       0.00
  vbounds          :       0.00       0.00       0.00       0.00       0.00       0.00
Conflict Analysis  :       Time      Calls    Success    DomReds  Conflicts   Literals    Reconvs ReconvLits   Dualrays   Nonzeros   LP Iters   (pool size: [10000,10000])
  propagation      :       0.00         38         22          -         26        8.3          0        0.0          -          -          -
  infeasible LP    :       0.00         18          4          -          5        7.4          0        0.0          4        9.8          0
  bound exceed. LP :       0.02        125          0          -          0        0.0          0        0.0          0        0.0          0
  strong branching :       0.00          0          0          -          0        0.0          0        0.0          -          -          0
  pseudo solution  :       0.00          1          0          -          0        0.0          0        0.0          -          -          -
  applied globally :       0.00          -          -          0         26        7.8          -          -          4          -          -
  applied locally  :          -          -          -          0          0        0.0          -          -          0          -          -
Separators         :   ExecTime  SetupTime      Calls  RootCalls    Cutoffs    DomReds  FoundCuts ViaPoolAdd  DirectAdd    Applied ViaPoolApp  DirectApp      Conss
  cut pool         :       0.00          -        294         28          -          -         88         55          -          -          -          -          -    (maximal pool size:         79)
  aggregation      :       0.34       0.00        130         17          0          0         48         32          8          7          7          0          0
  > cmir           :          -          -          -          -          -          -          -         31          8          7          7          0          -
  > flowcover      :          -          -          -          -          -          -          -          1          0          0          0          0          -
  > knapsackcover  :          -          -          -          -          -          -          -          0          0          0          0          0          -
  cgmip            :       0.00       0.00          0          0          0          0          0          0          0          0          0          0          0
  clique           :       0.00       0.00          1          1          0          0          0          0          0          0          0          0          0
  closecuts        :       0.00       0.00          0          0          0          0          0          0          0          0          0          0          0
  convexproj       :       0.00       0.00          0          0          0          0          0          0          0          0          0          0          0
  disjunctive      :       0.00       0.00          0          0          0          0          0          0          0          0          0          0          0
  eccuts           :       0.00       0.00          0          0          0          0          0          0          0          0          0          0          0
  gauge            :       0.00       0.00          0          0          0          0          0          0          0          0          0          0          0
  gomory           :       0.06       0.00        115         10          0          0        101          3         57          8          0          8          0
  > gomorymi       :          -          -          -          -          -          -          -          0         57          8          0          8          -
  > strongcg       :          -          -          -          -          -          -          -          3          0          0          0          0          -
  impliedbounds    :       0.00       0.00          0          0          0          0          0          0          0          0          0          0          0
  interminor       :       0.00       0.00          0          0          0          0          0          0          0          0          0          0          0
  intobj           :       0.00       0.00          0          0          0          0          0          0          0          0          0          0          0
  mcf              :       0.00       0.00          1          1          0          0          0          0          0          0          0          0          0
  minor            :       0.04       0.00        263         32          0          0        998          0        998         94          0         94          0
  mixing           :       0.00       0.00        267         32          0          0          0          0          0          0          0          0          0
  oddcycle         :       0.00       0.00          0          0          0          0          0          0          0          0          0          0          0
  rapidlearning    :       0.00       0.00          0          0          0          0          0          0          0          0          0          0          0
  rlt              :       0.00       0.00         10         10          0          0          4         20          0          5          5          0          0
  zerohalf         :       0.01       0.00        122         17          0          0          0          0          0          0          0          0          0
Cutselectors       :   ExecTime  SetupTime      Calls  RootCalls   Selected     Forced   Filtered  RootSelec   RootForc   RootFilt 
  hybrid           :       0.02       0.00       2339         29      19126       2044      17179        255          0        364
Pricers            :   ExecTime  SetupTime      Calls       Vars
  problem variables:       0.00          -          0          0
Branching Rules    :   ExecTime  SetupTime   BranchLP  BranchExt   BranchPS    Cutoffs    DomReds       Cuts      Conss   Children
  allfullstrong    :       0.00       0.00          0          0          0          0          0          0          0          0
  cloud            :       0.00       0.00          0          0          0          0          0          0          0          0
  distribution     :       0.00       0.00          0          0          0          0          0          0          0          0
  fullstrong       :       0.00       0.00          0          0          0          0          0          0          0          0
  inference        :       0.00       0.00          0          0         37          0          0          0          0         77
  leastinf         :       0.00       0.00          0          0          0          0          0          0          0          0
  lookahead        :       0.00       0.00          0          0          0          0          0          0          0          0
  mostinf          :       0.00       0.00          0          0          0          0          0          0          0          0
  multaggr         :       0.00       0.00          0          0          0          0          0          0          0          0
  nodereopt        :       0.00       0.00          0          0          0          0          0          0          0          0
  pscost           :       0.00       0.00          0          0          0          0          0          0          0          0
  random           :       0.00       0.00          0          0          0          0          0          0          0          0
  relpscost        :       0.31       0.00        374          0          0          0       2497          0         18        410
  vanillafullstrong:       0.00       0.00          0          0          0          0          0          0          0          0
Primal Heuristics  :   ExecTime  SetupTime      Calls      Found       Best
  LP solutions     :       0.00          -          -          1          1
  relax solutions  :       0.00          -          -          0          0
  pseudo solutions :       0.00          -          -          0          0
  strong branching :       0.00          -          -          1          1
  actconsdiving    :       0.00       0.00          0          0          0
  adaptivediving   :       0.03       0.00         12          0          0
  alns             :       0.42       0.00          3          0          0
  bound            :       0.00       0.00          0          0          0
  clique           :       0.00       0.00          0          0          0
  coefdiving       :       0.00       0.00          0          0          0
  completesol      :       0.00       0.00          0          0          0
  conflictdiving   :       0.01       0.00         12          0          0
  crossover        :       0.05       0.00          1          0          0
  dins             :       0.00       0.00          0          0          0
  distributiondivin:       0.00       0.00          1          0          0
  dps              :       0.00       0.00          0          0          0
  dualval          :       0.00       0.00          0          0          0
  farkasdiving     :       0.00       0.00          0          0          0
  feaspump         :       0.00       0.00          1          0          0
  fixandinfer      :       0.00       0.00          0          0          0
  fracdiving       :       0.00       0.00         10          0          0
  gins             :       0.00       0.00          0          0          0
  guideddiving     :       0.00       0.00         10          0          0
  indicator        :       0.00       0.00          0          0          0
  indicatordiving  :       0.00       0.00          0          0          0
  intdiving        :       0.00       0.00          0          0          0
  intshifting      :       0.00       0.00          1          0          0
  linesearchdiving :       0.00       0.00         10          0          0
  localbranching   :       0.00       0.00          0          0          0
  locks            :       0.00       0.00          0          0          0
  lpface           :       0.00       0.00          0          0          0
  mpec             :       0.00       0.00          0          0          0
  multistart       :       0.00       0.00          0          0          0
  mutation         :       0.00       0.00          0          0          0
  nlpdiving        :       0.19       0.00          5          0          0
  objpscostdiving  :       0.00       0.00          1          0          0
  octane           :       0.00       0.00          0          0          0
  ofins            :       0.00       0.00          0          0          0
  oneopt           :       0.00       0.00          3          0          0
  padm             :       0.00       0.00          0          0          0
  proximity        :       0.00       0.00          0          0          0
  pscostdiving     :       0.01       0.00          2          0          0
  randrounding     :       0.01       0.00         31          0          0
  rens             :       0.02       0.00          1          0          0
  reoptsols        :       0.00       0.00          0          0          0
  repair           :       0.00       0.00          0          0          0
  rins             :       0.06       0.00          1          0          0
  rootsoldiving    :       0.01       0.00          2          0          0
  rounding         :       0.01       0.00        516          0          0
  shiftandpropagate:       0.02       0.00          1          1          1
  shifting         :       0.02       0.00        130          0          0
  simplerounding   :       0.00       0.00          0          0          0
  subnlp           :       0.01       0.00          2          0          0
  trivial          :       0.00       0.00          2          0          0
  trivialnegation  :       0.00       0.00          0          0          0
  trustregion      :       0.00       0.00          0          0          0
  trysol           :       0.00       0.00          0          0          0
  twoopt           :       0.00       0.00          0          0          0
  undercover       :       0.02       0.00          1          0          0
  vbounds          :       0.00       0.00          0          0          0
  veclendiving     :       0.00       0.00          8          0          0
  zeroobj          :       0.00       0.00          0          0          0
  zirounding       :       0.00       0.00        242          0          0
  other solutions  :          -          -          -          0          -
Expressions        :   #IntEval  IntEvalTi   #RevProp  RevPropTi    DomReds    Cutoffs  #Estimate  EstimTime  Branching  #Simplify SimplifyTi Simplified
  exp              :       7110       0.00       6886       0.00       2045          0       2776       0.00        373          6       0.00          0
  log              :       3877       0.00          9       0.00          6          0       2011       0.00        184          3       0.00          0
  pow              :      54885       0.01       5329       0.00       2319          0      27910       0.01       1426        192       0.00          9
  prod             :      51734       0.01      23735       0.02       6564         88      40595       1.61       4278       1074       0.00        423
  sum              :      61199       0.01      44359       0.02      21492         37         23       0.00          0        173       0.00         39
  val              :          0       0.00          0       0.00          0          0          0       0.00          0          0       0.00          0
  var              :      61955       0.00          0       0.00          0          0          0       0.00          0       1588       0.00          5
  varidx           :          0       0.00          0       0.00          0          0          0       0.00          0          0       0.00          0
Nlhdlrs            :    Detects  DetectAll DetectTime   #IntEval  IntEvalTi   #RevProp  RevPropTi    DomReds    Cutoffs   #Enforce   EnfoTime       Cuts  Branching
  soc              :          0          0       0.00          0       0.00          0       0.00          0          0          0       0.00          0          0
  convex           :          9          9       0.00          0       0.00          0       0.00          0          0       3245       0.02       3236          0
  concave          :          4          4       0.00          0       0.00          0       0.00          0          0      13809       0.03       1760          0
  signomial        :         15         15       0.00          0       0.00          0       0.00          0          0      75153       0.42       6570          0
  quotient         :          8          8       0.00          0       0.00          0       0.00          0          0      14653       0.04       2452          0
  quadratic        :          6         54       0.00      24022       0.16       9226       0.05       5810         49          0       0.00          0          0
  default          :        264        912       0.00     177007       0.05      80420       0.10      32426        145      73114       1.74      22538          0
  bilinear         :        165        165       0.00      23973       0.00      14491       0.01          0          0      17333       0.00          1          0
  perspective      :          0          0       0.00          0       0.00          0       0.00          0          0          0       0.00          0          0
LP                 :       Time      Calls Iterations  Iter/call   Iter/sec  Time-0-It Calls-0-It    ItLimit
  primal LP        :       0.25        374          0       0.00       0.00       0.25        374
  dual LP          :       1.85       4203      57793      18.23   31191.54       0.14       1033
  lex dual LP      :       0.00          0          0       0.00          -
  barrier LP       :       0.00          0          0       0.00          -       0.00          0
  resolve instable :       0.00          0          0       0.00          -
  diving/probing LP:       0.33        422      15325      36.32   46074.43
  strong branching :       0.10        282       3270      11.60   34172.49          -          -          4
    (at root node) :          -          2         74      37.00          -
  conflict analysis:       0.00          0          0       0.00          -
NLP relaxation     :
  solve time       :       0.19 (5 calls)
  convexity        :  nonconvex (4 linear rows, 0 convex ineq., 1 nonconvex ineq., 12 nonlinear eq. or two-sided ineq.)
NLP Solvers        :  #Problems  ProblemTi    #Solves  SolveTime      #Iter  Time/Iter      #Okay #TimeLimit #IterLimit #LObjLimit #Interrupt  #NumError #EvalError  #OutOfMem #LicenseEr #OtherTerm   #GlobOpt    #LocOpt  #Feasible #LocInfeas #GlobInfea #Unbounded   #Unknown
  ipopt            :          1       0.01          5       0.19        150       0.00          5          0          0          0          0          0          0          0          0          0          0          0          0          0          0          0          5
B&B Tree           :
  number of runs   :          1
  nodes            :        703 (354 internal, 349 leaves)
  feasible leaves  :          1
  infeas. leaves   :        219
  objective leaves :        129
  nodes (total)    :        703 (354 internal, 349 leaves)
  nodes left       :          0
  max depth        :         23
  max depth (total):         23
  backtracks       :        229 (32.6%)
  early backtracks :          0 (0.0%)
  nodes exc. ref.  :          0 (0.0%)
  delayed cutoffs  :          3
  repropagations   :        349 (1472 domain reductions, 2 cutoffs)
  avg switch length:       6.61
  switching time   :       0.32
Root Node          :
  First LP value   : -7.82608695652174e+01
  First LP Iters   :         47 (25852.59 Iter/sec)
  First LP Time    :       0.00
  Final Dual Bound : -1.02770909788519e+01
  Final Root Iters :        908
  Root LP Estimate : -8.99570966612004e+00
Solution           :
  Solutions found  :          3 (3 improvements)
  First Solution   : -1.06093756226563e+00   (in run 1, after 1 nodes, 0.04 seconds, depth 19, found by <shiftandpropagate>)
  Gap First Sol.   :    9325.63 %
  Gap Last Sol.    :     132.77 %
  Primal Bound     : -1.43040728419612e+00   (in run 1, after 360 nodes, 4.96 seconds, depth 20, found by <relaxation>)
  Dual Bound       : -1.43040728419612e+00
  Gap              :       0.00 %
Integrals          :      Total       Avg%
  primal-dual      :     525.79      67.06
  primal-ref       :          -          - (not evaluated)
  dual-ref         :          -          - (not evaluated)
