SCIP Status        : problem is solved [optimal solution found]
Total Time         :       7.25
  solving          :       7.25
  presolving       :       0.01 (included in solving)
  reading          :       0.00
  copying          :       0.01 (3 #copies) (minimal 0.00, maximal 0.00, average 0.00)
Original Problem   :
  Problem name     : st_e32
  Variables        : 36 (0 binary, 19 integer, 0 implicit integer, 17 continuous)
  Constraints      : 19 initial, 19 maximal
  Objective        : minimize, 1 non-zeros (abs.min = 1, abs.max = 1)
Presolved Problem  :
  Problem name     : t_st_e32
  Variables        : 264 (0 binary, 18 integer, 171 implicit integer, 75 continuous)
  Constraints      : 18 initial, 80 maximal
  Objective        : minimize, 1 non-zeros (abs.min = 1, abs.max = 1)
  Nonzeros         : 160 constraint, 0 clique table
Presolvers         :   ExecTime  SetupTime  Calls  FixedVars   AggrVars   ChgTypes  ChgBounds   AddHoles    DelCons    AddCons   ChgSides   ChgCoefs
  boundshift       :       0.00       0.00      0          0          0          0          0          0          0          0          0          0
  convertinttobin  :       0.00       0.00      0          0          0          0          0          0          0          0          0          0
  domcol           :       0.00       0.00      1          0          0          0          0          0          0          0          0          0
  dualagg          :       0.00       0.00      0          0          0          0          0          0          0          0          0          0
  dualcomp         :       0.00       0.00      1          0          0          0          0          0          0          0          0          0
  dualinfer        :       0.00       0.00      0          0          0          0          0          0          0          0          0          0
  dualsparsify     :       0.00       0.00      1          0          0          0          0          0          0          0          0          0
  gateextraction   :       0.00       0.00      0          0          0          0          0          0          0          0          0          0
  implics          :       0.00       0.00      2          0          0          0          0          0          0          0          0          0
  inttobinary      :       0.00       0.00      5          0          0          0          0          0          0          0          0          0
  qpkktref         :       0.00       0.00      0          0          0          0          0          0          0          0          0          0
  redvub           :       0.00       0.00      0          0          0          0          0          0          0          0          0          0
  sparsify         :       0.00       0.00      1          0          0          0          0          0          0          0          0          0
  stuffing         :       0.00       0.00      0          0          0          0          0          0          0          0          0          0
  trivial          :       0.00       0.00      5          1          0          0          0          0          0          0          0          0
  tworowbnd        :       0.00       0.00      0          0          0          0          0          0          0          0          0          0
  dualfix          :       0.00       0.00      5          0          0          0          0          0          0          0          0          0
  genvbounds       :       0.00       0.00      0          0          0          0          0          0          0          0          0          0
  probing          :       0.00       0.00      1          0          0          0          0          0          0          0          0          0
  pseudoobj        :       0.00       0.00      0          0          0          0          0          0          0          0          0          0
  symmetry         :       0.00       0.00      1          0          0          0          0          0          0          0          0          0
  vbounds          :       0.00       0.00      0          0          0          0          0          0          0          0          0          0
  varbound         :       0.00       0.00      0          0          0          0          0          0          0          0          0          0
  linear           :       0.00       0.00      7          0          1          0         28          0          3          2          3          0
  bounddisjunction :       0.00       0.00      0          0          0          0          0          0          0          0          0          0
  nonlinear        :       0.01       0.00      8          0          0          0         11          0          0         -2          0          0
  benders          :       0.00       0.00      0          0          0          0          0          0          0          0          0          0
  components       :       0.00       0.00      1          0          0          0          0          0          0          0          0          0
  root node        :          -          -      -          0          -          -        196          -          -          -          -          -
Constraints        :     Number  MaxNumber  #Separate #Propagate    #EnfoLP    #EnfoRelax  #EnfoPS    #Check   #ResProp    Cutoffs    DomReds       Cuts    Applied      Conss   Children
  benderslp        :          0          0          0          0        883          0          0        296          0          0          0          0          0          0          0
  integral         :          0          0          0          0        883          0          0        296          0          0       2177          0          0         33        478
  varbound         :          0+         3          0       3678          0          0          0          0          0          1        295          0          0          0          0
  linear           :          5+        13         47       4613          0          0          0        292        142         63       2623          0          0          0          0
  bounddisjunction :          0+        52          0       1153          0          0          0          0          2          0         19          0          0          0          0
  nonlinear        :         13         13       2728       4551        463          0          0        256          0        381      73323      35857      20128          0        338
  benders          :          0          0          0          0          0          0          0          3          0          0          0          0          0          0          0
  countsols        :          0          0          0          0          0          0          0          3          0          0          0          0          0          0          0
  components       :          0          0          0          0          0          0          0          0          0          0          0          0          0          0          0
Constraint Timings :  TotalTime  SetupTime   Separate  Propagate     EnfoLP     EnfoPS     EnfoRelax   Check    ResProp    SB-Prop
  benderslp        :       0.00       0.00       0.00       0.00       0.00       0.00       0.00       0.00       0.00       0.00
  integral         :       0.29       0.00       0.00       0.00       0.29       0.00       0.00       0.00       0.00       0.00
  varbound         :       0.00       0.00       0.00       0.00       0.00       0.00       0.00       0.00       0.00       0.00
  linear           :       0.03       0.00       0.00       0.02       0.00       0.00       0.00       0.00       0.00       0.01
  bounddisjunction :       0.00       0.00       0.00       0.00       0.00       0.00       0.00       0.00       0.00       0.00
  nonlinear        :       3.06       0.00       2.13       0.46       0.33       0.00       0.00       0.01       0.00       0.13
  benders          :       0.00       0.00       0.00       0.00       0.00       0.00       0.00       0.00       0.00       0.00
  countsols        :       0.00       0.00       0.00       0.00       0.00       0.00       0.00       0.00       0.00       0.00
  components       :       0.00       0.00       0.00       0.00       0.00       0.00       0.00       0.00       0.00       0.00
Propagators        : #Propagate   #ResProp    Cutoffs    DomReds
  dualfix          :          7          0          0          0
  genvbounds       :       1462         18         14       1529
  nlobbt           :          0          0          0          0
  obbt             :          4          0          0          8
  probing          :          0          0          0          0
  pseudoobj        :       4412          0          0         31
  redcost          :       5486          0          0       4110
  rootredcost      :          2          0          0         10
  symmetry         :          0          0          0          0
  vbounds          :          0          0          0          0
Propagator Timings :  TotalTime  SetupTime   Presolve  Propagate    ResProp    SB-Prop
  dualfix          :       0.00       0.00       0.00       0.00       0.00       0.00
  genvbounds       :       0.01       0.00       0.00       0.01       0.00       0.00
  nlobbt           :       0.00       0.00       0.00       0.00       0.00       0.00
  obbt             :       0.13       0.00       0.00       0.13       0.00       0.00
  probing          :       0.00       0.00       0.00       0.00       0.00       0.00
  pseudoobj        :       0.00       0.00       0.00       0.00       0.00       0.00
  redcost          :       0.03       0.00       0.00       0.03       0.00       0.00
  rootredcost      :       0.00       0.00       0.00       0.00       0.00       0.00
  symmetry         :       0.00       0.00       0.00       0.00       0.00       0.00
  vbounds          :       0.00       0.00       0.00       0.00       0.00       0.00
Conflict Analysis  :       Time      Calls    Success    DomReds  Conflicts   Literals    Reconvs ReconvLits   Dualrays   Nonzeros   LP Iters   (pool size: [10000,10000])
  propagation      :       0.00         50         38          -         60        6.8          0        0.0          -          -          -
  infeasible LP    :       0.00         28          9          -          5        5.4          0        0.0          9        8.2          0
  bound exceed. LP :       0.02        152          0          -          0        0.0          0        0.0          0        0.0          0
  strong branching :       0.00          0          0          -          0        0.0          0        0.0          -          -          0
  pseudo solution  :       0.00          0          0          -          0        0.0          0        0.0          -          -          -
  applied globally :       0.00          -          -          0         53        6.4          -          -          5          -          -
  applied locally  :          -          -          -          0          0        0.0          -          -          4          -          -
Separators         :   ExecTime  SetupTime      Calls  RootCalls    Cutoffs    DomReds  FoundCuts ViaPoolAdd  DirectAdd    Applied ViaPoolApp  DirectApp      Conss
  cut pool         :       0.00          -        320         65          -          -        262        540          -          -          -          -          -    (maximal pool size:        208)
  aggregation      :       0.39       0.00        170         33          0          0        175        412          5         26         26          0          0
  > cmir           :          -          -          -          -          -          -          -        383          5         26         26          0          -
  > flowcover      :          -          -          -          -          -          -          -         29          0          0          0          0          -
  > knapsackcover  :          -          -          -          -          -          -          -          0          0          0          0          0          -
  cgmip            :       0.00       0.00          0          0          0          0          0          0          0          0          0          0          0
  clique           :       0.00       0.00          1          1          0          0          0          0          0          0          0          0          0
  closecuts        :       0.00       0.00          0          0          0          0          0          0          0          0          0          0          0
  convexproj       :       0.00       0.00          0          0          0          0          0          0          0          0          0          0          0
  disjunctive      :       0.00       0.00          0          0          0          0          0          0          0          0          0          0          0
  eccuts           :       0.00       0.00          0          0          0          0          0          0          0          0          0          0          0
  gauge            :       0.00       0.00          0          0          0          0          0          0          0          0          0          0          0
  gomory           :       0.09       0.00        125         10          0          0        143        124         54          5          4          1          0
  > gomorymi       :          -          -          -          -          -          -          -        111         54          5          4          1          -
  > strongcg       :          -          -          -          -          -          -          -         13          0          0          0          0          -
  impliedbounds    :       0.00       0.00          0          0          0          0          0          0          0          0          0          0          0
  interminor       :       0.00       0.00          0          0          0          0          0          0          0          0          0          0          0
  intobj           :       0.00       0.00          0          0          0          0          0          0          0          0          0          0          0
  mcf              :       0.00       0.00          1          1          0          0          0          0          0          0          0          0          0
  minor            :       0.07       0.00        277         47          0          0       1096          0       1096        127          0        127          0
  mixing           :       0.00       0.00        281         47          0          0          0          0          0          0          0          0          0
  oddcycle         :       0.00       0.00          0          0          0          0          0          0          0          0          0          0          0
  rapidlearning    :       0.00       0.00          0          0          0          0          0          0          0          0          0          0          0
  rlt              :       0.00       0.00         10         10          0          0          1          2          0          1          1          0          0
  zerohalf         :       0.01       0.00        135         20          0          0          2          2          0          0          0          0          0
Cutselectors       :   ExecTime  SetupTime      Calls  RootCalls   Selected     Forced   Filtered  RootSelec   RootForc   RootFilt 
  hybrid           :       0.02       0.00       2593         45      19390       1633      16689        397          0        778
Pricers            :   ExecTime  SetupTime      Calls       Vars
  problem variables:       0.00          -          0          0
Branching Rules    :   ExecTime  SetupTime   BranchLP  BranchExt   BranchPS    Cutoffs    DomReds       Cuts      Conss   Children
  allfullstrong    :       0.00       0.00          0          0          0          0          0          0          0          0
  cloud            :       0.00       0.00          0          0          0          0          0          0          0          0
  distribution     :       0.00       0.00          0          0          0          0          0          0          0          0
  fullstrong       :       0.00       0.00          0          0          0          0          0          0          0          0
  inference        :       0.00       0.00          0          0         29          0          0          0          0         58
  leastinf         :       0.00       0.00          0          0          0          0          0          0          0          0
  lookahead        :       0.00       0.00          0          0          0          0          0          0          0          0
  mostinf          :       0.00       0.00          0          0          0          0          0          0          0          0
  multaggr         :       0.00       0.00          0          0          0          0          0          0          0          0
  nodereopt        :       0.00       0.00          0          0          0          0          0          0          0          0
  pscost           :       0.00       0.00          0          0          0          0          0          0          0          0
  random           :       0.00       0.00          0          0          0          0          0          0          0          0
  relpscost        :       0.29       0.00        391          0          0          0       2177          0         33        420
  vanillafullstrong:       0.00       0.00          0          0          0          0          0          0          0          0
Primal Heuristics  :   ExecTime  SetupTime      Calls      Found       Best
  LP solutions     :       0.00          -          -          0          0
  relax solutions  :       0.00          -          -          0          0
  pseudo solutions :       0.00          -          -          0          0
  strong branching :       0.00          -          -          0          0
  actconsdiving    :       0.00       0.00          0          0          0
  adaptivediving   :       0.01       0.00         13          0          0
  alns             :       0.01       0.00          1          0          0
  bound            :       0.00       0.00          0          0          0
  clique           :       0.00       0.00          0          0          0
  coefdiving       :       0.00       0.00          0          0          0
  completesol      :       0.00       0.00          0          0          0
  conflictdiving   :       0.00       0.00         16          0          0
  crossover        :       0.00       0.00          0          0          0
  dins             :       0.00       0.00          0          0          0
  distributiondivin:       0.01       0.00          3          0          0
  dps              :       0.00       0.00          0          0          0
  dualval          :       0.00       0.00          0          0          0
  farkasdiving     :       0.00       0.00          0          0          0
  feaspump         :       0.02       0.00          1          0          0
  fixandinfer      :       0.00       0.00          0          0          0
  fracdiving       :       0.00       0.00         15          0          0
  gins             :       0.00       0.00          0          0          0
  guideddiving     :       0.00       0.00         19          0          0
  indicator        :       0.00       0.00          0          0          0
  indicatordiving  :       0.00       0.00          0          0          0
  intdiving        :       0.00       0.00          0          0          0
  intshifting      :       0.00       0.00          3          0          0
  linesearchdiving :       0.00       0.00         19          0          0
  localbranching   :       0.00       0.00          0          0          0
  locks            :       0.00       0.00          0          0          0
  lpface           :       0.00       0.00          0          0          0
  mpec             :       0.00       0.00          0          0          0
  multistart       :       0.00       0.00          0          0          0
  mutation         :       0.00       0.00          0          0          0
  nlpdiving        :       0.20       0.00          4          0          0
  objpscostdiving  :       0.01       0.00          2          0          0
  octane           :       0.00       0.00          0          0          0
  ofins            :       0.00       0.00          0          0          0
  oneopt           :       0.00       0.00          2          0          0
  padm             :       0.00       0.00          0          0          0
  proximity        :       0.00       0.00          0          0          0
  pscostdiving     :       0.01       0.00          2          0          0
  randrounding     :       0.03       0.00         33          0          0
  rens             :       0.03       0.00          1          0          0
  reoptsols        :       0.00       0.00          0          0          0
  repair           :       0.00       0.00          0          0          0
  rins             :       0.07       0.00          1          1          1
  rootsoldiving    :       0.00       0.00          2          0          0
  rounding         :       0.01       0.00        540          0          0
  shiftandpropagate:       0.01       0.00          1          1          1
  shifting         :       0.03       0.00        145          0          0
  simplerounding   :       0.00       0.00          0          0          0
  subnlp           :       0.01       0.00          2          0          0
  trivial          :       0.00       0.00          2          0          0
  trivialnegation  :       0.00       0.00          0          0          0
  trustregion      :       0.00       0.00          0          0          0
  trysol           :       0.00       0.00          0          0          0
  twoopt           :       0.00       0.00          0          0          0
  undercover       :       0.02       0.00          1          0          0
  vbounds          :       0.00       0.00          0          0          0
  veclendiving     :       0.00       0.00         16          0          0
  zeroobj          :       0.00       0.00          0          0          0
  zirounding       :       0.00       0.00        239          0          0
  other solutions  :          -          -          -          0          -
Expressions        :   #IntEval  IntEvalTi   #RevProp  RevPropTi    DomReds    Cutoffs  #Estimate  EstimTime  Branching  #Simplify SimplifyTi Simplified
  exp              :       8323       0.00       8080       0.00       2255          0       2700       0.00        471          6       0.00          0
  log              :       4487       0.00         28       0.00         23          0       2703       0.00        355          3       0.00          0
  pow              :      63509       0.01       6642       0.00       3163          0      32793       0.01       2133        192       0.00          9
  prod             :      58688       0.01      28521       0.02       8164        120      47667       1.71       6276       1074       0.00        423
  sum              :      70416       0.01      50684       0.02      24194         30         23       0.00          0        173       0.00         39
  val              :          0       0.00          0       0.00          0          0          0       0.00          0          0       0.00          0
  var              :      72324       0.00          0       0.00          0          0          0       0.00          0       1588       0.00          5
  varidx           :          0       0.00          0       0.00          0          0          0       0.00          0          0       0.00          0
Nlhdlrs            :    Detects  DetectAll DetectTime   #IntEval  IntEvalTi   #RevProp  RevPropTi    DomReds    Cutoffs   #Enforce   EnfoTime       Cuts  Branching
  soc              :          0          0       0.00          0       0.00          0       0.00          0          0          0       0.00          0          0
  convex           :          9          9       0.00          0       0.00          0       0.00          0          0       4437       0.02       4428          0
  concave          :          4          4       0.00          0       0.00          0       0.00          0          0      14426       0.02       1864          0
  signomial        :         15         15       0.00          0       0.00          0       0.00          0          0      85654       0.07        130          0
  quotient         :          8          8       0.00          0       0.00          0       0.00          0          0      22871       0.05       6040          0
  quadratic        :          6         54       0.00      27723       0.17      11069       0.06       6831         46          0       0.00          0          0
  default          :        264        912       0.00     203625       0.05      94057       0.10      37799        173      85685       1.83      23380          0
  bilinear         :        165        165       0.00      27395       0.00      17505       0.01          0          0      21398       0.00         15          0
  perspective      :          0          0       0.00          0       0.00          0       0.00          0          0          0       0.00          0          0
LP                 :       Time      Calls Iterations  Iter/call   Iter/sec  Time-0-It Calls-0-It    ItLimit
  primal LP        :       0.27        415          0       0.00       0.00       0.27        415
  dual LP          :       1.96       4692      64736      18.35   33024.65       0.16       1164
  lex dual LP      :       0.00          0          0       0.00          -
  barrier LP       :       0.00          0          0       0.00          -       0.00          0
  resolve instable :       0.00          0          0       0.00          -
  diving/probing LP:       0.18        380       4898      12.89   26499.02
  strong branching :       0.09        325       3284      10.10   36908.00          -          -          8
    (at root node) :          -          4        275      68.75          -
  conflict analysis:       0.00          0          0       0.00          -
NLP relaxation     :
  solve time       :       0.19 (7 calls)
  convexity        :  nonconvex (4 linear rows, 0 convex ineq., 1 nonconvex ineq., 12 nonlinear eq. or two-sided ineq.)
NLP Solvers        :  #Problems  ProblemTi    #Solves  SolveTime      #Iter  Time/Iter      #Okay #TimeLimit #IterLimit #LObjLimit #Interrupt  #NumError #EvalError  #OutOfMem #LicenseEr #OtherTerm   #GlobOpt    #LocOpt  #Feasible #LocInfeas #GlobInfea #Unbounded   #Unknown
  ipopt            :          1       0.02          7       0.19        231       0.00          7          0          0          0          0          0          0          0          0          0          0          3          0          1          0          0          3
B&B Tree           :
  number of runs   :          1
  nodes            :        795 (408 internal, 387 leaves)
  feasible leaves  :          0
  infeas. leaves   :        244
  objective leaves :        143
  nodes (total)    :        795 (408 internal, 387 leaves)
  nodes left       :          0
  max depth        :         23
  max depth (total):         23
  backtracks       :        319 (40.1%)
  early backtracks :          0 (0.0%)
  nodes exc. ref.  :          0 (0.0%)
  delayed cutoffs  :          8
  repropagations   :        514 (2904 domain reductions, 3 cutoffs)
  avg switch length:       8.21
  switching time   :       0.35
Root Node          :
  First LP value   : -7.82608695652174e+01
  First LP Iters   :         47 (26198.44 Iter/sec)
  First LP Time    :       0.00
  Final Dual Bound : -1.07142857142857e+01
  Final Root Iters :       1556
  Root LP Estimate : -1.00720553733058e+01
Solution           :
  Solutions found  :          2 (2 improvements)
  First Solution   : -1.06093756226563e+00   (in run 1, after 1 nodes, 0.05 seconds, depth 19, found by <shiftandpropagate>)
  Gap First Sol.   :    9325.63 %
  Gap Last Sol.    :     176.14 %
  Primal Bound     : -1.43040729810811e+00   (in run 1, after 201 nodes, 2.55 seconds, depth 16, found by <rins>)
  Dual Bound       : -1.43040729810811e+00
  Gap              :       0.00 %
Integrals          :      Total       Avg%
  primal-dual      :     291.92      40.26
  primal-ref       :          -          - (not evaluated)
  dual-ref         :          -          - (not evaluated)
