SCIP Status        : solving was interrupted [time limit reached]
Total Time         :    3600.01
  solving          :    3600.01
  presolving       :       0.18 (included in solving)
  reading          :       0.00
  copying          :       1.36 (64 #copies) (minimal 0.00, maximal 0.60, average 0.02)
Original Problem   :
  Problem name     : transswitch0009r
  Variables        : 70 (0 binary, 9 integer, 0 implicit integer, 61 continuous)
  Constraints      : 104 initial, 104 maximal
  Objective        : minimize, 1 non-zeros (abs.min = 1, abs.max = 1)
Presolved Problem  :
  Problem name     : t_transswitch0009r
  Variables        : 222 (6 binary, 0 integer, 0 implicit integer, 216 continuous)
  Constraints      : 70 initial, 73 maximal
  Objective        : minimize, 1 non-zeros (abs.min = 1, abs.max = 1)
  Nonzeros         : 272 constraint, 8 clique table
Presolvers         :   ExecTime  SetupTime  Calls  FixedVars   AggrVars   ChgTypes  ChgBounds   AddHoles    DelCons    AddCons   ChgSides   ChgCoefs
  boundshift       :       0.00       0.00      0          0          0          0          0          0          0          0          0          0
  convertinttobin  :       0.00       0.00      0          0          0          0          0          0          0          0          0          0
  domcol           :       0.00       0.00      2          0          0          0          0          0          0          0          0          0
  dualagg          :       0.00       0.00      0          0          0          0          0          0          0          0          0          0
  dualcomp         :       0.00       0.00      2          0          0          0          0          0          0          0          0          0
  dualinfer        :       0.00       0.00      0          0          0          0          0          0          0          0          0          0
  dualsparsify     :       0.00       0.00      1          0          0          0          0          0          0          0          0          0
  gateextraction   :       0.00       0.00      0          0          0          0          0          0          0          0          0          0
  implics          :       0.00       0.00      2          0          0          0          0          0          0          0          0          0
  inttobinary      :       0.00       0.00      0          0          0          0          0          0          0          0          0          0
  qpkktref         :       0.00       0.00      0          0          0          0          0          0          0          0          0          0
  redvub           :       0.00       0.00      0          0          0          0          0          0          0          0          0          0
  sparsify         :       0.00       0.00      1          0          0          0          0          0          0          0          0          0
  stuffing         :       0.00       0.00      0          0          0          0          0          0          0          0          0          0
  trivial          :       0.00       0.00      4          1          0          0          0          0          0          0          0          0
  tworowbnd        :       0.00       0.00      0          0          0          0          0          0          0          0          0          0
  dualfix          :       0.00       0.00      4          0          0          0          0          0          0          0          0          0
  genvbounds       :       0.00       0.00      0          0          0          0          0          0          0          0          0          0
  probing          :       0.00       0.00      2          2          0          0          0          0          0          0          0          0
  pseudoobj        :       0.00       0.00      0          0          0          0          0          0          0          0          0          0
  symmetry         :       0.01       0.00      1          0          0          0          0          0          0          0          0          0
  vbounds          :       0.00       0.00      1          0          0          0          0          0          0          0          0          0
  linear           :       0.00       0.00      6          1         12          0         26          0         25          0          0          0
  nonlinear        :       0.17       0.00      8          0          0          0         98          0          0          0          0          0
  benders          :       0.00       0.00      0          0          0          0          0          0          0          0          0          0
  components       :       0.00       0.00      1          0          0          0          0          0          0          0          0          0
  root node        :          -          -      -          0          -          -        178          -          -          -          -          -
Constraints        :     Number  MaxNumber  #Separate #Propagate    #EnfoLP    #EnfoRelax  #EnfoPS    #Check   #ResProp    Cutoffs    DomReds       Cuts    Applied      Conss   Children
  benderslp        :          0          0          0          0     992002          0          0     320944          0          0          0          0          0          0          0
  integral         :          0          0          0          0     992002          0          0     320944          0          0         12          0          0          0         48
  linear           :          6+        16         39    1258605          0          0          0     320939          0         45     413917          0          0          0          0
  nonlinear        :         64         64    2537904    1258560     991974          0          0     320936          0       4516   11924586   15568826   11604283          0     718474
  benders          :          0          0          0          0          0          0          0          2          0          0          0          0          0          0          0
  countsols        :          0          0          0          0          0          0          0          2          0          0          0          0          0          0          0
  components       :          0          0          0          0          0          0          0          0          0          0          0          0          0          0          0
Constraint Timings :  TotalTime  SetupTime   Separate  Propagate     EnfoLP     EnfoPS     EnfoRelax   Check    ResProp    SB-Prop
  benderslp        :       0.30       0.00       0.00       0.00       0.29       0.00       0.00       0.01       0.00       0.00
  integral         :       0.26       0.00       0.00       0.00       0.24       0.00       0.00       0.02       0.00       0.00
  linear           :       2.58       0.00       0.00       2.52       0.00       0.00       0.00       0.06       0.00       0.00
  nonlinear        :    1275.22       0.00     909.24     129.71     231.18       0.00       0.00       5.08       0.00       0.00
  benders          :       0.00       0.00       0.00       0.00       0.00       0.00       0.00       0.00       0.00       0.00
  countsols        :       0.00       0.00       0.00       0.00       0.00       0.00       0.00       0.00       0.00       0.00
  components       :       0.16       0.00       0.00       0.16       0.00       0.00       0.00       0.00       0.00       0.00
Propagators        : #Propagate   #ResProp    Cutoffs    DomReds
  dualfix          :          3          0          0          0
  genvbounds       :          0          0          0          0
  nlobbt           :          0          0          0          0
  obbt             :          3          0          0          0
  probing          :          0          0          0          0
  pseudoobj        :    2250152          0          0         60
  redcost          :     713128          0          0          0
  rootredcost      :          1          0          0          2
  symmetry         :          0          0          0          0
  vbounds          :      75874          0          0          0
Propagator Timings :  TotalTime  SetupTime   Presolve  Propagate    ResProp    SB-Prop
  dualfix          :       0.00       0.00       0.00       0.00       0.00       0.00
  genvbounds       :       0.89       0.00       0.00       0.89       0.00       0.00
  nlobbt           :       0.00       0.00       0.00       0.00       0.00       0.00
  obbt             :       0.03       0.00       0.00       0.03       0.00       0.00
  probing          :       0.00       0.00       0.00       0.00       0.00       0.00
  pseudoobj        :       1.57       0.00       0.00       1.57       0.00       0.00
  redcost          :       2.11       0.00       0.00       2.11       0.00       0.00
  rootredcost      :       0.52       0.00       0.00       0.52       0.00       0.00
  symmetry         :       0.19       0.00       0.01       0.18       0.00       0.00
  vbounds          :       0.58       0.00       0.00       0.58       0.00       0.00
Conflict Analysis  :       Time      Calls    Success    DomReds  Conflicts   Literals    Reconvs ReconvLits   Dualrays   Nonzeros   LP Iters   (pool size: [--,--])
  propagation      :       0.00          0          0          -          0        0.0          0        0.0          -          -          -
  infeasible LP    :       0.53      17062       3788          -          0        0.0          0        0.0       3786        8.2          0
  bound exceed. LP :       6.89     132309         58          -          0        0.0          0        0.0         58       19.6          0
  strong branching :       0.00          0          0          -          0        0.0          0        0.0          -          -          0
  pseudo solution  :       0.00          0          0          -          0        0.0          0        0.0          -          -          -
  applied globally :       0.00          -          -          2          0        0.0          -          -          7          -          -
  applied locally  :          -          -          -          0          0        0.0          -          -       3837          -          -
Separators         :   ExecTime  SetupTime      Calls  RootCalls    Cutoffs    DomReds  FoundCuts ViaPoolAdd  DirectAdd    Applied ViaPoolApp  DirectApp      Conss
  cut pool         :       0.08          -     229562         68          -          -        291        168          -          -          -          -          -    (maximal pool size:        291)
  aggregation      :       0.18       0.00         38         38          0          0        236        135          0         42         42          0          0
  > cmir           :          -          -          -          -          -          -          -        121          0         32         32          0          -
  > flowcover      :          -          -          -          -          -          -          -         14          0         10         10          0          -
  > knapsackcover  :          -          -          -          -          -          -          -          0          0          0          0          0          -
  cgmip            :       0.00       0.00          0          0          0          0          0          0          0          0          0          0          0
  clique           :       0.00       0.00         38         38          0          0          0          0          0          0          0          0          0
  closecuts        :       0.00       0.00          0          0          0          0          0          0          0          0          0          0          0
  convexproj       :       0.00       0.00          0          0          0          0          0          0          0          0          0          0          0
  disjunctive      :       0.00       0.00          0          0          0          0          0          0          0          0          0          0          0
  eccuts           :       0.00       0.00          0          0          0          0          0          0          0          0          0          0          0
  gauge            :       0.00       0.00          0          0          0          0          0          0          0          0          0          0          0
  gomory           :       0.12       0.00         10         10          0          0         31         15          0         10         10          0          0
  > gomorymi       :          -          -          -          -          -          -          -         15          0         10         10          0          -
  > strongcg       :          -          -          -          -          -          -          -          0          0          0          0          0          -
  impliedbounds    :       0.00       0.00         38         38          0          0         21         16          0          7          7          0          0
  interminor       :       0.00       0.00          0          0          0          0          0          0          0          0          0          0          0
  intobj           :       0.00       0.00          0          0          0          0          0          0          0          0          0          0          0
  mcf              :       0.00       0.00          1          1          0          0          0          0          0          0          0          0          0
  minor            :       0.17       0.00       4139         39          0          0      24610          0      24610      13699          0      13699          0
  mixing           :       0.02       0.00       4584         39          0          0          3          2          0          1          1          0          0
  oddcycle         :       0.00       0.00          0          0          0          0          0          0          0          0          0          0          0
  rapidlearning    :       0.03       0.00          0          0          0          0          0          0          0          0          0          0          0
  rlt              :       0.00       0.00         10         10          0          0          0          0          0          0          0          0          0
  zerohalf         :       0.02       0.00         20         20          0          0          0          0          0          0          0          0          0
Cutselectors       :   ExecTime  SetupTime      Calls  RootCalls   Selected     Forced   Filtered  RootSelec   RootForc   RootFilt 
  hybrid           :       4.60       0.00    2266480         39   10324629          0    3277992        590          0        396
Pricers            :   ExecTime  SetupTime      Calls       Vars
  problem variables:       0.00          -          0          0
Branching Rules    :   ExecTime  SetupTime   BranchLP  BranchExt   BranchPS    Cutoffs    DomReds       Cuts      Conss   Children
  allfullstrong    :       0.00       0.00          0          0          0          0          0          0          0          0
  cloud            :       0.00       0.00          0          0          0          0          0          0          0          0
  distribution     :       0.00       0.00          0          0          0          0          0          0          0          0
  fullstrong       :       0.00       0.00          0          0          0          0          0          0          0          0
  inference        :       0.00       0.00          0          0          0          0          0          0          0          0
  leastinf         :       0.00       0.00          0          0          0          0          0          0          0          0
  lookahead        :       0.00       0.00          0          0          0          0          0          0          0          0
  mostinf          :       0.00       0.00          0          0          0          0          0          0          0          0
  multaggr         :       0.00       0.00          0          0          0          0          0          0          0          0
  nodereopt        :       0.00       0.00          0          0          0          0          0          0          0          0
  pscost           :       0.00       0.00          0          0          0          0          0          0          0          0
  random           :       0.00       0.00          0          0          0          0          0          0          0          0
  relpscost        :       0.03       0.00         28          0          0          0         12          0          0         48
  vanillafullstrong:       0.00       0.00          0          0          0          0          0          0          0          0
Primal Heuristics  :   ExecTime  SetupTime      Calls      Found       Best
  LP solutions     :       0.00          -          -          0          0
  relax solutions  :       0.00          -          -          0          0
  pseudo solutions :       0.00          -          -          0          0
  strong branching :       0.00          -          -          0          0
  actconsdiving    :       0.00       0.00          0          0          0
  adaptivediving   :       2.18       0.00      28387          0          0
  alns             :       0.68       0.00         25          0          0
  bound            :       0.00       0.00          0          0          0
  clique           :       0.01       0.00          1          0          0
  coefdiving       :       0.00       0.00          0          0          0
  completesol      :       0.00       0.00          0          0          0
  conflictdiving   :       1.26       0.00      23726          0          0
  crossover        :       0.16       0.00          0          0          0
  dins             :       0.00       0.00          0          0          0
  distributiondivin:       1.63       0.00          0          0          0
  dps              :       0.00       0.00          0          0          0
  dualval          :       0.00       0.00          0          0          0
  farkasdiving     :       0.02       0.00          0          0          0
  feaspump         :       0.01       0.00          1          0          0
  fixandinfer      :       0.00       0.00          0          0          0
  fracdiving       :       1.07       0.00      25658          0          0
  gins             :       0.21       0.00          0          0          0
  guideddiving     :       1.25       0.00      27435          0          0
  indicator        :       0.57       0.00          0          0          0
  indicatordiving  :       0.00       0.00          0          0          0
  intdiving        :       0.00       0.00          0          0          0
  intshifting      :       0.01       0.00          1          0          0
  linesearchdiving :       1.16       0.00      28161          0          0
  localbranching   :       0.00       0.00          0          0          0
  locks            :       0.00       0.00          1          0          0
  lpface           :       0.18       0.00          0          0          0
  mpec             :       3.57       0.00          1          0          0
  multistart       :       0.00       0.00          0          0          0
  mutation         :       0.00       0.00          0          0          0
  nlpdiving        :       0.36       0.00          9          0          0
  objpscostdiving  :       0.03       0.00          0          0          0
  octane           :       0.00       0.00          0          0          0
  ofins            :       0.11       0.00          0          0          0
  oneopt           :       0.76       0.00          1          0          0
  padm             :       0.00       0.00          0          0          0
  proximity        :       0.00       0.00          0          0          0
  pscostdiving     :       0.04       0.00          1          0          0
  randrounding     :       0.04       0.00         40          0          0
  rens             :       0.00       0.00          0          0          0
  reoptsols        :       0.00       0.00          0          0          0
  repair           :       0.00       0.00          0          0          0
  rins             :      14.98       0.00         39          0          0
  rootsoldiving    :       0.02       0.00          0          0          0
  rounding         :       0.78       0.00        135          0          0
  shiftandpropagate:       0.00       0.00          1          0          0
  shifting         :       0.07       0.00         40          0          0
  simplerounding   :       0.57       0.00          0          0          0
  subnlp           :       7.91       0.00         91          1          1
  trivial          :       0.00       0.00          2          0          0
  trivialnegation  :       0.00       0.00          0          0          0
  trustregion      :       0.00       0.00          0          0          0
  trysol           :       0.38       0.00          0          0          0
  twoopt           :       0.00       0.00          0          0          0
  undercover       :       0.01       0.00          1          0          0
  vbounds          :       0.00       0.00          0          0          0
  veclendiving     :       1.08       0.00      27077          0          0
  zeroobj          :       0.00       0.00          0          0          0
  zirounding       :       0.14       0.00         24          0          0
  other solutions  :          -          -          -          0          -
Expressions        :   #IntEval  IntEvalTi   #RevProp  RevPropTi    DomReds    Cutoffs  #Estimate  EstimTime  Branching  #Simplify SimplifyTi Simplified
  pow              :   17299566       2.68    1130895       0.46     791501          0   23503219       1.69    3159732        416       0.00          9
  prod             :   18572326       3.68    7970737       4.48    1492072        440  187610783     663.62   28056505        672       0.16        202
  sum              :    7248936       1.32    6648079       2.19    1261522        582         63       0.00          0        537       0.16        263
  val              :          0       0.00          0       0.00          0          0          0       0.00          0          0       0.00          0
  var              :   13359104       0.70          0       0.00          0          0          0       0.00          0       1738       0.00         52
  varidx           :          0       0.00          0       0.00          0          0          0       0.00          0          0       0.00          0
Nlhdlrs            :    Detects  DetectAll DetectTime   #IntEval  IntEvalTi   #RevProp  RevPropTi    DomReds    Cutoffs   #Enforce   EnfoTime       Cuts  Branching
  soc              :          0          0       0.00          0       0.00          0       0.00          0          0          0       0.00          0          0
  convex           :          0          0       0.00          0       0.00          0       0.00          0          0          0       0.00          0          0
  concave          :          0          0       0.00          0       0.00          0       0.00          0          0          0       0.00          0          0
  signomial        :         24         24       0.00          0       0.00          0       0.00          0          0   38045019       7.50       8590          0
  quotient         :          0          0       0.00          0       0.00          0       0.00          0          0          0       0.00          0          0
  quadratic        :         35        314       0.00   18395626      20.91   12845883      28.50    2051134        200          0       0.00          0          0
  default          :        235       1579       0.00   43119679      10.10   15749932      18.89    3545095       2138  211113990     821.95   15560236          0
  bilinear         :         10         10       0.00    2357650       0.14    3243168       0.17          0          0   49481264       3.30          0          0
  perspective      :          0          0       0.00          0       0.00          0       0.00          0          0          0       0.00          0          0
LP                 :       Time      Calls Iterations  Iter/call   Iter/sec  Time-0-It Calls-0-It    ItLimit
  primal LP        :     172.80     356213          0       0.00       0.00     172.76     356213
  dual LP          :    1465.94    3322150   16421625       5.27   11202.13     120.09     206358
  lex dual LP      :       0.00          0          0       0.00          -
  barrier LP       :       0.00          0          0       0.00          -       0.00          0
  resolve instable :       0.00          0          0       0.00          -
  diving/probing LP:       0.04         52       1233      23.71   33424.60
  strong branching :       0.02         27       1313      48.63   55008.59          -          -          2
    (at root node) :          -          5        238      47.60          -
  conflict analysis:       0.00          0          0       0.00          -
NLP relaxation     :
  solve time       :       0.35 (9 calls)
  convexity        :  nonconvex (6 linear rows, 19 convex ineq., 0 nonconvex ineq., 45 nonlinear eq. or two-sided ineq.)
NLP Solvers        :  #Problems  ProblemTi    #Solves  SolveTime      #Iter  Time/Iter      #Okay #TimeLimit #IterLimit #LObjLimit #Interrupt  #NumError #EvalError  #OutOfMem #LicenseEr #OtherTerm   #GlobOpt    #LocOpt  #Feasible #LocInfeas #GlobInfea #Unbounded   #Unknown
  ipopt            :         93       3.29        101       8.76       3635       0.00         89          0         12          0          0          0          0          0          0          0          0          1          0         79          0          0         21
B&B Tree           :
  number of runs   :          1
  nodes            :     517857 (359261 internal, 158596 leaves)
  feasible leaves  :          0
  infeas. leaves   :      21586
  objective leaves :     137009
  nodes (total)    :     517857 (359261 internal, 158596 leaves)
  nodes left       :     200667
  max depth        :         37
  max depth (total):         37
  backtracks       :     138542 (26.8%)
  early backtracks :          0 (0.0%)
  nodes exc. ref.  :          0 (0.0%)
  delayed cutoffs  :          0
  repropagations   :         57 (0 domain reductions, 0 cutoffs)
  avg switch length:      12.61
  switching time   :     299.43
Root Node          :
  First LP value   : +1.76909759287295e+03
  First LP Iters   :        103 (53645.83 Iter/sec)
  First LP Time    :       0.00
  Final Dual Bound : +2.18199046359975e+03
  Final Root Iters :        821
  Root LP Estimate : +3.11505070985911e+03
Solution           :
  Solutions found  :          1 (1 improvements)
  First Solution   : +5.29668620220481e+03   (in run 1, after 1 nodes, 0.29 seconds, depth 0, found by <subnlp>)
  Gap First Sol.   :     199.40 %
  Gap Last Sol.    :     199.40 %
  Primal Bound     : +5.29668620220481e+03   (in run 1, after 1 nodes, 0.29 seconds, depth 0, found by <subnlp>)
  Dual Bound       : +5.13402263814187e+03
  Gap              :       3.17 %
Integrals          :      Total       Avg%
  primal-dual      :   27738.63       7.71
  primal-ref       :          -          - (not evaluated)
  dual-ref         :          -          - (not evaluated)
