SCIP Status        : solving was interrupted [time limit reached]
Total Time         :    3600.01
  solving          :    3600.00
  presolving       :       0.08 (included in solving)
  reading          :       0.01
  copying          :       0.30 (19 #copies) (minimal 0.00, maximal 0.16, average 0.02)
Original Problem   :
  Problem name     : transswitch0039r
  Variables        : 329 (0 binary, 46 integer, 0 implicit integer, 283 continuous)
  Constraints      : 474 initial, 474 maximal
  Objective        : minimize, 1 non-zeros (abs.min = 1, abs.max = 1)
Presolved Problem  :
  Problem name     : t_transswitch0039r
  Variables        : 1180 (44 binary, 0 integer, 0 implicit integer, 1136 continuous)
  Constraints      : 345 initial, 377 maximal
  Objective        : minimize, 1 non-zeros (abs.min = 1, abs.max = 1)
  Nonzeros         : 1466 constraint, 22 clique table
Presolvers         :   ExecTime  SetupTime  Calls  FixedVars   AggrVars   ChgTypes  ChgBounds   AddHoles    DelCons    AddCons   ChgSides   ChgCoefs
  boundshift       :       0.00       0.00      0          0          0          0          0          0          0          0          0          0
  convertinttobin  :       0.00       0.00      0          0          0          0          0          0          0          0          0          0
  domcol           :       0.00       0.00      2          0          0          0          0          0          0          0          0          0
  dualagg          :       0.00       0.00      0          0          0          0          0          0          0          0          0          0
  dualcomp         :       0.00       0.00      2          0          0          0          0          0          0          0          0          0
  dualinfer        :       0.00       0.00      0          0          0          0          0          0          0          0          0          0
  dualsparsify     :       0.00       0.00      1          0          0          0          0          0          0          0          0          0
  gateextraction   :       0.00       0.00      0          0          0          0          0          0          0          0          0          0
  implics          :       0.00       0.00      2          0          0          0          0          0          0          0          0          0
  inttobinary      :       0.00       0.00      0          0          0          0          0          0          0          0          0          0
  qpkktref         :       0.00       0.00      0          0          0          0          0          0          0          0          0          0
  redvub           :       0.00       0.00      0          0          0          0          0          0          0          0          0          0
  sparsify         :       0.00       0.00      1          0          0          0          0          0          0          0          0          0
  stuffing         :       0.00       0.00      0          0          0          0          0          0          0          0          0          0
  trivial          :       0.00       0.00      4          0          0          0          0          0          0          0          0          0
  tworowbnd        :       0.00       0.00      0          0          0          0          0          0          0          0          0          0
  dualfix          :       0.00       0.00      4          0          0          0          0          0          0          0          0          0
  genvbounds       :       0.00       0.00      0          0          0          0          0          0          0          0          0          0
  probing          :       0.01       0.00      2          2          0          0          0          0          0          0          0          0
  pseudoobj        :       0.00       0.00      0          0          0          0          0          0          0          0          0          0
  symmetry         :       0.00       0.00      1          0          0          0          0          0          0          0          0          0
  vbounds          :       0.00       0.00      1          0          0          0          0          0          0          0          0          0
  linear           :       0.00       0.00      6          1         41          0         81          0         81          0          0          0
  nonlinear        :       0.06       0.01      8          0          0          0        466          0          9          0          0          0
  benders          :       0.00       0.00      0          0          0          0          0          0          0          0          0          0
  components       :       0.00       0.00      1          0          0          0          0          0          0          0          0          0
  root node        :          -          -      -          1          -          -        541          -          -          -          -          -
Constraints        :     Number  MaxNumber  #Separate #Propagate    #EnfoLP    #EnfoRelax  #EnfoPS    #Check   #ResProp    Cutoffs    DomReds       Cuts    Applied      Conss   Children
  benderslp        :          0          0          0          0      45523          0          0       3414          0          0          0          0          0          0          0
  integral         :          0          0          0          0      45523          0          0       3414          0          0        571          0          0         40       2652
  linear           :         38+        72         31      30240          0          0          0       3408         66         64      11682          0          0          0          0
  nonlinear        :        307        307      66954      30176      44038          0          0       3405          0       2432     653815    3834316    3192462          0      14266
  benders          :          0          0          0          0          0          0          0          2          0          0          0          0          0          0          0
  countsols        :          0          0          0          0          0          0          0          2          0          0          0          0          0          0          0
  components       :          0          0          0          0          0          0          0          0          0          0          0          0          0          0          0
Constraint Timings :  TotalTime  SetupTime   Separate  Propagate     EnfoLP     EnfoPS     EnfoRelax   Check    ResProp    SB-Prop
  benderslp        :       0.02       0.00       0.00       0.00       0.02       0.00       0.00       0.00       0.00       0.00
  integral         :      22.72       0.00       0.00       0.00      22.72       0.00       0.00       0.00       0.00       0.00
  linear           :       0.17       0.00       0.00       0.11       0.00       0.00       0.00       0.01       0.00       0.04
  nonlinear        :     844.71       0.01     546.87       5.09     291.97       0.00       0.00       0.51       0.00       0.26
  benders          :       0.00       0.00       0.00       0.00       0.00       0.00       0.00       0.00       0.00       0.00
  countsols        :       0.00       0.00       0.00       0.00       0.00       0.00       0.00       0.00       0.00       0.00
  components       :       0.00       0.00       0.00       0.00       0.00       0.00       0.00       0.00       0.00       0.00
Propagators        : #Propagate   #ResProp    Cutoffs    DomReds
  dualfix          :          5          0          0          0
  genvbounds       :          0          0          0          0
  nlobbt           :          0          0          0          0
  obbt             :          3          0          0          0
  probing          :          0          0          0          0
  pseudoobj        :      69109          0          0          4
  redcost          :     147081          0          0        552
  rootredcost      :          1          0          0          1
  symmetry         :          0          0          0          0
  vbounds          :       2462          0          0          0
Propagator Timings :  TotalTime  SetupTime   Presolve  Propagate    ResProp    SB-Prop
  dualfix          :       0.00       0.00       0.00       0.00       0.00       0.00
  genvbounds       :       0.07       0.00       0.00       0.07       0.00       0.00
  nlobbt           :       0.00       0.00       0.00       0.00       0.00       0.00
  obbt             :       0.60       0.00       0.00       0.60       0.00       0.00
  probing          :       0.01       0.00       0.01       0.00       0.00       0.00
  pseudoobj        :       0.09       0.00       0.00       0.09       0.00       0.00
  redcost          :       0.82       0.00       0.00       0.82       0.00       0.00
  rootredcost      :       0.03       0.00       0.00       0.03       0.00       0.00
  symmetry         :       0.01       0.00       0.00       0.00       0.00       0.00
  vbounds          :       0.04       0.00       0.00       0.04       0.00       0.00
Conflict Analysis  :       Time      Calls    Success    DomReds  Conflicts   Literals    Reconvs ReconvLits   Dualrays   Nonzeros   LP Iters   (pool size: [--,--])
  propagation      :       0.00         16         15          -         20        6.4          0        0.0          -          -          -
  infeasible LP    :       0.03        144         59          -         41        5.2          0        0.0         59       11.7          0
  bound exceed. LP :       0.22        306         40          -          0        0.0          0        0.0         40      132.3        282
  strong branching :       0.00          0          0          -          0        0.0          0        0.0          -          -          0
  pseudo solution  :       0.00          0          0          -          0        0.0          0        0.0          -          -          -
  applied globally :       0.00          -          -          0          1        1.0          -          -         51          -          -
  applied locally  :          -          -          -          0          0        0.0          -          -         48          -          -
Separators         :   ExecTime  SetupTime      Calls  RootCalls    Cutoffs    DomReds  FoundCuts ViaPoolAdd  DirectAdd    Applied ViaPoolApp  DirectApp      Conss
  cut pool         :       0.08          -       7077         62          -          -       4110       8160          -          -          -          -          -    (maximal pool size:       3184)
  aggregation      :       0.94       0.00         94         31          0          0       3400       7145          2        653        652          1          0
  > cmir           :          -          -          -          -          -          -          -       6962          2        622        621          1          -
  > flowcover      :          -          -          -          -          -          -          -        182          0         31         31          0          -
  > knapsackcover  :          -          -          -          -          -          -          -          1          0          0          0          0          -
  cgmip            :       0.00       0.00          0          0          0          0          0          0          0          0          0          0          0
  clique           :       0.00       0.00         31         31          0          0          0          0          0          0          0          0          0
  closecuts        :       0.00       0.00          0          0          0          0          0          0          0          0          0          0          0
  convexproj       :       0.00       0.00          0          0          0          0          0          0          0          0          0          0          0
  disjunctive      :       0.00       0.00          0          0          0          0          0          0          0          0          0          0          0
  eccuts           :       0.00       0.00          0          0          0          0          0          0          0          0          0          0          0
  gauge            :       0.00       0.00          0          0          0          0          0          0          0          0          0          0          0
  gomory           :       0.05       0.00         63         10          0          0        412        460         12        134        131          3          0
  > gomorymi       :          -          -          -          -          -          -          -        460         12        134        131          3          -
  > strongcg       :          -          -          -          -          -          -          -          0          0          0          0          0          -
  impliedbounds    :       0.01       0.00         94         31          0          0        246        441          0        145        145          0          0
  interminor       :       0.00       0.00          0          0          0          0          0          0          0          0          0          0          0
  intobj           :       0.00       0.00          0          0          0          0          0          0          0          0          0          0          0
  mcf              :       0.00       0.00          1          1          0          0          0          0          0          0          0          0          0
  minor            :       0.04       0.00        546         31          0          0       3156          0       3156       1745          0       1745          0
  mixing           :       0.04       0.00        618         31          0          0         62        114          0         40         40          0          0
  oddcycle         :       0.00       0.00          0          0          0          0          0          0          0          0          0          0          0
  rapidlearning    :       0.00       0.00          0          0          0          0          0          0          0          0          0          0          0
  rlt              :       0.00       0.00         10         10          0          0          0          0          0          0          0          0          0
  zerohalf         :       0.02       0.00         73         20          0          0          0          0          0          0          0          0          0
Cutselectors       :   ExecTime  SetupTime      Calls  RootCalls   Selected     Forced   Filtered  RootSelec   RootForc   RootFilt 
  hybrid           :       3.08       0.00      60303         32    2582092          0     213417       3248          0       2462
Pricers            :   ExecTime  SetupTime      Calls       Vars
  problem variables:       0.00          -          0          0
Branching Rules    :   ExecTime  SetupTime   BranchLP  BranchExt   BranchPS    Cutoffs    DomReds       Cuts      Conss   Children
  allfullstrong    :       0.00       0.00          0          0          0          0          0          0          0          0
  cloud            :       0.00       0.00          0          0          0          0          0          0          0          0
  distribution     :       0.00       0.00          0          0          0          0          0          0          0          0
  fullstrong       :       0.00       0.00          0          0          0          0          0          0          0          0
  inference        :       0.00       0.00          0          0          0          0          0          0          0          0
  leastinf         :       0.00       0.00          0          0          0          0          0          0          0          0
  lookahead        :       0.00       0.00          0          0          0          0          0          0          0          0
  mostinf          :       0.00       0.00          0          0          0          0          0          0          0          0
  multaggr         :       0.00       0.00          0          0          0          0          0          0          0          0
  nodereopt        :       0.00       0.00          0          0          0          0          0          0          0          0
  pscost           :       0.00       0.00          0          0          0          0          0          0          0          0
  random           :       0.00       0.00          0          0          0          0          0          0          0          0
  relpscost        :      22.70       0.00       1485          0          0          0        571          0         41       2652
  vanillafullstrong:       0.00       0.00          0          0          0          0          0          0          0          0
Primal Heuristics  :   ExecTime  SetupTime      Calls      Found       Best
  LP solutions     :       0.00          -          -          0          0
  relax solutions  :       0.00          -          -          0          0
  pseudo solutions :       0.00          -          -          0          0
  strong branching :       0.00          -          -          0          0
  actconsdiving    :       0.00       0.00          0          0          0
  adaptivediving   :       0.26       0.00        254          0          0
  alns             :       0.23       0.00          6          0          0
  bound            :       0.00       0.00          0          0          0
  clique           :       0.03       0.00          1          0          0
  coefdiving       :       0.00       0.00          0          0          0
  completesol      :       0.00       0.00          0          0          0
  conflictdiving   :       0.07       0.00        256          0          0
  crossover        :       0.01       0.00          0          0          0
  dins             :       0.00       0.00          0          0          0
  distributiondivin:       0.31       0.00          8          0          0
  dps              :       0.00       0.00          0          0          0
  dualval          :       0.00       0.00          0          0          0
  farkasdiving     :       0.00       0.00          0          0          0
  feaspump         :       0.27       0.00          5          0          0
  fixandinfer      :       0.00       0.00          0          0          0
  fracdiving       :       0.11       0.00        255          0          0
  gins             :      21.11       0.00          5          0          0
  guideddiving     :       0.08       0.00        255          0          0
  indicator        :       0.04       0.00          0          0          0
  indicatordiving  :       0.00       0.00          0          0          0
  intdiving        :       0.00       0.00          0          0          0
  intshifting      :       0.30       0.00          7          0          0
  linesearchdiving :       0.07       0.00        256          0          0
  localbranching   :       0.00       0.00          0          0          0
  locks            :       0.02       0.00          1          0          0
  lpface           :       0.30       0.00          5          0          0
  mpec             :      24.43       0.00         11          0          0
  multistart       :       0.00       0.00          0          0          0
  mutation         :       0.00       0.00          0          0          0
  nlpdiving        :       1.46       0.00          7          0          0
  objpscostdiving  :       0.46       0.00          5          0          0
  octane           :       0.00       0.00          0          0          0
  ofins            :       0.00       0.00          0          0          0
  oneopt           :       0.06       0.00          1          0          0
  padm             :       0.00       0.00          0          0          0
  proximity        :       0.00       0.00          0          0          0
  pscostdiving     :       0.25       0.00          8          0          0
  randrounding     :       0.19       0.00        302          0          0
  rens             :       0.00       0.00          0          0          0
  reoptsols        :       0.00       0.00          0          0          0
  repair           :       0.00       0.00          0          0          0
  rins             :      10.74       0.00          8          0          0
  rootsoldiving    :       0.37       0.00          5          0          0
  rounding         :       0.14       0.00        992          0          0
  shiftandpropagate:       0.00       0.00          1          0          0
  shifting         :       0.20       0.00        329          0          0
  simplerounding   :       0.03       0.00          0          0          0
  subnlp           :       5.49       0.00          6          1          1
  trivial          :       0.00       0.00          2          0          0
  trivialnegation  :       0.00       0.00          0          0          0
  trustregion      :       0.00       0.00          0          0          0
  trysol           :       0.02       0.00          0          0          0
  twoopt           :       0.00       0.00          0          0          0
  undercover       :       0.02       0.00          1          0          0
  vbounds          :       0.00       0.00          0          0          0
  veclendiving     :       0.11       0.00        256          0          0
  zeroobj          :       0.00       0.00          0          0          0
  zirounding       :       0.13       0.00       1000          0          0
  other solutions  :          -          -          -          0          -
Expressions        :   #IntEval  IntEvalTi   #RevProp  RevPropTi    DomReds    Cutoffs  #Estimate  EstimTime  Branching  #Simplify SimplifyTi Simplified
  pow              :     517977       0.09      39646       0.02      23198          0   15155282       0.98    1267793       2019       0.00         27
  prod             :     744479       0.15     356295       0.19      98300        298   67812728     671.36   24225717       3578       0.00        959
  sum              :     130016       0.03     116546       0.03      32830        364       1033       0.00          0       2576       0.01       1290
  val              :          0       0.00          0       0.00          0          0          0       0.00          0          0       0.00          0
  var              :     302018       0.02          0       0.00          0          0          0       0.00          0       8931       0.00        103
  varidx           :          0       0.00          0       0.00          0          0          0       0.00          0          0       0.00          0
Nlhdlrs            :    Detects  DetectAll DetectTime   #IntEval  IntEvalTi   #RevProp  RevPropTi    DomReds    Cutoffs   #Enforce   EnfoTime       Cuts  Branching
  soc              :          0          0       0.00          0       0.00          0       0.00          0          0          0       0.00          0          0
  convex           :          0          0       0.00          0       0.00          0       0.00          0          0          0       0.00          0          0
  concave          :          0          0       0.00          0       0.00          0       0.00          0          0          0       0.00          0          0
  quotient         :          0          0       0.00          0       0.00          0       0.00          0          0          0       0.00          0          0
  quadratic        :        193       1739       0.00     698042       0.81     662420       1.36     187026        376          0       0.00          0          0
  default          :       1199       7853       0.00    1386399       0.35     513631       0.53     154328        991   82968609     717.99    3680992          0
  bilinear         :          8          8       0.00      22008       0.00      15911       0.00          0          0    1306309       0.22          0          0
  perspective      :          6          6       0.00          0       0.00          0       0.00          6          0     171802       0.66     306648          0
LP                 :       Time      Calls Iterations  Iter/call   Iter/sec  Time-0-It Calls-0-It    ItLimit
  primal LP        :     232.84      12595       1157      19.28       4.97     231.22      12535
  dual LP          :    2334.81     108441    7228384      68.10    3095.92      47.16       2305
  lex dual LP      :       0.00          0          0       0.00          -
  barrier LP       :       0.00          0          0       0.00          -       0.00          0
  resolve instable :     191.70       5457     150070      27.50     782.85
  diving/probing LP:       6.42        331      22788      68.85    3548.59
  strong branching :      17.26        959     131258     136.87    7605.29          -          -        417
    (at root node) :          -         31       4984     160.77          -
  conflict analysis:       0.02         15        282      18.80   11545.55
NLP relaxation     :
  solve time       :       1.46 (7 calls)
  convexity        :  nonconvex (38 linear rows, 84 convex ineq., 0 nonconvex ineq., 223 nonlinear eq. or two-sided ineq.)
NLP Solvers        :  #Problems  ProblemTi    #Solves  SolveTime      #Iter  Time/Iter      #Okay #TimeLimit #IterLimit #LObjLimit #Interrupt  #NumError #EvalError  #OutOfMem #LicenseEr #OtherTerm   #GlobOpt    #LocOpt  #Feasible #LocInfeas #GlobInfea #Unbounded   #Unknown
  ipopt            :         20       0.16         35      29.47       5994       0.00         32          0          3          0          0          0          0          0          0          0          0          1          0         24          0          0         10
B&B Tree           :
  number of runs   :          1
  nodes            :      11290 (8459 internal, 2831 leaves)
  feasible leaves  :          0
  infeas. leaves   :       2436
  objective leaves :        394
  nodes (total)    :      11290 (8459 internal, 2831 leaves)
  nodes left       :       5630
  max depth        :         97
  max depth (total):         97
  backtracks       :       1314 (11.6%)
  early backtracks :          0 (0.0%)
  nodes exc. ref.  :          0 (0.0%)
  delayed cutoffs  :          0
  repropagations   :          2 (0 domain reductions, 0 cutoffs)
  avg switch length:       3.65
  switching time   :     137.31
Root Node          :
  First LP value   : +2.40969025678960e+04
  First LP Iters   :       1027 (57522.12 Iter/sec)
  First LP Time    :       0.02
  Final Dual Bound : +2.66889750594373e+04
  Final Root Iters :       6528
  Root LP Estimate : +2.76569551671365e+04
Solution           :
  Solutions found  :          1 (1 improvements)
  First Solution   : +4.18690514658371e+04   (in run 1, after 1 nodes, 0.65 seconds, depth 0, found by <feaspump>)
  Gap First Sol.   :      73.75 %
  Gap Last Sol.    :      73.75 %
  Primal Bound     : +4.18690514658371e+04   (in run 1, after 1 nodes, 0.65 seconds, depth 0, found by <feaspump>)
  Dual Bound       : +2.70073330673369e+04
  Gap              :      55.03 %
Integrals          :      Total       Avg%
  primal-dual      :  127903.14      35.53
  primal-ref       :          -          - (not evaluated)
  dual-ref         :          -          - (not evaluated)
