SCIP Status        : solving was interrupted [time limit reached]
Total Time         :    3600.01
  solving          :    3600.00
  presolving       :       0.02 (included in solving)
  reading          :       0.01
  copying          :       0.61 (257 #copies) (minimal 0.00, maximal 0.00, average 0.00)
Original Problem   :
  Problem name     : wastepaper6
  Variables        : 136 (6 binary, 84 integer, 0 implicit integer, 46 continuous)
  Constraints      : 54 initial, 54 maximal
  Objective        : minimize, 1 non-zeros (abs.min = 1, abs.max = 1)
Presolved Problem  :
  Problem name     : t_wastepaper6
  Variables        : 356 (90 binary, 0 integer, 0 implicit integer, 266 continuous)
  Constraints      : 53 initial, 57 maximal
  Objective        : minimize, 1 non-zeros (abs.min = 1, abs.max = 1)
  Nonzeros         : 526 constraint, 90 clique table
Presolvers         :   ExecTime  SetupTime  Calls  FixedVars   AggrVars   ChgTypes  ChgBounds   AddHoles    DelCons    AddCons   ChgSides   ChgCoefs
  boundshift       :       0.00       0.00      0          0          0          0          0          0          0          0          0          0
  convertinttobin  :       0.00       0.00      0          0          0          0          0          0          0          0          0          0
  domcol           :       0.00       0.00      1          0          0          0          0          0          0          0          0          0
  dualagg          :       0.00       0.00      0          0          0          0          0          0          0          0          0          0
  dualcomp         :       0.00       0.00      1          0          0          0          0          0          0          0          0          0
  dualinfer        :       0.00       0.00      0          0          0          0          0          0          0          0          0          0
  dualsparsify     :       0.00       0.00      1          0          0          0          0          0          0          0          0          0
  gateextraction   :       0.00       0.00      0          0          0          0          0          0          0          0          0          0
  implics          :       0.00       0.00      2          0          0          0          0          0          0          0          0          0
  inttobinary      :       0.00       0.00      0          0          0          0          0          0          0          0          0          0
  qpkktref         :       0.00       0.00      0          0          0          0          0          0          0          0          0          0
  redvub           :       0.00       0.00      0          0          0          0          0          0          0          0          0          0
  sparsify         :       0.00       0.00      1          0          0          0          0          0          0          0          0          0
  stuffing         :       0.00       0.00      0          0          0          0          0          0          0          0          0          0
  trivial          :       0.00       0.00      3          0          0          0          0          0          0          0          0          0
  tworowbnd        :       0.00       0.00      0          0          0          0          0          0          0          0          0          0
  dualfix          :       0.00       0.00      3          0          0          0          0          0          0          0          0          0
  genvbounds       :       0.00       0.00      0          0          0          0          0          0          0          0          0          0
  probing          :       0.01       0.00      1          0          0          0          0          0          0          0          0          0
  pseudoobj        :       0.00       0.00      0          0          0          0          0          0          0          0          0          0
  symmetry         :       0.00       0.00      1          0          0          0          0          0          0          0          0          0
  vbounds          :       0.00       0.00      1          0          0          0          0          0          0          0          0          0
  varbound         :       0.00       0.00      0          0          0          0          0          0          0          0          0          0
  knapsack         :       0.00       0.00      0          0          0          0          0          0          0          0          0          0
  setppc           :       0.00       0.00      3          0          0          0          0          0          0          0          0          0
  linear           :       0.00       0.00      5          0          0          0          1          0          1          0          0          0
  logicor          :       0.00       0.00      0          0          0          0          0          0          0          0          0          0
  bounddisjunction :       0.00       0.00      0          0          0          0          0          0          0          0          0          0
  nonlinear        :       0.01       0.00      6          0          0          0          6          0          0          0          0          0
  benders          :       0.00       0.00      0          0          0          0          0          0          0          0          0          0
  components       :       0.00       0.00      1          0          0          0          0          0          0          0          0          0
  root node        :          -          -      -          4          -          -        288          -          -          -          -          -
Constraints        :     Number  MaxNumber  #Separate #Propagate    #EnfoLP    #EnfoRelax  #EnfoPS    #Check   #ResProp    Cutoffs    DomReds       Cuts    Applied      Conss   Children
  benderslp        :          0          0          0          0     749407          0          0      64361          0          0          0          0          0          0          0
  integral         :          0          0          0          0     749407          0          0      64361          0          0      18330          0          0        363    1375292
  varbound         :          0+         5          0      92782          0          0          0          0          1        487       6238          0          0          0          0
  knapsack         :          0+         2          0         24          0          0          0          0          1          1          4          0          0          0          0
  setppc           :         13+        16         25    8728801          1          0          0      64357        544      13816    2225036          0          0          0          0
  linear           :         12+        23         25    9795231         12          0          0      43115        904      58010    6604746          0          0          0          0
  logicor          :          0+         7          0      98548          0          0          0          0          0         67       1103          0          0          0          0
  bounddisjunction :          0+         8          0       2354          0          0          0          0          1         12        127          0          0          0          0
  nonlinear        :         28         28    1649540    9737142      57884          0          0      43115          0      58856  111951898    6145801    5336964          0      57352
  benders          :          0          0          0          0         12          0          0         30          0          0          0          0          0          0          0
  countsols        :          0          0          0          0         12          0          0         30          0          0          0          0          0          0          0
  components       :          0          0          0          0          0          0          0          0          0          0          0          0          0          0          0
Constraint Timings :  TotalTime  SetupTime   Separate  Propagate     EnfoLP     EnfoPS     EnfoRelax   Check    ResProp    SB-Prop
  benderslp        :       0.23       0.00       0.00       0.00       0.23       0.00       0.00       0.01       0.00       0.00
  integral         :      23.72       0.00       0.00       0.00      23.71       0.00       0.00       0.01       0.00       0.00
  varbound         :       0.04       0.00       0.00       0.04       0.00       0.00       0.00       0.00       0.00       0.00
  knapsack         :       0.00       0.00       0.00       0.00       0.00       0.00       0.00       0.00       0.00       0.00
  setppc           :       8.17       0.00       0.00       7.94       0.00       0.00       0.00       0.17       0.00       0.05
  linear           :      15.87       0.00       0.00      15.68       0.00       0.00       0.00       0.09       0.00       0.10
  logicor          :       0.08       0.00       0.00       0.08       0.00       0.00       0.00       0.00       0.00       0.00
  bounddisjunction :       0.00       0.00       0.00       0.00       0.00       0.00       0.00       0.00       0.00       0.00
  nonlinear        :    1809.55       0.00     124.94    1670.61       3.39       0.00       0.00       1.19       0.00       9.41
  benders          :       0.00       0.00       0.00       0.00       0.00       0.00       0.00       0.00       0.00       0.00
  countsols        :       0.00       0.00       0.00       0.00       0.00       0.00       0.00       0.00       0.00       0.00
  components       :       0.27       0.00       0.00       0.27       0.00       0.00       0.00       0.00       0.00       0.00
Propagators        : #Propagate   #ResProp    Cutoffs    DomReds
  dualfix          :          4          0          0          0
  genvbounds       :    7184019        566       3832    6628585
  nlobbt           :          0          0          0          0
  obbt             :          3          0          0         12
  probing          :          0          0          0          0
  pseudoobj        :   10493318          0          1          1
  redcost          :    2898003          0          0          0
  rootredcost      :         26          0          0        119
  symmetry         :          0          0          0          0
  vbounds          :    1096259          0          0          0
Propagator Timings :  TotalTime  SetupTime   Presolve  Propagate    ResProp    SB-Prop
  dualfix          :       0.00       0.00       0.00       0.00       0.00       0.00
  genvbounds       :      14.92       0.00       0.00      14.91       0.00       0.01
  nlobbt           :       0.00       0.00       0.00       0.00       0.00       0.00
  obbt             :       0.02       0.00       0.00       0.02       0.00       0.00
  probing          :       0.01       0.00       0.01       0.00       0.00       0.00
  pseudoobj        :       3.07       0.00       0.00       3.07       0.00       0.00
  redcost          :       4.43       0.00       0.00       4.42       0.00       0.00
  rootredcost      :       1.34       0.00       0.00       1.34       0.00       0.00
  symmetry         :       0.91       0.00       0.00       0.90       0.00       0.00
  vbounds          :       1.68       0.00       0.00       1.67       0.00       0.01
Conflict Analysis  :       Time      Calls    Success    DomReds  Conflicts   Literals    Reconvs ReconvLits   Dualrays   Nonzeros   LP Iters   (pool size: [10000,10000])
  propagation      :       0.04      22027       1010          -       1011        3.6          0        0.0          -          -          -
  infeasible LP    :      25.88     478963     336876          -        265        4.0          0        0.0     335915       10.6          0
  bound exceed. LP :       2.11      47154         89          -          2        8.0          0        0.0         87       48.7        122
  strong branching :       0.00          0          0          -          0        0.0          0        0.0          -          -          0
  pseudo solution  :       0.00          0          0          -          0        0.0          0        0.0          -          -          -
  applied globally :       0.00          -          -          0         10        5.1          -          -        852          -          -
  applied locally  :          -          -          -        961        349        5.9          -          -     335150          -          -
Separators         :   ExecTime  SetupTime      Calls  RootCalls    Cutoffs    DomReds  FoundCuts ViaPoolAdd  DirectAdd    Applied ViaPoolApp  DirectApp      Conss
  cut pool         :       0.15          -     170007         48          -          -       2497       3412          -          -          -          -          -    (maximal pool size:        289)
  aggregation      :       5.21       0.00      18809         24          0          0      48573       2748      46610      16288       1032      15256          0
  > cmir           :          -          -          -          -          -          -          -       2161      31743      10058        693       9365          -
  > flowcover      :          -          -          -          -          -          -          -        587      14373       6041        339       5702          -
  > knapsackcover  :          -          -          -          -          -          -          -          0        494        189          0        189          -
  cgmip            :       0.00       0.00          0          0          0          0          0          0          0          0          0          0          0
  clique           :       0.00       0.00         24         24          0          0          0          0          0          0          0          0          0
  closecuts        :       0.00       0.00          0          0          0          0          0          0          0          0          0          0          0
  convexproj       :       0.00       0.00          0          0          0          0          0          0          0          0          0          0          0
  disjunctive      :       0.00       0.00          0          0          0          0          0          0          0          0          0          0          0
  eccuts           :       0.00       0.00          0          0          0          0          0          0          0          0          0          0          0
  gauge            :       0.00       0.00          0          0          0          0          0          0          0          0          0          0          0
  gomory           :       1.26       0.00      18682         10          0          0      61760        304      61518      26439        141      26298          0
  > gomorymi       :          -          -          -          -          -          -          -        304      56857      26110        141      25969          -
  > strongcg       :          -          -          -          -          -          -          -          0       4661        329          0        329          -
  impliedbounds    :       0.07       0.00      18809         24          0          0        285        352          0        283        283          0          0
  interminor       :       0.00       0.00          0          0          0          0          0          0          0          0          0          0          0
  intobj           :       0.00       0.00          0          0          0          0          0          0          0          0          0          0          0
  mcf              :       0.00       0.00          4          4          0          0          0          0          0          0          0          0          0
  minor            :       0.01       0.00          0          0          0          0          0          0          0          0          0          0          0
  mixing           :       0.15       0.00      28281         25          0          0          0          0          0          0          0          0          0
  oddcycle         :       0.00       0.00          0          0          0          0          0          0          0          0          0          0          0
  rapidlearning    :       0.01       0.00          0          0          0          0          0          0          0          0          0          0          0
  rlt              :       0.00       0.00         10         10          0          0          7          8          0          7          7          0          0
  zerohalf         :       1.07       0.00      18692         20          0          0         12          0         12          8          0          8          0
Cutselectors       :   ExecTime  SetupTime      Calls  RootCalls   Selected     Forced   Filtered  RootSelec   RootForc   RootFilt 
  hybrid           :       2.69       0.00    1453552         25    5394561       7771     794877        204          0         96
Pricers            :   ExecTime  SetupTime      Calls       Vars
  problem variables:       0.00          -          0          0
Branching Rules    :   ExecTime  SetupTime   BranchLP  BranchExt   BranchPS    Cutoffs    DomReds       Cuts      Conss   Children
  allfullstrong    :       0.00       0.00          0          0          0          0          0          0          0          0
  cloud            :       0.00       0.00          0          0          0          0          0          0          0          0
  distribution     :       0.00       0.00          0          0          0          0          0          0          0          0
  fullstrong       :       0.00       0.00          0          0          0          0          0          0          0          0
  inference        :       0.00       0.00          0          0          0          0          0          0          0          0
  leastinf         :       0.00       0.00          0          0          0          0          0          0          0          0
  lookahead        :       0.00       0.00          0          0          0          0          0          0          0          0
  mostinf          :       0.00       0.00          0          0          0          0          0          0          0          0
  multaggr         :       0.00       0.00          0          0          0          0          0          0          0          0
  nodereopt        :       0.00       0.00          0          0          0          0          0          0          0          0
  pscost           :       0.00       0.00          0          0          0          0          0          0          0          0
  random           :       0.00       0.00          0          0          0          0          0          0          0          0
  relpscost        :      23.27       0.00     691523          0          0          0      18330          0        624    1375292
  vanillafullstrong:       0.00       0.00          0          0          0          0          0          0          0          0
Primal Heuristics  :   ExecTime  SetupTime      Calls      Found       Best
  LP solutions     :       0.03          -          -         12         12
  relax solutions  :       0.00          -          -          0          0
  pseudo solutions :       0.00          -          -          0          0
  strong branching :       0.06          -          -          0          0
  actconsdiving    :       0.00       0.00          0          0          0
  adaptivediving   :       0.20       0.00        372          0          0
  alns             :      17.00       0.00         95         11         11
  bound            :       0.00       0.00          0          0          0
  clique           :       0.01       0.00          1          0          0
  coefdiving       :       0.00       0.00          0          0          0
  completesol      :       0.00       0.00          0          0          0
  conflictdiving   :       0.16       0.00        445          0          0
  crossover        :      35.60       0.00         57          7          1
  dins             :       0.00       0.00          0          0          0
  distributiondivin:       9.26       0.00        186          0          0
  dps              :       0.00       0.00          0          0          0
  dualval          :       0.00       0.00          0          0          0
  farkasdiving     :       0.05       0.00          0          0          0
  feaspump         :       0.06       0.00         12          0          0
  fixandinfer      :       0.00       0.00          0          0          0
  fracdiving       :       0.10       0.00        472          0          0
  gins             :       0.34       0.00          0          0          0
  guideddiving     :       0.09       0.00        484          0          0
  indicator        :       0.46       0.00          0          0          0
  indicatordiving  :       0.00       0.00          0          0          0
  intdiving        :       0.00       0.00          0          0          0
  intshifting      :       0.03       0.00         24          0          0
  linesearchdiving :       0.10       0.00        490          0          0
  localbranching   :       0.00       0.00          0          0          0
  locks            :       0.00       0.00          1          0          0
  lpface           :       0.38       0.00          1          0          0
  mpec             :       2.66       0.00         11          0          0
  multistart       :       0.00       0.00          0          0          0
  mutation         :       0.00       0.00          0          0          0
  nlpdiving        :       0.53       0.00          8          0          0
  objpscostdiving  :       0.25       0.00         94          0          0
  octane           :       0.00       0.00          0          0          0
  ofins            :       0.23       0.00          0          0          0
  oneopt           :       0.36       0.00         26          0          0
  padm             :       0.00       0.00          0          0          0
  proximity        :       0.00       0.00          0          0          0
  pscostdiving     :       0.88       0.00        186          0          0
  randrounding     :       1.20       0.00      46378          0          0
  rens             :       0.62       0.00          1          0          0
  reoptsols        :       0.00       0.00          0          0          0
  repair           :       0.00       0.00          0          0          0
  rins             :       9.86       0.00        109          2          2
  rootsoldiving    :       0.37       0.00         93          0          0
  rounding         :       0.93       0.00      19499          0          0
  shiftandpropagate:       0.01       0.00          1          0          0
  shifting         :       0.37       0.00       6116          0          0
  simplerounding   :       0.51       0.00          0          0          0
  subnlp           :      10.90       0.00        426          9          5
  trivial          :       0.00       0.00          2          0          0
  trivialnegation  :       0.00       0.00          0          0          0
  trustregion      :       0.00       0.00          0          0          0
  trysol           :       0.37       0.00          0          0          0
  twoopt           :       0.00       0.00          0          0          0
  undercover       :       0.02       0.00          1          0          0
  vbounds          :       0.00       0.00          0          0          0
  veclendiving     :       0.11       0.00        478          0          0
  zeroobj          :       0.00       0.00          0          0          0
  zirounding       :       0.30       0.00       1000          0          0
  other solutions  :          -          -          -          0          -
Expressions        :   #IntEval  IntEvalTi   #RevProp  RevPropTi    DomReds    Cutoffs  #Estimate  EstimTime  Branching  #Simplify SimplifyTi Simplified
  pow              :   45473157       7.68     954439       0.67     953869          0    7361831       1.31     246665         30       0.00          0
  prod             : 2117237261     259.64   32091249      11.87    8997835       4143   19037330       1.67     480435        444       0.00         12
  sum              :  229312038     109.00  214707497     196.15   47055297       1677         28       0.00          0         69       0.00         36
  var              :   78100754       3.48          0       0.00          0          0          0       0.00          0        947       0.00          0
  varidx           :          0       0.00          0       0.00          0          0          0       0.00          0          0       0.00          0
Nlhdlrs            :    Detects  DetectAll DetectTime   #IntEval  IntEvalTi   #RevProp  RevPropTi    DomReds    Cutoffs   #Enforce   EnfoTime       Cuts  Branching
  soc              :          0          0       0.00          0       0.00          0       0.00          0          0          0       0.00          0          0
  convex           :          0          0       0.00          0       0.00          0       0.00          0          0          0       0.00          0          0
  concave          :          0          0       0.00          0       0.00          0       0.00          0          0          0       0.00          0          0
  signomial        :         12         12       0.00          0       0.00          0       0.00          0          0   19498840       3.09     250705          0
  quotient         :          0          0       0.00          0       0.00          0       0.00          0          0          0       0.00          0          0
  quadratic        :          0          0       0.00          0       0.00          0       0.00          0          0          0       0.00          0          0
  default          :        356       2492       0.00 2392021860     493.82  247753593     460.76   57007001       6116   26398997      29.81    5895096          0
  bilinear         :         12         12       0.00   41903766       1.70   10749184       0.47          0          0    5410059       0.49          0          0
  perspective      :          0          0       0.00          0       0.00          0       0.00          0          0          0       0.00          0          0
LP                 :       Time      Calls Iterations  Iter/call   Iter/sec  Time-0-It Calls-0-It    ItLimit
  primal LP        :     192.47     500571          1       1.00       0.01     192.43     500570
  dual LP          :     985.05    2762212   22021192       8.26   22355.29      25.72      96061
  lex dual LP      :       0.00          0          0       0.00          -
  barrier LP       :       0.00          0          0       0.00          -       0.00          0
  resolve instable :       0.00          0          0       0.00          -
  diving/probing LP:       1.55       1690      15386       9.10    9943.63
  strong branching :       2.17       7181      56935       7.93   26240.11          -          -       1614
    (at root node) :          -         26        369      14.19          -
  conflict analysis:       0.00         12        122      10.17          -
NLP relaxation     :
  solve time       :       0.51 (8 calls)
  convexity        :  nonconvex (25 linear rows, 0 convex ineq., 0 nonconvex ineq., 28 nonlinear eq. or two-sided ineq.)
NLP Solvers        :  #Problems  ProblemTi    #Solves  SolveTime      #Iter  Time/Iter      #Okay #TimeLimit #IterLimit #LObjLimit #Interrupt  #NumError #EvalError  #OutOfMem #LicenseEr #OtherTerm   #GlobOpt    #LocOpt  #Feasible #LocInfeas #GlobInfea #Unbounded   #Unknown
  ipopt            :        324      11.03        335      10.21       9814       0.00        331          0          4          0          0          0          0          0          0          0          0         16          0        308          0          0         11
B&B Tree           :
  number of runs   :          1
  nodes            :    1424014 (716322 internal, 707692 leaves)
  feasible leaves  :         12
  infeas. leaves   :     611037
  objective leaves :      96642
  nodes (total)    :    1424014 (716322 internal, 707692 leaves)
  nodes left       :       3127
  max depth        :         65
  max depth (total):         65
  backtracks       :     275106 (19.3%)
  early backtracks :          0 (0.0%)
  nodes exc. ref.  :          0 (0.0%)
  delayed cutoffs  :        109
  repropagations   :       1185 (20828 domain reductions, 64 cutoffs)
  avg switch length:       3.62
  switching time   :     307.13
Root Node          :
  First LP value   : +0.00000000000000e+00
  First LP Iters   :          9 (14354.07 Iter/sec)
  First LP Time    :       0.00
  Final Dual Bound : +0.00000000000000e+00
  Final Root Iters :        476
  Root LP Estimate : +4.33765878101641e-03
Solution           :
  Solutions found  :         41 (31 improvements)
  First Solution   : +6.49000000000000e-01   (in run 1, after 1 nodes, 0.09 seconds, depth 0, found by <subnlp>)
  Gap First Sol.   :   infinite
  Gap Last Sol.    :   infinite
  Primal Bound     : +3.58087976800128e-04   (in run 1, after 1423387 nodes, 3592.54 seconds, depth 40, found by <alns>)
  Dual Bound       : +0.00000000000000e+00
  Gap              :   infinite
Integrals          :      Total       Avg%
  primal-dual      :  360000.01     100.00
  primal-ref       :          -          - (not evaluated)
  dual-ref         :          -          - (not evaluated)
