SCIP Status        : solving was interrupted [time limit reached]
Total Time         :    3600.09
  solving          :    3600.09
  presolving       :       0.02 (included in solving)
  reading          :       0.01
  copying          :       0.49 (213 #copies) (minimal 0.00, maximal 0.01, average 0.00)
Original Problem   :
  Problem name     : wastepaper5
  Variables        : 104 (5 binary, 60 integer, 0 implicit integer, 39 continuous)
  Constraints      : 46 initial, 46 maximal
  Objective        : minimize, 1 non-zeros (abs.min = 1, abs.max = 1)
Presolved Problem  :
  Problem name     : t_wastepaper5
  Variables        : 268 (65 binary, 0 integer, 0 implicit integer, 203 continuous)
  Constraints      : 45 initial, 49 maximal
  Objective        : minimize, 1 non-zeros (abs.min = 1, abs.max = 1)
  Nonzeros         : 389 constraint, 59 clique table
Presolvers         :   ExecTime  SetupTime  Calls  FixedVars   AggrVars   ChgTypes  ChgBounds   AddHoles    DelCons    AddCons   ChgSides   ChgCoefs
  boundshift       :       0.00       0.00      0          0          0          0          0          0          0          0          0          0
  convertinttobin  :       0.00       0.00      0          0          0          0          0          0          0          0          0          0
  domcol           :       0.00       0.00      1          0          0          0          0          0          0          0          0          0
  dualagg          :       0.00       0.00      0          0          0          0          0          0          0          0          0          0
  dualcomp         :       0.00       0.00      1          0          0          0          0          0          0          0          0          0
  dualinfer        :       0.00       0.00      0          0          0          0          0          0          0          0          0          0
  dualsparsify     :       0.00       0.00      1          0          0          0          0          0          0          0          0          0
  gateextraction   :       0.00       0.00      0          0          0          0          0          0          0          0          0          0
  implics          :       0.00       0.00      2          0          0          0          0          0          0          0          0          0
  inttobinary      :       0.00       0.00      0          0          0          0          0          0          0          0          0          0
  qpkktref         :       0.00       0.00      0          0          0          0          0          0          0          0          0          0
  redvub           :       0.00       0.00      0          0          0          0          0          0          0          0          0          0
  sparsify         :       0.00       0.00      1          0          0          0          0          0          0          0          0          0
  stuffing         :       0.00       0.00      0          0          0          0          0          0          0          0          0          0
  trivial          :       0.00       0.00      3          0          0          0          0          0          0          0          0          0
  tworowbnd        :       0.00       0.00      0          0          0          0          0          0          0          0          0          0
  dualfix          :       0.00       0.00      3          0          0          0          0          0          0          0          0          0
  genvbounds       :       0.00       0.00      0          0          0          0          0          0          0          0          0          0
  probing          :       0.01       0.00      1          0          0          0          0          0          0          0          0          0
  pseudoobj        :       0.00       0.00      0          0          0          0          0          0          0          0          0          0
  symmetry         :       0.00       0.00      1          0          0          0          0          0          0          0          0          0
  vbounds          :       0.00       0.00      1          0          0          0          0          0          0          0          0          0
  varbound         :       0.00       0.00      0          0          0          0          0          0          0          0          0          0
  knapsack         :       0.00       0.00      0          0          0          0          0          0          0          0          0          0
  setppc           :       0.00       0.00      3          0          0          0          0          0          0          0          0          0
  linear           :       0.00       0.00      5          0          0          0          1          0          1          0          0          0
  logicor          :       0.00       0.00      0          0          0          0          0          0          0          0          0          0
  bounddisjunction :       0.00       0.00      0          0          0          0          0          0          0          0          0          0
  nonlinear        :       0.00       0.00      6          0          0          0          5          0          0          0          0          0
  benders          :       0.00       0.00      0          0          0          0          0          0          0          0          0          0
  components       :       0.00       0.00      1          0          0          0          0          0          0          0          0          0
  root node        :          -          -      -          6          -          -        118          -          -          -          -          -
Constraints        :     Number  MaxNumber  #Separate #Propagate    #EnfoLP    #EnfoRelax  #EnfoPS    #Check   #ResProp    Cutoffs    DomReds       Cuts    Applied      Conss   Children
  benderslp        :          0          0          0          0    1206382          0          0     104592          0          0          0          0          0          0          0
  integral         :          0          0          0          0    1206382          0          0     104592          0          0      18008          0          0        179    2365786
  varbound         :          0+         3          0      14439          0          0          0          0          0        229       1327          0          0          0          0
  knapsack         :          0+         1          0         56          0          0          0          0          0          3          6          0          0          0          0
  setppc           :         11+        16         28    8923476          0          0          0     104588        571       3521    3238018          0          0          0          0
  linear           :         10+        15         28   10858909          3          0          0      85904        383      64461    8928980          0          0          0          0
  logicor          :          0+         6          0      16714          0          0          0          0          0         18        868          0          0          0          0
  bounddisjunction :          0+         5          0       1617          0          0          0          0          0          0         26          0          0          0          0
  nonlinear        :         24         24    2724672   10794430      20651          0          0      85904          0      59000  116905464    8964640    7656686          0      17436
  benders          :          0          0          0          0          3          0          0          7          0          0          0          0          0          0          0
  countsols        :          0          0          0          0          3          0          0          7          0          0          0          0          0          0          0
  components       :          0          0          0          0          0          0          0          0          0          0          0          0          0          0          0
Constraint Timings :  TotalTime  SetupTime   Separate  Propagate     EnfoLP     EnfoPS     EnfoRelax   Check    ResProp    SB-Prop
  benderslp        :       0.34       0.00       0.00       0.00       0.32       0.00       0.00       0.01       0.00       0.00
  integral         :      20.87       0.00       0.00       0.00      20.85       0.00       0.00       0.02       0.00       0.00
  varbound         :       0.02       0.00       0.00       0.02       0.00       0.00       0.00       0.00       0.00       0.00
  knapsack         :       0.00       0.00       0.00       0.00       0.00       0.00       0.00       0.00       0.00       0.00
  setppc           :      19.11       0.00       0.00      18.83       0.00       0.00       0.00       0.24       0.00       0.04
  linear           :      25.14       0.00       0.00      24.84       0.00       0.00       0.00       0.17       0.00       0.13
  logicor          :       0.02       0.00       0.00       0.02       0.00       0.00       0.00       0.00       0.00       0.00
  bounddisjunction :       0.00       0.00       0.00       0.00       0.00       0.00       0.00       0.00       0.00       0.00
  nonlinear        :    1461.27       0.00     163.40    1288.53       1.19       0.00       0.00       1.73       0.00       6.41
  benders          :       0.00       0.00       0.00       0.00       0.00       0.00       0.00       0.00       0.00       0.00
  countsols        :       0.00       0.00       0.00       0.00       0.00       0.00       0.00       0.00       0.00       0.00
  components       :       0.45       0.00       0.00       0.45       0.00       0.00       0.00       0.00       0.00       0.00
Propagators        : #Propagate   #ResProp    Cutoffs    DomReds
  dualfix          :          5          0          0          0
  genvbounds       :    5966856        213       3360    3541003
  nlobbt           :          0          0          0          0
  obbt             :          3          0          0          2
  probing          :          0          0          0          0
  pseudoobj        :   11997812          0          0          1
  redcost          :    4503060          0          0          0
  rootredcost      :          9          0          0          8
  symmetry         :          0          0          0          0
  vbounds          :    1782821          0          0          0
Propagator Timings :  TotalTime  SetupTime   Presolve  Propagate    ResProp    SB-Prop
  dualfix          :       0.00       0.00       0.00       0.00       0.00       0.00
  genvbounds       :      15.26       0.00       0.00      15.26       0.00       0.00
  nlobbt           :       0.00       0.00       0.00       0.00       0.00       0.00
  obbt             :       0.01       0.00       0.00       0.01       0.00       0.00
  probing          :       0.01       0.00       0.01       0.00       0.00       0.00
  pseudoobj        :       3.31       0.00       0.00       3.31       0.00       0.00
  redcost          :       5.39       0.00       0.00       5.39       0.00       0.00
  rootredcost      :       1.60       0.00       0.00       1.59       0.00       0.00
  symmetry         :       0.94       0.00       0.00       0.93       0.00       0.00
  vbounds          :       2.12       0.00       0.00       2.12       0.00       0.01
Conflict Analysis  :       Time      Calls    Success    DomReds  Conflicts   Literals    Reconvs ReconvLits   Dualrays   Nonzeros   LP Iters   (pool size: [10000,10000])
  propagation      :       0.02       9251        647          -        648        5.4          0        0.0          -          -          -
  infeasible LP    :      34.96     985186     463913          -        672        3.4          0        0.0     463786        7.3          0
  bound exceed. LP :       0.72      21756         94          -          2        5.5          0        0.0         94       36.7        153
  strong branching :       0.00          0          0          -          0        0.0          0        0.0          -          -          0
  pseudo solution  :       0.00          0          0          -          0        0.0          0        0.0          -          -          -
  applied globally :       0.00          -          -          0          6        3.3          -          -       1058          -          -
  applied locally  :          -          -          -        127        476        6.6          -          -     462822          -          -
Separators         :   ExecTime  SetupTime      Calls  RootCalls    Cutoffs    DomReds  FoundCuts ViaPoolAdd  DirectAdd    Applied ViaPoolApp  DirectApp      Conss
  cut pool         :       0.10          -     283854         50          -          -        217        357          -          -          -          -          -    (maximal pool size:        126)
  aggregation      :       0.91       0.00       5976         26          0          0       6289        158       6163       2065        107       1958          0
  > cmir           :          -          -          -          -          -          -          -        135       4155       1280        103       1177          -
  > flowcover      :          -          -          -          -          -          -          -         23       1975        768          4        764          -
  > knapsackcover  :          -          -          -          -          -          -          -          0         33         17          0         17          -
  cgmip            :       0.00       0.00          0          0          0          0          0          0          0          0          0          0          0
  clique           :       0.00       0.00         26         26          0          0          0          0          0          0          0          0          0
  closecuts        :       0.00       0.00          0          0          0          0          0          0          0          0          0          0          0
  convexproj       :       0.00       0.00          0          0          0          0          0          0          0          0          0          0          0
  disjunctive      :       0.00       0.00          0          0          0          0          0          0          0          0          0          0          0
  eccuts           :       0.00       0.00          0          0          0          0          0          0          0          0          0          0          0
  gauge            :       0.00       0.00          0          0          0          0          0          0          0          0          0          0          0
  gomory           :       0.25       0.00       5954         10          0          0      14493         72      14439       7309         16       7293          0
  > gomorymi       :          -          -          -          -          -          -          -         72      13236       7288         16       7272          -
  > strongcg       :          -          -          -          -          -          -          -          0       1203         21          0         21          -
  impliedbounds    :       0.02       0.00       5976         26          0          0         31        113          0        103        103          0          0
  interminor       :       0.00       0.00          0          0          0          0          0          0          0          0          0          0          0
  intobj           :       0.00       0.00          0          0          0          0          0          0          0          0          0          0          0
  mcf              :       0.00       0.00          1          1          0          0          0          0          0          0          0          0          0
  minor            :       0.01       0.00          0          0          0          0          0          0          0          0          0          0          0
  mixing           :       0.04       0.00      10747         28          0          0          0          0          0          0          0          0          0
  oddcycle         :       0.00       0.00          0          0          0          0          0          0          0          0          0          0          0
  rapidlearning    :       0.02       0.00          0          0          0          0          0          0          0          0          0          0          0
  rlt              :       0.00       0.00         10         10          0          0          6         14          0          5          5          0          0
  zerohalf         :       0.22       0.00       5964         20          0          0          0          0          0          0          0          0          0
Cutselectors       :   ExecTime  SetupTime      Calls  RootCalls   Selected     Forced   Filtered  RootSelec   RootForc   RootFilt 
  hybrid           :       3.77       0.00    2316106         29    7828080       2421    1123494         95          0         81
Pricers            :   ExecTime  SetupTime      Calls       Vars
  problem variables:       0.00          -          0          0
Branching Rules    :   ExecTime  SetupTime   BranchLP  BranchExt   BranchPS    Cutoffs    DomReds       Cuts      Conss   Children
  allfullstrong    :       0.00       0.00          0          0          0          0          0          0          0          0
  cloud            :       0.00       0.00          0          0          0          0          0          0          0          0
  distribution     :       0.00       0.00          0          0          0          0          0          0          0          0
  fullstrong       :       0.00       0.00          0          0          0          0          0          0          0          0
  inference        :       0.00       0.00          0          0          0          0          0          0          0          0
  leastinf         :       0.00       0.00          0          0          0          0          0          0          0          0
  lookahead        :       0.00       0.00          0          0          0          0          0          0          0          0
  mostinf          :       0.00       0.00          0          0          0          0          0          0          0          0
  multaggr         :       0.00       0.00          0          0          0          0          0          0          0          0
  nodereopt        :       0.00       0.00          0          0          0          0          0          0          0          0
  pscost           :       0.00       0.00          0          0          0          0          0          0          0          0
  random           :       0.00       0.00          0          0          0          0          0          0          0          0
  relpscost        :      20.18       0.00    1185731          0          0          0      18008          0        233    2365786
  vanillafullstrong:       0.00       0.00          0          0          0          0          0          0          0          0
Primal Heuristics  :   ExecTime  SetupTime      Calls      Found       Best
  LP solutions     :       0.02          -          -          3          3
  relax solutions  :       0.00          -          -          0          0
  pseudo solutions :       0.00          -          -          0          0
  strong branching :       0.04          -          -          0          0
  actconsdiving    :       0.00       0.00          0          0          0
  adaptivediving   :       1.10       0.00        820          0          0
  alns             :       5.11       0.00         60          1          1
  bound            :       0.00       0.00          0          0          0
  clique           :       0.01       0.00          1          0          0
  coefdiving       :       0.00       0.00          0          0          0
  completesol      :       0.00       0.00          0          0          0
  conflictdiving   :       0.52       0.00        581          0          0
  crossover        :       4.15       0.00         14          1          1
  dins             :       0.00       0.00          0          0          0
  distributiondivin:      20.14       0.00        580          0          0
  dps              :       0.00       0.00          0          0          0
  dualval          :       0.00       0.00          0          0          0
  farkasdiving     :       0.07       0.00          0          0          0
  feaspump         :       0.40       0.00        290          0          0
  fixandinfer      :       0.00       0.00          0          0          0
  fracdiving       :       0.45       0.00        582          0          0
  gins             :       0.46       0.00          0          0          0
  guideddiving     :       0.42       0.00        582          0          0
  indicator        :       0.63       0.00          0          0          0
  indicatordiving  :       0.00       0.00          0          0          0
  intdiving        :       0.00       0.00          0          0          0
  intshifting      :       0.04       0.00         35          0          0
  linesearchdiving :       0.40       0.00        582          0          0
  localbranching   :       0.00       0.00          0          0          0
  locks            :       0.00       0.00          1          0          0
  lpface           :       0.52       0.00          0          0          0
  mpec             :       0.57       0.00          1          0          0
  multistart       :       0.00       0.00          0          0          0
  mutation         :       0.00       0.00          0          0          0
  nlpdiving        :       0.36       0.00          9          0          0
  objpscostdiving  :       0.49       0.00        290          0          0
  octane           :       0.00       0.00          0          0          0
  ofins            :       0.37       0.00          0          0          0
  oneopt           :       0.48       0.00          9          0          0
  padm             :       0.00       0.00          0          0          0
  proximity        :       0.00       0.00          0          0          0
  pscostdiving     :       1.56       0.00        580          0          0
  randrounding     :       1.62       0.00      67854          0          0
  rens             :       0.54       0.00          1          1          1
  reoptsols        :       0.00       0.00          0          0          0
  repair           :       0.00       0.00          0          0          0
  rins             :      12.15       0.00        140          2          2
  rootsoldiving    :       0.80       0.00        290          0          0
  rounding         :       1.53       0.00      24447          0          0
  shiftandpropagate:       0.00       0.00          1          0          0
  shifting         :       0.32       0.00       7700          0          0
  simplerounding   :       0.72       0.00          0          0          0
  subnlp           :       5.67       0.00        283          1          1
  trivial          :       0.00       0.00          2          0          0
  trivialnegation  :       0.00       0.00          0          0          0
  trustregion      :       0.00       0.00          0          0          0
  trysol           :       0.51       0.00          0          0          0
  twoopt           :       0.00       0.00          0          0          0
  undercover       :       0.03       0.00          1          0          0
  vbounds          :       0.00       0.00          0          0          0
  veclendiving     :       0.37       0.00        582          0          0
  zeroobj          :       0.00       0.00          0          0          0
  zirounding       :       0.44       0.00       1000          0          0
  other solutions  :          -          -          -          0          -
Expressions        :   #IntEval  IntEvalTi   #RevProp  RevPropTi    DomReds    Cutoffs  #Estimate  EstimTime  Branching  #Simplify SimplifyTi Simplified
  pow              :   49339605       7.83    1502385       0.92    1504483          0   10286343       1.74      78860         25       0.00          0
  prod             : 1513209002     169.69   50171022      16.74   12182452       2029   28852849       2.38     160424        320       0.00          2
  sum              :  203704062      76.14  189771048     137.41   49596292       1664         24       0.00          0         59       0.00         24
  var              :   83138975       3.60          0       0.00          0          0          0       0.00          0        690       0.00          0
  varidx           :          0       0.00          0       0.00          0          0          0       0.00          0          0       0.00          0
Nlhdlrs            :    Detects  DetectAll DetectTime   #IntEval  IntEvalTi   #RevProp  RevPropTi    DomReds    Cutoffs   #Enforce   EnfoTime       Cuts  Branching
  soc              :          0          0       0.00          0       0.00          0       0.00          0          0          0       0.00          0          0
  convex           :          0          0       0.00          0       0.00          0       0.00          0          0          0       0.00          0          0
  concave          :          0          0       0.00          0       0.00          0       0.00          0          0          0       0.00          0          0
  signomial        :         10         10       0.00          0       0.00          0       0.00          0          0   27888060       8.08     682824          0
  quotient         :          0          0       0.00          0       0.00          0       0.00          0          0          0       0.00          0          0
  quadratic        :          0          0       0.00          0       0.00          0       0.00          0          0          0       0.00          0          0
  default          :        268       1876       0.00 1766252242     335.51  241444767     376.49   63283227       3799   39139076      41.88    8281816          0
  bilinear         :         10         10       0.00   41938308       1.53   15330726       0.63          0          0   10466871       0.93          0          0
  perspective      :          0          0       0.00          0       0.00          0       0.00          0          0          0       0.00          0          0
LP                 :       Time      Calls Iterations  Iter/call   Iter/sec  Time-0-It Calls-0-It    ItLimit
  primal LP        :     310.40     732926          0       0.00       0.00     310.35     732926
  dual LP          :    1092.23    4506621   19864002       4.61   18186.69      36.87     199332
  lex dual LP      :       0.00          0          0       0.00          -
  barrier LP       :       0.00          0          0       0.00          -       0.00          0
  resolve instable :       0.00          0          0       0.00          -
  diving/probing LP:       2.63       5514      28822       5.23   10941.54
  strong branching :       0.95       4894      18105       3.70   19153.89          -          -        425
    (at root node) :          -          7        106      15.14          -
  conflict analysis:       0.00         15        153      10.20          -
NLP relaxation     :
  solve time       :       0.32 (9 calls)
  convexity        :  nonconvex (20 linear rows, 0 convex ineq., 0 nonconvex ineq., 24 nonlinear eq. or two-sided ineq.)
NLP Solvers        :  #Problems  ProblemTi    #Solves  SolveTime      #Iter  Time/Iter      #Okay #TimeLimit #IterLimit #LObjLimit #Interrupt  #NumError #EvalError  #OutOfMem #LicenseEr #OtherTerm   #GlobOpt    #LocOpt  #Feasible #LocInfeas #GlobInfea #Unbounded   #Unknown
  ipopt            :        163      11.47        173       4.15       4405       0.00        172          0          1          0          0          0          0          0          0          0          0          1          0        163          0          0          9
B&B Tree           :
  number of runs   :          1
  nodes            :    2342925 (1191611 internal, 1151314 leaves)
  feasible leaves  :          3
  infeas. leaves   :    1111232
  objective leaves :      40078
  nodes (total)    :    2342925 (1191611 internal, 1151314 leaves)
  nodes left       :      35427
  max depth        :         47
  max depth (total):         47
  backtracks       :     394239 (16.8%)
  early backtracks :          0 (0.0%)
  nodes exc. ref.  :          0 (0.0%)
  delayed cutoffs  :       1004
  repropagations   :      11612 (160827 domain reductions, 233 cutoffs)
  avg switch length:       3.64
  switching time   :     500.12
Root Node          :
  First LP value   : +0.00000000000000e+00
  First LP Iters   :          8 (11188.81 Iter/sec)
  First LP Time    :       0.00
  Final Dual Bound : +0.00000000000000e+00
  Final Root Iters :        194
  Root LP Estimate : +3.50875786660796e-03
Solution           :
  Solutions found  :          9 (9 improvements)
  First Solution   : +7.64644627569664e-02   (in run 1, after 1 nodes, 0.70 seconds, depth 0, found by <rens>)
  Gap First Sol.   :   infinite
  Gap Last Sol.    :   infinite
  Primal Bound     : +1.14170164013340e-03   (in run 1, after 39543 nodes, 58.75 seconds, depth 20, found by <crossover>)
  Dual Bound       : +0.00000000000000e+00
  Gap              :   infinite
Integrals          :      Total       Avg%
  primal-dual      :  360008.85     100.00
  primal-ref       :          -          - (not evaluated)
  dual-ref         :          -          - (not evaluated)
