SCIP Status        : problem is solved [optimal solution found]
Total Time         :     224.53
  solving          :     224.53
  presolving       :       0.01 (included in solving)
  reading          :       0.00
  copying          :       0.19 (48 #copies) (minimal 0.00, maximal 0.07, average 0.00)
Original Problem   :
  Problem name     : wastepaper4
  Variables        : 76 (4 binary, 40 integer, 0 implicit integer, 32 continuous)
  Constraints      : 38 initial, 38 maximal
  Objective        : minimize, 1 non-zeros (abs.min = 1, abs.max = 1)
Presolved Problem  :
  Problem name     : t_wastepaper4
  Variables        : 192 (44 binary, 0 integer, 0 implicit integer, 148 continuous)
  Constraints      : 37 initial, 41 maximal
  Objective        : minimize, 1 non-zeros (abs.min = 1, abs.max = 1)
  Nonzeros         : 272 constraint, 43 clique table
Presolvers         :   ExecTime  SetupTime  Calls  FixedVars   AggrVars   ChgTypes  ChgBounds   AddHoles    DelCons    AddCons   ChgSides   ChgCoefs
  boundshift       :       0.00       0.00      0          0          0          0          0          0          0          0          0          0
  convertinttobin  :       0.00       0.00      0          0          0          0          0          0          0          0          0          0
  domcol           :       0.00       0.00      1          0          0          0          0          0          0          0          0          0
  dualagg          :       0.00       0.00      0          0          0          0          0          0          0          0          0          0
  dualcomp         :       0.00       0.00      1          0          0          0          0          0          0          0          0          0
  dualinfer        :       0.00       0.00      0          0          0          0          0          0          0          0          0          0
  dualsparsify     :       0.00       0.00      1          0          0          0          0          0          0          0          0          0
  gateextraction   :       0.00       0.00      0          0          0          0          0          0          0          0          0          0
  implics          :       0.00       0.00      2          0          0          0          0          0          0          0          0          0
  inttobinary      :       0.00       0.00      0          0          0          0          0          0          0          0          0          0
  qpkktref         :       0.00       0.00      0          0          0          0          0          0          0          0          0          0
  redvub           :       0.00       0.00      0          0          0          0          0          0          0          0          0          0
  sparsify         :       0.00       0.00      1          0          0          0          0          0          0          0          0          0
  stuffing         :       0.00       0.00      0          0          0          0          0          0          0          0          0          0
  trivial          :       0.00       0.00      3          0          0          0          0          0          0          0          0          0
  tworowbnd        :       0.00       0.00      0          0          0          0          0          0          0          0          0          0
  dualfix          :       0.00       0.00      3          0          0          0          0          0          0          0          0          0
  genvbounds       :       0.00       0.00      0          0          0          0          0          0          0          0          0          0
  probing          :       0.00       0.00      1          0          0          0          0          0          0          0          0          0
  pseudoobj        :       0.00       0.00      0          0          0          0          0          0          0          0          0          0
  symmetry         :       0.00       0.00      1          0          0          0          0          0          0          0          0          0
  vbounds          :       0.00       0.00      1          0          0          0          0          0          0          0          0          0
  varbound         :       0.00       0.00      0          0          0          0          0          0          0          0          0          0
  setppc           :       0.00       0.00      3          0          0          0          0          0          0          0          0          0
  linear           :       0.00       0.00      5          0          0          0          1          0          1          0          0          0
  logicor          :       0.00       0.00      0          0          0          0          0          0          0          0          0          0
  bounddisjunction :       0.00       0.00      0          0          0          0          0          0          0          0          0          0
  nonlinear        :       0.00       0.00      6          0          0          0          4          0          0          0          0          0
  benders          :       0.00       0.00      0          0          0          0          0          0          0          0          0          0
  components       :       0.00       0.00      1          0          0          0          0          0          0          0          0          0
  root node        :          -          -      -          2          -          -         84          -          -          -          -          -
Constraints        :     Number  MaxNumber  #Separate #Propagate    #EnfoLP    #EnfoRelax  #EnfoPS    #Check   #ResProp    Cutoffs    DomReds       Cuts    Applied      Conss   Children
  benderslp        :          0          0          0          0      90703          0          0      28623          0          0          0          0          0          0          0
  integral         :          0          0          0          0      90703          0          0      28623          0          0      17106          0          0        190     149374
  varbound         :          0+         2          0        641          0          0          0          0          0          4        142          0          0          0          0
  setppc           :          9+        10         26     749912          1          0          0      28619        144       1579     188400          0          0          0          0
  linear           :          8+        16         26     827172         11          0          0      22626        150       6983     540152          0          0          0          0
  logicor          :          0+         4          0      35333          0          0          0          0          2         37        569          0          0          0          0
  bounddisjunction :          0+         5          0       1097          0          0          0          0          0          0         19          0          0          0          0
  nonlinear        :         20         20     194682     820153      14414          0          0      22626          0       7779    7349282     556759     498963          0      15520
  benders          :          0          0          0          0         11          0          0          5          0          0          0          0          0          0          0
  countsols        :          0          0          0          0         11          0          0          5          0          0          0          0          0          0          0
  components       :          0          0          0          0          0          0          0          0          0          0          0          0          0          0          0
Constraint Timings :  TotalTime  SetupTime   Separate  Propagate     EnfoLP     EnfoPS     EnfoRelax   Check    ResProp    SB-Prop
  benderslp        :       0.03       0.00       0.00       0.00       0.03       0.00       0.00       0.00       0.00       0.00
  integral         :       6.15       0.00       0.00       0.00       6.15       0.00       0.00       0.01       0.00       0.00
  varbound         :       0.00       0.00       0.00       0.00       0.00       0.00       0.00       0.00       0.00       0.00
  setppc           :       0.80       0.00       0.00       0.72       0.00       0.00       0.00       0.06       0.00       0.02
  linear           :       1.44       0.00       0.00       1.31       0.00       0.00       0.00       0.04       0.00       0.08
  logicor          :       0.04       0.00       0.00       0.04       0.00       0.00       0.00       0.00       0.00       0.00
  bounddisjunction :       0.00       0.00       0.00       0.00       0.00       0.00       0.00       0.00       0.00       0.00
  nonlinear        :      83.30       0.00      10.30      68.42       0.68       0.00       0.00       0.41       0.00       3.49
  benders          :       0.00       0.00       0.00       0.00       0.00       0.00       0.00       0.00       0.00       0.00
  countsols        :       0.00       0.00       0.00       0.00       0.00       0.00       0.00       0.00       0.00       0.00
  components       :       0.04       0.00       0.00       0.04       0.00       0.00       0.00       0.00       0.00       0.00
Propagators        : #Propagate   #ResProp    Cutoffs    DomReds
  dualfix          :          5          0          0          0
  genvbounds       :     508163        129       1432     396095
  nlobbt           :          0          0          0          0
  obbt             :          3          0          0          3
  probing          :          0          0          0          0
  pseudoobj        :     890085          0          2          5
  redcost          :     336890          0          0          0
  rootredcost      :         13          0          0          9
  symmetry         :          0          0          0          0
  vbounds          :     139528          0          0          0
Propagator Timings :  TotalTime  SetupTime   Presolve  Propagate    ResProp    SB-Prop
  dualfix          :       0.00       0.00       0.00       0.00       0.00       0.00
  genvbounds       :       1.00       0.00       0.00       1.00       0.00       0.00
  nlobbt           :       0.00       0.00       0.00       0.00       0.00       0.00
  obbt             :       0.01       0.00       0.00       0.01       0.00       0.00
  probing          :       0.00       0.00       0.00       0.00       0.00       0.00
  pseudoobj        :       0.27       0.00       0.00       0.27       0.00       0.00
  redcost          :       0.37       0.00       0.00       0.37       0.00       0.00
  rootredcost      :       0.12       0.00       0.00       0.12       0.00       0.00
  symmetry         :       0.08       0.00       0.00       0.08       0.00       0.00
  vbounds          :       0.16       0.00       0.00       0.16       0.00       0.00
Conflict Analysis  :       Time      Calls    Success    DomReds  Conflicts   Literals    Reconvs ReconvLits   Dualrays   Nonzeros   LP Iters   (pool size: [10000,10000])
  propagation      :       0.01       3232        103          -        104        4.6          0        0.0          -          -          -
  infeasible LP    :       1.94      47598      29790          -        401        3.3          0        0.0      29774        7.4          0
  bound exceed. LP :       0.28       8565         98          -         10        4.6          0        0.0         96       23.3        100
  strong branching :       0.00          0          0          -          0        0.0          0        0.0          -          -          0
  pseudo solution  :       0.00          0          0          -          0        0.0          0        0.0          -          -          -
  applied globally :       0.00          -          -          0          2        4.5          -          -        947          -          -
  applied locally  :          -          -          -         16        149        3.9          -          -      28923          -          -
Separators         :   ExecTime  SetupTime      Calls  RootCalls    Cutoffs    DomReds  FoundCuts ViaPoolAdd  DirectAdd    Applied ViaPoolApp  DirectApp      Conss
  cut pool         :       0.02          -      21544         50          -          -        611        696          -          -          -          -          -    (maximal pool size:        204)
  aggregation      :       0.46       0.00       1473         25          0          0       3033        269       2616        927        131        796          0
  > cmir           :          -          -          -          -          -          -          -        227       1763        651        105        546          -
  > flowcover      :          -          -          -          -          -          -          -         42        843        269         26        243          -
  > knapsackcover  :          -          -          -          -          -          -          -          0         10          7          0          7          -
  cgmip            :       0.00       0.00          0          0          0          0          0          0          0          0          0          0          0
  clique           :       0.00       0.00         25         25          0          0          0          0          0          0          0          0          0
  closecuts        :       0.00       0.00          0          0          0          0          0          0          0          0          0          0          0
  convexproj       :       0.00       0.00          0          0          0          0          0          0          0          0          0          0          0
  disjunctive      :       0.00       0.00          0          0          0          0          0          0          0          0          0          0          0
  eccuts           :       0.00       0.00          0          0          0          0          0          0          0          0          0          0          0
  gauge            :       0.00       0.00          0          0          0          0          0          0          0          0          0          0          0
  gomory           :       0.11       0.00       1447         10          0          0       5753        414       5574       2400        170       2230          0
  > gomorymi       :          -          -          -          -          -          -          -        414       5512       2387        170       2217          -
  > strongcg       :          -          -          -          -          -          -          -          0         62         13          0         13          -
  impliedbounds    :       0.00       0.00       1473         25          0          0          4          3          0          3          3          0          0
  interminor       :       0.00       0.00          0          0          0          0          0          0          0          0          0          0          0
  intobj           :       0.00       0.00          0          0          0          0          0          0          0          0          0          0          0
  mcf              :       0.00       0.00          1          1          0          0          0          0          0          0          0          0          0
  minor            :       0.00       0.00          0          0          0          0          0          0          0          0          0          0          0
  mixing           :       0.01       0.00       1627         26          0          0          4          1          0          1          1          0          0
  oddcycle         :       0.00       0.00          0          0          0          0          0          0          0          0          0          0          0
  rapidlearning    :       0.01       0.00          0          0          0          0          0          0          0          0          0          0          0
  rlt              :       0.00       0.00         10         10          0          0          7          9          0          7          7          0          0
  zerohalf         :       0.05       0.00       1457         20          0          0          0          0          0          0          0          0          0
Cutselectors       :   ExecTime  SetupTime      Calls  RootCalls   Selected     Forced   Filtered  RootSelec   RootForc   RootFilt 
  hybrid           :       0.33       0.00     163195         27     499914         70      52990        155          0         71
Pricers            :   ExecTime  SetupTime      Calls       Vars
  problem variables:       0.00          -          0          0
Branching Rules    :   ExecTime  SetupTime   BranchLP  BranchExt   BranchPS    Cutoffs    DomReds       Cuts      Conss   Children
  allfullstrong    :       0.00       0.00          0          0          0          0          0          0          0          0
  cloud            :       0.00       0.00          0          0          0          0          0          0          0          0
  distribution     :       0.00       0.00          0          0          0          0          0          0          0          0
  fullstrong       :       0.00       0.00          0          0          0          0          0          0          0          0
  inference        :       0.00       0.00          0          0          0          0          0          0          0          0
  leastinf         :       0.00       0.00          0          0          0          0          0          0          0          0
  lookahead        :       0.00       0.00          0          0          0          0          0          0          0          0
  mostinf          :       0.00       0.00          0          0          0          0          0          0          0          0
  multaggr         :       0.00       0.00          0          0          0          0          0          0          0          0
  nodereopt        :       0.00       0.00          0          0          0          0          0          0          0          0
  pscost           :       0.00       0.00          0          0          0          0          0          0          0          0
  random           :       0.00       0.00          0          0          0          0          0          0          0          0
  relpscost        :       6.07       0.00      76289          0          0          0      17106          0        239     149374
  vanillafullstrong:       0.00       0.00          0          0          0          0          0          0          0          0
Primal Heuristics  :   ExecTime  SetupTime      Calls      Found       Best
  LP solutions     :       0.02          -          -         11         11
  relax solutions  :       0.00          -          -          0          0
  pseudo solutions :       0.00          -          -          0          0
  strong branching :       0.02          -          -          0          0
  actconsdiving    :       0.00       0.00          0          0          0
  adaptivediving   :       0.05       0.00        236          0          0
  alns             :       1.87       0.00         18          1          1
  bound            :       0.00       0.00          0          0          0
  clique           :       0.00       0.00          1          0          0
  coefdiving       :       0.00       0.00          0          0          0
  completesol      :       0.00       0.00          0          0          0
  conflictdiving   :       0.04       0.00        296          0          0
  crossover        :       0.65       0.00          5          0          0
  dins             :       0.00       0.00          0          0          0
  distributiondivin:       0.72       0.00         82          0          0
  dps              :       0.00       0.00          0          0          0
  dualval          :       0.00       0.00          0          0          0
  farkasdiving     :       0.01       0.00          0          0          0
  feaspump         :       0.05       0.00         34          0          0
  fixandinfer      :       0.00       0.00          0          0          0
  fracdiving       :       0.03       0.00        304          0          0
  gins             :       0.04       0.00          0          0          0
  guideddiving     :       0.02       0.00        300          0          0
  indicator        :       0.05       0.00          0          0          0
  indicatordiving  :       0.00       0.00          0          0          0
  intdiving        :       0.00       0.00          0          0          0
  intshifting      :       0.01       0.00         15          0          0
  linesearchdiving :       0.03       0.00        306          0          0
  localbranching   :       0.00       0.00          0          0          0
  locks            :       0.02       0.00          1          0          0
  lpface           :       0.02       0.00          0          0          0
  mpec             :       0.52       0.00          1          0          0
  multistart       :       0.00       0.00          0          0          0
  mutation         :       0.00       0.00          0          0          0
  nlpdiving        :       0.27       0.00          9          0          0
  objpscostdiving  :       0.07       0.00         41          0          0
  octane           :       0.00       0.00          0          0          0
  ofins            :       0.04       0.00          0          0          0
  oneopt           :       0.04       0.00         14          0          0
  padm             :       0.00       0.00          0          0          0
  proximity        :       0.00       0.00          0          0          0
  pscostdiving     :       0.19       0.00         83          0          0
  randrounding     :       0.47       0.00      19534          0          0
  rens             :       1.51       0.00          1          1          1
  reoptsols        :       0.00       0.00          0          0          0
  repair           :       0.00       0.00          0          0          0
  rins             :       2.09       0.00         23          0          0
  rootsoldiving    :       0.09       0.00         41          0          0
  rounding         :       0.19       0.00       6143          0          0
  shiftandpropagate:       0.00       0.00          1          0          0
  shifting         :       0.07       0.00       2023          0          0
  simplerounding   :       0.07       0.00          0          0          0
  subnlp           :       0.99       0.00         49          0          0
  trivial          :       0.00       0.00          2          0          0
  trivialnegation  :       0.00       0.00          0          0          0
  trustregion      :       0.00       0.00          0          0          0
  trysol           :       0.04       0.00          0          0          0
  twoopt           :       0.00       0.00          0          0          0
  undercover       :       0.03       0.00          1          2          2
  vbounds          :       0.00       0.00          0          0          0
  veclendiving     :       0.02       0.00        308          0          0
  zeroobj          :       0.00       0.00          0          0          0
  zirounding       :       0.04       0.00       1000          0          0
  other solutions  :          -          -          -          0          -
Expressions        :   #IntEval  IntEvalTi   #RevProp  RevPropTi    DomReds    Cutoffs  #Estimate  EstimTime  Branching  #Simplify SimplifyTi Simplified
  pow              :    3302194       0.58      93542       0.07      93180          0     731061       0.16      48892         20       0.00          0
  prod             :   75419213       9.10    2530319       0.94     716927        513    2008065       0.19      93793        216       0.00          4
  sum              :   13048176       4.43   12289378       7.98    3371257        346         20       0.00          0         49       0.00         22
  var              :    6371136       0.28          0       0.00          0          0          0       0.00          0        473       0.00          0
  varidx           :          0       0.00          0       0.00          0          0          0       0.00          0          0       0.00          0
Nlhdlrs            :    Detects  DetectAll DetectTime   #IntEval  IntEvalTi   #RevProp  RevPropTi    DomReds    Cutoffs   #Enforce   EnfoTime       Cuts  Branching
  soc              :          0          0       0.00          0       0.00          0       0.00          0          0          0       0.00          0          0
  convex           :          0          0       0.00          0       0.00          0       0.00          0          0          0       0.00          0          0
  concave          :          0          0       0.00          0       0.00          0       0.00          0          0          0       0.00          0          0
  quotient         :          0          0       0.00          0       0.00          0       0.00          0          0          0       0.00          0          0
  quadratic        :          0          0       0.00          0       0.00          0       0.00          0          0          0       0.00          0          0
  default          :        192       1344       0.00   91769297      18.60   14913467      21.62    4181364        972    2739050       3.36     556759          0
  bilinear         :          8          8       0.00    2863937       0.12     966071       0.04          0          0     756359       0.07          0          0
  perspective      :          0          0       0.00          0       0.00          0       0.00          0          0          0       0.00          0          0
LP                 :       Time      Calls Iterations  Iter/call   Iter/sec  Time-0-It Calls-0-It    ItLimit
  primal LP        :      13.09      51000          0       0.00       0.00      13.09      51000
  dual LP          :      72.37     315626    1507755       5.00   20834.84       2.57      14130
  lex dual LP      :       0.00          0          0       0.00          -
  barrier LP       :       0.00          0          0       0.00          -       0.00          0
  resolve instable :       0.00          0          0       0.00          -
  diving/probing LP:       0.51        801       4779       5.97    9443.82
  strong branching :       0.59       2998      11783       3.93   19965.47          -          -        258
    (at root node) :          -         18        305      16.94          -
  conflict analysis:       0.00         10        100      10.00          -
NLP relaxation     :
  solve time       :       0.27 (9 calls)
  convexity        :  nonconvex (17 linear rows, 0 convex ineq., 0 nonconvex ineq., 20 nonlinear eq. or two-sided ineq.)
NLP Solvers        :  #Problems  ProblemTi    #Solves  SolveTime      #Iter  Time/Iter      #Okay #TimeLimit #IterLimit #LObjLimit #Interrupt  #NumError #EvalError  #OutOfMem #LicenseEr #OtherTerm   #GlobOpt    #LocOpt  #Feasible #LocInfeas #GlobInfea #Unbounded   #Unknown
  ipopt            :         33       0.86         43       1.42       1370       0.00         41          0          2          0          0          0          0          0          0          0          0          1          0         31          0          0         11
B&B Tree           :
  number of runs   :          1
  nodes            :     163242 (82447 internal, 80795 leaves)
  feasible leaves  :         11
  infeas. leaves   :      63652
  objective leaves :      17132
  nodes (total)    :     163242 (82447 internal, 80795 leaves)
  nodes left       :          0
  max depth        :         42
  max depth (total):         42
  backtracks       :      37557 (23.0%)
  early backtracks :          0 (0.0%)
  nodes exc. ref.  :          0 (0.0%)
  delayed cutoffs  :         27
  repropagations   :        365 (8045 domain reductions, 12 cutoffs)
  avg switch length:       4.05
  switching time   :      22.64
Root Node          :
  First LP value   : +0.00000000000000e+00
  First LP Iters   :          7 (9900.99 Iter/sec)
  First LP Time    :       0.00
  Final Dual Bound : +0.00000000000000e+00
  Final Root Iters :        266
  Root LP Estimate : +5.38136570099801e-03
Solution           :
  Solutions found  :         15 (15 improvements)
  First Solution   : +5.46649774181175e-01   (in run 1, after 1 nodes, 0.07 seconds, depth 0, found by <undercover>)
  Gap First Sol.   :   infinite
  Gap Last Sol.    :   infinite
  Primal Bound     : +3.47915058354051e-03   (in run 1, after 160181 nodes, 220.91 seconds, depth 34, found by <relaxation>)
  Dual Bound       : +3.47915058354051e-03
  Gap              :       0.00 %
Integrals          :      Total       Avg%
  primal-dual      :   22452.55     100.00
  primal-ref       :          -          - (not evaluated)
  dual-ref         :          -          - (not evaluated)
