SCIP Status        : solving was interrupted [time limit reached]
Total Time         :    3600.01
  solving          :    3600.00
  presolving       :       0.02 (included in solving)
  reading          :       0.01
  copying          :       0.42 (171 #copies) (minimal 0.00, maximal 0.01, average 0.00)
Original Problem   :
  Problem name     : wastepaper6
  Variables        : 136 (6 binary, 84 integer, 0 implicit integer, 46 continuous)
  Constraints      : 54 initial, 54 maximal
  Objective        : minimize, 1 non-zeros (abs.min = 1, abs.max = 1)
Presolved Problem  :
  Problem name     : t_wastepaper6
  Variables        : 356 (90 binary, 0 integer, 0 implicit integer, 266 continuous)
  Constraints      : 53 initial, 57 maximal
  Objective        : minimize, 1 non-zeros (abs.min = 1, abs.max = 1)
  Nonzeros         : 526 constraint, 88 clique table
Presolvers         :   ExecTime  SetupTime  Calls  FixedVars   AggrVars   ChgTypes  ChgBounds   AddHoles    DelCons    AddCons   ChgSides   ChgCoefs
  boundshift       :       0.00       0.00      0          0          0          0          0          0          0          0          0          0
  convertinttobin  :       0.00       0.00      0          0          0          0          0          0          0          0          0          0
  domcol           :       0.00       0.00      1          0          0          0          0          0          0          0          0          0
  dualagg          :       0.00       0.00      0          0          0          0          0          0          0          0          0          0
  dualcomp         :       0.00       0.00      1          0          0          0          0          0          0          0          0          0
  dualinfer        :       0.00       0.00      0          0          0          0          0          0          0          0          0          0
  dualsparsify     :       0.00       0.00      1          0          0          0          0          0          0          0          0          0
  gateextraction   :       0.00       0.00      0          0          0          0          0          0          0          0          0          0
  implics          :       0.00       0.00      2          0          0          0          0          0          0          0          0          0
  inttobinary      :       0.00       0.00      0          0          0          0          0          0          0          0          0          0
  qpkktref         :       0.00       0.00      0          0          0          0          0          0          0          0          0          0
  redvub           :       0.00       0.00      0          0          0          0          0          0          0          0          0          0
  sparsify         :       0.00       0.00      1          0          0          0          0          0          0          0          0          0
  stuffing         :       0.00       0.00      0          0          0          0          0          0          0          0          0          0
  trivial          :       0.00       0.00      3          0          0          0          0          0          0          0          0          0
  tworowbnd        :       0.00       0.00      0          0          0          0          0          0          0          0          0          0
  dualfix          :       0.00       0.00      3          0          0          0          0          0          0          0          0          0
  genvbounds       :       0.00       0.00      0          0          0          0          0          0          0          0          0          0
  probing          :       0.01       0.00      1          0          0          0          0          0          0          0          0          0
  pseudoobj        :       0.00       0.00      0          0          0          0          0          0          0          0          0          0
  symmetry         :       0.00       0.00      1          0          0          0          0          0          0          0          0          0
  vbounds          :       0.00       0.00      1          0          0          0          0          0          0          0          0          0
  varbound         :       0.00       0.00      0          0          0          0          0          0          0          0          0          0
  knapsack         :       0.00       0.00      0          0          0          0          0          0          0          0          0          0
  setppc           :       0.00       0.00      3          0          0          0          0          0          0          0          0          0
  linear           :       0.00       0.00      5          0          0          0          1          0          1          0          0          0
  logicor          :       0.00       0.00      0          0          0          0          0          0          0          0          0          0
  bounddisjunction :       0.00       0.00      0          0          0          0          0          0          0          0          0          0
  nonlinear        :       0.01       0.00      6          0          0          0          6          0          0          0          0          0
  benders          :       0.00       0.00      0          0          0          0          0          0          0          0          0          0
  components       :       0.00       0.00      1          0          0          0          0          0          0          0          0          0
  root node        :          -          -      -          4          -          -        274          -          -          -          -          -
Constraints        :     Number  MaxNumber  #Separate #Propagate    #EnfoLP    #EnfoRelax  #EnfoPS    #Check   #ResProp    Cutoffs    DomReds       Cuts    Applied      Conss   Children
  benderslp        :          0          0          0          0     732538          0          0     106311          0          0          0          0          0          0          0
  integral         :          0          0          0          0     732538          0          0     106311          0          0      23296          0          0        347    1312114
  varbound         :          0+         3          0      17876          0          0          0          0          1         91       1497          0          0          0          0
  knapsack         :          0+         1          0        173          0          0          0          0          1          2         11          0          0          0          0
  setppc           :         13+        15         25    7985666          4          0          0     106307        806      15078    2068020          0          0          0          0
  linear           :         12+        21         25    9022511         18          0          0      71077       1793      50549    7385288          0          0          0          0
  logicor          :          0+         6          0      84197          0          0          0          0          5        124       1206          0          0          0          0
  bounddisjunction :          0+         8          0       3533          0          0          0          0          0         11         58          0          0          0          0
  nonlinear        :         28         28    1598395    8971827      71617          0          0      71077          0      54235  111835402    6137209    5399981          0      73802
  benders          :          0          0          0          0         18          0          0         82          0          0          0          0          0          0          0
  countsols        :          0          0          0          0         18          0          0         82          0          0          0          0          0          0          0
  components       :          0          0          0          0          0          0          0          0          0          0          0          0          0          0          0
Constraint Timings :  TotalTime  SetupTime   Separate  Propagate     EnfoLP     EnfoPS     EnfoRelax   Check    ResProp    SB-Prop
  benderslp        :       0.22       0.00       0.00       0.00       0.21       0.00       0.00       0.01       0.00       0.00
  integral         :      31.72       0.00       0.00       0.00      31.70       0.00       0.00       0.02       0.00       0.00
  varbound         :       0.02       0.00       0.00       0.02       0.00       0.00       0.00       0.00       0.00       0.00
  knapsack         :       0.01       0.00       0.00       0.01       0.00       0.00       0.00       0.00       0.00       0.00
  setppc           :      11.26       0.00       0.00      10.87       0.00       0.00       0.00       0.30       0.00       0.09
  linear           :      18.18       0.00       0.00      17.80       0.00       0.00       0.00       0.17       0.00       0.21
  logicor          :       0.08       0.00       0.00       0.08       0.00       0.00       0.00       0.00       0.00       0.00
  bounddisjunction :       0.01       0.00       0.00       0.01       0.00       0.00       0.00       0.00       0.00       0.00
  nonlinear        :    1774.25       0.00     115.67    1636.11       3.85       0.00       0.00       2.09       0.00      16.53
  benders          :       0.00       0.00       0.00       0.00       0.00       0.00       0.00       0.00       0.00       0.00
  countsols        :       0.00       0.00       0.00       0.00       0.00       0.00       0.00       0.00       0.00       0.00
  components       :       0.28       0.00       0.00       0.27       0.00       0.00       0.00       0.00       0.00       0.00
Propagators        : #Propagate   #ResProp    Cutoffs    DomReds
  dualfix          :          4          0          0          0
  genvbounds       :    6506512        333       3893    5181255
  nlobbt           :          0          0          0          0
  obbt             :          3          0          0         12
  probing          :          0          0          0          0
  pseudoobj        :    9660294          0        132        642
  redcost          :    2831247          0          0          0
  rootredcost      :         37          0          0        105
  symmetry         :          0          0          0          0
  vbounds          :    1029294          0          0          0
Propagator Timings :  TotalTime  SetupTime   Presolve  Propagate    ResProp    SB-Prop
  dualfix          :       0.00       0.00       0.00       0.00       0.00       0.00
  genvbounds       :      15.17       0.00       0.00      15.16       0.00       0.01
  nlobbt           :       0.00       0.00       0.00       0.00       0.00       0.00
  obbt             :       0.02       0.00       0.00       0.02       0.00       0.00
  probing          :       0.01       0.00       0.01       0.00       0.00       0.00
  pseudoobj        :       3.03       0.00       0.00       3.03       0.00       0.00
  redcost          :       4.31       0.00       0.00       4.30       0.00       0.01
  rootredcost      :       1.33       0.00       0.00       1.33       0.00       0.01
  symmetry         :       0.95       0.00       0.00       0.94       0.00       0.01
  vbounds          :       1.57       0.00       0.00       1.56       0.00       0.01
Conflict Analysis  :       Time      Calls    Success    DomReds  Conflicts   Literals    Reconvs ReconvLits   Dualrays   Nonzeros   LP Iters   (pool size: [10000,10000])
  propagation      :       0.04      23676       2013          -       2021        3.5          0        0.0          -          -          -
  infeasible LP    :      25.30     455106     333052          -        436        3.9          0        0.0     332836       12.1          0
  bound exceed. LP :       2.02      37209        148          -          2        7.0          0        0.0        148       46.9        282
  strong branching :       0.00          0          0          -          0        0.0          0        0.0          -          -          0
  pseudo solution  :       0.00          0          0          -          0        0.0          0        0.0          -          -          -
  applied globally :       0.02          -          -          0         13        6.2          -          -       1234          -          -
  applied locally  :          -          -          -        216        521        7.6          -          -     331750          -          -
Separators         :   ExecTime  SetupTime      Calls  RootCalls    Cutoffs    DomReds  FoundCuts ViaPoolAdd  DirectAdd    Applied ViaPoolApp  DirectApp      Conss
  cut pool         :       0.30          -     175582         48          -          -       8482      12546          -          -          -          -          -    (maximal pool size:        286)
  aggregation      :      18.48       0.00      55080         24          0          0     177355       9564     170422      57108       3275      53833          0
  > cmir           :          -          -          -          -          -          -          -       8138     112903      33499       2523      30976          -
  > flowcover      :          -          -          -          -          -          -          -       1426      56212      23095        752      22343          -
  > knapsackcover  :          -          -          -          -          -          -          -          0       1307        514          0        514          -
  cgmip            :       0.00       0.00          0          0          0          0          0          0          0          0          0          0          0
  clique           :       0.00       0.00         24         24          0          0          0          0          0          0          0          0          0
  closecuts        :       0.00       0.00          0          0          0          0          0          0          0          0          0          0          0
  convexproj       :       0.00       0.00          0          0          0          0          0          0          0          0          0          0          0
  disjunctive      :       0.00       0.00          0          0          0          0          0          0          0          0          0          0          0
  eccuts           :       0.00       0.00          0          0          0          0          0          0          0          0          0          0          0
  gauge            :       0.00       0.00          0          0          0          0          0          0          0          0          0          0          0
  gomory           :       3.98       0.00      54538         10          0          0     196210       1597     195293      80594        676      79918          0
  > gomorymi       :          -          -          -          -          -          -          -       1597     185306      79988        676      79312          -
  > strongcg       :          -          -          -          -          -          -          -          0       9987        606          0        606          -
  impliedbounds    :       0.21       0.00      55080         24          0          0        625       1377          0       1110       1110          0          0
  interminor       :       0.00       0.00          0          0          0          0          0          0          0          0          0          0          0
  intobj           :       0.00       0.00          0          0          0          0          0          0          0          0          0          0          0
  mcf              :       0.00       0.00          4          4          0          0          0          0          0          0          0          0          0
  minor            :       0.04       0.00          0          0          0          0          0          0          0          0          0          0          0
  mixing           :       0.40       0.00      68728         25          0          0          0          0          0          0          0          0          0
  oddcycle         :       0.00       0.00          0          0          0          0          0          0          0          0          0          0          0
  rapidlearning    :       0.00       0.00          0          0          0          0          0          0          0          0          0          0          0
  rlt              :       0.00       0.00         10         10          0          0          7          8          0          7          7          0          0
  zerohalf         :       3.21       0.00      54548         20          0          0         19          0         19          8          0          8          0
Cutselectors       :   ExecTime  SetupTime      Calls  RootCalls   Selected     Forced   Filtered  RootSelec   RootForc   RootFilt 
  hybrid           :       2.75       0.00    1421920         25    5512467      17609     929483        204          0         96
Pricers            :   ExecTime  SetupTime      Calls       Vars
  problem variables:       0.00          -          0          0
Branching Rules    :   ExecTime  SetupTime   BranchLP  BranchExt   BranchPS    Cutoffs    DomReds       Cuts      Conss   Children
  allfullstrong    :       0.00       0.00          0          0          0          0          0          0          0          0
  cloud            :       0.00       0.00          0          0          0          0          0          0          0          0
  distribution     :       0.00       0.00          0          0          0          0          0          0          0          0
  fullstrong       :       0.00       0.00          0          0          0          0          0          0          0          0
  inference        :       0.00       0.00          0          0          0          0          0          0          0          0
  leastinf         :       0.00       0.00          0          0          0          0          0          0          0          0
  lookahead        :       0.00       0.00          0          0          0          0          0          0          0          0
  mostinf          :       0.00       0.00          0          0          0          0          0          0          0          0
  multaggr         :       0.00       0.00          0          0          0          0          0          0          0          0
  nodereopt        :       0.00       0.00          0          0          0          0          0          0          0          0
  pscost           :       0.00       0.00          0          0          0          0          0          0          0          0
  random           :       0.00       0.00          0          0          0          0          0          0          0          0
  relpscost        :      31.29       0.00     660921          0          0          0      23296          0        647    1312114
  vanillafullstrong:       0.00       0.00          0          0          0          0          0          0          0          0
Primal Heuristics  :   ExecTime  SetupTime      Calls      Found       Best
  LP solutions     :       0.11          -          -         18         18
  relax solutions  :       0.00          -          -          0          0
  pseudo solutions :       0.00          -          -          0          0
  strong branching :       0.07          -          -          0          0
  actconsdiving    :       0.00       0.00          0          0          0
  adaptivediving   :       1.25       0.00        629          0          0
  alns             :       3.77       0.00         33          0          0
  bound            :       0.00       0.00          0          0          0
  clique           :       0.01       0.00          1          0          0
  coefdiving       :       0.00       0.00          0          0          0
  completesol      :       0.00       0.00          0          0          0
  conflictdiving   :       0.14       0.00        802          0          0
  crossover        :      23.58       0.00         31          2          1
  dins             :       0.00       0.00          0          0          0
  distributiondivin:      12.60       0.00        314          0          0
  dps              :       0.00       0.00          0          0          0
  dualval          :       0.00       0.00          0          0          0
  farkasdiving     :       0.04       0.00          0          0          0
  feaspump         :       0.06       0.00         11          0          0
  fixandinfer      :       0.00       0.00          0          0          0
  fracdiving       :       0.09       0.00        797          0          0
  gins             :       0.29       0.00          0          0          0
  guideddiving     :       0.10       0.00        825          0          0
  indicator        :       0.42       0.00          0          0          0
  indicatordiving  :       0.00       0.00          0          0          0
  intdiving        :       0.00       0.00          0          0          0
  intshifting      :       0.04       0.00         29          0          0
  linesearchdiving :       0.10       0.00        811          0          0
  localbranching   :       0.00       0.00          0          0          0
  locks            :       0.01       0.00          1          0          0
  lpface           :       0.29       0.00          0          0          0
  mpec             :       1.12       0.00         11          0          0
  multistart       :       0.00       0.00          0          0          0
  mutation         :       0.00       0.00          0          0          0
  nlpdiving        :       0.79       0.00         11          2          2
  objpscostdiving  :       0.48       0.00        158          0          0
  octane           :       0.00       0.00          0          0          0
  ofins            :       0.23       0.00          0          0          0
  oneopt           :       0.37       0.00         37          0          0
  padm             :       0.00       0.00          0          0          0
  proximity        :       0.00       0.00          0          0          0
  pscostdiving     :       1.84       0.00        315          0          0
  randrounding     :       2.42       0.00      84499          0          0
  rens             :       0.61       0.00          1          0          0
  reoptsols        :       0.00       0.00          0          0          0
  repair           :       0.00       0.00          0          0          0
  rins             :      10.30       0.00        106          2          2
  rootsoldiving    :       0.63       0.00        158          0          0
  rounding         :       0.90       0.00      19420          0          0
  shiftandpropagate:       0.00       0.00          1          0          0
  shifting         :       0.37       0.00       6117          0          0
  simplerounding   :       0.53       0.00          0          0          0
  subnlp           :      29.94       0.00       1172         75         14
  trivial          :       0.00       0.00          2          0          0
  trivialnegation  :       0.00       0.00          0          0          0
  trustregion      :       0.00       0.00          0          0          0
  trysol           :       0.33       0.00          0          0          0
  twoopt           :       0.00       0.00          0          0          0
  undercover       :       0.02       0.00          1          0          0
  vbounds          :       0.00       0.00          0          0          0
  veclendiving     :       0.10       0.00        793          0          0
  zeroobj          :       0.00       0.00          0          0          0
  zirounding       :       0.27       0.00       1000          0          0
  other solutions  :          -          -          -          0          -
Expressions        :   #IntEval  IntEvalTi   #RevProp  RevPropTi    DomReds    Cutoffs  #Estimate  EstimTime  Branching  #Simplify SimplifyTi Simplified
  pow              :   46331820       8.00     979246       0.68     979115          0    7640664       1.31     325113         30       0.00          0
  prod             : 2022904577     249.19   34811666      12.83    9193069       3951   19946621       1.69     631711        444       0.00         12
  sum              :  221615648     104.63  206742227     187.98   47910466       3088         28       0.00          0         69       0.00         36
  var              :   76898933       3.44          0       0.00          0          0          0       0.00          0        947       0.00          0
  varidx           :          0       0.00          0       0.00          0          0          0       0.00          0          0       0.00          0
Nlhdlrs            :    Detects  DetectAll DetectTime   #IntEval  IntEvalTi   #RevProp  RevPropTi    DomReds    Cutoffs   #Enforce   EnfoTime       Cuts  Branching
  soc              :          0          0       0.00          0       0.00          0       0.00          0          0          0       0.00          0          0
  convex           :          0          0       0.00          0       0.00          0       0.00          0          0          0       0.00          0          0
  concave          :          0          0       0.00          0       0.00          0       0.00          0          0          0       0.00          0          0
  quotient         :          0          0       0.00          0       0.00          0       0.00          0          0          0       0.00          0          0
  quadratic        :          0          0       0.00          0       0.00          0       0.00          0          0          0       0.00          0          0
  default          :        356       2492       0.00 2290851449     473.46  242533547     453.96   58082650       7456   27587121      31.14    6137209          0
  bilinear         :         12         12       0.00   42731490       1.80   10569886       0.46          0          0    5827545       0.54          0          0
  perspective      :          0          0       0.00          0       0.00          0       0.00          0          0          0       0.00          0          0
LP                 :       Time      Calls Iterations  Iter/call   Iter/sec  Time-0-It Calls-0-It    ItLimit
  primal LP        :     196.28     495482          0       0.00       0.00     196.24     495482
  dual LP          :     985.58    2685818   22935718       8.86   23271.40      26.37      96276
  lex dual LP      :       0.00          0          0       0.00          -
  barrier LP       :       0.00          0          0       0.00          -       0.00          0
  resolve instable :       0.00          0          0       0.00          -
  diving/probing LP:       2.52       3543      34549       9.75   13727.69
  strong branching :       2.61       8521      67191       7.89   25768.74          -          -       2103
    (at root node) :          -         26        369      14.19          -
  conflict analysis:       0.01         28        282      10.07          -
NLP relaxation     :
  solve time       :       0.77 (14 calls)
  convexity        :  nonconvex (25 linear rows, 0 convex ineq., 0 nonconvex ineq., 28 nonlinear eq. or two-sided ineq.)
NLP Solvers        :  #Problems  ProblemTi    #Solves  SolveTime      #Iter  Time/Iter      #Okay #TimeLimit #IterLimit #LObjLimit #Interrupt  #NumError #EvalError  #OutOfMem #LicenseEr #OtherTerm   #GlobOpt    #LocOpt  #Feasible #LocInfeas #GlobInfea #Unbounded   #Unknown
  ipopt            :        902      10.80        910      21.61      22635       0.00        895          0         14          0          0          1          0          0          0          0          0        108          0        778          0          0         24
B&B Tree           :
  number of runs   :          1
  nodes            :    1353186 (692958 internal, 660228 leaves)
  feasible leaves  :         18
  infeas. leaves   :     575148
  objective leaves :      85061
  nodes (total)    :    1353186 (692958 internal, 660228 leaves)
  nodes left       :      22412
  max depth        :         59
  max depth (total):         59
  backtracks       :     254757 (18.8%)
  early backtracks :          0 (0.0%)
  nodes exc. ref.  :          0 (0.0%)
  delayed cutoffs  :        127
  repropagations   :       1185 (29252 domain reductions, 75 cutoffs)
  avg switch length:       3.76
  switching time   :     336.47
Root Node          :
  First LP value   : +0.00000000000000e+00
  First LP Iters   :          9 (13996.89 Iter/sec)
  First LP Time    :       0.00
  Final Dual Bound : +0.00000000000000e+00
  Final Root Iters :        476
  Root LP Estimate : +4.32565330710752e-03
Solution           :
  Solutions found  :         99 (37 improvements)
  First Solution   : +6.49000000000000e-01   (in run 1, after 1 nodes, 0.09 seconds, depth 0, found by <subnlp>)
  Gap First Sol.   :   infinite
  Gap Last Sol.    :   infinite
  Primal Bound     : +2.31271413912862e-04   (in run 1, after 85637 nodes, 232.41 seconds, depth 47, found by <relaxation>)
  Dual Bound       : +0.00000000000000e+00
  Gap              :   infinite
Integrals          :      Total       Avg%
  primal-dual      :  360000.29     100.00
  primal-ref       :          -          - (not evaluated)
  dual-ref         :          -          - (not evaluated)
