SCIP Status        : solving was interrupted [time limit reached]
Total Time         :    3600.28
  solving          :    3600.27
  presolving       :       0.01 (included in solving)
  reading          :       0.01
  copying          :       0.64 (88 #copies) (minimal 0.00, maximal 0.12, average 0.01)
Original Problem   :
  Problem name     : waters
  Variables        : 195 (14 binary, 0 integer, 0 implicit integer, 181 continuous)
  Constraints      : 151 initial, 151 maximal
  Objective        : minimize, 3 non-zeros (abs.min = 1, abs.max = 10)
Presolved Problem  :
  Problem name     : t_waters
  Variables        : 266 (14 binary, 0 integer, 0 implicit integer, 252 continuous)
  Constraints      : 149 initial, 173 maximal
  Objective        : minimize, 101 non-zeros (abs.min = 1.7, abs.max = 422.148)
  Nonzeros         : 651 constraint, 2 clique table
Presolvers         :   ExecTime  SetupTime  Calls  FixedVars   AggrVars   ChgTypes  ChgBounds   AddHoles    DelCons    AddCons   ChgSides   ChgCoefs
  boundshift       :       0.00       0.00      0          0          0          0          0          0          0          0          0          0
  convertinttobin  :       0.00       0.00      0          0          0          0          0          0          0          0          0          0
  domcol           :       0.00       0.00      2          0          0          0          0          0          0          0          0          0
  dualagg          :       0.00       0.00      0          0          0          0          0          0          0          0          0          0
  dualcomp         :       0.00       0.00      2          0          0          0          0          0          0          0          0          0
  dualinfer        :       0.00       0.00      0          0          0          0          0          0          0          0          0          0
  dualsparsify     :       0.00       0.00      1          0          0          0          0          0          0          0          0          0
  gateextraction   :       0.00       0.00      0          0          0          0          0          0          0          0          0          0
  implics          :       0.00       0.00      5          0          0          0          0          0          0          0          0          0
  inttobinary      :       0.00       0.00      0          0          0          0          0          0          0          0          0          0
  qpkktref         :       0.00       0.00      0          0          0          0          0          0          0          0          0          0
  redvub           :       0.00       0.00      0          0          0          0          0          0          0          0          0          0
  sparsify         :       0.00       0.00      1          0          0          0          0          0          0          0          0          0
  stuffing         :       0.00       0.00      0          0          0          0          0          0          0          0          0          0
  trivial          :       0.00       0.00      8          0          0          0          0          0          0          0          0          0
  tworowbnd        :       0.00       0.00      0          0          0          0          0          0          0          0          0          0
  dualfix          :       0.00       0.00      8          0          0          0          0          0          0          0          0          0
  genvbounds       :       0.00       0.00      0          0          0          0          0          0          0          0          0          0
  probing          :       0.00       0.00      2          0          0          0          2          0          0          0          0          0
  pseudoobj        :       0.00       0.00      0          0          0          0          0          0          0          0          0          0
  symmetry         :       0.00       0.00      1          0          0          0          0          0          0          0          0          0
  vbounds          :       0.00       0.00      0          0          0          0          0          0          0          0          0          0
  SOS1             :       0.00       0.00      3          0          0          0         14          0          0          0          0          0
  varbound         :       0.00       0.00      7          0          0          0          0          0          0          0          2          2
  setppc           :       0.00       0.00      0          0          0          0          0          0          0          0          0          0
  linear           :       0.00       0.00     12          0          2          0        199          0          2          0          0          0
  logicor          :       0.00       0.00      0          0          0          0          0          0          0          0          0          0
  bounddisjunction :       0.00       0.00      0          0          0          0          0          0          0          0          0          0
  nonlinear        :       0.00       0.00     15          0          0          0          1          0          0          0          0         -2
  benders          :       0.00       0.00      0          0          0          0          0          0          0          0          0          0
  components       :       0.00       0.00      1          0          0          0          0          0          0          0          0          0
  root node        :          -          -      -          0          -          -         53          -          -          -          -          -
Constraints        :     Number  MaxNumber  #Separate #Propagate    #EnfoLP    #EnfoRelax  #EnfoPS    #Check   #ResProp    Cutoffs    DomReds       Cuts    Applied      Conss   Children
  benderslp        :          0          0          0          0     671480          0         20     123251          0          0          0          0          0          0          0
  integral         :          0          0          0          0      51249          0          0     123251          0          0      13143          0          0        273      96586
  SOS1             :         14         14     186817    4103807     671480          0         20     123246          4         82      55131    1284147          0          0    1240462
  varbound         :         28         28        130    4051223          0          0         20       6672     281344     140815     330143          0          0          0          0
  setppc           :          0+         2          0    2073492          0          0          0          0       3035        135       3098          0          0          0          0
  linear           :         92+       101        130    3962823          2          0          0       1128     372447      46923    2749376          0          0          0          0
  logicor          :          0+         1          0         54          0          0          0          0          0          0          8          0          0          0          0
  bounddisjunction :          0+       970          0     291015          0          0          0          0       1931        231      12805          0          0          0          0
  nonlinear        :         15         15    1824817    3915669       1006          0         20       1126          0      73458    5195374    5676481    4865838          0       1354
  benders          :          0          0          0          0          2          0         20          2          0          0          0          0          0          0          0
  countsols        :          0          0          0          0          2          0         20          2          0          0          0          0          0          0          0
  components       :          0          0          0          0          0          0          0          0          0          0          0          0          0          0          0
Constraint Timings :  TotalTime  SetupTime   Separate  Propagate     EnfoLP     EnfoPS     EnfoRelax   Check    ResProp    SB-Prop
  benderslp        :       0.19       0.00       0.00       0.00       0.17       0.00       0.00       0.01       0.00       0.00
  integral         :       3.10       0.00       0.00       0.00       3.07       0.00       0.00       0.02       0.00       0.00
  SOS1             :       7.17       0.00       1.41       1.58       3.95       0.00       0.00       0.23       0.00       0.00
  varbound         :       5.28       0.00       0.00       5.15       0.00       0.00       0.00       0.01       0.07       0.04
  setppc           :       0.26       0.00       0.00       0.26       0.00       0.00       0.00       0.00       0.00       0.00
  linear           :      20.44       0.00       0.00      20.00       0.00       0.00       0.00       0.00       0.39       0.04
  logicor          :       0.00       0.00       0.00       0.00       0.00       0.00       0.00       0.00       0.00       0.00
  bounddisjunction :       0.56       0.00       0.00       0.55       0.00       0.00       0.00       0.00       0.00       0.01
  nonlinear        :     283.41       0.00     174.07     108.86       0.07       0.00       0.00       0.02       0.00       0.40
  benders          :       0.00       0.00       0.00       0.00       0.00       0.00       0.00       0.00       0.00       0.00
  countsols        :       0.00       0.00       0.00       0.00       0.00       0.00       0.00       0.00       0.00       0.00
  components       :       0.24       0.00       0.00       0.24       0.00       0.00       0.00       0.00       0.00       0.00
Propagators        : #Propagate   #ResProp    Cutoffs    DomReds
  dualfix          :          3          0          0          0
  genvbounds       :     797229       3343       4475     203234
  nlobbt           :          0          0          0          0
  obbt             :          2          0          0          4
  probing          :          0          0          0          0
  pseudoobj        :    3402280          0         43     165819
  redcost          :    2926040          0          0          0
  rootredcost      :          3          0          0          3
  symmetry         :          0          0          0          0
  vbounds          :     719472          0          0          0
Propagator Timings :  TotalTime  SetupTime   Presolve  Propagate    ResProp    SB-Prop
  dualfix          :       0.00       0.00       0.00       0.00       0.00       0.00
  genvbounds       :       3.52       0.00       0.00       3.52       0.00       0.00
  nlobbt           :       0.00       0.00       0.00       0.00       0.00       0.00
  obbt             :       0.14       0.00       0.00       0.14       0.00       0.00
  probing          :       0.00       0.00       0.00       0.00       0.00       0.00
  pseudoobj        :      12.10       0.00       0.00      12.10       0.00       0.00
  redcost          :       3.71       0.00       0.00       3.71       0.00       0.00
  rootredcost      :       0.62       0.00       0.00       0.62       0.00       0.00
  symmetry         :       0.34       0.00       0.00       0.34       0.00       0.00
  vbounds          :       0.87       0.00       0.00       0.86       0.00       0.00
Conflict Analysis  :       Time      Calls    Success    DomReds  Conflicts   Literals    Reconvs ReconvLits   Dualrays   Nonzeros   LP Iters   (pool size: [10000,10000])
  propagation      :       0.98     145659     127811          -     130348        2.2     120128        2.8          -          -          -
  infeasible LP    :       0.33      11286        990          -         53        2.1         35        3.0        990       13.9          0
  bound exceed. LP :       5.02      77099         15          -          0        0.0          0        0.0          9        1.0       3894
  strong branching :       0.00          0          0          -          0        0.0          0        0.0          -          -          0
  pseudo solution  :       0.00          0          0          -          0        0.0          0        0.0          -          -          -
  applied globally :       0.05          -          -          9       3243        2.0          -          -        181          -          -
  applied locally  :          -          -          -          0      31889        2.0          -          -        818          -          -
Separators         :   ExecTime  SetupTime      Calls  RootCalls    Cutoffs    DomReds  FoundCuts ViaPoolAdd  DirectAdd    Applied ViaPoolApp  DirectApp      Conss
  cut pool         :       2.42          -     200752        198          -          -      78439     474658          -          -          -          -          -    (maximal pool size:        788)
  aggregation      :      25.16       0.00      19253        126          0          0      77629     470748        330      60800      60708         92          0
  > cmir           :          -          -          -          -          -          -          -     465729        238      58442      58393         49          -
  > flowcover      :          -          -          -          -          -          -          -       4870         52       2231       2206         25          -
  > knapsackcover  :          -          -          -          -          -          -          -        149         40        127        109         18          -
  cgmip            :       0.00       0.00          0          0          0          0          0          0          0          0          0          0          0
  clique           :       0.00       0.00        126        126          0          0          0          0          0          0          0          0          0
  closecuts        :       0.00       0.00          0          0          0          0          0          0          0          0          0          0          0
  convexproj       :       0.00       0.00          0          0          0          0          0          0          0          0          0          0          0
  disjunctive      :       0.01       0.00         31         31          0          0        348          0        348         38          0         38          0
  eccuts           :       0.00       0.00          0          0          0          0          0          0          0          0          0          0          0
  gauge            :       0.00       0.00          0          0          0          0          0          0          0          0          0          0          0
  gomory           :       1.25       0.00      18265         10          0          0        971       3208         29        529        511         18          0
  > gomorymi       :          -          -          -          -          -          -          -       3208         28        529        511         18          -
  > strongcg       :          -          -          -          -          -          -          -          0          1          0          0          0          -
  impliedbounds    :       0.08       0.00      19253        126          0          0        160        498          0        195        195          0          0
  interminor       :       0.00       0.00          0          0          0          0          0          0          0          0          0          0          0
  intobj           :       0.00       0.00          0          0          0          0          0          0          0          0          0          0          0
  mcf              :       0.00       0.00          1          1          0          0          0          0          0          0          0          0          0
  minor            :       0.01       0.00          0          0          0          0          0          0          0          0          0          0          0
  mixing           :       0.14       0.00      20664        130          0          0         36        202          0        143        143          0          0
  oddcycle         :       0.00       0.00          0          0          0          0          0          0          0          0          0          0          0
  rapidlearning    :       0.03       0.00          0          0          0          0          0          0          0          0          0          0          0
  rlt              :       0.00       0.00         10         10          0          0          0          0          0          0          0          0          0
  zerohalf         :       1.01       0.00      18275         20          0          0          3          2          1          2          2          0          0
Cutselectors       :   ExecTime  SetupTime      Calls  RootCalls   Selected     Forced   Filtered  RootSelec   RootForc   RootFilt 
  hybrid           :       3.22       0.00    1650582        158    6540676      54252     891855       2169          0        532
Pricers            :   ExecTime  SetupTime      Calls       Vars
  problem variables:       0.00          -          0          0
Branching Rules    :   ExecTime  SetupTime   BranchLP  BranchExt   BranchPS    Cutoffs    DomReds       Cuts      Conss   Children
  allfullstrong    :       0.00       0.00          0          0          0          0          0          0          0          0
  cloud            :       0.00       0.00          0          0          0          0          0          0          0          0
  distribution     :       0.00       0.00          0          0          0          0          0          0          0          0
  fullstrong       :       0.00       0.00          0          0          0          0          0          0          0          0
  inference        :       0.00       0.00          0          0          0          0          0          0          0          0
  leastinf         :       0.00       0.00          0          0          0          0          0          0          0          0
  lookahead        :       0.00       0.00          0          0          0          0          0          0          0          0
  mostinf          :       0.00       0.00          0          0          0          0          0          0          0          0
  multaggr         :       0.00       0.00          0          0          0          0          0          0          0          0
  nodereopt        :       0.00       0.00          0          0          0          0          0          0          0          0
  pscost           :       0.00       0.00          0         20          0          0          0          0          0         40
  random           :       0.00       0.00          0          0          0          0          0          0          0          0
  relpscost        :       3.03       0.00      50243          0          0          0      13143          0        286      96586
  vanillafullstrong:       0.00       0.00          0          0          0          0          0          0          0          0
Primal Heuristics  :   ExecTime  SetupTime      Calls      Found       Best
  LP solutions     :       1.33          -          -          2          2
  relax solutions  :       0.00          -          -          0          0
  pseudo solutions :       0.00          -          -          0          0
  strong branching :       0.00          -          -          0          0
  actconsdiving    :       0.00       0.00          0          0          0
  adaptivediving   :       0.72       0.00        406          0          0
  alns             :       0.73       0.00         33          0          0
  bound            :       0.00       0.00          0          0          0
  clique           :       0.00       0.00          1          0          0
  coefdiving       :       0.00       0.00          0          0          0
  completesol      :       0.00       0.00          0          0          0
  conflictdiving   :      15.10       0.00      13221          0          0
  crossover        :       4.83       0.00          1          0          0
  dins             :       0.00       0.00          0          0          0
  distributiondivin:    1302.87       0.00      13221          0          0
  dps              :       0.00       0.00          0          0          0
  dualval          :       0.00       0.00          0          0          0
  farkasdiving     :       0.04       0.00          0          0          0
  feaspump         :       9.08       0.00       1272          0          0
  fixandinfer      :       0.00       0.00          0          0          0
  fracdiving       :      15.54       0.00      13221          0          0
  gins             :       0.22       0.00          0          0          0
  guideddiving     :      14.62       0.00      13221          0          0
  indicator        :       0.39       0.00          0          0          0
  indicatordiving  :       0.00       0.00          0          0          0
  intdiving        :       0.00       0.00          0          0          0
  intshifting      :       0.41       0.00        237          0          0
  linesearchdiving :      14.98       0.00      13221          0          0
  localbranching   :       0.00       0.00          0          0          0
  locks            :       0.00       0.00          1          0          0
  lpface           :       0.23       0.00          0          0          0
  mpec             :       0.00       0.00          0          0          0
  multistart       :       0.00       0.00          0          0          0
  mutation         :       0.00       0.00          0          0          0
  nlpdiving        :       0.55       0.00          4          0          0
  objpscostdiving  :      13.97       0.00       5186          0          0
  octane           :       0.00       0.00          0          0          0
  ofins            :       0.16       0.00          0          0          0
  oneopt           :       0.23       0.00          3          0          0
  padm             :       0.00       0.00          0          0          0
  proximity        :       0.00       0.00          0          0          0
  pscostdiving     :      15.96       0.00      13221          0          0
  randrounding     :       0.74       0.00     118418          0          0
  rens             :       0.01       0.00          1          0          0
  reoptsols        :       0.00       0.00          0          0          0
  repair           :       0.00       0.00          0          0          0
  rins             :      22.73       0.00         53          0          0
  rootsoldiving    :      15.45       0.00       3179          0          0
  rounding         :       0.69       0.00      21206          0          0
  shiftandpropagate:       0.00       0.00          1          0          0
  shifting         :       1.15       0.00       6454          0          0
  simplerounding   :       0.47       0.00          0          0          0
  subnlp           :      13.24       0.00         41          0          0
  trivial          :       0.00       0.00          2          0          0
  trivialnegation  :       0.00       0.00          0          0          0
  trustregion      :       0.00       0.00          0          0          0
  trysol           :       0.30       0.00          0          0          0
  twoopt           :       0.00       0.00          0          0          0
  undercover       :       0.00       0.00          1          0          0
  vbounds          :       0.00       0.00          0          0          0
  veclendiving     :      15.27       0.00      13220          1          1
  zeroobj          :       0.00       0.00          0          0          0
  zirounding       :       0.22       0.00       1000          0          0
  other solutions  :          -          -          -          0          -
Expressions        :   #IntEval  IntEvalTi   #RevProp  RevPropTi    DomReds    Cutoffs  #Estimate  EstimTime  Branching  #Simplify SimplifyTi Simplified
  pow              :   43300550       4.43    1978336       0.58    1597790          0   41130281       2.20       5524        116       0.00          0
  prod             :        480       0.00          0       0.00          0          0   15998388       1.65       8587        124       0.00         32
  sum              :        240       0.00          0       0.00          0          0         15       0.00          0        124       0.00         74
  val              :          0       0.00          0       0.00          0          0          0       0.00          0          0       0.00          0
  var              :   26741549       1.39          0       0.00          0          0          0       0.00          0        394       0.00          0
  varidx           :          0       0.00          0       0.00          0          0          0       0.00          0          0       0.00          0
Nlhdlrs            :    Detects  DetectAll DetectTime   #IntEval  IntEvalTi   #RevProp  RevPropTi    DomReds    Cutoffs   #Enforce   EnfoTime       Cuts  Branching
  soc              :          0          0       0.00          0       0.00          0       0.00          0          0          0       0.00          0          0
  convex           :          0          0       0.00          0       0.00          0       0.00          0          0          0       0.00          0          0
  concave          :          0          0       0.00          0       0.00          0       0.00          0          0          0       0.00          0          0
  quotient         :          0          0       0.00          0       0.00          0       0.00          0          0          0       0.00          0          0
  quadratic        :         15        240       0.00   21410046      18.14   21160631      43.13    8522706      27438          0       0.00          0          0
  default          :        140       1565       0.00   43301215       6.94    1978604       4.80    1597790          3   57128626      54.22    4085345          0
  bilinear         :         30         30       0.00          0       0.00          0       0.00          0          0   14501333       2.83        620          0
  perspective      :         16         16       0.00          0       0.00          0       0.00          4          0   17018412      58.29    3181040        357
LP                 :       Time      Calls Iterations  Iter/call   Iter/sec  Time-0-It Calls-0-It    ItLimit
  primal LP        :     251.53     493526          0       0.00       0.00     251.48     493526
  dual LP          :    1154.61    2466040   22153872       9.00   19187.26       0.90       3698
  lex dual LP      :       0.00          0          0       0.00          -
  barrier LP       :       0.00          0          0       0.00          -       0.00          0
  resolve instable :       0.01          6        171      28.50          -
  diving/probing LP:      63.94     105951    1535132      14.49   24009.13
  strong branching :       1.11       2589      37294      14.40   33653.10          -          -       1089
    (at root node) :          -          0          0       0.00          -
  conflict analysis:       0.11        344       3894      11.32   36366.69
NLP relaxation     :
  solve time       :       0.52 (10 calls)
  convexity        :  nonconvex (120 linear rows, 0 convex ineq., 0 nonconvex ineq., 15 nonlinear eq. or two-sided ineq.)
NLP Solvers        :  #Problems  ProblemTi    #Solves  SolveTime      #Iter  Time/Iter      #Okay #TimeLimit #IterLimit #LObjLimit #Interrupt  #NumError #EvalError  #OutOfMem #LicenseEr #OtherTerm   #GlobOpt    #LocOpt  #Feasible #LocInfeas #GlobInfea #Unbounded   #Unknown
  ipopt            :         43       3.80         53      12.64       6605       0.00         50          0          3          0          0          0          0          0          0          0          0         47          2          0          0          0          4
B&B Tree           :
  number of runs   :          1
  nodes            :     954678 (669221 internal, 285457 leaves)
  feasible leaves  :          2
  infeas. leaves   :      87185
  objective leaves :     198270
  nodes (total)    :     954678 (669221 internal, 285457 leaves)
  nodes left       :     382325
  max depth        :         56
  max depth (total):         56
  backtracks       :     133383 (14.0%)
  early backtracks :          0 (0.0%)
  nodes exc. ref.  :          0 (0.0%)
  delayed cutoffs  :         66
  repropagations   :       2488 (4578 domain reductions, 29 cutoffs)
  avg switch length:       4.78
  switching time   :     370.94
Root Node          :
  First LP value   : +2.25376626383718e+01
  First LP Iters   :         74 (56145.68 Iter/sec)
  First LP Time    :       0.00
  Final Dual Bound : +3.31137763656217e+01
  Final Root Iters :       1709
  Root LP Estimate : +4.32267665104480e+02
Solution           :
  Solutions found  :          3 (3 improvements)
  First Solution   : +1.14646213218554e+03   (in run 1, after 285 nodes, 2.31 seconds, depth 21, found by <relaxation>)
  Gap First Sol.   :    3065.66 %
  Gap Last Sol.    :     690.44 %
  Primal Bound     : +1.04040947441371e+03   (in run 1, after 603094 nodes, 1881.11 seconds, depth 24, found by <relaxation>)
  Dual Bound       : +1.39567269146038e+02
  Gap              :     645.45 %
Integrals          :      Total       Avg%
  primal-dual      :  316610.28      87.94
  primal-ref       :          -          - (not evaluated)
  dual-ref         :          -          - (not evaluated)
