SCIP Status        : solving was interrupted [time limit reached]
Total Time         :    3600.31
  solving          :    3600.31
  presolving       :       0.01 (included in solving)
  reading          :       0.01
  copying          :       0.36 (100 #copies) (minimal 0.00, maximal 0.06, average 0.00)
Original Problem   :
  Problem name     : watersbp
  Variables        : 195 (28 binary, 0 integer, 0 implicit integer, 167 continuous)
  Constraints      : 151 initial, 151 maximal
  Objective        : minimize, 3 non-zeros (abs.min = 1, abs.max = 10)
Presolved Problem  :
  Problem name     : t_watersbp
  Variables        : 266 (28 binary, 0 integer, 0 implicit integer, 238 continuous)
  Constraints      : 149 initial, 308 maximal
  Objective        : minimize, 101 non-zeros (abs.min = 1.7, abs.max = 422.148)
  Nonzeros         : 637 constraint, 8 clique table
Presolvers         :   ExecTime  SetupTime  Calls  FixedVars   AggrVars   ChgTypes  ChgBounds   AddHoles    DelCons    AddCons   ChgSides   ChgCoefs
  boundshift       :       0.00       0.00      0          0          0          0          0          0          0          0          0          0
  convertinttobin  :       0.00       0.00      0          0          0          0          0          0          0          0          0          0
  domcol           :       0.00       0.00      2          0          0          0          0          0          0          0          0          0
  dualagg          :       0.00       0.00      0          0          0          0          0          0          0          0          0          0
  dualcomp         :       0.00       0.00      2          0          0          0          0          0          0          0          0          0
  dualinfer        :       0.00       0.00      0          0          0          0          0          0          0          0          0          0
  dualsparsify     :       0.00       0.00      1          0          0          0          0          0          0          0          0          0
  gateextraction   :       0.00       0.00      0          0          0          0          0          0          0          0          0          0
  implics          :       0.00       0.00      5          0          0          0          0          0          0          0          0          0
  inttobinary      :       0.00       0.00      0          0          0          0          0          0          0          0          0          0
  qpkktref         :       0.00       0.00      0          0          0          0          0          0          0          0          0          0
  redvub           :       0.00       0.00      0          0          0          0          0          0          0          0          0          0
  sparsify         :       0.00       0.00      1          0          0          0          0          0          0          0          0          0
  stuffing         :       0.00       0.00      0          0          0          0          0          0          0          0          0          0
  trivial          :       0.00       0.00      8          0          0          0          0          0          0          0          0          0
  tworowbnd        :       0.00       0.00      0          0          0          0          0          0          0          0          0          0
  dualfix          :       0.00       0.00      8          0          0          0          0          0          0          0          0          0
  genvbounds       :       0.00       0.00      0          0          0          0          0          0          0          0          0          0
  probing          :       0.00       0.00      2          0          0          0          2          0          0          0          0          0
  pseudoobj        :       0.00       0.00      0          0          0          0          0          0          0          0          0          0
  symmetry         :       0.00       0.00      1          0          0          0          0          0          0          0          0          0
  vbounds          :       0.00       0.00      1          0          0          0          0          0          0          0          0          0
  SOS1             :       0.00       0.00      3          0          0          0         14          0          0          0          0          0
  varbound         :       0.00       0.00      7          0          0          0          0          0          0          0          2          4
  setppc           :       0.00       0.00      0          0          0          0          0          0          0          0          0          0
  linear           :       0.00       0.00     12          0          2          0        185          0          2          0          0          0
  logicor          :       0.00       0.00      0          0          0          0          0          0          0          0          0          0
  bounddisjunction :       0.00       0.00      0          0          0          0          0          0          0          0          0          0
  nonlinear        :       0.00       0.00     15          0          0          0          1          0          0          0          0         -4
  benders          :       0.00       0.00      0          0          0          0          0          0          0          0          0          0
  components       :       0.00       0.00      1          0          0          0          0          0          0          0          0          0
  root node        :          -          -      -          0          -          -         88          -          -          -          -          -
Constraints        :     Number  MaxNumber  #Separate #Propagate    #EnfoLP    #EnfoRelax  #EnfoPS    #Check   #ResProp    Cutoffs    DomReds       Cuts    Applied      Conss   Children
  benderslp        :          0          0          0          0     663247          0       1880     173671          0          0          0          0          0          0          0
  integral         :          0          0          0          0     334575          0          0     173671          0          0       7504          0          0         18     651864
  SOS1             :         14         14     238745    2881987     663247          0       1880     173666        116         67      60172    1120151          0          0     657344
  varbound         :         84         84         82    2878692         10          0       1880      81089     109824      21805    1393512          0          0          0          0
  setppc           :          0+         4         47     532040          0          0          0          0       3022         94      33294          0          0          0          0
  linear           :         36+        50         82    2860021        142          0          0        591      49744      59538    2593909         90         13          0          0
  logicor          :          0+        23         75     232285          0          0          0          0       5137        851      58460          0          0          0          0
  bounddisjunction :          0+       460          0     781961          0          0          0          0       6222       3397     256768          0          0          0          0
  nonlinear        :         15         15    2065076    2796235       6938          0       1880        589          0      38065    7922358    6447341    4945558          0       9796
  benders          :          0          0          0          0        142          0       1880          7          0          0          0          0          0          0          0
  countsols        :          0          0          0          0        142          0       1880          7          0          0          0          0          0          0          0
  components       :          0          0          0          0          0          0          0          0          0          0          0          0          0          0          0
Constraint Timings :  TotalTime  SetupTime   Separate  Propagate     EnfoLP     EnfoPS     EnfoRelax   Check    ResProp    SB-Prop
  benderslp        :       0.24       0.00       0.00       0.00       0.22       0.00       0.00       0.02       0.00       0.00
  integral         :       8.84       0.00       0.00       0.00       8.79       0.00       0.00       0.05       0.00       0.00
  SOS1             :       7.39       0.00       2.17       0.88       3.65       0.01       0.00       0.67       0.00       0.00
  varbound         :       8.36       0.00       0.00       8.01       0.00       0.02       0.00       0.23       0.05       0.05
  setppc           :       0.33       0.00       0.00       0.32       0.00       0.00       0.00       0.00       0.00       0.01
  linear           :      14.63       0.00       0.00      14.49       0.00       0.00       0.00       0.00       0.08       0.05
  logicor          :       0.68       0.00       0.00       0.67       0.00       0.00       0.00       0.00       0.00       0.00
  bounddisjunction :       4.36       0.00       0.00       4.33       0.00       0.00       0.00       0.00       0.01       0.02
  nonlinear        :     490.84       0.00     397.25      92.84       0.40       0.07       0.00       0.01       0.00       0.26
  benders          :       0.00       0.00       0.00       0.00       0.00       0.00       0.00       0.00       0.00       0.00
  countsols        :       0.00       0.00       0.00       0.00       0.00       0.00       0.00       0.00       0.00       0.00
  components       :       0.29       0.00       0.00       0.29       0.00       0.00       0.00       0.00       0.00       0.00
Propagators        : #Propagate   #ResProp    Cutoffs    DomReds
  dualfix          :          2          0          0          0
  genvbounds       :     736275       7645      14992     473857
  nlobbt           :          0          0          0          0
  obbt             :          2          0          0          2
  probing          :          0          0          0          0
  pseudoobj        :    3257153         35         66     106139
  redcost          :    3025305          0          0          0
  rootredcost      :         24          0          0         25
  symmetry         :          0          0          0          0
  vbounds          :     941124          0          0          0
Propagator Timings :  TotalTime  SetupTime   Presolve  Propagate    ResProp    SB-Prop
  dualfix          :       0.00       0.00       0.00       0.00       0.00       0.00
  genvbounds       :       4.11       0.00       0.00       4.10       0.01       0.00
  nlobbt           :       0.00       0.00       0.00       0.00       0.00       0.00
  obbt             :       0.11       0.00       0.00       0.11       0.00       0.00
  probing          :       0.00       0.00       0.00       0.00       0.00       0.00
  pseudoobj        :      11.75       0.00       0.00      11.75       0.00       0.00
  redcost          :       4.27       0.00       0.00       4.27       0.00       0.00
  rootredcost      :       0.68       0.00       0.00       0.68       0.00       0.00
  symmetry         :       0.38       0.00       0.00       0.37       0.00       0.00
  vbounds          :       1.04       0.00       0.00       1.03       0.00       0.00
Conflict Analysis  :       Time      Calls    Success    DomReds  Conflicts   Literals    Reconvs ReconvLits   Dualrays   Nonzeros   LP Iters   (pool size: [10000,10000])
  propagation      :       0.34      41310      36680          -      38051        3.5      23834        4.1          -          -          -
  infeasible LP    :       0.26       3989       2302          -         29        2.8         10        4.0       2302       14.7          0
  bound exceed. LP :       8.71     110994         15          -          0        0.0          0        0.0          9        1.0       1253
  strong branching :       0.00          0          0          -          0        0.0          0        0.0          -          -          0
  pseudo solution  :       0.00          0          0          -          0        0.0          0        0.0          -          -          -
  applied globally :       0.07          -          -          9      12030        3.6          -          -         84          -          -
  applied locally  :          -          -          -          0       7389        3.0          -          -       2227          -          -
Separators         :   ExecTime  SetupTime      Calls  RootCalls    Cutoffs    DomReds  FoundCuts ViaPoolAdd  DirectAdd    Applied ViaPoolApp  DirectApp      Conss
  cut pool         :       5.72          -     277618        149          -          -     219137     719960          -          -          -          -          -    (maximal pool size:        984)
  aggregation      :     100.30       0.00      83232         82          0          0     208646     686866         91     132556     132538         18          0
  > cmir           :          -          -          -          -          -          -          -     622671         37     108548     108543          5          -
  > flowcover      :          -          -          -          -          -          -          -      57811         37      20497      20488          9          -
  > knapsackcover  :          -          -          -          -          -          -          -       6384         17       3511       3507          4          -
  cgmip            :       0.00       0.00          0          0          0          0          0          0          0          0          0          0          0
  clique           :       0.00       0.00         82         82          0          0          0          0          0          0          0          0          0
  closecuts        :       0.00       0.00          0          0          0          0          0          0          0          0          0          0          0
  convexproj       :       0.00       0.00          0          0          0          0          0          0          0          0          0          0          0
  disjunctive      :       0.00       0.00          6          6          0          0         14          0         14          8          0          8          0
  eccuts           :       0.00       0.00          0          0          0          0          0          0          0          0          0          0          0
  gauge            :       0.00       0.00          0          0          0          0          0          0          0          0          0          0          0
  gomory           :      37.36       0.00      77840         10          0          0       7898      21500         42       4463       4450         13          0
  > gomorymi       :          -          -          -          -          -          -          -      21310         42       4400       4387         13          -
  > strongcg       :          -          -          -          -          -          -          -        190          0         63         63          0          -
  impliedbounds    :       0.54       0.00      83232         82          0          0       1159       2977          0        848        848          0          0
  interminor       :       0.00       0.00          0          0          0          0          0          0          0          0          0          0          0
  intobj           :       0.00       0.00          0          0          0          0          0          0          0          0          0          0          0
  mcf              :       0.00       0.00          1          1          0          0          0          0          0          0          0          0          0
  minor            :       0.06       0.00          0          0          0          0          0          0          0          0          0          0          0
  mixing           :       1.07       0.00      83692         82          0          0        530       3647          0       1078       1078          0          0
  oddcycle         :       0.00       0.00          0          0          0          0          0          0          0          0          0          0          0
  rapidlearning    :       0.03       0.00          0          0          0          0          0          0          0          0          0          0          0
  rlt              :       0.00       0.00         10         10          0          0          0          0          0          0          0          0          0
  zerohalf         :       4.87       0.00      77850         20          0          0       1011       4970          5       2005       2002          3          0
Cutselectors       :   ExecTime  SetupTime      Calls  RootCalls   Selected     Forced   Filtered  RootSelec   RootForc   RootFilt 
  hybrid           :       3.82       0.00    1772501         87    5821304      22812    2453963        247          0       1740
Pricers            :   ExecTime  SetupTime      Calls       Vars
  problem variables:       0.00          -          0          0
Branching Rules    :   ExecTime  SetupTime   BranchLP  BranchExt   BranchPS    Cutoffs    DomReds       Cuts      Conss   Children
  allfullstrong    :       0.00       0.00          0          0          0          0          0          0          0          0
  cloud            :       0.00       0.00          0          0          0          0          0          0          0          0
  distribution     :       0.00       0.00          0          0          0          0          0          0          0          0
  fullstrong       :       0.00       0.00          0          0          0          0          0          0          0          0
  inference        :       0.00       0.00          0          0          0          0          0          0          0          0
  leastinf         :       0.00       0.00          0          0          0          0          0          0          0          0
  lookahead        :       0.00       0.00          0          0          0          0          0          0          0          0
  mostinf          :       0.00       0.00          0          0          0          0          0          0          0          0
  multaggr         :       0.00       0.00          0          0          0          0          0          0          0          0
  nodereopt        :       0.00       0.00          0          0          0          0          0          0          0          0
  pscost           :       0.04       0.00          0       2003          0          0          0          0          0       4006
  random           :       0.00       0.00          0          0          0          0          0          0          0          0
  relpscost        :       8.49       0.00     327637          0          0          0       7504          0         19     651864
  vanillafullstrong:       0.00       0.00          0          0          0          0          0          0          0          0
Primal Heuristics  :   ExecTime  SetupTime      Calls      Found       Best
  LP solutions     :       0.00          -          -         19         19
  relax solutions  :       0.00          -          -          0          0
  pseudo solutions :       0.00          -          -          0          0
  strong branching :       0.00          -          -          0          0
  actconsdiving    :       0.00       0.00          0          0          0
  adaptivediving   :       0.82       0.00        243          0          0
  alns             :       4.35       0.00         28          0          0
  bound            :       0.00       0.00          0          0          0
  clique           :       0.00       0.00          1          0          0
  coefdiving       :       0.00       0.00          0          0          0
  completesol      :       0.00       0.00          0          0          0
  conflictdiving   :       3.64       0.00       1597          0          0
  crossover        :      19.39       0.00         17          2          1
  dins             :       0.00       0.00          0          0          0
  distributiondivin:     327.26       0.00       1596          0          0
  dps              :       0.00       0.00          0          0          0
  dualval          :       0.00       0.00          0          0          0
  farkasdiving     :       0.04       0.00          0          0          0
  feaspump         :       0.03       0.00          2          0          0
  fixandinfer      :       0.00       0.00          0          0          0
  fracdiving       :       3.61       0.00       1596          0          0
  gins             :       0.35       0.00          0          0          0
  guideddiving     :       3.43       0.00       1596          0          0
  indicator        :       0.44       0.00          0          0          0
  indicatordiving  :       0.00       0.00          0          0          0
  intdiving        :       0.00       0.00          0          0          0
  intshifting      :       0.30       0.00        163          0          0
  linesearchdiving :       3.96       0.00       1596          0          0
  localbranching   :       0.00       0.00          0          0          0
  locks            :       0.01       0.00          1          0          0
  lpface           :       0.30       0.00          0          0          0
  mpec             :       0.01       0.00          0          0          0
  multistart       :       0.00       0.00          0          0          0
  mutation         :       0.00       0.00          0          0          0
  nlpdiving        :       0.91       0.00         14          4          4
  objpscostdiving  :       6.46       0.00        799          0          0
  octane           :       0.00       0.00          0          0          0
  ofins            :       0.22       0.00          0          0          0
  oneopt           :       0.34       0.00         24          0          0
  padm             :       0.00       0.00          0          0          0
  proximity        :       0.00       0.00          0          0          0
  pscostdiving     :       4.71       0.00       1597          0          0
  randrounding     :       1.95       0.00     172806          0          0
  rens             :       0.00       0.00          0          0          0
  reoptsols        :       0.00       0.00          0          0          0
  repair           :       0.00       0.00          0          0          0
  rins             :       8.00       0.00         55          0          0
  rootsoldiving    :       7.90       0.00        799          0          0
  rounding         :       0.85       0.00      21460          0          0
  shiftandpropagate:       0.00       0.00          1          0          0
  shifting         :       1.77       0.00       7307          0          0
  simplerounding   :       0.57       0.00          0          0          0
  subnlp           :       6.92       0.00         64          0          0
  trivial          :       0.00       0.00          2          0          0
  trivialnegation  :       0.00       0.00          0          0          0
  trustregion      :       0.00       0.00          0          0          0
  trysol           :       0.33       0.00          0          0          0
  twoopt           :       0.00       0.00          0          0          0
  undercover       :       0.00       0.00          1          0          0
  vbounds          :       0.00       0.00          0          0          0
  veclendiving     :       4.54       0.00       1597          0          0
  zeroobj          :       0.00       0.00          0          0          0
  zirounding       :       0.30       0.00       1000          0          0
  other solutions  :          -          -          -          0          -
Expressions        :   #IntEval  IntEvalTi   #RevProp  RevPropTi    DomReds    Cutoffs  #Estimate  EstimTime  Branching  #Simplify SimplifyTi Simplified
  pow              :   35843273       4.23    1254787       0.46     960842          0   70511700       3.61      25481        116       0.00          0
  prod             :        480       0.00          0       0.00          0          0   49623373       4.08      39381        124       0.00         32
  sum              :        240       0.00          0       0.00          0          0         15       0.00          0        124       0.00         46
  val              :          0       0.00          0       0.00          0          0          0       0.00          0          0       0.00          0
  var              :   19181184       1.14          0       0.00          0          0          0       0.00          0        394       0.00          0
  varidx           :          0       0.00          0       0.00          0          0          0       0.00          0          0       0.00          0
Nlhdlrs            :    Detects  DetectAll DetectTime   #IntEval  IntEvalTi   #RevProp  RevPropTi    DomReds    Cutoffs   #Enforce   EnfoTime       Cuts  Branching
  soc              :          0          0       0.00          0       0.00          0       0.00          0          0          0       0.00          0          0
  convex           :          0          0       0.00          0       0.00          0       0.00          0          0          0       0.00          0          0
  concave          :          0          0       0.00          0       0.00          0       0.00          0          0          0       0.00          0          0
  quotient         :          0          0       0.00          0       0.00          0       0.00          0          0          0       0.00          0          0
  quadratic        :         15        240       0.00   16061397      15.58   15942428      34.79    5870873      14781          0       0.00          0          0
  default          :        140       1565       0.00   35843938       6.38    1255055       3.07     960842         83  120135030     111.16    1950342          0
  bilinear         :         30         30       0.00          0       0.00          0       0.00          0          0   49095754       5.83        523          0
  perspective      :         56         56       0.00          0       0.00          0       0.00      18555          3   56806262     245.34    8031697       9898
LP                 :       Time      Calls Iterations  Iter/call   Iter/sec  Time-0-It Calls-0-It    ItLimit
  primal LP        :     316.08     425982        270      45.00       0.85     316.02     425976
  dual LP          :    1715.73    2670287   25567848       9.60   14902.00       1.74       7528
  lex dual LP      :       0.00          0          0       0.00          -
  barrier LP       :       0.00          0          0       0.00          -       0.00          0
  resolve instable :       0.00          2         47      23.50          -
  diving/probing LP:      28.11      33398     626027      18.74   22270.07
  strong branching :       1.80       2511      47358      18.86   26367.19          -          -       1040
    (at root node) :          -          0          0       0.00          -
  conflict analysis:       0.04         80       1253      15.66   32642.96
NLP relaxation     :
  solve time       :       0.88 (22 calls)
  convexity        :  nonconvex (120 linear rows, 0 convex ineq., 0 nonconvex ineq., 15 nonlinear eq. or two-sided ineq.)
NLP Solvers        :  #Problems  ProblemTi    #Solves  SolveTime      #Iter  Time/Iter      #Okay #TimeLimit #IterLimit #LObjLimit #Interrupt  #NumError #EvalError  #OutOfMem #LicenseEr #OtherTerm   #GlobOpt    #LocOpt  #Feasible #LocInfeas #GlobInfea #Unbounded   #Unknown
  ipopt            :         63       3.31         85       5.94       4906       0.00         81          0          4          0          0          0          0          0          0          0          0         67          0          4          0          0         14
B&B Tree           :
  number of runs   :          1
  nodes            :    1060419 (661505 internal, 398914 leaves)
  feasible leaves  :         19
  infeas. leaves   :     122647
  objective leaves :     276247
  nodes (total)    :    1060419 (661505 internal, 398914 leaves)
  nodes left       :     257249
  max depth        :         97
  max depth (total):         97
  backtracks       :     158378 (14.9%)
  early backtracks :          0 (0.0%)
  nodes exc. ref.  :          0 (0.0%)
  delayed cutoffs  :         12
  repropagations   :       2995 (1605 domain reductions, 8 cutoffs)
  avg switch length:       5.27
  switching time   :     429.84
Root Node          :
  First LP value   : +2.25376626383718e+01
  First LP Iters   :         35 (9848.06 Iter/sec)
  First LP Time    :       0.00
  Final Dual Bound : +5.51671023555559e+01
  Final Root Iters :       1200
  Root LP Estimate : +1.85629040413380e+03
Solution           :
  Solutions found  :         25 (24 improvements)
  First Solution   : +1.69112549638735e+03   (in run 1, after 469 nodes, 3.05 seconds, depth 46, found by <relaxation>)
  Gap First Sol.   :    2883.04 %
  Gap Last Sol.    :     923.54 %
  Primal Bound     : +9.25549079621255e+02   (in run 1, after 821442 nodes, 2625.50 seconds, depth 49, found by <crossover>)
  Dual Bound       : +9.20559196181927e+01
  Gap              :     905.42 %
Integrals          :      Total       Avg%
  primal-dual      :  327381.11      90.93
  primal-ref       :          -          - (not evaluated)
  dual-ref         :          -          - (not evaluated)
