SCIP Status        : solving was interrupted [time limit reached]
Total Time         :    3601.13
  solving          :    3601.12
  presolving       :       0.02 (included in solving)
  reading          :       0.01
  copying          :       1.44 (91 #copies) (minimal 0.00, maximal 0.62, average 0.02)
Original Problem   :
  Problem name     : waters
  Variables        : 195 (14 binary, 0 integer, 0 implicit integer, 181 continuous)
  Constraints      : 151 initial, 151 maximal
  Objective        : minimize, 3 non-zeros (abs.min = 1, abs.max = 10)
Presolved Problem  :
  Problem name     : t_waters
  Variables        : 266 (14 binary, 0 integer, 0 implicit integer, 252 continuous)
  Constraints      : 149 initial, 175 maximal
  Objective        : minimize, 101 non-zeros (abs.min = 1.7, abs.max = 422.148)
  Nonzeros         : 651 constraint, 2 clique table
Presolvers         :   ExecTime  SetupTime  Calls  FixedVars   AggrVars   ChgTypes  ChgBounds   AddHoles    DelCons    AddCons   ChgSides   ChgCoefs
  boundshift       :       0.00       0.00      0          0          0          0          0          0          0          0          0          0
  convertinttobin  :       0.00       0.00      0          0          0          0          0          0          0          0          0          0
  domcol           :       0.00       0.00      2          0          0          0          0          0          0          0          0          0
  dualagg          :       0.00       0.00      0          0          0          0          0          0          0          0          0          0
  dualcomp         :       0.00       0.00      2          0          0          0          0          0          0          0          0          0
  dualinfer        :       0.00       0.00      0          0          0          0          0          0          0          0          0          0
  dualsparsify     :       0.00       0.00      1          0          0          0          0          0          0          0          0          0
  gateextraction   :       0.00       0.00      0          0          0          0          0          0          0          0          0          0
  implics          :       0.00       0.00      5          0          0          0          0          0          0          0          0          0
  inttobinary      :       0.00       0.00      0          0          0          0          0          0          0          0          0          0
  qpkktref         :       0.00       0.00      0          0          0          0          0          0          0          0          0          0
  redvub           :       0.00       0.00      0          0          0          0          0          0          0          0          0          0
  sparsify         :       0.00       0.00      1          0          0          0          0          0          0          0          0          0
  stuffing         :       0.00       0.00      0          0          0          0          0          0          0          0          0          0
  trivial          :       0.00       0.00      8          0          0          0          0          0          0          0          0          0
  tworowbnd        :       0.00       0.00      0          0          0          0          0          0          0          0          0          0
  dualfix          :       0.00       0.00      8          0          0          0          0          0          0          0          0          0
  genvbounds       :       0.00       0.00      0          0          0          0          0          0          0          0          0          0
  probing          :       0.00       0.00      2          0          0          0          2          0          0          0          0          0
  pseudoobj        :       0.00       0.00      0          0          0          0          0          0          0          0          0          0
  symmetry         :       0.00       0.00      1          0          0          0          0          0          0          0          0          0
  vbounds          :       0.00       0.00      0          0          0          0          0          0          0          0          0          0
  SOS1             :       0.01       0.00      3          0          0          0         14          0          0          0          0          0
  varbound         :       0.00       0.00      7          0          0          0          0          0          0          0          2          2
  setppc           :       0.00       0.00      0          0          0          0          0          0          0          0          0          0
  linear           :       0.00       0.00     12          0          2          0        199          0          2          0          0          0
  logicor          :       0.00       0.00      0          0          0          0          0          0          0          0          0          0
  bounddisjunction :       0.00       0.00      0          0          0          0          0          0          0          0          0          0
  nonlinear        :       0.01       0.00     15          0          0          0          1          0          0          0          0         -2
  benders          :       0.00       0.00      0          0          0          0          0          0          0          0          0          0
  components       :       0.00       0.00      1          0          0          0          0          0          0          0          0          0
  root node        :          -          -      -          0          -          -         65          -          -          -          -          -
Constraints        :     Number  MaxNumber  #Separate #Propagate    #EnfoLP    #EnfoRelax  #EnfoPS    #Check   #ResProp    Cutoffs    DomReds       Cuts    Applied      Conss   Children
  benderslp        :          0          0          0          0     715343          0         52     159708          0          0          0          0          0          0          0
  integral         :          0          0          0          0      48168          0          0     159708          0          0      24884          0          0        607      79268
  SOS1             :         14         14     215207    4457510     715342          0         52     159703         31        202      72328    1582785          0          0    1334350
  varbound         :         28         28        130    4283995          0          0         52      12331     253816     116863     346196          0          0          0          0
  setppc           :          0+         3          0    1255624          0          0          0          0       1363         60       2402          0          0          0          0
  linear           :         92+        99        130    4340656          1          0          0       4315     319239      65920    3812333          0          0          0          0
  logicor          :          0+         1          0         14          0          0          0          0          0          0          1          0          0          0          0
  bounddisjunction :          0+       886          0     298400          0          0          0          0       2584        232      12654          0          0          0          0
  nonlinear        :         15         15    2040349    4274504       4931          0         52       4313          0      87491    9156768    7541616    6602975          0       6660
  benders          :          0          0          0          0          1          0         52          2          0          0          0          0          0          0          0
  countsols        :          0          0          0          0          1          0         52          2          0          0          0          0          0          0          0
  components       :          0          0          0          0          0          0          0          0          0          0          0          0          0          0          0
Constraint Timings :  TotalTime  SetupTime   Separate  Propagate     EnfoLP     EnfoPS     EnfoRelax   Check    ResProp    SB-Prop
  benderslp        :       0.25       0.00       0.00       0.00       0.22       0.00       0.00       0.02       0.00       0.00
  integral         :       5.28       0.00       0.00       0.00       5.24       0.00       0.00       0.04       0.00       0.00
  SOS1             :       8.44       0.00       1.74       1.87       4.52       0.00       0.00       0.31       0.00       0.00
  varbound         :       4.86       0.00       0.00       4.65       0.00       0.00       0.00       0.03       0.08       0.11
  setppc           :       0.16       0.00       0.00       0.15       0.00       0.00       0.00       0.00       0.00       0.00
  linear           :      26.03       0.00       0.00      25.54       0.00       0.00       0.00       0.01       0.37       0.10
  logicor          :       0.00       0.00       0.00       0.00       0.00       0.00       0.00       0.00       0.00       0.00
  bounddisjunction :       0.54       0.00       0.00       0.52       0.00       0.00       0.00       0.00       0.00       0.01
  nonlinear        :     349.93       0.00     199.74     148.97       0.35       0.00       0.00       0.08       0.00       0.79
  benders          :       0.00       0.00       0.00       0.00       0.00       0.00       0.00       0.00       0.00       0.00
  countsols        :       0.00       0.00       0.00       0.00       0.00       0.00       0.00       0.00       0.00       0.00
  components       :       0.34       0.00       0.00       0.34       0.00       0.00       0.00       0.00       0.00       0.00
Propagators        : #Propagate   #ResProp    Cutoffs    DomReds
  dualfix          :          3          0          0          0
  genvbounds       :    1087802       3114      13424     297041
  nlobbt           :          0          0          0          0
  obbt             :          2          0          0          4
  probing          :          0          0          0          0
  pseudoobj        :    3951942          3        126     351705
  redcost          :    3204852          0          0          0
  rootredcost      :          2          0          0          2
  symmetry         :          0          0          0          0
  vbounds          :     641507          0          0          0
Propagator Timings :  TotalTime  SetupTime   Presolve  Propagate    ResProp    SB-Prop
  dualfix          :       0.00       0.00       0.00       0.00       0.00       0.00
  genvbounds       :       4.29       0.00       0.00       4.28       0.00       0.00
  nlobbt           :       0.00       0.00       0.00       0.00       0.00       0.00
  obbt             :       0.16       0.00       0.00       0.16       0.00       0.00
  probing          :       0.00       0.00       0.00       0.00       0.00       0.00
  pseudoobj        :      14.98       0.00       0.00      14.98       0.00       0.00
  redcost          :       4.16       0.00       0.00       4.16       0.00       0.00
  rootredcost      :       0.73       0.00       0.00       0.73       0.00       0.00
  symmetry         :       0.39       0.00       0.00       0.39       0.00       0.00
  vbounds          :       1.00       0.00       0.00       0.99       0.00       0.01
Conflict Analysis  :       Time      Calls    Success    DomReds  Conflicts   Literals    Reconvs ReconvLits   Dualrays   Nonzeros   LP Iters   (pool size: [10000,10000])
  propagation      :       0.94     130552     113724          -     116356        2.4     102865        3.1          -          -          -
  infeasible LP    :       0.48      17891       1095          -         56        2.4         23        3.8       1095       15.4          0
  bound exceed. LP :       5.35      79695         22          -          0        0.0          0        0.0         14        1.0       2731
  strong branching :       0.00          0          0          -          0        0.0          0        0.0          -          -          0
  pseudo solution  :       0.00          0          0          -          0        0.0          0        0.0          -          -          -
  applied globally :       0.04          -          -         14       1519        2.0          -          -        176          -          -
  applied locally  :          -          -          -          0      21410        2.1          -          -        933          -          -
Separators         :   ExecTime  SetupTime      Calls  RootCalls    Cutoffs    DomReds  FoundCuts ViaPoolAdd  DirectAdd    Applied ViaPoolApp  DirectApp      Conss
  cut pool         :       2.50          -     241507        198          -          -      97965     358854          -          -          -          -          -    (maximal pool size:        742)
  aggregation      :      48.60       0.00      48754        126          0          0      96617     354908        315      68012      67929         83          0
  > cmir           :          -          -          -          -          -          -          -     348415        229      64857      64811         46          -
  > flowcover      :          -          -          -          -          -          -          -       6375         48       3056       3036         20          -
  > knapsackcover  :          -          -          -          -          -          -          -        118         38         99         82         17          -
  cgmip            :       0.00       0.00          0          0          0          0          0          0          0          0          0          0          0
  clique           :       0.00       0.00        126        126          0          0          0          0          0          0          0          0          0
  closecuts        :       0.00       0.00          0          0          0          0          0          0          0          0          0          0          0
  convexproj       :       0.00       0.00          0          0          0          0          0          0          0          0          0          0          0
  disjunctive      :       0.01       0.00         31         31          0          0        348          0        348         38          0         38          0
  eccuts           :       0.00       0.00          0          0          0          0          0          0          0          0          0          0          0
  gauge            :       0.00       0.00          0          0          0          0          0          0          0          0          0          0          0
  gomory           :       2.26       0.00      46713         10          0          0       1463       2261         24        404        389         15          0
  > gomorymi       :          -          -          -          -          -          -          -       2261         23        404        389         15          -
  > strongcg       :          -          -          -          -          -          -          -          0          1          0          0          0          -
  impliedbounds    :       0.17       0.00      48754        126          0          0        184       1313          0        722        722          0          0
  interminor       :       0.00       0.00          0          0          0          0          0          0          0          0          0          0          0
  intobj           :       0.00       0.00          0          0          0          0          0          0          0          0          0          0          0
  mcf              :       0.00       0.00          1          1          0          0          0          0          0          0          0          0          0
  minor            :       0.03       0.00          0          0          0          0          0          0          0          0          0          0          0
  mixing           :       0.34       0.00      54206        130          0          0         39        371          0        282        282          0          0
  oddcycle         :       0.00       0.00          0          0          0          0          0          0          0          0          0          0          0
  rapidlearning    :       0.03       0.00          0          0          0          0          0          0          0          0          0          0          0
  rlt              :       0.00       0.00         10         10          0          0          0          0          0          0          0          0          0
  zerohalf         :       2.21       0.00      46723         20          0          0          2          1          1          1          1          0          0
Cutselectors       :   ExecTime  SetupTime      Calls  RootCalls   Selected     Forced   Filtered  RootSelec   RootForc   RootFilt 
  hybrid           :       3.91       0.00    1868320        158    8591127      53130     887283       2169          0        532
Pricers            :   ExecTime  SetupTime      Calls       Vars
  problem variables:       0.00          -          0          0
Branching Rules    :   ExecTime  SetupTime   BranchLP  BranchExt   BranchPS    Cutoffs    DomReds       Cuts      Conss   Children
  allfullstrong    :       0.00       0.00          0          0          0          0          0          0          0          0
  cloud            :       0.00       0.00          0          0          0          0          0          0          0          0
  distribution     :       0.00       0.00          0          0          0          0          0          0          0          0
  fullstrong       :       0.00       0.00          0          0          0          0          0          0          0          0
  inference        :       0.00       0.00          0          0          0          0          0          0          0          0
  leastinf         :       0.00       0.00          0          0          0          0          0          0          0          0
  lookahead        :       0.00       0.00          0          0          0          0          0          0          0          0
  mostinf          :       0.00       0.00          0          0          0          0          0          0          0          0
  multaggr         :       0.00       0.00          0          0          0          0          0          0          0          0
  nodereopt        :       0.00       0.00          0          0          0          0          0          0          0          0
  pscost           :       0.00       0.00          0         52          0          0          0          0          0        104
  random           :       0.00       0.00          0          0          0          0          0          0          0          0
  relpscost        :       5.20       0.00      43237          0          0          0      24884          0        689      79268
  vanillafullstrong:       0.00       0.00          0          0          0          0          0          0          0          0
Primal Heuristics  :   ExecTime  SetupTime      Calls      Found       Best
  LP solutions     :       0.00          -          -          1          1
  relax solutions  :       0.00          -          -          0          0
  pseudo solutions :       0.00          -          -          0          0
  strong branching :       0.00          -          -          0          0
  actconsdiving    :       0.00       0.00          0          0          0
  adaptivediving   :       0.78       0.00        413          0          0
  alns             :       0.51       0.00         35          0          0
  bound            :       0.00       0.00          0          0          0
  clique           :       0.00       0.00          1          0          0
  coefdiving       :       0.00       0.00          0          0          0
  completesol      :       0.00       0.00          0          0          0
  conflictdiving   :      15.62       0.00      11972          0          0
  crossover        :       0.25       0.00          0          0          0
  dins             :       0.00       0.00          0          0          0
  distributiondivin:     947.36       0.00      11971          0          0
  dps              :       0.00       0.00          0          0          0
  dualval          :       0.00       0.00          0          0          0
  farkasdiving     :       0.04       0.00          0          0          0
  feaspump         :      11.13       0.00       2121          0          0
  fixandinfer      :       0.00       0.00          0          0          0
  fracdiving       :      16.08       0.00      11972          0          0
  gins             :       0.19       0.00          0          0          0
  guideddiving     :      15.50       0.00      11972          0          0
  indicator        :       0.41       0.00          0          0          0
  indicatordiving  :       0.00       0.00          0          0          0
  intdiving        :       0.00       0.00          0          0          0
  intshifting      :       0.54       0.00        218          0          0
  linesearchdiving :      16.24       0.00      11972          0          0
  localbranching   :       0.00       0.00          0          0          0
  locks            :       0.00       0.00          1          0          0
  lpface           :       0.26       0.00          0          0          0
  mpec             :       0.01       0.00          0          0          0
  multistart       :       0.00       0.00          0          0          0
  mutation         :       0.00       0.00          0          0          0
  nlpdiving        :       0.36       0.00          4          0          0
  objpscostdiving  :      13.34       0.00       5986          0          0
  octane           :       0.00       0.00          0          0          0
  ofins            :       0.18       0.00          0          0          0
  oneopt           :       0.26       0.00          2          0          0
  padm             :       0.00       0.00          0          0          0
  proximity        :       0.00       0.00          0          0          0
  pscostdiving     :      14.93       0.00      11972          0          0
  randrounding     :       0.95       0.00     148255          0          0
  rens             :       0.01       0.00          1          0          0
  reoptsols        :       0.00       0.00          0          0          0
  repair           :       0.00       0.00          0          0          0
  rins             :      23.21       0.00         55          0          0
  rootsoldiving    :      19.19       0.00       4218          0          0
  rounding         :       0.79       0.00      21411          0          0
  shiftandpropagate:       0.00       0.00          1          0          0
  shifting         :       1.18       0.00       6782          0          0
  simplerounding   :       0.54       0.00          0          0          0
  subnlp           :      14.89       0.00         42          0          0
  trivial          :       0.00       0.00          2          0          0
  trivialnegation  :       0.00       0.00          0          0          0
  trustregion      :       0.00       0.00          0          0          0
  trysol           :       0.36       0.00          0          0          0
  twoopt           :       0.00       0.00          0          0          0
  undercover       :       0.00       0.00          1          0          0
  vbounds          :       0.00       0.00          0          0          0
  veclendiving     :      15.87       0.00      11972          1          1
  zeroobj          :       0.00       0.00          0          0          0
  zirounding       :       0.26       0.00       1000          0          0
  other solutions  :          -          -          -          0          -
Expressions        :   #IntEval  IntEvalTi   #RevProp  RevPropTi    DomReds    Cutoffs  #Estimate  EstimTime  Branching  #Simplify SimplifyTi Simplified
  pow              :   56064612       5.62    3568776       0.96    2644889          0   38057812       2.14      26819        116       0.00          0
  prod             :        480       0.00          0       0.00          0          0   18008993       2.02      41380        124       0.00         32
  sum              :        240       0.00          0       0.00          0          0         15       0.00          0        124       0.00         74
  val              :          0       0.00          0       0.00          0          0          0       0.00          0          0       0.00          0
  var              :   34770683       1.77          0       0.00          0          0          0       0.00          0        394       0.00          0
  varidx           :          0       0.00          0       0.00          0          0          0       0.00          0          0       0.00          0
Nlhdlrs            :    Detects  DetectAll DetectTime   #IntEval  IntEvalTi   #RevProp  RevPropTi    DomReds    Cutoffs   #Enforce   EnfoTime       Cuts  Branching
  soc              :          0          0       0.00          0       0.00          0       0.00          0          0          0       0.00          0          0
  convex           :          0          0       0.00          0       0.00          0       0.00          0          0          0       0.00          0          0
  concave          :          0          0       0.00          0       0.00          0       0.00          0          0          0       0.00          0          0
  signomial        :         28         28       0.00          0       0.00          0       0.00          0          0   61772015       5.59         35          0
  quotient         :          0          0       0.00          0       0.00          0       0.00          0          0          0       0.00          0          0
  quadratic        :         15        240       0.00   28228483      23.75   27908594      60.32   12486428      38237          0       0.00          0          0
  default          :        140       1565       0.00   56065277       8.88    3569044       9.34    2644889          0   56066762      56.20    6151849          0
  bilinear         :         30         30       0.00          0       0.00          0       0.00          0          0   16342930       3.23        385          0
  perspective      :         16         16       0.00          0       0.00          0       0.00          7          0   17382804      52.36    2778694       2389
LP                 :       Time      Calls Iterations  Iter/call   Iter/sec  Time-0-It Calls-0-It    ItLimit
  primal LP        :     279.18     553542          7       7.00       0.03     279.11     553541
  dual LP          :    1325.35    2744474   27583764      10.07   20812.39       1.03       4208
  lex dual LP      :       0.00          0          0       0.00          -
  barrier LP       :       0.00          0          0       0.00          -       0.00          0
  resolve instable :       0.04         32       1340      41.88   34723.12
  diving/probing LP:      68.17     106606    1575598      14.78   23111.16
  strong branching :       1.92       4792      59351      12.39   30850.92          -          -       1408
    (at root node) :          -          0          0       0.00          -
  conflict analysis:       0.08        242       2731      11.29   34601.59
NLP relaxation     :
  solve time       :       0.33 (10 calls)
  convexity        :  nonconvex (120 linear rows, 0 convex ineq., 0 nonconvex ineq., 15 nonlinear eq. or two-sided ineq.)
NLP Solvers        :  #Problems  ProblemTi    #Solves  SolveTime      #Iter  Time/Iter      #Okay #TimeLimit #IterLimit #LObjLimit #Interrupt  #NumError #EvalError  #OutOfMem #LicenseEr #OtherTerm   #GlobOpt    #LocOpt  #Feasible #LocInfeas #GlobInfea #Unbounded   #Unknown
  ipopt            :         44       4.66         54      14.19       7206       0.00         52          0          2          0          0          0          0          0          0          0          0         49          2          0          0          0          3
B&B Tree           :
  number of runs   :          1
  nodes            :    1045052 (710191 internal, 334861 leaves)
  feasible leaves  :          1
  infeas. leaves   :     131238
  objective leaves :     203622
  nodes (total)    :    1045052 (710191 internal, 334861 leaves)
  nodes left       :     375255
  max depth        :         59
  max depth (total):         59
  backtracks       :     138882 (13.3%)
  early backtracks :          0 (0.0%)
  nodes exc. ref.  :          0 (0.0%)
  delayed cutoffs  :         59
  repropagations   :      21855 (13701 domain reductions, 30 cutoffs)
  avg switch length:       5.17
  switching time   :     412.94
Root Node          :
  First LP value   : +2.25376626383718e+01
  First LP Iters   :         74 (87573.96 Iter/sec)
  First LP Time    :       0.00
  Final Dual Bound : +3.31137763656217e+01
  Final Root Iters :       1709
  Root LP Estimate : +4.13779196999020e+02
Solution           :
  Solutions found  :          2 (2 improvements)
  First Solution   : +1.14646213218554e+03   (in run 1, after 285 nodes, 2.14 seconds, depth 21, found by <relaxation>)
  Gap First Sol.   :    3065.66 %
  Gap Last Sol.    :    1215.60 %
  Primal Bound     : +1.09207412358027e+03   (in run 1, after 16912 nodes, 44.83 seconds, depth 21, found by <veclendiving>)
  Dual Bound       : +1.37867060864369e+02
  Gap              :     692.12 %
Integrals          :      Total       Avg%
  primal-dual      :  318934.02      88.57
  primal-ref       :          -          - (not evaluated)
  dual-ref         :          -          - (not evaluated)
