SCIP Status        : solving was interrupted [time limit reached]
Total Time         :    3600.00
  solving          :    3600.00
  presolving       :       0.01 (included in solving)
  reading          :       0.00
  copying          :       0.22 (76 #copies) (minimal 0.00, maximal 0.01, average 0.00)
Original Problem   :
  Problem name     : waterx
  Variables        : 70 (14 binary, 0 integer, 0 implicit integer, 56 continuous)
  Constraints      : 54 initial, 54 maximal
  Objective        : minimize, 4 non-zeros (abs.min = 1, abs.max = 10)
Presolved Problem  :
  Problem name     : t_waterx
  Variables        : 170 (14 binary, 0 integer, 0 implicit integer, 156 continuous)
  Constraints      : 52 initial, 71 maximal
  Objective        : minimize, 32 non-zeros (abs.min = 1, abs.max = 10)
  Nonzeros         : 204 constraint, 2 clique table
Presolvers         :   ExecTime  SetupTime  Calls  FixedVars   AggrVars   ChgTypes  ChgBounds   AddHoles    DelCons    AddCons   ChgSides   ChgCoefs
  boundshift       :       0.00       0.00      0          0          0          0          0          0          0          0          0          0
  convertinttobin  :       0.00       0.00      0          0          0          0          0          0          0          0          0          0
  domcol           :       0.00       0.00      2          0          0          0          0          0          0          0          0          0
  dualagg          :       0.00       0.00      0          0          0          0          0          0          0          0          0          0
  dualcomp         :       0.00       0.00      2          0          0          0          0          0          0          0          0          0
  dualinfer        :       0.00       0.00      0          0          0          0          0          0          0          0          0          0
  dualsparsify     :       0.00       0.00      1          0          0          0          0          0          0          0          0          0
  gateextraction   :       0.00       0.00      0          0          0          0          0          0          0          0          0          0
  implics          :       0.00       0.00      4          0          0          0          0          0          0          0          0          0
  inttobinary      :       0.00       0.00      0          0          0          0          0          0          0          0          0          0
  qpkktref         :       0.00       0.00      0          0          0          0          0          0          0          0          0          0
  redvub           :       0.00       0.00      0          0          0          0          0          0          0          0          0          0
  sparsify         :       0.00       0.00      1          0          0          0          0          0          0          0          0          0
  stuffing         :       0.00       0.00      0          0          0          0          0          0          0          0          0          0
  trivial          :       0.00       0.00      6          0          0          0          0          0          0          0          0          0
  tworowbnd        :       0.00       0.00      0          0          0          0          0          0          0          0          0          0
  dualfix          :       0.00       0.00      6          0          0          0          0          0          0          0          0          0
  genvbounds       :       0.00       0.00      0          0          0          0          0          0          0          0          0          0
  probing          :       0.00       0.00      2          0          0          0          2          0          0          0          0          0
  pseudoobj        :       0.00       0.00      0          0          0          0          0          0          0          0          0          0
  symmetry         :       0.00       0.00      1          0          0          0          0          0          0          0          0          0
  vbounds          :       0.00       0.00      0          0          0          0          0          0          0          0          0          0
  varbound         :       0.00       0.00      7          0          0          0          0          0          0          0          2          2
  setppc           :       0.00       0.00      0          0          0          0          0          0          0          0          0          0
  linear           :       0.00       0.00     10          0          2          0         31          0          2          0          0          0
  logicor          :       0.00       0.00      0          0          0          0          0          0          0          0          0          0
  bounddisjunction :       0.00       0.00      0          0          0          0          0          0          0          0          0          0
  nonlinear        :       0.00       0.00     12          0          0          0          3          0          0          0          0         -2
  benders          :       0.00       0.00      0          0          0          0          0          0          0          0          0          0
  components       :       0.00       0.00      1          0          0          0          0          0          0          0          0          0
  root node        :          -          -      -          0          -          -         49          -          -          -          -          -
Constraints        :     Number  MaxNumber  #Separate #Propagate    #EnfoLP    #EnfoRelax  #EnfoPS    #Check   #ResProp    Cutoffs    DomReds       Cuts    Applied      Conss   Children
  benderslp        :          0          0          0          0    1207750          0          0      41379          0          0          0          0          0          0          0
  integral         :          0          0          0          0    1207750          0          0      41379          0          0       3105          0          0         10      40662
  varbound         :         28         28         37     400994          0          0          0      41375      17385       4021      90272          0          0          0          0
  setppc           :          0+         1         15         96          0          0          0          0         13          0          1          0          0          0          0
  linear           :          8+        30         37    1012779          0          0          0      36689       6761       1888     762566          2          0          0          0
  logicor          :          0+         1          0          0          0          0          0          0          0          0          0          0          0          0          0
  bounddisjunction :          0+        34          0      52519          0          0          0          0         31          0        760          0          0          0          0
  nonlinear        :         16         16    2057003    1010891    1186971          0          0      36687          0       1731   10168711   32021998   19595225          0     324922
  benders          :          0          0          0          0          0          0          0         20          0          0          0          0          0          0          0
  countsols        :          0          0          0          0          0          0          0         20          0          0          0          0          0          0          0
  components       :          0          0          0          0          0          0          0          0          0          0          0          0          0          0          0
Constraint Timings :  TotalTime  SetupTime   Separate  Propagate     EnfoLP     EnfoPS     EnfoRelax   Check    ResProp    SB-Prop
  benderslp        :       0.30       0.00       0.00       0.00       0.30       0.00       0.00       0.00       0.00       0.00
  integral         :       1.35       0.00       0.00       0.00       1.35       0.00       0.00       0.00       0.00       0.00
  varbound         :       0.57       0.00       0.00       0.49       0.00       0.00       0.00       0.06       0.01       0.01
  setppc           :       0.00       0.00       0.00       0.00       0.00       0.00       0.00       0.00       0.00       0.00
  linear           :       3.80       0.00       0.00       3.77       0.00       0.00       0.00       0.01       0.01       0.01
  logicor          :       0.00       0.00       0.00       0.00       0.00       0.00       0.00       0.00       0.00       0.00
  bounddisjunction :       0.08       0.00       0.00       0.08       0.00       0.00       0.00       0.00       0.00       0.00
  nonlinear        :     391.07       0.00     214.12      69.44     107.08       0.00       0.00       0.31       0.00       0.12
  benders          :       0.00       0.00       0.00       0.00       0.00       0.00       0.00       0.00       0.00       0.00
  countsols        :       0.00       0.00       0.00       0.00       0.00       0.00       0.00       0.00       0.00       0.00
  components       :       0.11       0.00       0.00       0.11       0.00       0.00       0.00       0.00       0.00       0.00
Propagators        : #Propagate   #ResProp    Cutoffs    DomReds
  dualfix          :          5          0          0          0
  genvbounds       :     383018         72        476      55783
  nlobbt           :          0          0          0          0
  obbt             :          3          0          0          2
  probing          :          0          0          0          0
  pseudoobj        :    2221993          0        107     287267
  redcost          :    1425041          0          0       3920
  rootredcost      :          2          0          0          0
  symmetry         :          0          0          0          0
  vbounds          :     114469          0          0          0
Propagator Timings :  TotalTime  SetupTime   Presolve  Propagate    ResProp    SB-Prop
  dualfix          :       0.00       0.00       0.00       0.00       0.00       0.00
  genvbounds       :       2.16       0.00       0.00       2.16       0.00       0.00
  nlobbt           :       0.00       0.00       0.00       0.00       0.00       0.00
  obbt             :       0.11       0.00       0.00       0.11       0.00       0.00
  probing          :       0.00       0.00       0.00       0.00       0.00       0.00
  pseudoobj        :       4.49       0.00       0.00       4.49       0.00       0.00
  redcost          :       2.33       0.00       0.00       2.33       0.00       0.00
  rootredcost      :       0.53       0.00       0.00       0.53       0.00       0.00
  symmetry         :       0.15       0.00       0.00       0.15       0.00       0.00
  vbounds          :       0.67       0.00       0.00       0.67       0.00       0.00
Conflict Analysis  :       Time      Calls    Success    DomReds  Conflicts   Literals    Reconvs ReconvLits   Dualrays   Nonzeros   LP Iters   (pool size: [10000,10000])
  propagation      :       0.04       4835       4393          -       4711        4.4       2101        4.2          -          -          -
  infeasible LP    :       0.22      12394        115          -          0        0.0          0        0.0        115        7.1          0
  bound exceed. LP :       4.39      75926         12          -          0        0.0          0        0.0         11       20.3         15
  strong branching :       0.00          0          0          -          0        0.0          0        0.0          -          -          0
  pseudo solution  :       0.00          0          0          -          0        0.0          0        0.0          -          -          -
  applied globally :       0.00          -          -          2          3        2.0          -          -         46          -          -
  applied locally  :          -          -          -          0       1197        4.0          -          -         80          -          -
Separators         :   ExecTime  SetupTime      Calls  RootCalls    Cutoffs    DomReds  FoundCuts ViaPoolAdd  DirectAdd    Applied ViaPoolApp  DirectApp      Conss
  cut pool         :       0.10          -     206553         68          -          -       2200       1891          -          -          -          -          -    (maximal pool size:        329)
  aggregation      :       0.56       0.00        975         34          0          0       1998       1682          2        425        424          1          0
  > cmir           :          -          -          -          -          -          -          -       1505          2        340        339          1          -
  > flowcover      :          -          -          -          -          -          -          -        165          0         76         76          0          -
  > knapsackcover  :          -          -          -          -          -          -          -         12          0          9          9          0          -
  cgmip            :       0.00       0.00          0          0          0          0          0          0          0          0          0          0          0
  clique           :       0.00       0.00         34         34          0          0          0          0          0          0          0          0          0
  closecuts        :       0.00       0.00          0          0          0          0          0          0          0          0          0          0          0
  convexproj       :       0.00       0.00          0          0          0          0          0          0          0          0          0          0          0
  disjunctive      :       0.00       0.00          0          0          0          0          0          0          0          0          0          0          0
  eccuts           :       0.00       0.00          0          0          0          0          0          0          0          0          0          0          0
  gauge            :       0.00       0.00          0          0          0          0          0          0          0          0          0          0          0
  gomory           :       0.07       0.00        840         10          0          0         35         42          0         15         15          0          0
  > gomorymi       :          -          -          -          -          -          -          -         42          0         15         15          0          -
  > strongcg       :          -          -          -          -          -          -          -          0          0          0          0          0          -
  impliedbounds    :       0.02       0.00        975         34          0          0        120        103          0         53         53          0          0
  interminor       :       0.00       0.00          0          0          0          0          0          0          0          0          0          0          0
  intobj           :       0.00       0.00          0          0          0          0          0          0          0          0          0          0          0
  mcf              :       0.00       0.00          6          6          0          0          2          1          0          1          1          0          0
  minor            :       0.03       0.00          0          0          0          0          0          0          0          0          0          0          0
  mixing           :       0.36       0.00      59339         37          0          0         47         63          0         38         38          0          0
  oddcycle         :       0.00       0.00          0          0          0          0          0          0          0          0          0          0          0
  rapidlearning    :       0.01       0.00          0          0          0          0          0          0          0          0          0          0          0
  rlt              :       0.00       0.00         10         10          0          0          0          0          0          0          0          0          0
  zerohalf         :       0.05       0.00        850         20          0          0          0          0          0          0          0          0          0
Cutselectors       :   ExecTime  SetupTime      Calls  RootCalls   Selected     Forced   Filtered  RootSelec   RootForc   RootFilt 
  hybrid           :       8.55       0.00    1894533         37   18574226      10023    6192956        379          0        250
Pricers            :   ExecTime  SetupTime      Calls       Vars
  problem variables:       0.00          -          0          0
Branching Rules    :   ExecTime  SetupTime   BranchLP  BranchExt   BranchPS    Cutoffs    DomReds       Cuts      Conss   Children
  allfullstrong    :       0.00       0.00          0          0          0          0          0          0          0          0
  cloud            :       0.00       0.00          0          0          0          0          0          0          0          0
  distribution     :       0.00       0.00          0          0          0          0          0          0          0          0
  fullstrong       :       0.00       0.00          0          0          0          0          0          0          0          0
  inference        :       0.00       0.00          0          0          0          0          0          0          0          0
  leastinf         :       0.00       0.00          0          0          0          0          0          0          0          0
  lookahead        :       0.00       0.00          0          0          0          0          0          0          0          0
  mostinf          :       0.00       0.00          0          0          0          0          0          0          0          0
  multaggr         :       0.00       0.00          0          0          0          0          0          0          0          0
  nodereopt        :       0.00       0.00          0          0          0          0          0          0          0          0
  pscost           :       0.00       0.00          0          0          0          0          0          0          0          0
  random           :       0.00       0.00          0          0          0          0          0          0          0          0
  relpscost        :       1.09       0.00      20779          0          0          0       3105          0         10      40662
  vanillafullstrong:       0.00       0.00          0          0          0          0          0          0          0          0
Primal Heuristics  :   ExecTime  SetupTime      Calls      Found       Best
  LP solutions     :       0.00          -          -          0          0
  relax solutions  :       0.00          -          -          0          0
  pseudo solutions :       0.00          -          -          0          0
  strong branching :       0.01          -          -          0          0
  actconsdiving    :       0.00       0.00          0          0          0
  adaptivediving   :       1.20       0.00       2850          0          0
  alns             :       3.04       0.00         20          0          0
  bound            :       0.00       0.00          0          0          0
  clique           :       0.00       0.00          1          0          0
  coefdiving       :       0.00       0.00          0          0          0
  completesol      :       0.00       0.00          0          0          0
  conflictdiving   :       0.16       0.00       2962          0          0
  crossover        :      38.41       0.00         12          6          0
  dins             :       0.00       0.00          0          0          0
  distributiondivin:      15.87       0.00         96          0          0
  dps              :       0.00       0.00          0          0          0
  dualval          :       0.00       0.00          0          0          0
  farkasdiving     :       0.01       0.00          0          0          0
  feaspump         :       0.08       0.00         21          0          0
  fixandinfer      :       0.00       0.00          0          0          0
  fracdiving       :       0.10       0.00       2975          0          0
  gins             :       0.11       0.00          0          0          0
  guideddiving     :       0.08       0.00       2980          0          0
  indicator        :       0.58       0.00          0          0          0
  indicatordiving  :       0.00       0.00          0          0          0
  intdiving        :       0.00       0.00          0          0          0
  intshifting      :       0.11       0.00         15          0          0
  linesearchdiving :       0.09       0.00       2981          0          0
  localbranching   :       0.00       0.00          0          0          0
  locks            :       0.00       0.00          1          0          0
  lpface           :       0.10       0.00          0          0          0
  mpec             :       0.65       0.00         11          0          0
  multistart       :       0.00       0.00          0          0          0
  mutation         :       0.00       0.00          0          0          0
  nlpdiving        :       0.23       0.00         10          0          0
  objpscostdiving  :       0.09       0.00         48          0          0
  octane           :       0.00       0.00          0          0          0
  ofins            :       0.07       0.00          0          0          0
  oneopt           :       0.19       0.00          3          0          0
  padm             :       0.00       0.00          0          0          0
  proximity        :       0.00       0.00          0          0          0
  pscostdiving     :       0.18       0.00         95          0          0
  randrounding     :       0.08       0.00       4795          0          0
  rens             :       0.00       0.00          0          0          0
  reoptsols        :       0.00       0.00          0          0          0
  repair           :       0.00       0.00          0          0          0
  rins             :      12.91       0.00         44         10          1
  rootsoldiving    :       0.19       0.00         48          0          0
  rounding         :       0.78       0.00       4241          0          0
  shiftandpropagate:       0.00       0.00          1          0          0
  shifting         :       0.13       0.00       1219          0          0
  simplerounding   :       0.65       0.00          0          0          0
  subnlp           :       4.95       0.00         77          3          2
  trivial          :       0.00       0.00          2          0          0
  trivialnegation  :       0.00       0.00          0          0          0
  trustregion      :       0.00       0.00          0          0          0
  trysol           :       0.32       0.00          0          0          0
  twoopt           :       0.00       0.00          0          0          0
  undercover       :       0.01       0.00          1          0          0
  vbounds          :       0.00       0.00          0          0          0
  veclendiving     :       0.09       0.00       2981          0          0
  zeroobj          :       0.00       0.00          0          0          0
  zirounding       :       0.11       0.00       1000          0          0
  other solutions  :          -          -          -          0          -
Expressions        :   #IntEval  IntEvalTi   #RevProp  RevPropTi    DomReds    Cutoffs  #Estimate  EstimTime  Branching  #Simplify SimplifyTi Simplified
  pow              :   45273823       4.89    4340197       1.83    1845261          0   58140415       5.57    3102841        162       0.00         14
  prod             :        390       0.00          0       0.00          0          0   37256139       2.99   13983549        111       0.00         75
  sum              :     976926       1.15     975963       1.66    1316561          0         16       0.00          0        143       0.00         77
  val              :          0       0.00          0       0.00          0          0          0       0.00          0          0       0.00          0
  var              :   10875517       0.56          0       0.00          0          0          0       0.00          0        226       0.00          0
  varidx           :          0       0.00          0       0.00          0          0          0       0.00          0          0       0.00          0
Nlhdlrs            :    Detects  DetectAll DetectTime   #IntEval  IntEvalTi   #RevProp  RevPropTi    DomReds    Cutoffs   #Enforce   EnfoTime       Cuts  Branching
  soc              :          0          0       0.00          0       0.00          0       0.00          0          0          0       0.00          0          0
  convex           :          0          0       0.00          0       0.00          0       0.00          0          0          0       0.00          0          0
  concave          :          0          0       0.00          0       0.00          0       0.00          0          0          0       0.00          0          0
  signomial        :         28         28       0.00          0       0.00          0       0.00          0          0   73995166      13.97    2415643          0
  quotient         :          0          0       0.00          0       0.00          0       0.00          0          0          0       0.00          0          0
  quadratic        :         15        195       0.00    9908484       8.66    9898967      19.93    4224129        493          0       0.00          0          0
  default          :        156       1488       0.00   46250552       8.49    5316376       8.43    3161822        480   95396484      90.34   29351463          0
  bilinear         :         30         30       0.00          0       0.00          0       0.00          0          0   36584955       2.63          0          0
  perspective      :         16         16       0.00          0       0.00          0       0.00          0          0    8433027       7.76     509738      56909
LP                 :       Time      Calls Iterations  Iter/call   Iter/sec  Time-0-It Calls-0-It    ItLimit
  primal LP        :     178.45     269661          2       1.00       0.01     178.43     269659
  dual LP          :    2311.21    2649153   40533670      15.69   17537.87      41.45      65354
  lex dual LP      :       0.00          0          0       0.00          -
  barrier LP       :       0.00          0          0       0.00          -       0.00          0
  resolve instable :       1.20        683      40473      59.26   33706.29
  diving/probing LP:       0.89        647      22344      34.53   25057.36
  strong branching :       0.58        632      23473      37.14   40478.58          -          -        358
    (at root node) :          -          9        482      53.56          -
  conflict analysis:       0.00          1         15      15.00          -
NLP relaxation     :
  solve time       :       0.22 (10 calls)
  convexity        :  nonconvex (36 linear rows, 0 convex ineq., 0 nonconvex ineq., 16 nonlinear eq. or two-sided ineq.)
NLP Solvers        :  #Problems  ProblemTi    #Solves  SolveTime      #Iter  Time/Iter      #Okay #TimeLimit #IterLimit #LObjLimit #Interrupt  #NumError #EvalError  #OutOfMem #LicenseEr #OtherTerm   #GlobOpt    #LocOpt  #Feasible #LocInfeas #GlobInfea #Unbounded   #Unknown
  ipopt            :         89       1.80         88       4.82       5362       0.00         73          0         15          0          0          0          0          0          0          0          0         62          1          1          0          0         24
B&B Tree           :
  number of runs   :          1
  nodes            :     336205 (182792 internal, 153413 leaves)
  feasible leaves  :          0
  infeas. leaves   :      20506
  objective leaves :     132906
  nodes (total)    :     336205 (182792 internal, 153413 leaves)
  nodes left       :      29271
  max depth        :         63
  max depth (total):         63
  backtracks       :      50906 (15.1%)
  early backtracks :          0 (0.0%)
  nodes exc. ref.  :          0 (0.0%)
  delayed cutoffs  :          7
  repropagations   :       9527 (7711 domain reductions, 1 cutoffs)
  avg switch length:       8.44
  switching time   :     171.48
Root Node          :
  First LP value   : +1.45329760010468e+02
  First LP Iters   :         45 (44204.32 Iter/sec)
  First LP Time    :       0.00
  Final Dual Bound : +2.02038001278446e+02
  Final Root Iters :        940
  Root LP Estimate : +5.69390765283746e+02
Solution           :
  Solutions found  :         19 (3 improvements)
  First Solution   : +1.05315382216877e+03   (in run 1, after 1 nodes, 0.11 seconds, depth 0, found by <subnlp>)
  Gap First Sol.   :     624.66 %
  Gap Last Sol.    :      42.27 %
  Primal Bound     : +9.10471131677886e+02   (in run 1, after 16125 nodes, 165.63 seconds, depth 25, found by <rins>)
  Dual Bound       : +8.54769682601958e+02
  Gap              :       6.52 %
Integrals          :      Total       Avg%
  primal-dual      :   47392.23      13.16
  primal-ref       :          -          - (not evaluated)
  dual-ref         :          -          - (not evaluated)
