SCIP Status        : solving was interrupted [time limit reached]
Total Time         :    3600.62
  solving          :    3600.62
  presolving       :       0.02 (included in solving)
  reading          :       0.00
  copying          :       0.82 (88 #copies) (minimal 0.00, maximal 0.22, average 0.01)
Original Problem   :
  Problem name     : watersym1
  Variables        : 321 (28 binary, 0 integer, 0 implicit integer, 293 continuous)
  Constraints      : 229 initial, 229 maximal
  Objective        : minimize, 3 non-zeros (abs.min = 1, abs.max = 10)
Presolved Problem  :
  Problem name     : t_watersym1
  Variables        : 406 (28 binary, 0 integer, 0 implicit integer, 378 continuous)
  Constraints      : 227 initial, 271 maximal
  Objective        : minimize, 199 non-zeros (abs.min = 1.7, abs.max = 422.148)
  Nonzeros         : 1239 constraint, 36 clique table
Presolvers         :   ExecTime  SetupTime  Calls  FixedVars   AggrVars   ChgTypes  ChgBounds   AddHoles    DelCons    AddCons   ChgSides   ChgCoefs
  boundshift       :       0.00       0.00      0          0          0          0          0          0          0          0          0          0
  convertinttobin  :       0.00       0.00      0          0          0          0          0          0          0          0          0          0
  domcol           :       0.00       0.00      1          0          0          0          0          0          0          0          0          0
  dualagg          :       0.00       0.00      0          0          0          0          0          0          0          0          0          0
  dualcomp         :       0.00       0.00      1          0          0          0          0          0          0          0          0          0
  dualinfer        :       0.00       0.00      0          0          0          0          0          0          0          0          0          0
  dualsparsify     :       0.00       0.00      1          0          0          0          0          0          0          0          0          0
  gateextraction   :       0.00       0.00      1          0          0          0          0          0          0          0          0          0
  implics          :       0.00       0.00      3          0          0          0          0          0          0          0          0          0
  inttobinary      :       0.00       0.00      0          0          0          0          0          0          0          0          0          0
  qpkktref         :       0.00       0.00      0          0          0          0          0          0          0          0          0          0
  redvub           :       0.00       0.00      0          0          0          0          0          0          0          0          0          0
  sparsify         :       0.00       0.00      1          0          0          0          0          0          0          0          0          0
  stuffing         :       0.00       0.00      0          0          0          0          0          0          0          0          0          0
  trivial          :       0.00       0.00      5          0          0          0          0          0          0          0          0          0
  tworowbnd        :       0.00       0.00      0          0          0          0          0          0          0          0          0          0
  dualfix          :       0.00       0.00      5          0          0          0          0          0          0          0          0          0
  genvbounds       :       0.00       0.00      0          0          0          0          0          0          0          0          0          0
  probing          :       0.00       0.00      1          0          0          0          2          0          0          0          0          0
  pseudoobj        :       0.00       0.00      0          0          0          0          0          0          0          0          0          0
  symmetry         :       0.00       0.00      1          0          0          0          0          0          0          0          0          0
  vbounds          :       0.00       0.00      1          0          0          0          0          0          0          0          0          0
  SOS1             :       0.01       0.00      2          0          0          0         56          0          0          0          0          0
  varbound         :       0.00       0.00      2          0          0          0          0          0          0          0          0          0
  setppc           :       0.00       0.00      3          0          0          0          0          0          0          0          0          0
  linear           :       0.00       0.00      7          0          2          0        339          0          2          0          0          0
  logicor          :       0.00       0.00      3          0          0          0          0          0          0          0          0          0
  bounddisjunction :       0.00       0.00      0          0          0          0          0          0          0          0          0          0
  nonlinear        :       0.01       0.00      9          0          0          0          2          0          0          0          0          0
  benders          :       0.00       0.00      0          0          0          0          0          0          0          0          0          0
  components       :       0.00       0.00      1          0          0          0          0          0          0          0          0          0
  root node        :          -          -      -          0          -          -        270          -          -          -          -          -
Constraints        :     Number  MaxNumber  #Separate #Propagate    #EnfoLP    #EnfoRelax  #EnfoPS    #Check   #ResProp    Cutoffs    DomReds       Cuts    Applied      Conss   Children
  benderslp        :          0          0          0          0     623705          0          0     140797          0          0          0          0          0          0          0
  integral         :          0          0          0          0     208405          0          0     140797          0          0       8514          0          0         39     399328
  SOS1             :         28         28     202225    4493299     623705          0          0     140792       1524       2350     169757    3438763          0          0     830600
  varbound         :         56+        57        121    4488834          1          0          0      50487       2739        384     778672          0          0          0          0
  setppc           :         15+        21        121    4457401          0          0          0      19467       1128         19     366536          0          0          0          0
  linear           :         92+       135        121    4490546          1          0          0      19459      58637      52791    8108873          8          1          0          0
  logicor          :          7+        10        121     327888          1          0          0      15067        443         23      11352          0          0          0          0
  bounddisjunction :          0+        54          0     400036          0          0          0          0        941         30      47181          0          0          0          0
  nonlinear        :         29         29    1870797    4437702       7390          0          0      15067          0       9842   11216731    5204916    4536042          0      11864
  benders          :          0          0          0          0          1          0          0          6          0          0          0          0          0          0          0
  countsols        :          0          0          0          0          1          0          0          6          0          0          0          0          0          0          0
  components       :          0          0          0          0          0          0          0          0          0          0          0          0          0          0          0
Constraint Timings :  TotalTime  SetupTime   Separate  Propagate     EnfoLP     EnfoPS     EnfoRelax   Check    ResProp    SB-Prop
  benderslp        :       0.21       0.00       0.00       0.00       0.19       0.00       0.00       0.02       0.00       0.00
  integral         :       5.37       0.00       0.00       0.00       5.33       0.00       0.00       0.03       0.00       0.00
  SOS1             :      10.70       0.00       3.58       1.35       5.19       0.00       0.00       0.58       0.00       0.00
  varbound         :       6.23       0.00       0.00       6.00       0.00       0.00       0.00       0.21       0.00       0.02
  setppc           :       2.67       0.00       0.00       2.64       0.00       0.00       0.00       0.02       0.00       0.01
  linear           :      42.86       0.00       0.01      42.59       0.00       0.00       0.00       0.08       0.06       0.13
  logicor          :       0.51       0.00       0.00       0.50       0.00       0.00       0.00       0.01       0.00       0.00
  bounddisjunction :       1.14       0.00       0.00       1.13       0.00       0.00       0.00       0.00       0.00       0.00
  nonlinear        :     376.00       0.00     227.97     146.97       0.38       0.00       0.00       0.33       0.00       0.34
  benders          :       0.00       0.00       0.00       0.00       0.00       0.00       0.00       0.00       0.00       0.00
  countsols        :       0.00       0.00       0.00       0.00       0.00       0.00       0.00       0.00       0.00       0.00
  components       :       0.27       0.00       0.00       0.27       0.00       0.00       0.00       0.00       0.00       0.00
Propagators        : #Propagate   #ResProp    Cutoffs    DomReds
  dualfix          :          3          0          0          0
  genvbounds       :    1218594      11335       5426    1527241
  nlobbt           :          0          0          0          0
  obbt             :          2          0          0         32
  probing          :          0          0          0          0
  pseudoobj        :    3620540        193        273     207441
  redcost          :    2934708          0          0          0
  rootredcost      :          4          0          0          6
  symmetry         :          0          0          0          0
  vbounds          :    1434718          0          0          0
Propagator Timings :  TotalTime  SetupTime   Presolve  Propagate    ResProp    SB-Prop
  dualfix          :       0.00       0.00       0.00       0.00       0.00       0.00
  genvbounds       :       7.74       0.00       0.00       7.73       0.01       0.00
  nlobbt           :       0.00       0.00       0.00       0.00       0.00       0.00
  obbt             :       0.34       0.00       0.00       0.34       0.00       0.00
  probing          :       0.00       0.00       0.00       0.00       0.00       0.00
  pseudoobj        :      15.89       0.00       0.00      15.89       0.00       0.00
  redcost          :       5.10       0.00       0.00       5.10       0.00       0.00
  rootredcost      :       0.67       0.00       0.00       0.67       0.00       0.00
  symmetry         :       0.43       0.00       0.00       0.43       0.00       0.00
  vbounds          :       1.16       0.00       0.00       1.16       0.00       0.00
Conflict Analysis  :       Time      Calls    Success    DomReds  Conflicts   Literals    Reconvs ReconvLits   Dualrays   Nonzeros   LP Iters   (pool size: [10000,10000])
  propagation      :       0.09       6003       3471          -       3988        4.7       1781        4.0          -          -          -
  infeasible LP    :       0.69       6647       5927          -       2709        4.5        947        3.4       5927       11.7          0
  bound exceed. LP :       8.55     113453         83          -          0        0.0          0        0.0         55        1.0      24167
  strong branching :       0.00          0          0          -          0        0.0          0        0.0          -          -          0
  pseudo solution  :       0.00          0          0          -          0        0.0          0        0.0          -          -          -
  applied globally :       0.01          -          -         55        263        3.8          -          -       4701          -          -
  applied locally  :          -          -          -          0       1143        3.3          -          -       1281          -          -
Separators         :   ExecTime  SetupTime      Calls  RootCalls    Cutoffs    DomReds  FoundCuts ViaPoolAdd  DirectAdd    Applied ViaPoolApp  DirectApp      Conss
  cut pool         :       4.64          -     242468        210          -          -     142465     365044          -          -          -          -          -    (maximal pool size:        880)
  aggregation      :      54.25       0.00      65675        121          0          0      75337     273532        917      63105      62821        284          0
  > cmir           :          -          -          -          -          -          -          -     229224        808      41394      41141        253          -
  > flowcover      :          -          -          -          -          -          -          -      41829         77      19762      19739         23          -
  > knapsackcover  :          -          -          -          -          -          -          -       2479         32       1949       1941          8          -
  cgmip            :       0.00       0.00          0          0          0          0          0          0          0          0          0          0          0
  clique           :       0.00       0.00        121        121          0          0          0          0          0          0          0          0          0
  closecuts        :       0.00       0.00          0          0          0          0          0          0          0          0          0          0          0
  convexproj       :       0.00       0.00          0          0          0          0          0          0          0          0          0          0          0
  disjunctive      :       0.02       0.00         17         17          0          0        351          0        351         22          0         22          0
  eccuts           :       0.00       0.00          0          0          0          0          0          0          0          0          0          0          0
  gauge            :       0.00       0.00          0          0          0          0          0          0          0          0          0          0          0
  gomory           :      25.08       0.00      62505         10          0          0      70352      68606       7390      12892      12466        426          0
  > gomorymi       :          -          -          -          -          -          -          -      67915       7364      12450      12029        421          -
  > strongcg       :          -          -          -          -          -          -          -        691         26        442        437          5          -
  impliedbounds    :       0.62       0.00      65675        121          0          0       3268      11822          0       5866       5866          0          0
  interminor       :       0.00       0.00          0          0          0          0          0          0          0          0          0          0          0
  intobj           :       0.00       0.00          0          0          0          0          0          0          0          0          0          0          0
  mcf              :       0.00       0.00          1          1          0          0          0          0          0          0          0          0          0
  minor            :       0.04       0.00          0          0          0          0          0          0          0          0          0          0          0
  mixing           :       1.43       0.00      67712        121          0          0       1627       9804          0       4845       4845          0          0
  oddcycle         :       0.00       0.00          0          0          0          0          0          0          0          0          0          0          0
  rapidlearning    :       0.01       0.00          0          0          0          0          0          0          0          0          0          0          0
  rlt              :       0.00       0.00         10         10          0          0          0          0          0          0          0          0          0
  zerohalf         :       5.11       0.00      62515         20          0          0        284       1280        105       1060        972         88          0
Cutselectors       :   ExecTime  SetupTime      Calls  RootCalls   Selected     Forced   Filtered  RootSelec   RootForc   RootFilt 
  hybrid           :       3.65       0.00    1582664        136    5316459       2240    3644549        529          0       4646
Pricers            :   ExecTime  SetupTime      Calls       Vars
  problem variables:       0.00          -          0          0
Branching Rules    :   ExecTime  SetupTime   BranchLP  BranchExt   BranchPS    Cutoffs    DomReds       Cuts      Conss   Children
  allfullstrong    :       0.00       0.00          0          0          0          0          0          0          0          0
  cloud            :       0.00       0.00          0          0          0          0          0          0          0          0
  distribution     :       0.00       0.00          0          0          0          0          0          0          0          0
  fullstrong       :       0.00       0.00          0          0          0          0          0          0          0          0
  inference        :       0.00       0.00          0          0          0          0          0          0          0          0
  leastinf         :       0.00       0.00          0          0          0          0          0          0          0          0
  lookahead        :       0.00       0.00          0          0          0          0          0          0          0          0
  mostinf          :       0.00       0.00          0          0          0          0          0          0          0          0
  multaggr         :       0.00       0.00          0          0          0          0          0          0          0          0
  nodereopt        :       0.00       0.00          0          0          0          0          0          0          0          0
  pscost           :       0.00       0.00          0          0          0          0          0          0          0          0
  random           :       0.00       0.00          0          0          0          0          0          0          0          0
  relpscost        :       5.15       0.00     201015          0          0          0       8514          0         59     399328
  vanillafullstrong:       0.00       0.00          0          0          0          0          0          0          0          0
Primal Heuristics  :   ExecTime  SetupTime      Calls      Found       Best
  LP solutions     :       0.01          -          -          1          1
  relax solutions  :       0.00          -          -          0          0
  pseudo solutions :       0.00          -          -          0          0
  strong branching :       0.01          -          -          0          0
  actconsdiving    :       0.00       0.00          0          0          0
  adaptivediving   :       1.00       0.00        241          0          0
  alns             :      14.02       0.00         40          4          4
  bound            :       0.00       0.00          0          0          0
  clique           :       0.00       0.00          1          0          0
  coefdiving       :       0.00       0.00          0          0          0
  completesol      :       0.00       0.00          0          0          0
  conflictdiving   :      23.33       0.00       6928          0          0
  crossover        :       5.47       0.00          2          0          0
  dins             :       0.00       0.00          0          0          0
  distributiondivin:    1130.41       0.00       6927          0          0
  dps              :       0.00       0.00          0          0          0
  dualval          :       0.00       0.00          0          0          0
  farkasdiving     :       0.03       0.00          0          0          0
  feaspump         :       7.40       0.00       3463          0          0
  fixandinfer      :       0.00       0.00          0          0          0
  fracdiving       :      24.15       0.00       6928          0          0
  gins             :       0.21       0.00          0          0          0
  guideddiving     :      24.69       0.00       6928          0          0
  indicator        :       0.40       0.00          0          0          0
  indicatordiving  :       0.00       0.00          0          0          0
  intdiving        :       0.00       0.00          0          0          0
  intshifting      :       0.32       0.00        266          0          0
  linesearchdiving :      23.99       0.00       6928          0          0
  localbranching   :       0.00       0.00          0          0          0
  locks            :       0.00       0.00          1          0          0
  lpface           :       0.25       0.00          0          0          0
  mpec             :       0.00       0.00          0          0          0
  multistart       :       0.00       0.00          0          0          0
  mutation         :       0.00       0.00          0          0          0
  nlpdiving        :       0.46       0.00          1          0          0
  objpscostdiving  :      11.12       0.00       2193          0          0
  octane           :       0.00       0.00          0          0          0
  ofins            :       0.14       0.00          0          0          0
  oneopt           :       0.23       0.00          4          0          0
  padm             :       0.00       0.00          0          0          0
  proximity        :       0.00       0.00          0          0          0
  pscostdiving     :      22.03       0.00       6927          0          0
  randrounding     :       1.34       0.00     112755          0          0
  rens             :       0.00       0.00          0          0          0
  reoptsols        :       0.00       0.00          0          0          0
  repair           :       0.00       0.00          0          0          0
  rins             :       5.09       0.00         46          0          0
  rootsoldiving    :      13.82       0.00       2545          0          0
  rounding         :       0.71       0.00      20595          0          0
  shiftandpropagate:       0.00       0.00          1          0          0
  shifting         :       0.95       0.00       6686          0          0
  simplerounding   :       0.50       0.00          0          0          0
  subnlp           :       6.13       0.00         58          0          0
  trivial          :       0.00       0.00          2          0          0
  trivialnegation  :       0.00       0.00          0          0          0
  trustregion      :       0.00       0.00          0          0          0
  trysol           :       0.33       0.00          1          1          1
  twoopt           :       0.00       0.00          0          0          0
  undercover       :       0.00       0.00          1          0          0
  vbounds          :       0.00       0.00          0          0          0
  veclendiving     :      20.37       0.00       6928          0          0
  zeroobj          :       0.00       0.00          0          0          0
  zirounding       :       0.24       0.00       1000          0          0
  other solutions  :          -          -          -          0          -
Expressions        :   #IntEval  IntEvalTi   #RevProp  RevPropTi    DomReds    Cutoffs  #Estimate  EstimTime  Branching  #Simplify SimplifyTi Simplified
  pow              :   42969743       5.69      98416       0.04      89380          0   29504498       1.73      23399        114       0.00          0
  prod             :   35944380       5.98   14591326       5.48     431269          2   32319932       2.63      41777        122       0.00         32
  sum              :   35944370       7.42   35857540      14.72    8883637       4293         29       0.00          0        124       0.00         60
  val              :          0       0.00          0       0.00          0          0          0       0.00          0          0       0.00          0
  var              :   31779921       1.68          0       0.00          0          0          0       0.00          0        502       0.00          0
  varidx           :          0       0.00          0       0.00          0          0          0       0.00          0          0       0.00          0
Nlhdlrs            :    Detects  DetectAll DetectTime   #IntEval  IntEvalTi   #RevProp  RevPropTi    DomReds    Cutoffs   #Enforce   EnfoTime       Cuts  Branching
  soc              :          0          0       0.00          0       0.00          0       0.00          0          0          0       0.00          0          0
  convex           :          0          0       0.00          0       0.00          0       0.00          0          0          0       0.00          0          0
  concave          :          0          0       0.00          0       0.00          0       0.00          0          0          0       0.00          0          0
  quotient         :          0          0       0.00          0       0.00          0       0.00          0          0          0       0.00          0          0
  quadratic        :          1         10       0.00    1891634       2.74    1886489       4.99    1050120        431          0       0.00          0          0
  default          :        182       1793       0.00  114858560      25.33   50547567      47.45    9404286       4295   61824401      60.77    3463910          0
  bilinear         :         30         30       0.00   35943334       2.04   14591268       1.79       6747          0   31390278       2.03          0          0
  perspective      :         56         56       0.00          0       0.00          0       0.00     140482          0   33511773     122.50    3445011       5316
LP                 :       Time      Calls Iterations  Iter/call   Iter/sec  Time-0-It Calls-0-It    ItLimit
  primal LP        :     248.25     444172          0       0.00       0.00     248.20     444172
  dual LP          :    1078.22    2575487   20255560       8.50   18786.20      23.88     191882
  lex dual LP      :       0.00          0          0       0.00          -
  barrier LP       :       0.00          0          0       0.00          -       0.00          0
  resolve instable :       0.00          0          0       0.00          -
  diving/probing LP:      94.79     183208    2311188      12.62   24383.45
  strong branching :       0.91       1645      24569      14.94   27144.02          -          -        535
    (at root node) :          -          0          0       0.00          -
  conflict analysis:       0.78       2216      24167      10.91   31005.91
NLP relaxation     :
  solve time       :       0.42 (3 calls)
  convexity        :  nonconvex (170 linear rows, 0 convex ineq., 0 nonconvex ineq., 29 nonlinear eq. or two-sided ineq.)
NLP Solvers        :  #Problems  ProblemTi    #Solves  SolveTime      #Iter  Time/Iter      #Okay #TimeLimit #IterLimit #LObjLimit #Interrupt  #NumError #EvalError  #OutOfMem #LicenseEr #OtherTerm   #GlobOpt    #LocOpt  #Feasible #LocInfeas #GlobInfea #Unbounded   #Unknown
  ipopt            :         57       5.94         60       4.46       3833       0.00         60          0          0          0          0          0          0          0          0          0          0         58          1          1          0          0          0
B&B Tree           :
  number of runs   :          1
  nodes            :     771181 (620896 internal, 150285 leaves)
  feasible leaves  :          1
  infeas. leaves   :      38051
  objective leaves :     112232
  nodes (total)    :     771181 (620896 internal, 150285 leaves)
  nodes left       :     450102
  max depth        :         67
  max depth (total):         67
  backtracks       :     107060 (13.9%)
  early backtracks :          0 (0.0%)
  nodes exc. ref.  :          0 (0.0%)
  delayed cutoffs  :          8
  repropagations   :      13683 (37429 domain reductions, 1 cutoffs)
  avg switch length:       4.76
  switching time   :     382.08
Root Node          :
  First LP value   : +2.35400686253497e+02
  First LP Iters   :         36 (21686.75 Iter/sec)
  First LP Time    :       0.00
  Final Dual Bound : +3.29903815673009e+02
  Final Root Iters :       1451
  Root LP Estimate : +6.12936262601176e+02
Solution           :
  Solutions found  :          6 (6 improvements)
  First Solution   : +1.28313693433671e+03   (in run 1, after 6751 nodes, 21.11 seconds, depth 42, found by <relaxation>)
  Gap First Sol.   :     261.62 %
  Gap Last Sol.    :     137.26 %
  Primal Bound     : +9.31465916197630e+02   (in run 1, after 88815 nodes, 298.70 seconds, depth 20, found by <alns>)
  Dual Bound       : +4.12883510580987e+02
  Gap              :     125.60 %
Integrals          :      Total       Avg%
  primal-dual      :  206838.95      57.45
  primal-ref       :          -          - (not evaluated)
  dual-ref         :          -          - (not evaluated)
