SCIP Status        : solving was interrupted [time limit reached]
Total Time         :    3600.04
  solving          :    3600.04
  presolving       :       0.00 (included in solving)
  reading          :       0.00
  copying          :       0.20 (138 #copies) (minimal 0.00, maximal 0.00, average 0.00)
Original Problem   :
  Problem name     : ann_fermentation_exp
  Variables        : 13 (0 binary, 0 integer, 0 implicit integer, 13 continuous)
  Constraints      : 10 initial, 10 maximal
  Objective        : minimize, 1 non-zeros (abs.min = 1, abs.max = 1)
Presolved Problem  :
  Problem name     : t_ann_fermentation_exp
  Variables        : 19 (0 binary, 0 integer, 0 implicit integer, 19 continuous)
  Constraints      : 4 initial, 5 maximal
  Objective        : minimize, 1 non-zeros (abs.min = 1, abs.max = 1)
  Nonzeros         : 14 constraint, 0 clique table
Presolvers         :   ExecTime  SetupTime  Calls  FixedVars   AggrVars   ChgTypes  ChgBounds   AddHoles    DelCons    AddCons   ChgSides   ChgCoefs
  boundshift       :       0.00       0.00      0          0          0          0          0          0          0          0          0          0
  convertinttobin  :       0.00       0.00      0          0          0          0          0          0          0          0          0          0
  domcol           :       0.00       0.00      1          0          0          0          0          0          0          0          0          0
  dualagg          :       0.00       0.00      0          0          0          0          0          0          0          0          0          0
  dualcomp         :       0.00       0.00      1          0          0          0          0          0          0          0          0          0
  dualinfer        :       0.00       0.00      0          0          0          0          0          0          0          0          0          0
  dualsparsify     :       0.00       0.00      1          0          0          0          0          0          0          0          0          0
  gateextraction   :       0.00       0.00      0          0          0          0          0          0          0          0          0          0
  implics          :       0.00       0.00      1          0          0          0          0          0          0          0          0          0
  inttobinary      :       0.00       0.00      0          0          0          0          0          0          0          0          0          0
  qpkktref         :       0.00       0.00      0          0          0          0          0          0          0          0          0          0
  redvub           :       0.00       0.00      0          0          0          0          0          0          0          0          0          0
  sparsify         :       0.00       0.00      1          0          0          0          0          0          0          0          0          0
  stuffing         :       0.00       0.00      0          0          0          0          0          0          0          0          0          0
  trivial          :       0.00       0.00      3          0          0          0          0          0          0          0          0          0
  tworowbnd        :       0.00       0.00      0          0          0          0          0          0          0          0          0          0
  dualfix          :       0.00       0.00      3          0          0          0          0          0          0          0          0          0
  genvbounds       :       0.00       0.00      0          0          0          0          0          0          0          0          0          0
  probing          :       0.00       0.00      0          0          0          0          0          0          0          0          0          0
  pseudoobj        :       0.00       0.00      0          0          0          0          0          0          0          0          0          0
  symmetry         :       0.00       0.00      1          0          0          0          0          0          0          0          0          0
  vbounds          :       0.00       0.00      0          0          0          0          0          0          0          0          0          0
  linear           :       0.00       0.00      4          0          6          0         12          0          6          0          0          0
  nonlinear        :       0.00       0.00      5          0          0          0          5          0          0          0          0          0
  benders          :       0.00       0.00      0          0          0          0          0          0          0          0          0          0
  components       :       0.00       0.00      1          0          0          0          0          0          0          0          0          0
  root node        :          -          -      -          0          -          -        164          -          -          -          -          -
Constraints        :     Number  MaxNumber  #Separate #Propagate    #EnfoLP    #EnfoRelax  #EnfoPS    #Check   #ResProp    Cutoffs    DomReds       Cuts    Applied      Conss   Children
  benderslp        :          0          0          0          0   23306173          0        123     862081          0          0          0          0          0          0          0
  integral         :          0          0          0          0   23306173          0          0     862081          0          0          0          0          0          0          0
  linear           :          1+         2         10   24239548     318370          0        123     862077          0       3508      96731          0          0          0          0
  nonlinear        :          3          3   23307781   24236043   23306173          0        123     862073          0    2046114   13650540    1533560    1051695          0   20452070
  benders          :          0          0          0          0     318370          0        123         59          0          0          0          0          0          0          0
  countsols        :          0          0          0          0     318370          0        123         59          0          0          0          0          0          0          0
  components       :          0          0          0          0          0          0          0          0          0          0          0          0          0          0          0
Constraint Timings :  TotalTime  SetupTime   Separate  Propagate     EnfoLP     EnfoPS     EnfoRelax   Check    ResProp    SB-Prop
  benderslp        :       1.96       0.00       0.00       0.00       1.93       0.00       0.00       0.03       0.00       0.00
  integral         :       1.61       0.00       0.00       0.00       1.57       0.00       0.00       0.04       0.00       0.00
  linear           :      12.30       0.00       0.00      12.21       0.04       0.00       0.00       0.04       0.00       0.00
  nonlinear        :     407.43       0.00      84.94     131.99     189.66       0.00       0.00       0.85       0.00       0.00
  benders          :       0.02       0.00       0.00       0.00       0.02       0.00       0.00       0.00       0.00       0.00
  countsols        :       0.02       0.00       0.00       0.00       0.02       0.00       0.00       0.00       0.00       0.00
  components       :       1.12       0.00       0.00       1.12       0.00       0.00       0.00       0.00       0.00       0.00
Propagators        : #Propagate   #ResProp    Cutoffs    DomReds
  dualfix          :          7          0          0          0
  genvbounds       :    3866832          0          0         18
  nlobbt           :          0          0          0          0
  obbt             :          2          0          0          1
  probing          :          0          0          0          0
  pseudoobj        :   49488371          0    1942601         54
  redcost          :          0          0          0          0
  rootredcost      :          7          0          0          8
  symmetry         :          0          0          0          0
  vbounds          :          0          0          0          0
Propagator Timings :  TotalTime  SetupTime   Presolve  Propagate    ResProp    SB-Prop
  dualfix          :       0.00       0.00       0.00       0.00       0.00       0.00
  genvbounds       :       7.38       0.00       0.00       7.38       0.00       0.00
  nlobbt           :       0.00       0.00       0.00       0.00       0.00       0.00
  obbt             :       0.00       0.00       0.00       0.00       0.00       0.00
  probing          :       0.00       0.00       0.00       0.00       0.00       0.00
  pseudoobj        :      10.89       0.00       0.00      10.89       0.00       0.00
  redcost          :       4.30       0.00       0.00       4.30       0.00       0.00
  rootredcost      :       3.18       0.00       0.00       3.18       0.00       0.00
  symmetry         :       1.47       0.00       0.00       1.47       0.00       0.00
  vbounds          :       3.07       0.00       0.00       3.07       0.00       0.00
Conflict Analysis  :       Time      Calls    Success    DomReds  Conflicts   Literals    Reconvs ReconvLits   Dualrays   Nonzeros   LP Iters   (pool size: [--,--])
  propagation      :       0.00          0          0          -          0        0.0          0        0.0          -          -          -
  infeasible LP    :      13.04    3118654         22          -          0        0.0          0        0.0         19        4.5          0
  bound exceed. LP :       2.66     517650          0          -          0        0.0          0        0.0          0        0.0          0
  strong branching :       0.00          0          0          -          0        0.0          0        0.0          -          -          0
  pseudo solution  :       0.00        304          0          -          0        0.0          0        0.0          -          -          -
  applied globally :       0.00          -          -          0          0        0.0          -          -         16          -          -
  applied locally  :          -          -          -          3          0        0.0          -          -          3          -          -
Separators         :   ExecTime  SetupTime      Calls  RootCalls    Cutoffs    DomReds  FoundCuts ViaPoolAdd  DirectAdd    Applied ViaPoolApp  DirectApp      Conss
  cut pool         :       0.00          -          0          0          -          -          0          0          -          -          -          -          -    (maximal pool size:          0)
  aggregation      :       0.00       0.00          0          0          0          0          0          0          0          0          0          0          0
  > cmir           :          -          -          -          -          -          -          -          0          0          0          0          0          -
  > flowcover      :          -          -          -          -          -          -          -          0          0          0          0          0          -
  > knapsackcover  :          -          -          -          -          -          -          -          0          0          0          0          0          -
  cgmip            :       0.00       0.00          0          0          0          0          0          0          0          0          0          0          0
  clique           :       0.00       0.00          0          0          0          0          0          0          0          0          0          0          0
  closecuts        :       0.00       0.00          0          0          0          0          0          0          0          0          0          0          0
  convexproj       :       0.00       0.00          0          0          0          0          0          0          0          0          0          0          0
  disjunctive      :       0.00       0.00          0          0          0          0          0          0          0          0          0          0          0
  eccuts           :       0.00       0.00          0          0          0          0          0          0          0          0          0          0          0
  gauge            :       0.00       0.00          0          0          0          0          0          0          0          0          0          0          0
  gomory           :       0.00       0.00          0          0          0          0          0          0          0          0          0          0          0
  > gomorymi       :          -          -          -          -          -          -          -          0          0          0          0          0          -
  > strongcg       :          -          -          -          -          -          -          -          0          0          0          0          0          -
  impliedbounds    :       0.00       0.00          0          0          0          0          0          0          0          0          0          0          0
  interminor       :       0.00       0.00          0          0          0          0          0          0          0          0          0          0          0
  intobj           :       0.00       0.00          0          0          0          0          0          0          0          0          0          0          0
  mcf              :       0.00       0.00          0          0          0          0          0          0          0          0          0          0          0
  minor            :       0.00       0.00          0          0          0          0          0          0          0          0          0          0          0
  mixing           :       0.00       0.00        786         10          0          0          0          0          0          0          0          0          0
  oddcycle         :       0.00       0.00          0          0          0          0          0          0          0          0          0          0          0
  rapidlearning    :       0.09       0.00          0          0          0          0          0          0          0          0          0          0          0
  rlt              :       0.00       0.00          1          1          0          0          0          0          0          0          0          0          0
  zerohalf         :       0.00       0.00          0          0          0          0          0          0          0          0          0          0          0
Cutselectors       :   ExecTime  SetupTime      Calls  RootCalls   Selected     Forced   Filtered  RootSelec   RootForc   RootFilt 
  hybrid           :       0.33       0.00     483560          8     484098          0        116         12          0          1
Pricers            :   ExecTime  SetupTime      Calls       Vars
  problem variables:       0.00          -          0          0
Branching Rules    :   ExecTime  SetupTime   BranchLP  BranchExt   BranchPS    Cutoffs    DomReds       Cuts      Conss   Children
  allfullstrong    :       0.00       0.00          0          0          0          0          0          0          0          0
  cloud            :       0.00       0.00          0          0          0          0          0          0          0          0
  distribution     :       0.00       0.00          0          0          0          0          0          0          0          0
  fullstrong       :       0.00       0.00          0          0          0          0          0          0          0          0
  inference        :       0.00       0.00          0          0          0          0          0          0          0          0
  leastinf         :       0.00       0.00          0          0          0          0          0          0          0          0
  lookahead        :       0.00       0.00          0          0          0          0          0          0          0          0
  mostinf          :       0.00       0.00          0          0          0          0          0          0          0          0
  multaggr         :       0.00       0.00          0          0          0          0          0          0          0          0
  nodereopt        :       0.00       0.00          0          0          0          0          0          0          0          0
  pscost           :       0.79       0.00          0     318488          0          0          0          0          0     636976
  random           :       0.00       0.00          0          0          0          0          0          0          0          0
  relpscost        :       0.00       0.00          0          0          0          0          0          0          0          0
  vanillafullstrong:       0.00       0.00          0          0          0          0          0          0          0          0
Primal Heuristics  :   ExecTime  SetupTime      Calls      Found       Best
  LP solutions     :       0.00          -          -          5          5
  relax solutions  :       0.00          -          -          0          0
  pseudo solutions :       0.00          -          -          0          0
  strong branching :       0.00          -          -          0          0
  actconsdiving    :       0.00       0.00          0          0          0
  adaptivediving   :       1.44       0.00     104012          0          0
  alns             :       1.08       0.00        138          0          0
  bound            :       0.00       0.00          0          0          0
  clique           :       0.00       0.00          0          0          0
  coefdiving       :       0.00       0.00          0          0          0
  completesol      :       0.00       0.00          0          0          0
  conflictdiving   :       1.21       0.00      35037          0          0
  crossover        :       0.11       0.00          0          0          0
  dins             :       0.00       0.00          0          0          0
  distributiondivin:       0.15       0.00          0          0          0
  dps              :       0.00       0.00          0          0          0
  dualval          :       0.00       0.00          0          0          0
  farkasdiving     :       0.17       0.00          0          0          0
  feaspump         :       0.22       0.00          0          0          0
  fixandinfer      :       0.00       0.00          0          0          0
  fracdiving       :       1.18       0.00     145974          0          0
  gins             :       0.14       0.00          0          0          0
  guideddiving     :       0.18       0.00          0          0          0
  indicator        :       1.51       0.00          0          0          0
  indicatordiving  :       0.00       0.00          0          0          0
  intdiving        :       0.00       0.00          0          0          0
  intshifting      :       0.13       0.00          0          0          0
  linesearchdiving :       0.89       0.00     145984          0          0
  localbranching   :       0.00       0.00          0          0          0
  locks            :       0.00       0.00          0          0          0
  lpface           :       1.82       0.00          0          0          0
  mpec             :       0.01       0.00          0          0          0
  multistart       :       0.06       0.00          1          1          0
  mutation         :       0.00       0.00          0          0          0
  nlpdiving        :       0.12       0.00          0          0          0
  objpscostdiving  :       0.17       0.00          0          0          0
  octane           :       0.00       0.00          0          0          0
  ofins            :       1.14       0.00          0          0          0
  oneopt           :       1.65       0.00          0          0          0
  padm             :       0.00       0.00          0          0          0
  proximity        :       0.00       0.00          0          0          0
  pscostdiving     :       0.13       0.00          0          0          0
  randrounding     :       0.15       0.00          0          0          0
  rens             :       1.77       0.00          0          0          0
  reoptsols        :       0.00       0.00          0          0          0
  repair           :       0.00       0.00          0          0          0
  rins             :       0.26       0.00          0          0          0
  rootsoldiving    :       0.20       0.00          0          0          0
  rounding         :       1.99       0.00          0          0          0
  shiftandpropagate:       0.00       0.00          0          0          0
  shifting         :       0.28       0.00          0          0          0
  simplerounding   :       2.01       0.00          0          0          0
  subnlp           :      27.39       0.00       5615         57          3
  trivial          :       0.00       0.00          2          0          0
  trivialnegation  :       0.00       0.00          0          0          0
  trustregion      :       0.00       0.00          0          0          0
  trysol           :       2.18       0.00          0          0          0
  twoopt           :       0.00       0.00          0          0          0
  undercover       :       0.00       0.00          1          0          0
  vbounds          :       0.00       0.00          0          0          0
  veclendiving     :       0.11       0.00          0          0          0
  zeroobj          :       0.00       0.00          0          0          0
  zirounding       :       1.32       0.00          0          0          0
  other solutions  :          -          -          -          0          -
Expressions        :   #IntEval  IntEvalTi   #RevProp  RevPropTi    DomReds    Cutoffs  #Estimate  EstimTime  Branching  #Simplify SimplifyTi Simplified
  exp              :   14279198       1.84       4886       0.00       1039          0    5685174       0.48    2850388          6       0.00          0
  pow              :   34854270       5.86       8873       0.00       1049         11          0       0.00          0         13       0.00          0
  prod             :          6       0.00          0       0.00          0          0   10971167       1.61   10729873          9       0.00          6
  sum              :   63840995      11.12   14019834       3.89      18936         35    7821097       0.48          0         36       0.00          8
  val              :          0       0.00          0       0.00          0          0          0       0.00          0          0       0.00          0
  var              :   52261899       2.69          0       0.00          0          0          0       0.00          0         32       0.00          4
Nlhdlrs            :    Detects  DetectAll DetectTime   #IntEval  IntEvalTi   #RevProp  RevPropTi    DomReds    Cutoffs   #Enforce   EnfoTime       Cuts  Branching
  soc              :          0          0       0.00          0       0.00          0       0.00          0          0          0       0.00          0          0
  convex           :          5          5       0.00          0       0.00          0       0.00          0          0    9133939       9.26      54175          0
  concave          :          3          3       0.00          0       0.00          0       0.00          0          0   13296467       9.40      35322          0
  signomial        :          1          1       0.00          0       0.00          0       0.00          0          0   12462463       7.62          0          0
  quotient         :          1          1       0.00          0       0.00          0       0.00          0          0   12462269       6.12      38818          0
  quadratic        :          1          6       0.00   20537631      14.74   17337372      26.92    2678594      11749          0       0.00          0          0
  default          :         22        117       0.00  112974420      25.10   14033614       7.02      21024         47   24477436      28.45    1405261          0
  bilinear         :          1          1       0.00          0       0.00          0       0.00          0          0   10534944       0.55          0          0
  perspective      :          0          0       0.00          0       0.00          0       0.00          0          0          0       0.00          0          0
LP                 :       Time      Calls Iterations  Iter/call   Iter/sec  Time-0-It Calls-0-It    ItLimit
  primal LP        :       6.44      77479          0       0.00       0.00       6.43      77479
  dual LP          :    1765.81   27102294    3929591       1.07    2225.37    1438.00   23437664
  lex dual LP      :       0.00          0          0       0.00          -
  barrier LP       :       0.00          0          0       0.00          -       0.00          0
  resolve instable :       0.00          0          0       0.00          -
  diving/probing LP:       0.00          8         40       5.00          -
  strong branching :       0.00          0          0       0.00          -          -          -          0
    (at root node) :          -          0          0       0.00          -
  conflict analysis:       0.00          0          0       0.00          -
NLP relaxation     :
  solve time       :       0.00 (0 calls)
  convexity        :  nonconvex (1 linear rows, 0 convex ineq., 1 nonconvex ineq., 2 nonlinear eq. or two-sided ineq.)
NLP Solvers        :  #Problems  ProblemTi    #Solves  SolveTime      #Iter  Time/Iter      #Okay #TimeLimit #IterLimit #LObjLimit #Interrupt  #NumError #EvalError  #OutOfMem #LicenseEr #OtherTerm   #GlobOpt    #LocOpt  #Feasible #LocInfeas #GlobInfea #Unbounded   #Unknown
  ipopt            :          2       0.00       5618      24.43      56900       0.00       5617          0          1          0          0          0          0          0          0          0          0       5617          0          0          0          0          1
B&B Tree           :
  number of runs   :          1
  nodes            :   18369042 (10544523 internal, 7824519 leaves)
  feasible leaves  :          5
  infeas. leaves   :    7111174
  objective leaves :     713339
  nodes (total)    :   18369042 (10544523 internal, 7824519 leaves)
  nodes left       :    2718697
  max depth        :        102
  max depth (total):        102
  backtracks       :    4020280 (21.9%)
  early backtracks :          0 (0.0%)
  nodes exc. ref.  :          0 (0.0%)
  delayed cutoffs  :          7
  repropagations   :        106 (656 domain reductions, 7 cutoffs)
  avg switch length:      10.92
  switching time   :     134.36
Root Node          :
  First LP value   : -1.65953287751512e+02
  First LP Iters   :          5 (10141.99 Iter/sec)
  First LP Time    :       0.00
  Final Dual Bound : -1.11063283649103e+02
  Final Root Iters :         26
  Root LP Estimate : -1.11062740403092e+02
Solution           :
  Solutions found  :         63 (8 improvements)
  First Solution   : -9.37938078013563e+01   (in run 1, after 1 nodes, 0.03 seconds, depth 0, found by <subnlp>)
  Gap First Sol.   :      76.93 %
  Gap Last Sol.    :       0.00 %
  Primal Bound     : -9.99366774315290e+01   (in run 1, after 120077 nodes, 25.47 seconds, depth 34, found by <relaxation>)
  Dual Bound       : -9.99367181371287e+01
  Gap              :       0.00 %
Integrals          :      Total       Avg%
  primal-dual      :       5.40       0.00
  primal-ref       :          -          - (not evaluated)
  dual-ref         :          -          - (not evaluated)
