SCIP Status        : solving was interrupted [time limit reached]
Total Time         :    3600.02
  solving          :    3600.02
  presolving       :       0.00 (included in solving)
  reading          :       0.00
  copying          :       0.13 (53 #copies) (minimal 0.00, maximal 0.00, average 0.00)
Original Problem   :
  Problem name     : 30_5_20_1_1
  Variables        : 31 (0 binary, 0 integer, 0 implicit integer, 31 continuous)
  Constraints      : 1 initial, 1 maximal
  Objective        : minimize, 1 non-zeros (abs.min = 1, abs.max = 1)
Presolved Problem  :
  Problem name     : t_30_5_20_1_1
  Variables        : 118 (0 binary, 0 integer, 0 implicit integer, 118 continuous)
  Constraints      : 1 initial, 1 maximal
  Objective        : minimize, 1 non-zeros (abs.min = 1, abs.max = 1)
  Nonzeros         : 20 constraint, 0 clique table
Presolvers         :   ExecTime  SetupTime  Calls  FixedVars   AggrVars   ChgTypes  ChgBounds   AddHoles    DelCons    AddCons   ChgSides   ChgCoefs
  boundshift       :       0.00       0.00      0          0          0          0          0          0          0          0          0          0
  convertinttobin  :       0.00       0.00      0          0          0          0          0          0          0          0          0          0
  domcol           :       0.00       0.00      1          0          0          0          0          0          0          0          0          0
  dualagg          :       0.00       0.00      0          0          0          0          0          0          0          0          0          0
  dualcomp         :       0.00       0.00      1          0          0          0          0          0          0          0          0          0
  dualinfer        :       0.00       0.00      0          0          0          0          0          0          0          0          0          0
  dualsparsify     :       0.00       0.00      1          0          0          0          0          0          0          0          0          0
  gateextraction   :       0.00       0.00      0          0          0          0          0          0          0          0          0          0
  implics          :       0.00       0.00      1          0          0          0          0          0          0          0          0          0
  inttobinary      :       0.00       0.00      0          0          0          0          0          0          0          0          0          0
  qpkktref         :       0.00       0.00      0          0          0          0          0          0          0          0          0          0
  redvub           :       0.00       0.00      0          0          0          0          0          0          0          0          0          0
  sparsify         :       0.00       0.00      1          0          0          0          0          0          0          0          0          0
  stuffing         :       0.00       0.00      0          0          0          0          0          0          0          0          0          0
  trivial          :       0.00       0.00      3          0          0          0          0          0          0          0          0          0
  tworowbnd        :       0.00       0.00      0          0          0          0          0          0          0          0          0          0
  dualfix          :       0.00       0.00      3         11          0          0          0          0          0          0          0          0
  genvbounds       :       0.00       0.00      0          0          0          0          0          0          0          0          0          0
  probing          :       0.00       0.00      0          0          0          0          0          0          0          0          0          0
  pseudoobj        :       0.00       0.00      1          0          0          0          1          0          0          0          0          0
  symmetry         :       0.00       0.00      1          0          0          0          0          0          0          0          0          0
  vbounds          :       0.00       0.00      0          0          0          0          0          0          0          0          0          0
  nonlinear        :       0.00       0.00      5          0          0          0          1          0          0          0          0          0
  benders          :       0.00       0.00      0          0          0          0          0          0          0          0          0          0
  components       :       0.00       0.00      1          0          0          0          0          0          0          0          0          0
  root node        :          -          -      -          0          -          -        152          -          -          -          -          -
Constraints        :     Number  MaxNumber  #Separate #Propagate    #EnfoLP    #EnfoRelax  #EnfoPS    #Check   #ResProp    Cutoffs    DomReds       Cuts    Applied      Conss   Children
  benderslp        :          0          0          0          0    2542256          0       1795        631          0          0          0          0          0          0          0
  integral         :          0          0          0          0    2542256          0          0        631          0          0          0          0          0          0          0
  nonlinear        :          1          1    2689720    4243068    2542256          0       1795        627          0     493677  119851515    2261127    1285145          0    4062808
  benders          :          0          0          0          0          0          0       1795         19          0          0          0          0          0          0          0
  countsols        :          0          0          0          0          0          0       1795         19          0          0          0          0          0          0          0
  components       :          0          0          0          0          0          0          0          0          0          0          0          0          0          0          0
Constraint Timings :  TotalTime  SetupTime   Separate  Propagate     EnfoLP     EnfoPS     EnfoRelax   Check    ResProp    SB-Prop
  benderslp        :       0.48       0.00       0.00       0.00       0.48       0.00       0.00       0.00       0.00       0.00
  integral         :       0.48       0.00       0.00       0.00       0.48       0.00       0.00       0.00       0.00       0.00
  nonlinear        :    2706.86       0.00    1148.91     490.64    1067.28       0.03       0.00       0.01       0.00       0.00
  benders          :       0.00       0.00       0.00       0.00       0.00       0.00       0.00       0.00       0.00       0.00
  countsols        :       0.00       0.00       0.00       0.00       0.00       0.00       0.00       0.00       0.00       0.00
  components       :       0.34       0.00       0.00       0.34       0.00       0.00       0.00       0.00       0.00       0.00
Propagators        : #Propagate   #ResProp    Cutoffs    DomReds
  dualfix          :          3          0          0          0
  genvbounds       :          0          0          0          0
  nlobbt           :          0          0          0          0
  obbt             :          0          0          0          0
  probing          :          0          0          0          0
  pseudoobj        :    6785324          0          0         24
  redcost          :          0          0          0          0
  rootredcost      :          0          0          0          0
  symmetry         :          0          0          0          0
  vbounds          :          0          0          0          0
Propagator Timings :  TotalTime  SetupTime   Presolve  Propagate    ResProp    SB-Prop
  dualfix          :       0.00       0.00       0.00       0.00       0.00       0.00
  genvbounds       :       1.12       0.00       0.00       1.12       0.00       0.00
  nlobbt           :       0.00       0.00       0.00       0.00       0.00       0.00
  obbt             :       0.00       0.00       0.00       0.00       0.00       0.00
  probing          :       0.00       0.00       0.00       0.00       0.00       0.00
  pseudoobj        :       3.75       0.00       0.00       3.75       0.00       0.00
  redcost          :       1.80       0.00       0.00       1.80       0.00       0.00
  rootredcost      :       0.89       0.00       0.00       0.89       0.00       0.00
  symmetry         :       0.46       0.00       0.00       0.46       0.00       0.00
  vbounds          :       1.12       0.00       0.00       1.12       0.00       0.00
Conflict Analysis  :       Time      Calls    Success    DomReds  Conflicts   Literals    Reconvs ReconvLits   Dualrays   Nonzeros   LP Iters   (pool size: [--,--])
  propagation      :       0.00          0          0          -          0        0.0          0        0.0          -          -          -
  infeasible LP    :       0.03       2168          0          -          0        0.0          0        0.0          0        0.0          0
  bound exceed. LP :       0.00          0          0          -          0        0.0          0        0.0          0        0.0          0
  strong branching :       0.00          0          0          -          0        0.0          0        0.0          -          -          0
  pseudo solution  :       0.00          0          0          -          0        0.0          0        0.0          -          -          -
  applied globally :       0.00          -          -          0          0        0.0          -          -          0          -          -
  applied locally  :          -          -          -          0          0        0.0          -          -          0          -          -
Separators         :   ExecTime  SetupTime      Calls  RootCalls    Cutoffs    DomReds  FoundCuts ViaPoolAdd  DirectAdd    Applied ViaPoolApp  DirectApp      Conss
  cut pool         :       0.00          -          0          0          -          -          0          0          -          -          -          -          -    (maximal pool size:          0)
  aggregation      :       0.00       0.00          0          0          0          0          0          0          0          0          0          0          0
  > cmir           :          -          -          -          -          -          -          -          0          0          0          0          0          -
  > flowcover      :          -          -          -          -          -          -          -          0          0          0          0          0          -
  > knapsackcover  :          -          -          -          -          -          -          -          0          0          0          0          0          -
  cgmip            :       0.00       0.00          0          0          0          0          0          0          0          0          0          0          0
  clique           :       0.00       0.00          0          0          0          0          0          0          0          0          0          0          0
  closecuts        :       0.00       0.00          0          0          0          0          0          0          0          0          0          0          0
  convexproj       :       0.00       0.00          0          0          0          0          0          0          0          0          0          0          0
  disjunctive      :       0.00       0.00          0          0          0          0          0          0          0          0          0          0          0
  eccuts           :       0.00       0.00          0          0          0          0          0          0          0          0          0          0          0
  gauge            :       0.00       0.00          0          0          0          0          0          0          0          0          0          0          0
  gomory           :       0.01       0.00          0          0          0          0          0          0          0          0          0          0          0
  > gomorymi       :          -          -          -          -          -          -          -          0          0          0          0          0          -
  > strongcg       :          -          -          -          -          -          -          -          0          0          0          0          0          -
  impliedbounds    :       0.00       0.00          0          0          0          0          0          0          0          0          0          0          0
  interminor       :       0.00       0.00          0          0          0          0          0          0          0          0          0          0          0
  intobj           :       0.00       0.00          0          0          0          0          0          0          0          0          0          0          0
  mcf              :       0.00       0.00          0          0          0          0          0          0          0          0          0          0          0
  minor            :       0.01       0.00          0          0          0          0          0          0          0          0          0          0          0
  mixing           :       0.00       0.00       9246          0          0          0          0          0          0          0          0          0          0
  oddcycle         :       0.00       0.00          0          0          0          0          0          0          0          0          0          0          0
  rapidlearning    :       0.01       0.00          0          0          0          0          0          0          0          0          0          0          0
  rlt              :       0.00       0.00          0          0          0          0          0          0          0          0          0          0          0
  zerohalf         :       0.00       0.00          0          0          0          0          0          0          0          0          0          0          0
Cutselectors       :   ExecTime  SetupTime      Calls  RootCalls   Selected     Forced   Filtered  RootSelec   RootForc   RootFilt 
  hybrid           :       0.87       0.00     682005          0     932093         22     406660          0          0          0
Pricers            :   ExecTime  SetupTime      Calls       Vars
  problem variables:       0.00          -          0          0
Branching Rules    :   ExecTime  SetupTime   BranchLP  BranchExt   BranchPS    Cutoffs    DomReds       Cuts      Conss   Children
  allfullstrong    :       0.00       0.00          0          0          0          0          0          0          0          0
  cloud            :       0.00       0.00          0          0          0          0          0          0          0          0
  distribution     :       0.00       0.00          0          0          0          0          0          0          0          0
  fullstrong       :       0.00       0.00          0          0          0          0          0          0          0          0
  inference        :       0.00       0.00          0          0          0          0          0          0          0          0
  leastinf         :       0.00       0.00          0          0          0          0          0          0          0          0
  lookahead        :       0.00       0.00          0          0          0          0          0          0          0          0
  mostinf          :       0.00       0.00          0          0          0          0          0          0          0          0
  multaggr         :       0.00       0.00          0          0          0          0          0          0          0          0
  nodereopt        :       0.00       0.00          0          0          0          0          0          0          0          0
  pscost           :       0.01       0.00          0       1795          0          0          0          0          0       3590
  random           :       0.00       0.00          0          0          0          0          0          0          0          0
  relpscost        :       0.00       0.00          0          0          0          0          0          0          0          0
  vanillafullstrong:       0.00       0.00          0          0          0          0          0          0          0          0
Primal Heuristics  :   ExecTime  SetupTime      Calls      Found       Best
  LP solutions     :       0.00          -          -          0          0
  relax solutions  :       0.00          -          -          0          0
  pseudo solutions :       0.00          -          -          0          0
  strong branching :       0.00          -          -          0          0
  actconsdiving    :       0.00       0.00          0          0          0
  adaptivediving   :       0.02       0.00         83          0          0
  alns             :       0.45       0.00         53          0          0
  bound            :       0.00       0.00          0          0          0
  clique           :       0.00       0.00          0          0          0
  coefdiving       :       0.00       0.00          0          0          0
  completesol      :       0.00       0.00          0          0          0
  conflictdiving   :       0.01       0.00          0          0          0
  crossover        :       0.12       0.00          0          0          0
  dins             :       0.00       0.00          0          0          0
  distributiondivin:       0.01       0.00          0          0          0
  dps              :       0.00       0.00          0          0          0
  dualval          :       0.00       0.00          0          0          0
  farkasdiving     :       0.01       0.00          0          0          0
  feaspump         :       0.01       0.00          0          0          0
  fixandinfer      :       0.00       0.00          0          0          0
  fracdiving       :       0.01       0.00        114          0          0
  gins             :       0.05       0.00          0          0          0
  guideddiving     :       0.01       0.00          0          0          0
  indicator        :       0.46       0.00          0          0          0
  indicatordiving  :       0.00       0.00          0          0          0
  intdiving        :       0.00       0.00          0          0          0
  intshifting      :       0.01       0.00          0          0          0
  linesearchdiving :       0.01       0.00        108          0          0
  localbranching   :       0.00       0.00          0          0          0
  locks            :       0.00       0.00          0          0          0
  lpface           :       0.14       0.00          0          0          0
  mpec             :       0.03       0.00          0          0          0
  multistart       :       0.54       0.00          1          1          1
  mutation         :       0.00       0.00          0          0          0
  nlpdiving        :       0.01       0.00          0          0          0
  objpscostdiving  :       0.00       0.00          0          0          0
  octane           :       0.00       0.00          0          0          0
  ofins            :       0.32       0.00          0          0          0
  oneopt           :       0.63       0.00          0          0          0
  padm             :       0.00       0.00          0          0          0
  proximity        :       0.00       0.00          0          0          0
  pscostdiving     :       0.00       0.00          0          0          0
  randrounding     :       0.04       0.00          0          0          0
  rens             :       0.00       0.00          0          0          0
  reoptsols        :       0.00       0.00          0          0          0
  repair           :       0.00       0.00          0          0          0
  rins             :       0.05       0.00          0          0          0
  rootsoldiving    :       0.00       0.00          0          0          0
  rounding         :       0.52       0.00          0          0          0
  shiftandpropagate:       0.00       0.00          0          0          0
  shifting         :       0.07       0.00          0          0          0
  simplerounding   :       0.58       0.00          0          0          0
  subnlp           :      31.82       0.00        230          8          7
  trivial          :       0.00       0.00          2          4          1
  trivialnegation  :       0.00       0.00          0          0          0
  trustregion      :       0.00       0.00          0          0          0
  trysol           :       0.45       0.00          5          5          5
  twoopt           :       0.00       0.00          0          0          0
  undercover       :       0.00       0.00          0          0          0
  vbounds          :       0.00       0.00          0          0          0
  veclendiving     :       0.01       0.00          0          0          0
  zeroobj          :       0.00       0.00          0          0          0
  zirounding       :       0.54       0.00          0          0          0
  other solutions  :          -          -          -          0          -
Expressions        :   #IntEval  IntEvalTi   #RevProp  RevPropTi    DomReds    Cutoffs  #Estimate  EstimTime  Branching  #Simplify SimplifyTi Simplified
  pow              :  586166252      64.09   48139840      15.39   16963230          0    7766365       2.08    3295232        266       0.00         17
  prod             :  134182636      38.95   19791660      35.45   18710199          0   11245563    1230.59    5444309        138       0.00         91
  sum              :    7062244      13.36    6749233      19.87   13911016          0          1       0.00          0         47       0.00         18
  val              :          0       0.00          0       0.00          0          0          0       0.00          0          0       0.00          0
  var              :   24787957       1.47          0       0.00          0          0          0       0.00          0        268       0.00         17
Nlhdlrs            :    Detects  DetectAll DetectTime   #IntEval  IntEvalTi   #RevProp  RevPropTi    DomReds    Cutoffs   #Enforce   EnfoTime       Cuts  Branching
  soc              :          0          0       0.00          0       0.00          0       0.00          0          0          0       0.00          0          0
  convex           :          1          1       0.00          0       0.00          0       0.00          0          0    5235123      14.29       2440          0
  concave          :          0          0       0.00          0       0.00          0       0.00          0          0          0       0.00          0          0
  signomial        :         18         18       0.00          0       0.00          0       0.00          0          0   16421318     712.98    1145645          0
  quotient         :          0          0       0.00          0       0.00          0       0.00          0          0          0       0.00          0          0
  quadratic        :          0          0       0.00          0       0.00          0       0.00          0          0          0       0.00          0          0
  default          :        123        738       0.00  727410614     154.44   74680793     125.11   49584445     180674   19011929    1271.60    1113042          0
  bilinear         :          0          0       0.00          0       0.00          0       0.00          0          0          0       0.00          0          0
  perspective      :          0          0       0.00          0       0.00          0       0.00          0          0          0       0.00          0          0
LP                 :       Time      Calls Iterations  Iter/call   Iter/sec  Time-0-It Calls-0-It    ItLimit
  primal LP        :      22.72      69960        222     111.00       9.77      22.71      69958
  dual LP          :     477.52    2821209    2291858       2.49    4799.52     218.55    1901339
  lex dual LP      :       0.00          0          0       0.00          -
  barrier LP       :       0.00          0          0       0.00          -       0.00          0
  resolve instable :       0.03         12        931      77.58   33866.86
  diving/probing LP:       0.00          0          0       0.00          -
  strong branching :       0.00          0          0       0.00          -          -          -          0
    (at root node) :          -          0          0       0.00          -
  conflict analysis:       0.00          0          0       0.00          -
NLP relaxation     :
  solve time       :       0.00 (0 calls)
  convexity        :  nonconvex (0 linear rows, 0 convex ineq., 1 nonconvex ineq., 0 nonlinear eq. or two-sided ineq.)
NLP Solvers        :  #Problems  ProblemTi    #Solves  SolveTime      #Iter  Time/Iter      #Okay #TimeLimit #IterLimit #LObjLimit #Interrupt  #NumError #EvalError  #OutOfMem #LicenseEr #OtherTerm   #GlobOpt    #LocOpt  #Feasible #LocInfeas #GlobInfea #Unbounded   #Unknown
  ipopt            :          2       0.00        233      31.46      29466       0.00         40          0          9          0          0        184          0          0          0          0          0          3        189         32          0          0          9
B&B Tree           :
  number of runs   :          1
  nodes            :    2529015 (2033199 internal, 495816 leaves)
  feasible leaves  :          0
  infeas. leaves   :     495815
  objective leaves :          0
  nodes (total)    :    2529015 (2033199 internal, 495816 leaves)
  nodes left       :    1534114
  max depth        :        347
  max depth (total):        347
  backtracks       :      39026 (1.5%)
  early backtracks :          0 (0.0%)
  nodes exc. ref.  :          0 (0.0%)
  delayed cutoffs  :        884
  repropagations   :        169 (13233 domain reductions, 36 cutoffs)
  avg switch length:       3.21
  switching time   :      54.87
Root Node          :
  First LP value   :          -
  First LP Iters   :          0
  First LP Time    :       0.00
  Final Dual Bound : -1.53056581491270e+13
  Final Root Iters :         88
  Root LP Estimate :                     -
Solution           :
  Solutions found  :         18 (14 improvements)
  First Solution   : +1.00000000000000e+05   (in run 1, after 0 nodes, 0.02 seconds, depth 0, found by <trivial>)
  Gap First Sol.   :   infinite
  Gap Last Sol.    :       0.00 %
  Primal Bound     : -1.52887108190755e+13   (in run 1, after 2145485 nodes, 3003.79 seconds, depth 84, found by <subnlp>)
  Dual Bound       : -1.52890681719090e+13
  Gap              :       0.00 %
Integrals          :      Total       Avg%
  primal-dual      :      66.15       0.02
  primal-ref       :          -          - (not evaluated)
  dual-ref         :          -          - (not evaluated)
